-- Automatically generated by TpcdsQueries
-RECORD 0-------------------------
 channel           | null         
 i_brand_id        | 0            
 i_class_id        | 0            
 i_category_id     | 0            
 sum(sales)        | 674681657.38 
 sum(number_sales) | 155667       
-RECORD 1-------------------------
 channel           | catalog      
 i_brand_id        | 0            
 i_class_id        | 0            
 i_category_id     | 0            
 sum(sales)        | 235666845.52 
 sum(number_sales) | 46085        
-RECORD 2-------------------------
 channel           | catalog      
 i_brand_id        | 1001001      
 i_class_id        | 0            
 i_category_id     | 0            
 sum(sales)        | 1698135.15   
 sum(number_sales) | 341          
-RECORD 3-------------------------
 channel           | catalog      
 i_brand_id        | 1001001      
 i_class_id        | 1            
 i_category_id     | 0            
 sum(sales)        | 1050210.86   
 sum(number_sales) | 214          
-RECORD 4-------------------------
 channel           | catalog      
 i_brand_id        | 1001001      
 i_class_id        | 1            
 i_category_id     | 1            
 sum(sales)        | 42507.62     
 sum(number_sales) | 8            
-RECORD 5-------------------------
 channel           | catalog      
 i_brand_id        | 1001001      
 i_class_id        | 1            
 i_category_id     | 2            
 sum(sales)        | 106083.96    
 sum(number_sales) | 19           
-RECORD 6-------------------------
 channel           | catalog      
 i_brand_id        | 1001001      
 i_class_id        | 1            
 i_category_id     | 3            
 sum(sales)        | 101297.49    
 sum(number_sales) | 22           
-RECORD 7-------------------------
 channel           | catalog      
 i_brand_id        | 1001001      
 i_class_id        | 1            
 i_category_id     | 4            
 sum(sales)        | 68779.51     
 sum(number_sales) | 25           
-RECORD 8-------------------------
 channel           | catalog      
 i_brand_id        | 1001001      
 i_class_id        | 1            
 i_category_id     | 5            
 sum(sales)        | 201671.76    
 sum(number_sales) | 31           
-RECORD 9-------------------------
 channel           | catalog      
 i_brand_id        | 1001001      
 i_class_id        | 1            
 i_category_id     | 6            
 sum(sales)        | 165473.64    
 sum(number_sales) | 25           
-RECORD 10------------------------
 channel           | catalog      
 i_brand_id        | 1001001      
 i_class_id        | 1            
 i_category_id     | 7            
 sum(sales)        | 57452.17     
 sum(number_sales) | 9            
-RECORD 11------------------------
 channel           | catalog      
 i_brand_id        | 1001001      
 i_class_id        | 1            
 i_category_id     | 8            
 sum(sales)        | 107124.01    
 sum(number_sales) | 25           
-RECORD 12------------------------
 channel           | catalog      
 i_brand_id        | 1001001      
 i_class_id        | 1            
 i_category_id     | 9            
 sum(sales)        | 61121.32     
 sum(number_sales) | 18           
-RECORD 13------------------------
 channel           | catalog      
 i_brand_id        | 1001001      
 i_class_id        | 1            
 i_category_id     | 10           
 sum(sales)        | 138699.38    
 sum(number_sales) | 32           
-RECORD 14------------------------
 channel           | catalog      
 i_brand_id        | 1001001      
 i_class_id        | 2            
 i_category_id     | 0            
 sum(sales)        | 34937.77     
 sum(number_sales) | 4            
-RECORD 15------------------------
 channel           | catalog      
 i_brand_id        | 1001001      
 i_class_id        | 2            
 i_category_id     | 3            
 sum(sales)        | 34937.77     
 sum(number_sales) | 4            
-RECORD 16------------------------
 channel           | catalog      
 i_brand_id        | 1001001      
 i_class_id        | 3            
 i_category_id     | 0            
 sum(sales)        | 208126.74    
 sum(number_sales) | 43           
-RECORD 17------------------------
 channel           | catalog      
 i_brand_id        | 1001001      
 i_class_id        | 3            
 i_category_id     | 1            
 sum(sales)        | 65982.89     
 sum(number_sales) | 13           
-RECORD 18------------------------
 channel           | catalog      
 i_brand_id        | 1001001      
 i_class_id        | 3            
 i_category_id     | 4            
 sum(sales)        | 108943.96    
 sum(number_sales) | 20           
-RECORD 19------------------------
 channel           | catalog      
 i_brand_id        | 1001001      
 i_class_id        | 3            
 i_category_id     | 6            
 sum(sales)        | 23652.37     
 sum(number_sales) | 7            
-RECORD 20------------------------
 channel           | catalog      
 i_brand_id        | 1001001      
 i_class_id        | 3            
 i_category_id     | 7            
 sum(sales)        | 9547.52      
 sum(number_sales) | 3            
-RECORD 21------------------------
 channel           | catalog      
 i_brand_id        | 1001001      
 i_class_id        | 4            
 i_category_id     | 0            
 sum(sales)        | 20486.85     
 sum(number_sales) | 5            
-RECORD 22------------------------
 channel           | catalog      
 i_brand_id        | 1001001      
 i_class_id        | 4            
 i_category_id     | 7            
 sum(sales)        | 20486.85     
 sum(number_sales) | 5            
-RECORD 23------------------------
 channel           | catalog      
 i_brand_id        | 1001001      
 i_class_id        | 5            
 i_category_id     | 0            
 sum(sales)        | 41532.27     
 sum(number_sales) | 8            
-RECORD 24------------------------
 channel           | catalog      
 i_brand_id        | 1001001      
 i_class_id        | 5            
 i_category_id     | 7            
 sum(sales)        | 11217.24     
 sum(number_sales) | 4            
-RECORD 25------------------------
 channel           | catalog      
 i_brand_id        | 1001001      
 i_class_id        | 5            
 i_category_id     | 9            
 sum(sales)        | 30315.03     
 sum(number_sales) | 4            
-RECORD 26------------------------
 channel           | catalog      
 i_brand_id        | 1001001      
 i_class_id        | 8            
 i_category_id     | 0            
 sum(sales)        | 139099.45    
 sum(number_sales) | 25           
-RECORD 27------------------------
 channel           | catalog      
 i_brand_id        | 1001001      
 i_class_id        | 8            
 i_category_id     | 9            
 sum(sales)        | 77814.57     
 sum(number_sales) | 15           
-RECORD 28------------------------
 channel           | catalog      
 i_brand_id        | 1001001      
 i_class_id        | 8            
 i_category_id     | 10           
 sum(sales)        | 61284.88     
 sum(number_sales) | 10           
-RECORD 29------------------------
 channel           | catalog      
 i_brand_id        | 1001001      
 i_class_id        | 10           
 i_category_id     | 0            
 sum(sales)        | 24174.96     
 sum(number_sales) | 5            
-RECORD 30------------------------
 channel           | catalog      
 i_brand_id        | 1001001      
 i_class_id        | 10           
 i_category_id     | 7            
 sum(sales)        | 24174.96     
 sum(number_sales) | 5            
-RECORD 31------------------------
 channel           | catalog      
 i_brand_id        | 1001001      
 i_class_id        | 13           
 i_category_id     | 0            
 sum(sales)        | 20891.29     
 sum(number_sales) | 3            
-RECORD 32------------------------
 channel           | catalog      
 i_brand_id        | 1001001      
 i_class_id        | 13           
 i_category_id     | 9            
 sum(sales)        | 20891.29     
 sum(number_sales) | 3            
-RECORD 33------------------------
 channel           | catalog      
 i_brand_id        | 1001001      
 i_class_id        | 14           
 i_category_id     | 0            
 sum(sales)        | 66038.13     
 sum(number_sales) | 14           
-RECORD 34------------------------
 channel           | catalog      
 i_brand_id        | 1001001      
 i_class_id        | 14           
 i_category_id     | 9            
 sum(sales)        | 26363.83     
 sum(number_sales) | 7            
-RECORD 35------------------------
 channel           | catalog      
 i_brand_id        | 1001001      
 i_class_id        | 14           
 i_category_id     | 10           
 sum(sales)        | 39674.30     
 sum(number_sales) | 7            
-RECORD 36------------------------
 channel           | catalog      
 i_brand_id        | 1001001      
 i_class_id        | 15           
 i_category_id     | 0            
 sum(sales)        | 63699.54     
 sum(number_sales) | 12           
-RECORD 37------------------------
 channel           | catalog      
 i_brand_id        | 1001001      
 i_class_id        | 15           
 i_category_id     | 10           
 sum(sales)        | 63699.54     
 sum(number_sales) | 12           
-RECORD 38------------------------
 channel           | catalog      
 i_brand_id        | 1001001      
 i_class_id        | 16           
 i_category_id     | 0            
 sum(sales)        | 28937.29     
 sum(number_sales) | 8            
-RECORD 39------------------------
 channel           | catalog      
 i_brand_id        | 1001001      
 i_class_id        | 16           
 i_category_id     | 9            
 sum(sales)        | 28937.29     
 sum(number_sales) | 8            
-RECORD 40------------------------
 channel           | catalog      
 i_brand_id        | 1001002      
 i_class_id        | 0            
 i_category_id     | 0            
 sum(sales)        | 3137545.73   
 sum(number_sales) | 657          
-RECORD 41------------------------
 channel           | catalog      
 i_brand_id        | 1001002      
 i_class_id        | 1            
 i_category_id     | 0            
 sum(sales)        | 2597194.10   
 sum(number_sales) | 539          
-RECORD 42------------------------
 channel           | catalog      
 i_brand_id        | 1001002      
 i_class_id        | 1            
 i_category_id     | 1            
 sum(sales)        | 2597194.10   
 sum(number_sales) | 539          
-RECORD 43------------------------
 channel           | catalog      
 i_brand_id        | 1001002      
 i_class_id        | 2            
 i_category_id     | 0            
 sum(sales)        | 120152.76    
 sum(number_sales) | 28           
-RECORD 44------------------------
 channel           | catalog      
 i_brand_id        | 1001002      
 i_class_id        | 2            
 i_category_id     | 1            
 sum(sales)        | 120152.76    
 sum(number_sales) | 28           
-RECORD 45------------------------
 channel           | catalog      
 i_brand_id        | 1001002      
 i_class_id        | 3            
 i_category_id     | 0            
 sum(sales)        | 43520.49     
 sum(number_sales) | 11           
-RECORD 46------------------------
 channel           | catalog      
 i_brand_id        | 1001002      
 i_class_id        | 3            
 i_category_id     | 1            
 sum(sales)        | 43520.49     
 sum(number_sales) | 11           
-RECORD 47------------------------
 channel           | catalog      
 i_brand_id        | 1001002      
 i_class_id        | 4            
 i_category_id     | 0            
 sum(sales)        | 138778.24    
 sum(number_sales) | 30           
-RECORD 48------------------------
 channel           | catalog      
 i_brand_id        | 1001002      
 i_class_id        | 4            
 i_category_id     | 1            
 sum(sales)        | 138778.24    
 sum(number_sales) | 30           
-RECORD 49------------------------
 channel           | catalog      
 i_brand_id        | 1001002      
 i_class_id        | 7            
 i_category_id     | 0            
 sum(sales)        | 26096.94     
 sum(number_sales) | 4            
-RECORD 50------------------------
 channel           | catalog      
 i_brand_id        | 1001002      
 i_class_id        | 7            
 i_category_id     | 1            
 sum(sales)        | 26096.94     
 sum(number_sales) | 4            
-RECORD 51------------------------
 channel           | catalog      
 i_brand_id        | 1001002      
 i_class_id        | 10           
 i_category_id     | 0            
 sum(sales)        | 15192.85     
 sum(number_sales) | 6            
-RECORD 52------------------------
 channel           | catalog      
 i_brand_id        | 1001002      
 i_class_id        | 10           
 i_category_id     | 1            
 sum(sales)        | 15192.85     
 sum(number_sales) | 6            
-RECORD 53------------------------
 channel           | catalog      
 i_brand_id        | 1001002      
 i_class_id        | 12           
 i_category_id     | 0            
 sum(sales)        | 79002.90     
 sum(number_sales) | 17           
-RECORD 54------------------------
 channel           | catalog      
 i_brand_id        | 1001002      
 i_class_id        | 12           
 i_category_id     | 1            
 sum(sales)        | 79002.90     
 sum(number_sales) | 17           
-RECORD 55------------------------
 channel           | catalog      
 i_brand_id        | 1001002      
 i_class_id        | 13           
 i_category_id     | 0            
 sum(sales)        | 28858.71     
 sum(number_sales) | 5            
-RECORD 56------------------------
 channel           | catalog      
 i_brand_id        | 1001002      
 i_class_id        | 13           
 i_category_id     | 1            
 sum(sales)        | 28858.71     
 sum(number_sales) | 5            
-RECORD 57------------------------
 channel           | catalog      
 i_brand_id        | 1001002      
 i_class_id        | 14           
 i_category_id     | 0            
 sum(sales)        | 88748.74     
 sum(number_sales) | 17           
-RECORD 58------------------------
 channel           | catalog      
 i_brand_id        | 1001002      
 i_class_id        | 14           
 i_category_id     | 1            
 sum(sales)        | 88748.74     
 sum(number_sales) | 17           
-RECORD 59------------------------
 channel           | catalog      
 i_brand_id        | 1002001      
 i_class_id        | 0            
 i_category_id     | 0            
 sum(sales)        | 1812816.55   
 sum(number_sales) | 357          
-RECORD 60------------------------
 channel           | catalog      
 i_brand_id        | 1002001      
 i_class_id        | 1            
 i_category_id     | 0            
 sum(sales)        | 158520.06    
 sum(number_sales) | 30           
-RECORD 61------------------------
 channel           | catalog      
 i_brand_id        | 1002001      
 i_class_id        | 1            
 i_category_id     | 1            
 sum(sales)        | 25188.03     
 sum(number_sales) | 6            
-RECORD 62------------------------
 channel           | catalog      
 i_brand_id        | 1002001      
 i_class_id        | 1            
 i_category_id     | 2            
 sum(sales)        | 77805.61     
 sum(number_sales) | 11           
-RECORD 63------------------------
 channel           | catalog      
 i_brand_id        | 1002001      
 i_class_id        | 1            
 i_category_id     | 4            
 sum(sales)        | 15320.55     
 sum(number_sales) | 6            
-RECORD 64------------------------
 channel           | catalog      
 i_brand_id        | 1002001      
 i_class_id        | 1            
 i_category_id     | 5            
 sum(sales)        | 40205.87     
 sum(number_sales) | 7            
-RECORD 65------------------------
 channel           | catalog      
 i_brand_id        | 1002001      
 i_class_id        | 2            
 i_category_id     | 0            
 sum(sales)        | 944972.06    
 sum(number_sales) | 193          
-RECORD 66------------------------
 channel           | catalog      
 i_brand_id        | 1002001      
 i_class_id        | 2            
 i_category_id     | 1            
 sum(sales)        | 69392.20     
 sum(number_sales) | 14           
-RECORD 67------------------------
 channel           | catalog      
 i_brand_id        | 1002001      
 i_class_id        | 2            
 i_category_id     | 2            
 sum(sales)        | 143259.76    
 sum(number_sales) | 24           
-RECORD 68------------------------
 channel           | catalog      
 i_brand_id        | 1002001      
 i_class_id        | 2            
 i_category_id     | 3            
 sum(sales)        | 190639.48    
 sum(number_sales) | 38           
-RECORD 69------------------------
 channel           | catalog      
 i_brand_id        | 1002001      
 i_class_id        | 2            
 i_category_id     | 4            
 sum(sales)        | 60154.92     
 sum(number_sales) | 11           
-RECORD 70------------------------
 channel           | catalog      
 i_brand_id        | 1002001      
 i_class_id        | 2            
 i_category_id     | 6            
 sum(sales)        | 72905.53     
 sum(number_sales) | 16           
-RECORD 71------------------------
 channel           | catalog      
 i_brand_id        | 1002001      
 i_class_id        | 2            
 i_category_id     | 7            
 sum(sales)        | 17237.62     
 sum(number_sales) | 3            
-RECORD 72------------------------
 channel           | catalog      
 i_brand_id        | 1002001      
 i_class_id        | 2            
 i_category_id     | 8            
 sum(sales)        | 141091.32    
 sum(number_sales) | 36           
-RECORD 73------------------------
 channel           | catalog      
 i_brand_id        | 1002001      
 i_class_id        | 2            
 i_category_id     | 9            
 sum(sales)        | 141603.60    
 sum(number_sales) | 25           
-RECORD 74------------------------
 channel           | catalog      
 i_brand_id        | 1002001      
 i_class_id        | 2            
 i_category_id     | 10           
 sum(sales)        | 108687.63    
 sum(number_sales) | 26           
-RECORD 75------------------------
 channel           | catalog      
 i_brand_id        | 1002001      
 i_class_id        | 3            
 i_category_id     | 0            
 sum(sales)        | 61348.83     
 sum(number_sales) | 9            
-RECORD 76------------------------
 channel           | catalog      
 i_brand_id        | 1002001      
 i_class_id        | 3            
 i_category_id     | 1            
 sum(sales)        | 61348.83     
 sum(number_sales) | 9            
-RECORD 77------------------------
 channel           | catalog      
 i_brand_id        | 1002001      
 i_class_id        | 4            
 i_category_id     | 0            
 sum(sales)        | 126215.12    
 sum(number_sales) | 28           
-RECORD 78------------------------
 channel           | catalog      
 i_brand_id        | 1002001      
 i_class_id        | 4            
 i_category_id     | 1            
 sum(sales)        | 59437.19     
 sum(number_sales) | 12           
-RECORD 79------------------------
 channel           | catalog      
 i_brand_id        | 1002001      
 i_class_id        | 4            
 i_category_id     | 3            
 sum(sales)        | 24792.24     
 sum(number_sales) | 9            
-RECORD 80------------------------
 channel           | catalog      
 i_brand_id        | 1002001      
 i_class_id        | 4            
 i_category_id     | 5            
 sum(sales)        | 41985.69     
 sum(number_sales) | 7            
-RECORD 81------------------------
 channel           | catalog      
 i_brand_id        | 1002001      
 i_class_id        | 5            
 i_category_id     | 0            
 sum(sales)        | 60039.55     
 sum(number_sales) | 7            
-RECORD 82------------------------
 channel           | catalog      
 i_brand_id        | 1002001      
 i_class_id        | 5            
 i_category_id     | 9            
 sum(sales)        | 60039.55     
 sum(number_sales) | 7            
-RECORD 83------------------------
 channel           | catalog      
 i_brand_id        | 1002001      
 i_class_id        | 6            
 i_category_id     | 0            
 sum(sales)        | 160520.59    
 sum(number_sales) | 27           
-RECORD 84------------------------
 channel           | catalog      
 i_brand_id        | 1002001      
 i_class_id        | 6            
 i_category_id     | 7            
 sum(sales)        | 10403.70     
 sum(number_sales) | 5            
-RECORD 85------------------------
 channel           | catalog      
 i_brand_id        | 1002001      
 i_class_id        | 6            
 i_category_id     | 9            
 sum(sales)        | 100458.19    
 sum(number_sales) | 15           
-RECORD 86------------------------
 channel           | catalog      
 i_brand_id        | 1002001      
 i_class_id        | 6            
 i_category_id     | 10           
 sum(sales)        | 49658.70     
 sum(number_sales) | 7            
-RECORD 87------------------------
 channel           | catalog      
 i_brand_id        | 1002001      
 i_class_id        | 8            
 i_category_id     | 0            
 sum(sales)        | 18830.90     
 sum(number_sales) | 5            
-RECORD 88------------------------
 channel           | catalog      
 i_brand_id        | 1002001      
 i_class_id        | 8            
 i_category_id     | 8            
 sum(sales)        | 18830.90     
 sum(number_sales) | 5            
-RECORD 89------------------------
 channel           | catalog      
 i_brand_id        | 1002001      
 i_class_id        | 9            
 i_category_id     | 0            
 sum(sales)        | 31370.49     
 sum(number_sales) | 5            
-RECORD 90------------------------
 channel           | catalog      
 i_brand_id        | 1002001      
 i_class_id        | 9            
 i_category_id     | 9            
 sum(sales)        | 31370.49     
 sum(number_sales) | 5            
-RECORD 91------------------------
 channel           | catalog      
 i_brand_id        | 1002001      
 i_class_id        | 10           
 i_category_id     | 0            
 sum(sales)        | 40164.96     
 sum(number_sales) | 9            
-RECORD 92------------------------
 channel           | catalog      
 i_brand_id        | 1002001      
 i_class_id        | 10           
 i_category_id     | 6            
 sum(sales)        | 7759.96      
 sum(number_sales) | 5            
-RECORD 93------------------------
 channel           | catalog      
 i_brand_id        | 1002001      
 i_class_id        | 10           
 i_category_id     | 8            
 sum(sales)        | 32405.00     
 sum(number_sales) | 4            
-RECORD 94------------------------
 channel           | catalog      
 i_brand_id        | 1002001      
 i_class_id        | 11           
 i_category_id     | 0            
 sum(sales)        | 42852.27     
 sum(number_sales) | 11           
-RECORD 95------------------------
 channel           | catalog      
 i_brand_id        | 1002001      
 i_class_id        | 11           
 i_category_id     | 8            
 sum(sales)        | 25836.23     
 sum(number_sales) | 7            
-RECORD 96------------------------
 channel           | catalog      
 i_brand_id        | 1002001      
 i_class_id        | 11           
 i_category_id     | 9            
 sum(sales)        | 17016.04     
 sum(number_sales) | 4            
-RECORD 97------------------------
 channel           | catalog      
 i_brand_id        | 1002001      
 i_class_id        | 12           
 i_category_id     | 0            
 sum(sales)        | 12275.20     
 sum(number_sales) | 4            
-RECORD 98------------------------
 channel           | catalog      
 i_brand_id        | 1002001      
 i_class_id        | 12           
 i_category_id     | 7            
 sum(sales)        | 12275.20     
 sum(number_sales) | 4            
-RECORD 99------------------------
 channel           | catalog      
 i_brand_id        | 1002001      
 i_class_id        | 13           
 i_category_id     | 0            
 sum(sales)        | 27702.27     
 sum(number_sales) | 5
             