-- Automatically generated by TpcdsQueries
-RECORD 0-------------------
 channel       | store      
 i_brand_id    | 1001001    
 i_class_id    | 1          
 i_category_id | 1          
 sales         | 618811.76  
 number_sales  | 171        
 channel       | store      
 i_brand_id    | 1001001    
 i_class_id    | 1          
 i_category_id | 1          
 sales         | 1120886.77 
 number_sales  | 328        
-RECORD 1-------------------
 channel       | store      
 i_brand_id    | 1001002    
 i_class_id    | 1          
 i_category_id | 1          
 sales         | 679257.16  
 number_sales  | 207        
 channel       | store      
 i_brand_id    | 1001002    
 i_class_id    | 1          
 i_category_id | 1          
 sales         | 597317.93  
 number_sales  | 174        
-RECORD 2-------------------
 channel       | store      
 i_brand_id    | 1002001    
 i_class_id    | 2          
 i_category_id | 1          
 sales         | 590902.05  
 number_sales  | 166        
 channel       | store      
 i_brand_id    | 1002001    
 i_class_id    | 2          
 i_category_id | 1          
 sales         | 1382457.19 
 number_sales  | 367        
-RECORD 3-------------------
 channel       | store      
 i_brand_id    | 1002002    
 i_class_id    | 2          
 i_category_id | 1          
 sales         | 712644.78  
 number_sales  | 166        
 channel       | store      
 i_brand_id    | 1002002    
 i_class_id    | 2          
 i_category_id | 1          
 sales         | 686649.72  
 number_sales  | 155        
-RECORD 4-------------------
 channel       | store      
 i_brand_id    | 1003001    
 i_class_id    | 3          
 i_category_id | 1          
 sales         | 567349.84  
 number_sales  | 161        
 channel       | store      
 i_brand_id    | 1003001    
 i_class_id    | 3          
 i_category_id | 1          
 sales         | 1120432.56 
 number_sales  | 309        
-RECORD 5-------------------
 channel       | store      
 i_brand_id    | 1003002    
 i_class_id    | 3          
 i_category_id | 1          
 sales         | 775782.67  
 number_sales  | 214        
 channel       | store      
 i_brand_id    | 1003002    
 i_class_id    | 3          
 i_category_id | 1          
 sales         | 561917.26  
 number_sales  | 173        
-RECORD 6-------------------
 channel       | store      
 i_brand_id    | 1004001    
 i_class_id    | 4          
 i_category_id | 1          
 sales         | 602670.66  
 number_sales  | 187        
 channel       | store      
 i_brand_id    | 1004001    
 i_class_id    | 4          
 i_category_id | 1          
 sales         | 1284658.68 
 number_sales  | 355        
-RECORD 7-------------------
 channel       | store      
 i_brand_id    | 1004002    
 i_class_id    | 4          
 i_category_id | 1          
 sales         | 680693.19  
 number_sales  | 185        
 channel       | store      
 i_brand_id    | 1004002    
 i_class_id    | 4          
 i_category_id | 1          
 sales         | 572656.37  
 number_sales  | 181        
-RECORD 8-------------------
 channel       | store      
 i_brand_id    | 2001001    
 i_class_id    | 1          
 i_category_id | 2          
 sales         | 721151.24  
 number_sales  | 193        
 channel       | store      
 i_brand_id    | 2001001    
 i_class_id    | 1          
 i_category_id | 2          
 sales         | 1206198.64 
 number_sales  | 359        
-RECORD 9-------------------
 channel       | store      
 i_brand_id    | 2001002    
 i_class_id    | 1          
 i_category_id | 2          
 sales         | 815659.11  
 number_sales  | 223        
 channel       | store      
 i_brand_id    | 2001002    
 i_class_id    | 1          
 i_category_id | 2          
 sales         | 621816.55  
 number_sales  | 166        
-RECORD 10------------------
 channel       | store      
 i_brand_id    | 2002001    
 i_class_id    | 2          
 i_category_id | 2          
 sales         | 657826.11  
 number_sales  | 158        
 channel       | store      
 i_brand_id    | 2002001    
 i_class_id    | 2          
 i_category_id | 2          
 sales         | 1229089.24 
 number_sales  | 366        
-RECORD 11------------------
 channel       | store      
 i_brand_id    | 2002002    
 i_class_id    | 2          
 i_category_id | 2          
 sales         | 738888.97  
 number_sales  | 213        
 channel       | store      
 i_brand_id    | 2002002    
 i_class_id    | 2          
 i_category_id | 2          
 sales         | 701020.25  
 number_sales  | 187        
-RECORD 12------------------
 channel       | store      
 i_brand_id    | 2003001    
 i_class_id    | 3          
 i_category_id | 2          
 sales         | 856103.36  
 number_sales  | 229        
 channel       | store      
 i_brand_id    | 2003001    
 i_class_id    | 3          
 i_category_id | 2          
 sales         | 1517919.93 
 number_sales  | 408        
-RECORD 13------------------
 channel       | store      
 i_brand_id    | 2003002    
 i_class_id    | 3          
 i_category_id | 2          
 sales         | 1035024.58 
 number_sales  | 255        
 channel       | store      
 i_brand_id    | 2003002    
 i_class_id    | 3          
 i_category_id | 2          
 sales         | 693873.11  
 number_sales  | 187        
-RECORD 14------------------
 channel       | store      
 i_brand_id    | 2004001    
 i_class_id    | 4          
 i_category_id | 2          
 sales         | 818535.48  
 number_sales  | 210        
 channel       | store      
 i_brand_id    | 2004001    
 i_class_id    | 4          
 i_category_id | 2          
 sales         | 1584158.70 
 number_sales  | 423        
-RECORD 15------------------
 channel       | store      
 i_brand_id    | 2004002    
 i_class_id    | 4          
 i_category_id | 2          
 sales         | 902066.26  
 number_sales  | 231        
 channel       | store      
 i_brand_id    | 2004002    
 i_class_id    | 4          
 i_category_id | 2          
 sales         | 652868.55  
 number_sales  | 184        
-RECORD 16------------------
 channel       | store      
 i_brand_id    | 3001001    
 i_class_id    | 1          
 i_category_id | 3          
 sales         | 690099.22  
 number_sales  | 187        
 channel       | store      
 i_brand_id    | 3001001    
 i_class_id    | 1          
 i_category_id | 3          
 sales         | 1540182.88 
 number_sales  | 363        
-RECORD 17------------------
 channel       | store      
 i_brand_id    | 3001002    
 i_class_id    | 1          
 i_category_id | 3          
 sales         | 796955.01  
 number_sales  | 238        
 channel       | store      
 i_brand_id    | 3001002    
 i_class_id    | 1          
 i_category_id | 3          
 sales         | 690610.81  
 number_sales  | 178        
-RECORD 18------------------
 channel       | store      
 i_brand_id    | 3002001    
 i_class_id    | 2          
 i_category_id | 3          
 sales         | 601571.31  
 number_sales  | 163        
 channel       | store      
 i_brand_id    | 3002001    
 i_class_id    | 2          
 i_category_id | 3          
 sales         | 1332847.53 
 number_sales  | 353        
-RECORD 19------------------
 channel       | store      
 i_brand_id    | 3002002    
 i_class_id    | 2          
 i_category_id | 3          
 sales         | 889691.45  
 number_sales  | 239        
 channel       | store      
 i_brand_id    | 3002002    
 i_class_id    | 2          
 i_category_id | 3          
 sales         | 711790.52  
 number_sales  | 187        
-RECORD 20------------------
 channel       | store      
 i_brand_id    | 3003001    
 i_class_id    | 3          
 i_category_id | 3          
 sales         | 599641.77  
 number_sales  | 168        
 channel       | store      
 i_brand_id    | 3003001    
 i_class_id    | 3          
 i_category_id | 3          
 sales         | 1218300.45 
 number_sales  | 329        
-RECORD 21------------------
 channel       | store      
 i_brand_id    | 3003002    
 i_class_id    | 3          
 i_category_id | 3          
 sales         | 785846.50  
 number_sales  | 222        
 channel       | store      
 i_brand_id    | 3003002    
 i_class_id    | 3          
 i_category_id | 3          
 sales         | 727813.84  
 number_sales  | 205        
-RECORD 22------------------
 channel       | store      
 i_brand_id    | 3004001    
 i_class_id    | 4          
 i_category_id | 3          
 sales         | 636017.18  
 number_sales  | 169        
 channel       | store      
 i_brand_id    | 3004001    
 i_class_id    | 4          
 i_category_id | 3          
 sales         | 1300058.21 
 number_sales  | 347        
-RECORD 23------------------
 channel       | store      
 i_brand_id    | 3004002    
 i_class_id    | 4          
 i_category_id | 3          
 sales         | 850298.30  
 number_sales  | 240        
 channel       | store      
 i_brand_id    | 3004002    
 i_class_id    | 4          
 i_category_id | 3          
 sales         | 605722.91  
 number_sales  | 192        
-RECORD 24------------------
 channel       | store      
 i_brand_id    | 4001001    
 i_class_id    | 1          
 i_category_id | 4          
 sales         | 709294.08  
 number_sales  | 189        
 channel       | store      
 i_brand_id    | 4001001    
 i_class_id    | 1          
 i_category_id | 4          
 sales         | 1317772.16 
 number_sales  | 332        
-RECORD 25------------------
 channel       | store      
 i_brand_id    | 4001002    
 i_class_id    | 1          
 i_category_id | 4          
 sales         | 833503.02  
 number_sales  | 203        
 channel       | store      
 i_brand_id    | 4001002    
 i_class_id    | 1          
 i_category_id | 4          
 sales         | 651619.28  
 number_sales  | 161        
-RECORD 26------------------
 channel       | store      
 i_brand_id    | 4002001    
 i_class_id    | 2          
 i_category_id | 4          
 sales         | 633353.59  
 number_sales  | 188        
 channel       | store      
 i_brand_id    | 4002001    
 i_class_id    | 2          
 i_category_id | 4          
 sales         | 1235025.47 
 number_sales  | 341        
-RECORD 27------------------
 channel       | store      
 i_brand_id    | 4002002    
 i_class_id    | 2          
 i_category_id | 4          
 sales         | 928549.29  
 number_sales  | 239        
 channel       | store      
 i_brand_id    | 4002002    
 i_class_id    | 2          
 i_category_id | 4          
 sales         | 724613.68  
 number_sales  | 193        
-RECORD 28------------------
 channel       | store      
 i_brand_id    | 4003001    
 i_class_id    | 3          
 i_category_id | 4          
 sales         | 645858.10  
 number_sales  | 173        
 channel       | store      
 i_brand_id    | 4003001    
 i_class_id    | 3          
 i_category_id | 4          
 sales         | 1417068.83 
 number_sales  | 390        
-RECORD 29------------------
 channel       | store      
 i_brand_id    | 4003002    
 i_class_id    | 3          
 i_category_id | 4          
 sales         | 872089.82  
 number_sales  | 236        
 channel       | store      
 i_brand_id    | 4003002    
 i_class_id    | 3          
 i_category_id | 4          
 sales         | 707566.93  
 number_sales  | 201        
-RECORD 30------------------
 channel       | store      
 i_brand_id    | 4004001    
 i_class_id    | 4          
 i_category_id | 4          
 sales         | 657080.07  
 number_sales  | 179        
 channel       | store      
 i_brand_id    | 4004001    
 i_class_id    | 4          
 i_category_id | 4          
 sales         | 1279798.81 
 number_sales  | 334        
-RECORD 31------------------
 channel       | store      
 i_brand_id    | 4004002    
 i_class_id    | 4          
 i_category_id | 4          
 sales         | 836177.44  
 number_sales  | 216        
 channel       | store      
 i_brand_id    | 4004002    
 i_class_id    | 4          
 i_category_id | 4          
 sales         | 821961.41  
 number_sales  | 198        
-RECORD 32------------------
 channel       | store      
 i_brand_id    | 5001001    
 i_class_id    | 1          
 i_category_id | 5          
 sales         | 719353.50  
 number_sales  | 186        
 channel       | store      
 i_brand_id    | 5001001    
 i_class_id    | 1          
 i_category_id | 5          
 sales         | 1189108.84 
 number_sales  | 310        
-RECORD 33------------------
 channel       | store      
 i_brand_id    | 5001002    
 i_class_id    | 1          
 i_category_id | 5          
 sales         | 842595.01  
 number_sales  | 234        
 channel       | store      
 i_brand_id    | 5001002    
 i_class_id    | 1          
 i_category_id | 5          
 sales         | 788955.51  
 number_sales  | 198        
-RECORD 34------------------
 channel       | store      
 i_brand_id    | 5002001    
 i_class_id    | 2          
 i_category_id | 5          
 sales         | 773460.67  
 number_sales  | 218        
 channel       | store      
 i_brand_id    | 5002001    
 i_class_id    | 2          
 i_category_id | 5          
 sales         | 1274443.41 
 number_sales  | 357        
-RECORD 35------------------
 channel       | store      
 i_brand_id    | 5002002    
 i_class_id    | 2          
 i_category_id | 5          
 sales         | 910604.00  
 number_sales  | 253        
 channel       | store      
 i_brand_id    | 5002002    
 i_class_id    | 2          
 i_category_id | 5          
 sales         | 649585.02  
 number_sales  | 178        
-RECORD 36------------------
 channel       | store      
 i_brand_id    | 5003001    
 i_class_id    | 3          
 i_category_id | 5          
 sales         | 699927.22  
 number_sales  | 177        
 channel       | store      
 i_brand_id    | 5003001    
 i_class_id    | 3          
 i_category_id | 5          
 sales         | 1388232.27 
 number_sales  | 389        
-RECORD 37------------------
 channel       | store      
 i_brand_id    | 5003002    
 i_class_id    | 3          
 i_category_id | 5          
 sales         | 795797.08  
 number_sales  | 221        
 channel       | store      
 i_brand_id    | 5003002    
 i_class_id    | 3          
 i_category_id | 5          
 sales         | 640802.27  
 number_sales  | 168        
-RECORD 38------------------
 channel       | store      
 i_brand_id    | 5004001    
 i_class_id    | 4          
 i_category_id | 5          
 sales         | 746611.79  
 number_sales  | 186        
 channel       | store      
 i_brand_id    | 5004001    
 i_class_id    | 4          
 i_category_id | 5          
 sales         | 1149863.23 
 number_sales  | 334        
-RECORD 39------------------
 channel       | store      
 i_brand_id    | 5004002    
 i_class_id    | 4          
 i_category_id | 5          
 sales         | 661403.11  
 number_sales  | 175        
 channel       | store      
 i_brand_id    | 5004002    
 i_class_id    | 4          
 i_category_id | 5          
 sales         | 522457.04  
 number_sales  | 139        
-RECORD 40------------------
 channel       | store      
 i_brand_id    | 6001001    
 i_class_id    | 1          
 i_category_id | 6          
 sales         | 32952.14   
 number_sales  | 10         
 channel       | store      
 i_brand_id    | 6001001    
 i_class_id    | 1          
 i_category_id | 6          
 sales         | 100674.40  
 number_sales  | 25         
-RECORD 41------------------
 channel       | store      
 i_brand_id    | 6001002    
 i_class_id    | 1          
 i_category_id | 6          
 sales         | 32363.63   
 number_sales  | 11         
 channel       | store      
 i_brand_id    | 6001002    
 i_class_id    | 1          
 i_category_id | 6          
 sales         | 21192.44   
 number_sales  | 6          
-RECORD 42------------------
 channel       | store      
 i_brand_id    | 6001003    
 i_class_id    | 1          
 i_category_id | 6          
 sales         | 32105.72   
 number_sales  | 12         
 channel       | store      
 i_brand_id    | 6001003    
 i_class_id    | 1          
 i_category_id | 6          
 sales         | 49799.29   
 number_sales  | 16         
-RECORD 43------------------
 channel       | store      
 i_brand_id    | 6001004    
 i_class_id    | 1          
 i_category_id | 6          
 sales         | 69366.44   
 number_sales  | 18         
 channel       | store      
 i_brand_id    | 6001004    
 i_class_id    | 1          
 i_category_id | 6          
 sales         | 33159.67   
 number_sales  | 12         
-RECORD 44------------------
 channel       | store      
 i_brand_id    | 6001005    
 i_class_id    | 1          
 i_category_id | 6          
 sales         | 39316.28   
 number_sales  | 13         
 channel       | store      
 i_brand_id    | 6001005    
 i_class_id    | 1          
 i_category_id | 6          
 sales         | 176957.80  
 number_sales  | 40         
-RECORD 45------------------
 channel       | store      
 i_brand_id    | 6001006    
 i_class_id    | 1          
 i_category_id | 6          
 sales         | 33851.16   
 number_sales  | 8          
 channel       | store      
 i_brand_id    | 6001006    
 i_class_id    | 1          
 i_category_id | 6          
 sales         | 59928.72   
 number_sales  | 18         
-RECORD 46------------------
 channel       | store      
 i_brand_id    | 6001007    
 i_class_id    | 1          
 i_category_id | 6          
 sales         | 52934.26   
 number_sales  | 10         
 channel       | store      
 i_brand_id    | 6001007    
 i_class_id    | 1          
 i_category_id | 6          
 sales         | 68730.18   
 number_sales  | 15         
-RECORD 47------------------
 channel       | store      
 i_brand_id    | 6001008    
 i_class_id    | 1          
 i_category_id | 6          
 sales         | 61470.12   
 number_sales  | 17         
 channel       | store      
 i_brand_id    | 6001008    
 i_class_id    | 1          
 i_category_id | 6          
 sales         | 21110.81   
 number_sales  | 7          
-RECORD 48------------------
 channel       | store      
 i_brand_id    | 6002001    
 i_class_id    | 2          
 i_category_id | 6          
 sales         | 58059.46   
 number_sales  | 12         
 channel       | store      
 i_brand_id    | 6002001    
 i_class_id    | 2          
 i_category_id | 6          
 sales         | 118560.37  
 number_sales  | 25         
-RECORD 49------------------
 channel       | store      
 i_brand_id    | 6002002    
 i_class_id    | 2          
 i_category_id | 6          
 sales         | 45696.16   
 number_sales  | 15         
 channel       | store      
 i_brand_id    | 6002002    
 i_class_id    | 2          
 i_category_id | 6          
 sales         | 98188.35   
 number_sales  | 25         
-RECORD 50------------------
 channel       | store      
 i_brand_id    | 6002003    
 i_class_id    | 2          
 i_category_id | 6          
 sales         | 27662.18   
 number_sales  | 10         
 channel       | store      
 i_brand_id    | 6002003    
 i_class_id    | 2          
 i_category_id | 6          
 sales         | 52033.85   
 number_sales  | 19         
-RECORD 51------------------
 channel       | store      
 i_brand_id    | 6002004    
 i_class_id    | 2          
 i_category_id | 6          
 sales         | 49212.09   
 number_sales  | 11         
 channel       | store      
 i_brand_id    | 6002004    
 i_class_id    | 2          
 i_category_id | 6          
 sales         | 23087.83   
 number_sales  | 7          
-RECORD 52------------------
 channel       | store      
 i_brand_id    | 6002005    
 i_class_id    | 2          
 i_category_id | 6          
 sales         | 54618.54   
 number_sales  | 15         
 channel       | store      
 i_brand_id    | 6002005    
 i_class_id    | 2          
 i_category_id | 6          
 sales         | 94438.29   
 number_sales  | 22         
-RECORD 53------------------
 channel       | store      
 i_brand_id    | 6002006    
 i_class_id    | 2          
 i_category_id | 6          
 sales         | 4768.74    
 number_sales  | 6          
 channel       | store      
 i_brand_id    | 6002006    
 i_class_id    | 2          
 i_category_id | 6          
 sales         | 41696.39   
 number_sales  | 7          
-RECORD 54------------------
 channel       | store      
 i_brand_id    | 6002007    
 i_class_id    | 2          
 i_category_id | 6          
 sales         | 23765.55   
 number_sales  | 6          
 channel       | store      
 i_brand_id    | 6002007    
 i_class_id    | 2          
 i_category_id | 6          
 sales         | 100119.20  
 number_sales  | 29         
-RECORD 55------------------
 channel       | store      
 i_brand_id    | 6002008    
 i_class_id    | 2          
 i_category_id | 6          
 sales         | 26747.76   
 number_sales  | 5          
 channel       | store      
 i_brand_id    | 6002008    
 i_class_id    | 2          
 i_category_id | 6          
 sales         | 19965.51   
 number_sales  | 3          
-RECORD 56------------------
 channel       | store      
 i_brand_id    | 6003001    
 i_class_id    | 3          
 i_category_id | 6          
 sales         | 17874.97   
 number_sales  | 4          
 channel       | store      
 i_brand_id    | 6003001    
 i_class_id    | 3          
 i_category_id | 6          
 sales         | 39734.27   
 number_sales  | 10         
-RECORD 57------------------
 channel       | store      
 i_brand_id    | 6003004    
 i_class_id    | 3          
 i_category_id | 6          
 sales         | 36845.45   
 number_sales  | 13         
 channel       | store      
 i_brand_id    | 6003004    
 i_class_id    | 3          
 i_category_id | 6          
 sales         | 28332.73   
 number_sales  | 5          
-RECORD 58------------------
 channel       | store      
 i_brand_id    | 6003005    
 i_class_id    | 3          
 i_category_id | 6          
 sales         | 33876.00   
 number_sales  | 12         
 channel       | store      
 i_brand_id    | 6003005    
 i_class_id    | 3          
 i_category_id | 6          
 sales         | 149594.43  
 number_sales  | 34         
-RECORD 59------------------
 channel       | store      
 i_brand_id    | 6003006    
 i_class_id    | 3          
 i_category_id | 6          
 sales         | 78594.03   
 number_sales  | 17         
 channel       | store      
 i_brand_id    | 6003006    
 i_class_id    | 3          
 i_category_id | 6          
 sales         | 80057.92   
 number_sales  | 16         
-RECORD 60------------------
 channel       | store      
 i_brand_id    | 6003007    
 i_class_id    | 3          
 i_category_id | 6          
 sales         | 90969.04   
 number_sales  | 23         
 channel       | store      
 i_brand_id    | 6003007    
 i_class_id    | 3          
 i_category_id | 6          
 sales         | 130880.43  
 number_sales  | 32         
-RECORD 61------------------
 channel       | store      
 i_brand_id    | 6003008    
 i_class_id    | 3          
 i_category_id | 6          
 sales         | 51335.82   
 number_sales  | 14         
 channel       | store      
 i_brand_id    | 6003008    
 i_class_id    | 3          
 i_category_id | 6          
 sales         | 45068.89   
 number_sales  | 16         
-RECORD 62------------------
 channel       | store      
 i_brand_id    | 6004001    
 i_class_id    | 4          
 i_category_id | 6          
 sales         | 14673.04   
 number_sales  | 4          
 channel       | store      
 i_brand_id    | 6004001    
 i_class_id    | 4          
 i_category_id | 6          
 sales         | 84488.05   
 number_sales  | 22         
-RECORD 63------------------
 channel       | store      
 i_brand_id    | 6004002    
 i_class_id    | 4          
 i_category_id | 6          
 sales         | 41801.05   
 number_sales  | 15         
 channel       | store      
 i_brand_id    | 6004002    
 i_class_id    | 4          
 i_category_id | 6          
 sales         | 31527.39   
 number_sales  | 12         
-RECORD 64------------------
 channel       | store      
 i_brand_id    | 6004003    
 i_class_id    | 4          
 i_category_id | 6          
 sales         | 15735.99   
 number_sales  | 8          
 channel       | store      
 i_brand_id    | 6004003    
 i_class_id    | 4          
 i_category_id | 6          
 sales         | 102005.55  
 number_sales  | 23         
-RECORD 65------------------
 channel       | store      
 i_brand_id    | 6004004    
 i_class_id    | 4          
 i_category_id | 6          
 sales         | 70293.74   
 number_sales  | 15         
 channel       | store      
 i_brand_id    | 6004004    
 i_class_id    | 4          
 i_category_id | 6          
 sales         | 16694.72   
 number_sales  | 7          
-RECORD 66------------------
 channel       | store      
 i_brand_id    | 6004006    
 i_class_id    | 4          
 i_category_id | 6          
 sales         | 98506.28   
 number_sales  | 26         
 channel       | store      
 i_brand_id    | 6004006    
 i_class_id    | 4          
 i_category_id | 6          
 sales         | 40380.88   
 number_sales  | 13         
-RECORD 67------------------
 channel       | store      
 i_brand_id    | 6004007    
 i_class_id    | 4          
 i_category_id | 6          
 sales         | 7974.20    
 number_sales  | 5          
 channel       | store      
 i_brand_id    | 6004007    
 i_class_id    | 4          
 i_category_id | 6          
 sales         | 56390.64   
 number_sales  | 19         
-RECORD 68------------------
 channel       | store      
 i_brand_id    | 6004008    
 i_class_id    | 4          
 i_category_id | 6          
 sales         | 93726.06   
 number_sales  | 22         
 channel       | store      
 i_brand_id    | 6004008    
 i_class_id    | 4          
 i_category_id | 6          
 sales         | 49454.40   
 number_sales  | 15         
-RECORD 69------------------
 channel       | store      
 i_brand_id    | 6005001    
 i_class_id    | 5          
 i_category_id | 6          
 sales         | 25935.02   
 number_sales  | 8          
 channel       | store      
 i_brand_id    | 6005001    
 i_class_id    | 5          
 i_category_id | 6          
 sales         | 76459.38   
 number_sales  | 18         
-RECORD 70------------------
 channel       | store      
 i_brand_id    | 6005002    
 i_class_id    | 5          
 i_category_id | 6          
 sales         | 27560.91   
 number_sales  | 8          
 channel       | store      
 i_brand_id    | 6005002    
 i_class_id    | 5          
 i_category_id | 6          
 sales         | 29874.66   
 number_sales  | 8          
-RECORD 71------------------
 channel       | store      
 i_brand_id    | 6005003    
 i_class_id    | 5          
 i_category_id | 6          
 sales         | 76424.40   
 number_sales  | 23         
 channel       | store      
 i_brand_id    | 6005003    
 i_class_id    | 5          
 i_category_id | 6          
 sales         | 120380.82  
 number_sales  | 37         
-RECORD 72------------------
 channel       | store      
 i_brand_id    | 6005004    
 i_class_id    | 5          
 i_category_id | 6          
 sales         | 61026.67   
 number_sales  | 15         
 channel       | store      
 i_brand_id    | 6005004    
 i_class_id    | 5          
 i_category_id | 6          
 sales         | 32867.59   
 number_sales  | 7          
-RECORD 73------------------
 channel       | store      
 i_brand_id    | 6005005    
 i_class_id    | 5          
 i_category_id | 6          
 sales         | 49398.50   
 number_sales  | 13         
 channel       | store      
 i_brand_id    | 6005005    
 i_class_id    | 5          
 i_category_id | 6          
 sales         | 125117.31  
 number_sales  | 33         
-RECORD 74------------------
 channel       | store      
 i_brand_id    | 6005006    
 i_class_id    | 5          
 i_category_id | 6          
 sales         | 40539.82   
 number_sales  | 9          
 channel       | store      
 i_brand_id    | 6005006    
 i_class_id    | 5          
 i_category_id | 6          
 sales         | 24310.11   
 number_sales  | 8          
-RECORD 75------------------
 channel       | store      
 i_brand_id    | 6005007    
 i_class_id    | 5          
 i_category_id | 6          
 sales         | 18454.21   
 number_sales  | 5          
 channel       | store      
 i_brand_id    | 6005007    
 i_class_id    | 5          
 i_category_id | 6          
 sales         | 52454.65   
 number_sales  | 14         
-RECORD 76------------------
 channel       | store      
 i_brand_id    | 6005008    
 i_class_id    | 5          
 i_category_id | 6          
 sales         | 71116.83   
 number_sales  | 19         
 channel       | store      
 i_brand_id    | 6005008    
 i_class_id    | 5          
 i_category_id | 6          
 sales         | 40388.90   
 number_sales  | 6          
-RECORD 77------------------
 channel       | store      
 i_brand_id    | 6006001    
 i_class_id    | 6          
 i_category_id | 6          
 sales         | 26990.02   
 number_sales  | 8          
 channel       | store      
 i_brand_id    | 6006001    
 i_class_id    | 6          
 i_category_id | 6          
 sales         | 19931.96   
 number_sales  | 5          
-RECORD 78------------------
 channel       | store      
 i_brand_id    | 6006003    
 i_class_id    | 6          
 i_category_id | 6          
 sales         | 39807.40   
 number_sales  | 6          
 channel       | store      
 i_brand_id    | 6006003    
 i_class_id    | 6          
 i_category_id | 6          
 sales         | 100194.33  
 number_sales  | 22         
-RECORD 79------------------
 channel       | store      
 i_brand_id    | 6006004    
 i_class_id    | 6          
 i_category_id | 6          
 sales         | 126180.26  
 number_sales  | 29         
 channel       | store      
 i_brand_id    | 6006004    
 i_class_id    | 6          
 i_category_id | 6          
 sales         | 44060.41   
 number_sales  | 16         
-RECORD 80------------------
 channel       | store      
 i_brand_id    | 6006005    
 i_class_id    | 6          
 i_category_id | 6          
 sales         | 24214.85   
 number_sales  | 8          
 channel       | store      
 i_brand_id    | 6006005    
 i_class_id    | 6          
 i_category_id | 6          
 sales         | 79947.56   
 number_sales  | 24         
-RECORD 81------------------
 channel       | store      
 i_brand_id    | 6006006    
 i_class_id    | 6          
 i_category_id | 6          
 sales         | 59581.58   
 number_sales  | 21         
 channel       | store      
 i_brand_id    | 6006006    
 i_class_id    | 6          
 i_category_id | 6          
 sales         | 45979.99   
 number_sales  | 11         
-RECORD 82------------------
 channel       | store      
 i_brand_id    | 6006008    
 i_class_id    | 6          
 i_category_id | 6          
 sales         | 81635.42   
 number_sales  | 14         
 channel       | store      
 i_brand_id    | 6006008    
 i_class_id    | 6          
 i_category_id | 6          
 sales         | 26221.85   
 number_sales  | 8          
-RECORD 83------------------
 channel       | store      
 i_brand_id    | 6007001    
 i_class_id    | 7          
 i_category_id | 6          
 sales         | 15407.87   
 number_sales  | 3          
 channel       | store      
 i_brand_id    | 6007001    
 i_class_id    | 7          
 i_category_id | 6          
 sales         | 14185.50   
 number_sales  | 7          
-RECORD 84------------------
 channel       | store      
 i_brand_id    | 6007002    
 i_class_id    | 7          
 i_category_id | 6          
 sales         | 77223.28   
 number_sales  | 17         
 channel       | store      
 i_brand_id    | 6007002    
 i_class_id    | 7          
 i_category_id | 6          
 sales         | 21012.93   
 number_sales  | 7          
-RECORD 85------------------
 channel       | store      
 i_brand_id    | 6007003    
 i_class_id    | 7          
 i_category_id | 6          
 sales         | 30617.75   
 number_sales  | 9          
 channel       | store      
 i_brand_id    | 6007003    
 i_class_id    | 7          
 i_category_id | 6          
 sales         | 21503.75   
 number_sales  | 7          
-RECORD 86------------------
 channel       | store      
 i_brand_id    | 6007004    
 i_class_id    | 7          
 i_category_id | 6          
 sales         | 35752.37   
 number_sales  | 11         
 channel       | store      
 i_brand_id    | 6007004    
 i_class_id    | 7          
 i_category_id | 6          
 sales         | 39378.54   
 number_sales  | 9          
-RECORD 87------------------
 channel       | store      
 i_brand_id    | 6007005    
 i_class_id    | 7          
 i_category_id | 6          
 sales         | 49598.38   
 number_sales  | 16         
 channel       | store      
 i_brand_id    | 6007005    
 i_class_id    | 7          
 i_category_id | 6          
 sales         | 102247.83  
 number_sales  | 29         
-RECORD 88------------------
 channel       | store      
 i_brand_id    | 6007006    
 i_class_id    | 7          
 i_category_id | 6          
 sales         | 43099.21   
 number_sales  | 12         
 channel       | store      
 i_brand_id    | 6007006    
 i_class_id    | 7          
 i_category_id | 6          
 sales         | 17599.96   
 number_sales  | 11         
-RECORD 89------------------
 channel       | store      
 i_brand_id    | 6007007    
 i_class_id    | 7          
 i_category_id | 6          
 sales         | 36750.53   
 number_sales  | 10         
 channel       | store      
 i_brand_id    | 6007007    
 i_class_id    | 7          
 i_category_id | 6          
 sales         | 47280.71   
 number_sales  | 19         
-RECORD 90------------------
 channel       | store      
 i_brand_id    | 6007008    
 i_class_id    | 7          
 i_category_id | 6          
 sales         | 63116.82   
 number_sales  | 21         
 channel       | store      
 i_brand_id    | 6007008    
 i_class_id    | 7          
 i_category_id | 6          
 sales         | 16366.95   
 number_sales  | 10         
-RECORD 91------------------
 channel       | store      
 i_brand_id    | 6008001    
 i_class_id    | 8          
 i_category_id | 6          
 sales         | 78930.46   
 number_sales  | 18         
 channel       | store      
 i_brand_id    | 6008001    
 i_class_id    | 8          
 i_category_id | 6          
 sales         | 123392.71  
 number_sales  | 36         
-RECORD 92------------------
 channel       | store      
 i_brand_id    | 6008002    
 i_class_id    | 8          
 i_category_id | 6          
 sales         | 20148.09   
 number_sales  | 5          
 channel       | store      
 i_brand_id    | 6008002    
 i_class_id    | 8          
 i_category_id | 6          
 sales         | 98780.67   
 number_sales  | 17         
-RECORD 93------------------
 channel       | store      
 i_brand_id    | 6008004    
 i_class_id    | 8          
 i_category_id | 6          
 sales         | 41158.44   
 number_sales  | 15         
 channel       | store      
 i_brand_id    | 6008004    
 i_class_id    | 8          
 i_category_id | 6          
 sales         | 7371.54    
 number_sales  | 4          
-RECORD 94------------------
 channel       | store      
 i_brand_id    | 6008005    
 i_class_id    | 8          
 i_category_id | 6          
 sales         | 52094.82   
 number_sales  | 11         
 channel       | store      
 i_brand_id    | 6008005    
 i_class_id    | 8          
 i_category_id | 6          
 sales         | 153697.84  
 number_sales  | 42         
-RECORD 95------------------
 channel       | store      
 i_brand_id    | 6008006    
 i_class_id    | 8          
 i_category_id | 6          
 sales         | 40340.12   
 number_sales  | 8          
 channel       | store      
 i_brand_id    | 6008006    
 i_class_id    | 8          
 i_category_id | 6          
 sales         | 32564.87   
 number_sales  | 11         
-RECORD 96------------------
 channel       | store      
 i_brand_id    | 6008007    
 i_class_id    | 8          
 i_category_id | 6          
 sales         | 8554.42    
 number_sales  | 2          
 channel       | store      
 i_brand_id    | 6008007    
 i_class_id    | 8          
 i_category_id | 6          
 sales         | 40138.79   
 number_sales  | 9          
-RECORD 97------------------
 channel       | store      
 i_brand_id    | 6008008    
 i_class_id    | 8          
 i_category_id | 6          
 sales         | 26928.47   
 number_sales  | 7          
 channel       | store      
 i_brand_id    | 6008008    
 i_class_id    | 8          
 i_category_id | 6          
 sales         | 18485.16   
 number_sales  | 4          
-RECORD 98------------------
 channel       | store      
 i_brand_id    | 6009001    
 i_class_id    | 9          
 i_category_id | 6          
 sales         | 69811.04   
 number_sales  | 16         
 channel       | store      
 i_brand_id    | 6009001    
 i_class_id    | 9          
 i_category_id | 6          
 sales         | 136769.36  
 number_sales  | 32         
-RECORD 99------------------
 channel       | store      
 i_brand_id    | 6009002    
 i_class_id    | 9          
 i_category_id | 6          
 sales         | 31689.61   
 number_sales  | 14         
 channel       | store      
 i_brand_id    | 6009002    
 i_class_id    | 9          
 i_category_id | 6          
 sales         | 63253.41   
 number_sales  | 19
             