-- Automatically generated by TpcdsQueries
-RECORD 0----------------------
 ca_zip              | null    
 sum(cs_sales_price) | 2519.19 
-RECORD 1----------------------
 ca_zip              | 30059   
 sum(cs_sales_price) | 812.16  
-RECORD 2----------------------
 ca_zip              | 30069   
 sum(cs_sales_price) | 2248.42 
-RECORD 3----------------------
 ca_zip              | 30150   
 sum(cs_sales_price) | 157.03  
-RECORD 4----------------------
 ca_zip              | 30162   
 sum(cs_sales_price) | 2039.97 
-RECORD 5----------------------
 ca_zip              | 30169   
 sum(cs_sales_price) | 1670.46 
-RECORD 6----------------------
 ca_zip              | 30191   
 sum(cs_sales_price) | 544.76  
-RECORD 7----------------------
 ca_zip              | 30399   
 sum(cs_sales_price) | 638.05  
-RECORD 8----------------------
 ca_zip              | 30411   
 sum(cs_sales_price) | 771.09  
-RECORD 9----------------------
 ca_zip              | 30499   
 sum(cs_sales_price) | 1826.69 
-RECORD 10---------------------
 ca_zip              | 30587   
 sum(cs_sales_price) | 3142.51 
-RECORD 11---------------------
 ca_zip              | 30945   
 sum(cs_sales_price) | 159.37  
-RECORD 12---------------------
 ca_zip              | 30965   
 sum(cs_sales_price) | 331.74  
-RECORD 13---------------------
 ca_zip              | 31087   
 sum(cs_sales_price) | 1264.39 
-RECORD 14---------------------
 ca_zip              | 31218   
 sum(cs_sales_price) | 1221.13 
-RECORD 15---------------------
 ca_zip              | 31289   
 sum(cs_sales_price) | 366.49  
-RECORD 16---------------------
 ca_zip              | 31387   
 sum(cs_sales_price) | 1650.86 
-RECORD 17---------------------
 ca_zip              | 31521   
 sum(cs_sales_price) | 490.31  
-RECORD 18---------------------
 ca_zip              | 31675   
 sum(cs_sales_price) | 1909.58 
-RECORD 19---------------------
 ca_zip              | 31711   
 sum(cs_sales_price) | 458.28  
-RECORD 20---------------------
 ca_zip              | 31749   
 sum(cs_sales_price) | 1229.27 
-RECORD 21---------------------
 ca_zip              | 31757   
 sum(cs_sales_price) | 1207.80 
-RECORD 22---------------------
 ca_zip              | 31904   
 sum(cs_sales_price) | 1584.89 
-RECORD 23---------------------
 ca_zip              | 31933   
 sum(cs_sales_price) | 829.70  
-RECORD 24---------------------
 ca_zip              | 31952   
 sum(cs_sales_price) | 794.71  
-RECORD 25---------------------
 ca_zip              | 32293   
 sum(cs_sales_price) | 1025.43 
-RECORD 26---------------------
 ca_zip              | 32477   
 sum(cs_sales_price) | 95.37   
-RECORD 27---------------------
 ca_zip              | 32808   
 sum(cs_sales_price) | 1306.54 
-RECORD 28---------------------
 ca_zip              | 32812   
 sum(cs_sales_price) | 209.90  
-RECORD 29---------------------
 ca_zip              | 32898   
 sum(cs_sales_price) | 448.94  
-RECORD 30---------------------
 ca_zip              | 33003   
 sum(cs_sales_price) | 236.71  
-RECORD 31---------------------
 ca_zip              | 33199   
 sum(cs_sales_price) | 385.03  
-RECORD 32---------------------
 ca_zip              | 33372   
 sum(cs_sales_price) | 170.95  
-RECORD 33---------------------
 ca_zip              | 33394   
 sum(cs_sales_price) | 842.14  
-RECORD 34---------------------
 ca_zip              | 33445   
 sum(cs_sales_price) | 1084.78 
-RECORD 35---------------------
 ca_zip              | 33511   
 sum(cs_sales_price) | 447.67  
-RECORD 36---------------------
 ca_zip              | 33604   
 sum(cs_sales_price) | 616.64  
-RECORD 37---------------------
 ca_zip              | 33951   
 sum(cs_sales_price) | 2103.68 
-RECORD 38---------------------
 ca_zip              | 33957   
 sum(cs_sales_price) | 319.38  
-RECORD 39---------------------
 ca_zip              | 34098   
 sum(cs_sales_price) | 288.86  
-RECORD 40---------------------
 ca_zip              | 34107   
 sum(cs_sales_price) | 2903.74 
-RECORD 41---------------------
 ca_zip              | 34167   
 sum(cs_sales_price) | 717.59  
-RECORD 42---------------------
 ca_zip              | 34244   
 sum(cs_sales_price) | 694.54  
-RECORD 43---------------------
 ca_zip              | 34289   
 sum(cs_sales_price) | 185.70  
-RECORD 44---------------------
 ca_zip              | 34338   
 sum(cs_sales_price) | 411.46  
-RECORD 45---------------------
 ca_zip              | 34466   
 sum(cs_sales_price) | 1736.55 
-RECORD 46---------------------
 ca_zip              | 34536   
 sum(cs_sales_price) | 2259.62 
-RECORD 47---------------------
 ca_zip              | 34593   
 sum(cs_sales_price) | 346.48  
-RECORD 48---------------------
 ca_zip              | 34694   
 sum(cs_sales_price) | 592.38  
-RECORD 49---------------------
 ca_zip              | 34843   
 sum(cs_sales_price) | 461.27  
-RECORD 50---------------------
 ca_zip              | 34854   
 sum(cs_sales_price) | 448.63  
-RECORD 51---------------------
 ca_zip              | 35038   
 sum(cs_sales_price) | 1972.67 
-RECORD 52---------------------
 ca_zip              | 35124   
 sum(cs_sales_price) | 415.20  
-RECORD 53---------------------
 ca_zip              | 35281   
 sum(cs_sales_price) | 538.84  
-RECORD 54---------------------
 ca_zip              | 35709   
 sum(cs_sales_price) | 1008.27 
-RECORD 55---------------------
 ca_zip              | 35752   
 sum(cs_sales_price) | 1067.71 
-RECORD 56---------------------
 ca_zip              | 35804   
 sum(cs_sales_price) | 1004.19 
-RECORD 57---------------------
 ca_zip              | 35817   
 sum(cs_sales_price) | 418.39  
-RECORD 58---------------------
 ca_zip              | 36060   
 sum(cs_sales_price) | 659.72  
-RECORD 59---------------------
 ca_zip              | 36074   
 sum(cs_sales_price) | 509.22  
-RECORD 60---------------------
 ca_zip              | 36098   
 sum(cs_sales_price) | 2175.73 
-RECORD 61---------------------
 ca_zip              | 36192   
 sum(cs_sales_price) | 1679.14 
-RECORD 62---------------------
 ca_zip              | 36277   
 sum(cs_sales_price) | 554.20  
-RECORD 63---------------------
 ca_zip              | 36534   
 sum(cs_sales_price) | 982.64  
-RECORD 64---------------------
 ca_zip              | 36557   
 sum(cs_sales_price) | 437.46  
-RECORD 65---------------------
 ca_zip              | 36787   
 sum(cs_sales_price) | 2030.37 
-RECORD 66---------------------
 ca_zip              | 36788   
 sum(cs_sales_price) | 357.97  
-RECORD 67---------------------
 ca_zip              | 36867   
 sum(cs_sales_price) | 649.86  
-RECORD 68---------------------
 ca_zip              | 36871   
 sum(cs_sales_price) | 551.07  
-RECORD 69---------------------
 ca_zip              | 36971   
 sum(cs_sales_price) | 473.15  
-RECORD 70---------------------
 ca_zip              | 36997   
 sum(cs_sales_price) | 953.02  
-RECORD 71---------------------
 ca_zip              | 37057   
 sum(cs_sales_price) | 832.78  
-RECORD 72---------------------
 ca_zip              | 37411   
 sum(cs_sales_price) | 447.31  
-RECORD 73---------------------
 ca_zip              | 37683   
 sum(cs_sales_price) | 1675.77 
-RECORD 74---------------------
 ca_zip              | 37745   
 sum(cs_sales_price) | 689.08  
-RECORD 75---------------------
 ca_zip              | 37752   
 sum(cs_sales_price) | 871.12  
-RECORD 76---------------------
 ca_zip              | 37838   
 sum(cs_sales_price) | 1238.05 
-RECORD 77---------------------
 ca_zip              | 37940   
 sum(cs_sales_price) | 257.25  
-RECORD 78---------------------
 ca_zip              | 38014   
 sum(cs_sales_price) | 1047.08 
-RECORD 79---------------------
 ca_zip              | 38059   
 sum(cs_sales_price) | 374.46  
-RECORD 80---------------------
 ca_zip              | 38075   
 sum(cs_sales_price) | 1052.41 
-RECORD 81---------------------
 ca_zip              | 38095   
 sum(cs_sales_price) | 935.02  
-RECORD 82---------------------
 ca_zip              | 38354   
 sum(cs_sales_price) | 310.51  
-RECORD 83---------------------
 ca_zip              | 38370   
 sum(cs_sales_price) | 2677.66 
-RECORD 84---------------------
 ca_zip              | 38371   
 sum(cs_sales_price) | 1890.06 
-RECORD 85---------------------
 ca_zip              | 38482   
 sum(cs_sales_price) | 1035.92 
-RECORD 86---------------------
 ca_zip              | 38579   
 sum(cs_sales_price) | 1957.82 
-RECORD 87---------------------
 ca_zip              | 38605   
 sum(cs_sales_price) | 652.30  
-RECORD 88---------------------
 ca_zip              | 38721   
 sum(cs_sales_price) | 1593.98 
-RECORD 89---------------------
 ca_zip              | 38784   
 sum(cs_sales_price) | 739.06  
-RECORD 90---------------------
 ca_zip              | 38828   
 sum(cs_sales_price) | 832.91  
-RECORD 91---------------------
 ca_zip              | 38877   
 sum(cs_sales_price) | 669.68  
-RECORD 92---------------------
 ca_zip              | 38883   
 sum(cs_sales_price) | 1743.88 
-RECORD 93---------------------
 ca_zip              | 39003   
 sum(cs_sales_price) | 400.20  
-RECORD 94---------------------
 ca_zip              | 39101   
 sum(cs_sales_price) | 481.37  
-RECORD 95---------------------
 ca_zip              | 39145   
 sum(cs_sales_price) | 633.33  
-RECORD 96---------------------
 ca_zip              | 39231   
 sum(cs_sales_price) | 576.23  
-RECORD 97---------------------
 ca_zip              | 39237   
 sum(cs_sales_price) | 895.30  
-RECORD 98---------------------
 ca_zip              | 39275   
 sum(cs_sales_price) | 622.01  
-RECORD 99---------------------
 ca_zip              | 39303   
 sum(cs_sales_price) | 825.38
             