-- Automatically generated by TpcdsQueries
-RECORD 0----------------------
 i_item_id  | null             
 ca_country | null             
 ca_state   | null             
 ca_county  | null             
 agg1       | 50.804533        
 agg2       | 99.251888        
 agg3       | 256.393484       
 agg4       | 49.082603        
 agg5       | -338.277102      
 agg6       | 1957.826868      
 agg7       | 3.274912         
-RECORD 1----------------------
 i_item_id  | AAAAAAAAAACDAAAA 
 ca_country | null             
 ca_state   | null             
 ca_county  | null             
 agg1       | 8.000000         
 agg2       | 204.490000       
 agg3       | 0.000000         
 agg4       | 47.030000        
 agg5       | -299.760000      
 agg6       | 1948.000000      
 agg7       | 2.000000         
-RECORD 2----------------------
 i_item_id  | AAAAAAAAAADCAAAA 
 ca_country | null             
 ca_state   | null             
 ca_county  | null             
 agg1       | 46.000000        
 agg2       | 178.690000       
 agg3       | 0.000000         
 agg4       | 146.520000       
 agg5       | 2502.860000      
 agg6       | 1962.000000      
 agg7       | 0.000000         
-RECORD 3----------------------
 i_item_id  | AAAAAAAAAAGBAAAA 
 ca_country | null             
 ca_state   | null             
 ca_county  | null             
 agg1       | 86.000000        
 agg2       | 1.520000         
 agg3       | 40.290000        
 agg4       | 0.660000         
 agg5       | -97.910000       
 agg6       | 1945.000000      
 agg7       | 2.000000         
-RECORD 4----------------------
 i_item_id  | AAAAAAAAAAGCAAAA 
 ca_country | null             
 ca_state   | null             
 ca_county  | null             
 agg1       | 84.000000        
 agg2       | 41.920000        
 agg3       | 0.000000         
 agg4       | 8.380000         
 agg5       | -640.080000      
 agg6       | 1945.000000      
 agg7       | 2.000000         
-RECORD 5----------------------
 i_item_id  | AAAAAAAAAAGEAAAA 
 ca_country | null             
 ca_state   | null             
 ca_county  | null             
 agg1       | 99.000000        
 agg2       | 107.550000       
 agg3       | 0.000000         
 agg4       | 65.600000        
 agg5       | 738.540000       
 agg6       | 1973.000000      
 agg7       | 3.000000         
-RECORD 6----------------------
 i_item_id  | AAAAAAAAAAJBAAAA 
 ca_country | null             
 ca_state   | null             
 ca_county  | null             
 agg1       | 97.000000        
 agg2       | 48.580000        
 agg3       | 0.000000         
 agg4       | 44.690000        
 agg5       | 534.470000       
 agg6       | 1984.000000      
 agg7       | 1.000000         
-RECORD 7----------------------
 i_item_id  | AAAAAAAAAAKAAAAA 
 ca_country | null             
 ca_state   | null             
 ca_county  | null             
 agg1       | 36.000000        
 agg2       | 164.023333       
 agg3       | 0.000000         
 agg4       | 57.763333        
 agg5       | -1073.803333     
 agg6       | 1962.666667      
 agg7       | 2.333333         
-RECORD 8----------------------
 i_item_id  | AAAAAAAAAAOCAAAA 
 ca_country | null             
 ca_state   | null             
 ca_county  | null             
 agg1       | 82.000000        
 agg2       | 148.640000       
 agg3       | 0.000000         
 agg4       | 107.020000       
 agg5       | 4483.760000      
 agg6       | 1948.000000      
 agg7       | 6.000000         
-RECORD 9----------------------
 i_item_id  | AAAAAAAAAAODAAAA 
 ca_country | null             
 ca_state   | null             
 ca_county  | null             
 agg1       | 100.000000       
 agg2       | 80.700000        
 agg3       | 0.000000         
 agg4       | 64.560000        
 agg5       | 1505.000000      
 agg6       | 1981.000000      
 agg7       | 4.000000         
-RECORD 10---------------------
 i_item_id  | AAAAAAAAABADAAAA 
 ca_country | null             
 ca_state   | null             
 ca_county  | null             
 agg1       | 55.000000        
 agg2       | 134.120000       
 agg3       | 3189.310000      
 agg4       | 63.030000        
 agg5       | -2198.210000     
 agg6       | 1945.000000      
 agg7       | 2.000000         
-RECORD 11---------------------
 i_item_id  | AAAAAAAAABCEAAAA 
 ca_country | null             
 ca_state   | null             
 ca_county  | null             
 agg1       | 25.000000        
 agg2       | 150.360000       
 agg3       | 85.690000        
 agg4       | 9.020000         
 agg5       | -1702.940000     
 agg6       | 1948.000000      
 agg7       | 6.000000         
-RECORD 12---------------------
 i_item_id  | AAAAAAAAABDEAAAA 
 ca_country | null             
 ca_state   | null             
 ca_county  | null             
 agg1       | 24.000000        
 agg2       | 99.490000        
 agg3       | 0.000000         
 agg4       | 94.510000        
 agg5       | 562.560000       
 agg6       | 1958.000000      
 agg7       | 0.000000         
-RECORD 13---------------------
 i_item_id  | AAAAAAAAABFBAAAA 
 ca_country | null             
 ca_state   | null             
 ca_county  | null             
 agg1       | 2.000000         
 agg2       | 60.810000        
 agg3       | 0.000000         
 agg4       | 45.600000        
 agg5       | -26.880000       
 agg6       | 1931.000000      
 agg7       | 6.000000         
-RECORD 14---------------------
 i_item_id  | AAAAAAAAABFCAAAA 
 ca_country | null             
 ca_state   | null             
 ca_county  | null             
 agg1       | 65.000000        
 agg2       | 45.000000        
 agg3       | 0.000000         
 agg4       | 23.310000        
 agg5       | -1071.285000     
 agg6       | 1937.500000      
 agg7       | 3.000000         
-RECORD 15---------------------
 i_item_id  | AAAAAAAAABGBAAAA 
 ca_country | null             
 ca_state   | null             
 ca_county  | null             
 agg1       | 65.000000        
 agg2       | 20.450000        
 agg3       | 0.000000         
 agg4       | 0.810000         
 agg5       | -401.050000      
 agg6       | 1983.000000      
 agg7       | 2.000000         
-RECORD 16---------------------
 i_item_id  | AAAAAAAAABJBAAAA 
 ca_country | null             
 ca_state   | null             
 ca_county  | null             
 agg1       | 42.000000        
 agg2       | 69.930000        
 agg3       | 0.000000         
 agg4       | 49.650000        
 agg5       | 260.820000       
 agg6       | 1943.000000      
 agg7       | 2.000000         
-RECORD 17---------------------
 i_item_id  | AAAAAAAAABNCAAAA 
 ca_country | null             
 ca_state   | null             
 ca_county  | null             
 agg1       | 81.000000        
 agg2       | 140.170000       
 agg3       | 0.000000         
 agg4       | 86.900000        
 agg5       | 1733.400000      
 agg6       | 1953.000000      
 agg7       | 4.000000         
-RECORD 18---------------------
 i_item_id  | AAAAAAAAACCBAAAA 
 ca_country | null             
 ca_state   | null             
 ca_county  | null             
 agg1       | 50.000000        
 agg2       | 99.750000        
 agg3       | 0.000000         
 agg4       | 75.810000        
 agg5       | 1109.000000      
 agg6       | 1945.000000      
 agg7       | 1.000000         
-RECORD 19---------------------
 i_item_id  | AAAAAAAAACCDAAAA 
 ca_country | null             
 ca_state   | null             
 ca_county  | null             
 agg1       | 71.000000        
 agg2       | 92.520000        
 agg3       | 0.000000         
 agg4       | 25.900000        
 agg5       | -4026.410000     
 agg6       | 1928.000000      
 agg7       | 0.000000         
-RECORD 20---------------------
 i_item_id  | AAAAAAAAACDDAAAA 
 ca_country | null             
 ca_state   | null             
 ca_county  | null             
 agg1       | 29.000000        
 agg2       | 147.490000       
 agg3       | 0.000000         
 agg4       | 35.390000        
 agg5       | -741.240000      
 agg6       | 1933.000000      
 agg7       | 5.000000         
-RECORD 21---------------------
 i_item_id  | AAAAAAAAACIBAAAA 
 ca_country | null             
 ca_state   | null             
 ca_county  | null             
 agg1       | 4.000000         
 agg2       | 38.470000        
 agg3       | 0.000000         
 agg4       | 35.770000        
 agg5       | 41.160000        
 agg6       | 1952.000000      
 agg7       | 2.000000         
-RECORD 22---------------------
 i_item_id  | AAAAAAAAACPDAAAA 
 ca_country | null             
 ca_state   | null             
 ca_county  | null             
 agg1       | 91.000000        
 agg2       | 86.510000        
 agg3       | 0.000000         
 agg4       | 20.760000        
 agg5       | -1989.260000     
 agg6       | 1981.000000      
 agg7       | 3.000000         
-RECORD 23---------------------
 i_item_id  | AAAAAAAAADACAAAA 
 ca_country | null             
 ca_state   | null             
 ca_county  | null             
 agg1       | 53.000000        
 agg2       | 227.940000       
 agg3       | 0.000000         
 agg4       | 113.970000       
 agg5       | 1089.150000      
 agg6       | 1954.000000      
 agg7       | 6.000000         
-RECORD 24---------------------
 i_item_id  | AAAAAAAAADBDAAAA 
 ca_country | null             
 ca_state   | null             
 ca_county  | null             
 agg1       | 70.000000        
 agg2       | 35.050000        
 agg3       | 0.000000         
 agg4       | 29.440000        
 agg5       | 970.200000       
 agg6       | 1990.000000      
 agg7       | 2.000000         
-RECORD 25---------------------
 i_item_id  | AAAAAAAAADEEAAAA 
 ca_country | null             
 ca_state   | null             
 ca_county  | null             
 agg1       | 66.000000        
 agg2       | 85.760000        
 agg3       | 2913.510000      
 agg4       | 44.590000        
 agg5       | -3553.050000     
 agg6       | 1926.000000      
 agg7       | 3.000000         
-RECORD 26---------------------
 i_item_id  | AAAAAAAAADJBAAAA 
 ca_country | null             
 ca_state   | null             
 ca_county  | null             
 agg1       | 28.000000        
 agg2       | 90.830000        
 agg3       | 0.000000         
 agg4       | 15.155000        
 agg5       | -466.175000      
 agg6       | 1986.000000      
 agg7       | 1.000000         
-RECORD 27---------------------
 i_item_id  | AAAAAAAAADPBAAAA 
 ca_country | null             
 ca_state   | null             
 ca_county  | null             
 agg1       | 55.000000        
 agg2       | 47.460000        
 agg3       | 0.000000         
 agg4       | 18.500000        
 agg5       | 43.450000        
 agg6       | 1989.000000      
 agg7       | 2.000000         
-RECORD 28---------------------
 i_item_id  | AAAAAAAAAEABAAAA 
 ca_country | null             
 ca_state   | null             
 ca_county  | null             
 agg1       | 62.000000        
 agg2       | 89.450000        
 agg3       | 0.000000         
 agg4       | 61.720000        
 agg5       | 225.060000       
 agg6       | 1958.000000      
 agg7       | 0.000000         
-RECORD 29---------------------
 i_item_id  | AAAAAAAAAEBAAAAA 
 ca_country | null             
 ca_state   | null             
 ca_county  | null             
 agg1       | 93.000000        
 agg2       | 175.980000       
 agg3       | 0.000000         
 agg4       | 156.620000       
 agg5       | 6503.490000      
 agg6       | 1952.000000      
 agg7       | 6.000000         
-RECORD 30---------------------
 i_item_id  | AAAAAAAAAECCAAAA 
 ca_country | null             
 ca_state   | null             
 ca_county  | null             
 agg1       | 97.000000        
 agg2       | 179.380000       
 agg3       | 0.000000         
 agg4       | 127.350000       
 agg5       | 4183.610000      
 agg6       | 1952.000000      
 agg7       | 1.000000         
-RECORD 31---------------------
 i_item_id  | AAAAAAAAAEDDAAAA 
 ca_country | null             
 ca_state   | null             
 ca_county  | null             
 agg1       | 81.000000        
 agg2       | 104.250000       
 agg3       | 0.000000         
 agg4       | 53.160000        
 agg5       | -92.340000       
 agg6       | 1982.000000      
 agg7       | 0.000000         
-RECORD 32---------------------
 i_item_id  | AAAAAAAAAEGDAAAA 
 ca_country | null             
 ca_state   | null             
 ca_county  | null             
 agg1       | 6.000000         
 agg2       | 170.770000       
 agg3       | 61.470000        
 agg4       | 102.460000       
 agg5       | 103.890000       
 agg6       | 1985.000000      
 agg7       | 0.000000         
-RECORD 33---------------------
 i_item_id  | AAAAAAAAAEGEAAAA 
 ca_country | null             
 ca_state   | null             
 ca_county  | null             
 agg1       | 97.000000        
 agg2       | 34.300000        
 agg3       | 0.000000         
 agg4       | 24.350000        
 agg5       | 392.850000       
 agg6       | 1976.000000      
 agg7       | 6.000000         
-RECORD 34---------------------
 i_item_id  | AAAAAAAAAEJDAAAA 
 ca_country | null             
 ca_state   | null             
 ca_county  | null             
 agg1       | 74.000000        
 agg2       | 168.330000       
 agg3       | 0.000000         
 agg4       | 143.080000       
 agg5       | 3926.440000      
 agg6       | 1930.000000      
 agg7       | 1.000000         
-RECORD 35---------------------
 i_item_id  | AAAAAAAAAENAAAAA 
 ca_country | null             
 ca_state   | null             
 ca_county  | null             
 agg1       | 15.000000        
 agg2       | 73.420000        
 agg3       | 0.000000         
 agg4       | 23.490000        
 agg5       | -108.450000      
 agg6       | 1963.000000      
 agg7       | 2.000000         
-RECORD 36---------------------
 i_item_id  | AAAAAAAAAEPAAAAA 
 ca_country | null             
 ca_state   | null             
 ca_county  | null             
 agg1       | 34.000000        
 agg2       | 4.380000         
 agg3       | 0.000000         
 agg4       | 3.460000         
 agg5       | 67.320000        
 agg6       | 1952.000000      
 agg7       | 1.000000         
-RECORD 37---------------------
 i_item_id  | AAAAAAAAAEPDAAAA 
 ca_country | null             
 ca_state   | null             
 ca_county  | null             
 agg1       | 54.000000        
 agg2       | 99.220000        
 agg3       | 1013.550000      
 agg4       | 43.650000        
 agg5       | -3909.570000     
 agg6       | 1958.000000      
 agg7       | 0.000000         
-RECORD 38---------------------
 i_item_id  | AAAAAAAAAFGAAAAA 
 ca_country | null             
 ca_state   | null             
 ca_county  | null             
 agg1       | 74.000000        
 agg2       | 90.960000        
 agg3       | 0.000000         
 agg4       | 0.900000         
 agg5       | -4919.520000     
 agg6       | 1964.000000      
 agg7       | 6.000000         
-RECORD 39---------------------
 i_item_id  | AAAAAAAAAFGCAAAA 
 ca_country | null             
 ca_state   | null             
 ca_county  | null             
 agg1       | 79.000000        
 agg2       | 51.830000        
 agg3       | 0.000000         
 agg4       | 36.280000        
 agg5       | 787.630000       
 agg6       | 1975.000000      
 agg7       | 5.000000         
-RECORD 40---------------------
 i_item_id  | AAAAAAAAAFGDAAAA 
 ca_country | null             
 ca_state   | null             
 ca_county  | null             
 agg1       | 80.000000        
 agg2       | 38.080000        
 agg3       | 0.000000         
 agg4       | 0.000000         
 agg5       | -1116.000000     
 agg6       | 1926.000000      
 agg7       | 0.000000         
-RECORD 41---------------------
 i_item_id  | AAAAAAAAAFHBAAAA 
 ca_country | null             
 ca_state   | null             
 ca_county  | null             
 agg1       | 57.000000        
 agg2       | 55.990000        
 agg3       | 0.000000         
 agg4       | 31.910000        
 agg5       | 320.340000       
 agg6       | 1970.000000      
 agg7       | 6.000000         
-RECORD 42---------------------
 i_item_id  | AAAAAAAAAFLBAAAA 
 ca_country | null             
 ca_state   | null             
 ca_county  | null             
 agg1       | 92.000000        
 agg2       | 44.330000        
 agg3       | 0.000000         
 agg4       | 41.220000        
 agg5       | 836.280000       
 agg6       | 1943.000000      
 agg7       | 3.000000         
-RECORD 43---------------------
 i_item_id  | AAAAAAAAAGBEAAAA 
 ca_country | null             
 ca_state   | null             
 ca_county  | null             
 agg1       | 6.000000         
 agg2       | 260.570000       
 agg3       | 0.000000         
 agg4       | 93.800000        
 agg5       | 14.220000        
 agg6       | 1970.000000      
 agg7       | 2.000000         
-RECORD 44---------------------
 i_item_id  | AAAAAAAAAGCAAAAA 
 ca_country | null             
 ca_state   | null             
 ca_county  | null             
 agg1       | 54.000000        
 agg2       | 231.920000       
 agg3       | 0.000000         
 agg4       | 48.700000        
 agg5       | -2187.000000     
 agg6       | 1969.000000      
 agg7       | 5.000000         
-RECORD 45---------------------
 i_item_id  | AAAAAAAAAGCCAAAA 
 ca_country | null             
 ca_state   | null             
 ca_county  | null             
 agg1       | 80.000000        
 agg2       | 183.680000       
 agg3       | 0.000000         
 agg4       | 99.180000        
 agg5       | 475.200000       
 agg6       | 1946.000000      
 agg7       | 0.000000         
-RECORD 46---------------------
 i_item_id  | AAAAAAAAAGCDAAAA 
 ca_country | null             
 ca_state   | null             
 ca_county  | null             
 agg1       | 69.000000        
 agg2       | 143.220000       
 agg3       | 2478.280000      
 agg4       | 54.420000        
 agg5       | -4676.620000     
 agg6       | 1970.000000      
 agg7       | 6.000000         
-RECORD 47---------------------
 i_item_id  | AAAAAAAAAGEDAAAA 
 ca_country | null             
 ca_state   | null             
 ca_county  | null             
 agg1       | 93.000000        
 agg2       | 60.830000        
 agg3       | 0.000000         
 agg4       | 52.310000        
 agg5       | 2769.540000      
 agg6       | 1942.000000      
 agg7       | 6.000000         
-RECORD 48---------------------
 i_item_id  | AAAAAAAAAGIDAAAA 
 ca_country | null             
 ca_state   | null             
 ca_county  | null             
 agg1       | 28.000000        
 agg2       | 75.550000        
 agg3       | 0.000000         
 agg4       | 9.060000         
 agg5       | -1013.040000     
 agg6       | 1942.000000      
 agg7       | 6.000000         
-RECORD 49---------------------
 i_item_id  | AAAAAAAAAGJBAAAA 
 ca_country | null             
 ca_state   | null             
 ca_county  | null             
 agg1       | 36.000000        
 agg2       | 7.170000         
 agg3       | 0.000000         
 agg4       | 5.230000         
 agg5       | 65.880000        
 agg6       | 1984.000000      
 agg7       | 6.000000         
-RECORD 50---------------------
 i_item_id  | AAAAAAAAAGKAAAAA 
 ca_country | null             
 ca_state   | null             
 ca_county  | null             
 agg1       | 33.000000        
 agg2       | 95.840000        
 agg3       | 0.000000         
 agg4       | 4.790000         
 agg5       | -1480.710000     
 agg6       | 1948.000000      
 agg7       | 6.000000         
-RECORD 51---------------------
 i_item_id  | AAAAAAAAAGLAAAAA 
 ca_country | null             
 ca_state   | null             
 ca_county  | null             
 agg1       | 85.000000        
 agg2       | 143.410000       
 agg3       | 570.460000       
 agg4       | 74.570000        
 agg5       | 276.990000       
 agg6       | 1948.000000      
 agg7       | 6.000000         
-RECORD 52---------------------
 i_item_id  | AAAAAAAAAGLCAAAA 
 ca_country | null             
 ca_state   | null             
 ca_county  | null             
 agg1       | 65.000000        
 agg2       | 13.730000        
 agg3       | 0.000000         
 agg4       | 3.980000         
 agg5       | -176.800000      
 agg6       | 1976.000000      
 agg7       | 6.000000         
-RECORD 53---------------------
 i_item_id  | AAAAAAAAAHADAAAA 
 ca_country | null             
 ca_state   | null             
 ca_county  | null             
 agg1       | 52.000000        
 agg2       | 33.050000        
 agg3       | 0.000000         
 agg4       | 10.900000        
 agg5       | -1054.560000     
 agg6       | 1936.000000      
 agg7       | 1.000000         
-RECORD 54---------------------
 i_item_id  | AAAAAAAAAHBCAAAA 
 ca_country | null             
 ca_state   | null             
 ca_county  | null             
 agg1       | 20.000000        
 agg2       | 187.740000       
 agg3       | 0.000000         
 agg4       | 31.910000        
 agg5       | -994.400000      
 agg6       | 1947.000000      
 agg7       | 5.000000         
-RECORD 55---------------------
 i_item_id  | AAAAAAAAAHBDAAAA 
 ca_country | null             
 ca_state   | null             
 ca_county  | null             
 agg1       | 61.000000        
 agg2       | 83.490000        
 agg3       | 0.000000         
 agg4       | 59.270000        
 agg5       | 1201.700000      
 agg6       | 1945.000000      
 agg7       | 2.000000         
-RECORD 56---------------------
 i_item_id  | AAAAAAAAAHCBAAAA 
 ca_country | null             
 ca_state   | null             
 ca_county  | null             
 agg1       | 2.000000         
 agg2       | 136.960000       
 agg3       | 0.000000         
 agg4       | 0.000000         
 agg5       | -95.780000       
 agg6       | 1970.000000      
 agg7       | 5.000000         
-RECORD 57---------------------
 i_item_id  | AAAAAAAAAHDEAAAA 
 ca_country | null             
 ca_state   | null             
 ca_county  | null             
 agg1       | 15.000000        
 agg2       | 31.950000        
 agg3       | 232.130000       
 agg4       | 16.290000        
 agg5       | -164.630000      
 agg6       | 1934.000000      
 agg7       | 2.000000         
-RECORD 58---------------------
 i_item_id  | AAAAAAAAAHGAAAAA 
 ca_country | null             
 ca_state   | null             
 ca_county  | null             
 agg1       | 99.000000        
 agg2       | 100.770000       
 agg3       | 12.870000        
 agg4       | 1.000000         
 agg5       | -9600.030000     
 agg6       | 1932.000000      
 agg7       | 4.000000         
-RECORD 59---------------------
 i_item_id  | AAAAAAAAAHHAAAAA 
 ca_country | null             
 ca_state   | null             
 ca_county  | null             
 agg1       | 18.000000        
 agg2       | 109.980000       
 agg3       | 0.000000         
 agg4       | 24.190000        
 agg5       | -634.680000      
 agg6       | 1933.000000      
 agg7       | 2.000000         
-RECORD 60---------------------
 i_item_id  | AAAAAAAAAHIBAAAA 
 ca_country | null             
 ca_state   | null             
 ca_county  | null             
 agg1       | 86.000000        
 agg2       | 20.920000        
 agg3       | 0.000000         
 agg4       | 5.230000         
 agg5       | -1332.140000     
 agg6       | 1990.000000      
 agg7       | 1.000000         
-RECORD 61---------------------
 i_item_id  | AAAAAAAAAHJDAAAA 
 ca_country | null             
 ca_state   | null             
 ca_county  | null             
 agg1       | 53.000000        
 agg2       | 88.370000        
 agg3       | 0.000000         
 agg4       | 37.990000        
 agg5       | -1308.570000     
 agg6       | 1948.000000      
 agg7       | 2.000000         
-RECORD 62---------------------
 i_item_id  | AAAAAAAAAHMDAAAA 
 ca_country | null             
 ca_state   | null             
 ca_county  | null             
 agg1       | 68.000000        
 agg2       | 200.900000       
 agg3       | 546.440000       
 agg4       | 20.090000        
 agg5       | -4993.640000     
 agg6       | null             
 agg7       | 6.000000         
-RECORD 63---------------------
 i_item_id  | AAAAAAAAAHPDAAAA 
 ca_country | null             
 ca_state   | null             
 ca_county  | null             
 agg1       | 6.000000         
 agg2       | 73.210000        
 agg3       | 60.840000        
 agg4       | 13.170000        
 agg5       | -276.660000      
 agg6       | 1936.000000      
 agg7       | 6.000000         
-RECORD 64---------------------
 i_item_id  | AAAAAAAAAIACAAAA 
 ca_country | null             
 ca_state   | null             
 ca_county  | null             
 agg1       | 1.000000         
 agg2       | 17.830000        
 agg3       | 0.000000         
 agg4       | 10.160000        
 agg5       | 1.940000         
 agg6       | 1935.000000      
 agg7       | 1.000000         
-RECORD 65---------------------
 i_item_id  | AAAAAAAAAIADAAAA 
 ca_country | null             
 ca_state   | null             
 ca_county  | null             
 agg1       | 100.000000       
 agg2       | 22.020000        
 agg3       | 0.000000         
 agg4       | 15.630000        
 agg5       | -131.000000      
 agg6       | 1982.000000      
 agg7       | 0.000000         
-RECORD 66---------------------
 i_item_id  | AAAAAAAAAIEBAAAA 
 ca_country | null             
 ca_state   | null             
 ca_county  | null             
 agg1       | 4.000000         
 agg2       | 51.860000        
 agg3       | 0.000000         
 agg4       | 42.520000        
 agg5       | -8.760000        
 agg6       | 1967.000000      
 agg7       | 4.000000         
-RECORD 67---------------------
 i_item_id  | AAAAAAAAAIEEAAAA 
 ca_country | null             
 ca_state   | null             
 ca_county  | null             
 agg1       | 64.000000        
 agg2       | 18.810000        
 agg3       | 0.000000         
 agg4       | 15.610000        
 agg5       | 468.480000       
 agg6       | 1930.000000      
 agg7       | 1.000000         
-RECORD 68---------------------
 i_item_id  | AAAAAAAAAINBAAAA 
 ca_country | null             
 ca_state   | null             
 ca_county  | null             
 agg1       | 6.000000         
 agg2       | 102.610000       
 agg3       | 2.950000         
 agg4       | 24.620000        
 agg5       | -110.710000      
 agg6       | 1930.000000      
 agg7       | 2.000000         
-RECORD 69---------------------
 i_item_id  | AAAAAAAAAIODAAAA 
 ca_country | null             
 ca_state   | null             
 ca_county  | null             
 agg1       | 81.000000        
 agg2       | 42.490000        
 agg3       | 0.000000         
 agg4       | 12.740000        
 agg5       | -339.390000      
 agg6       | 1990.000000      
 agg7       | 1.000000         
-RECORD 70---------------------
 i_item_id  | AAAAAAAAAJBEAAAA 
 ca_country | null             
 ca_state   | null             
 ca_county  | null             
 agg1       | 95.000000        
 agg2       | 118.220000       
 agg3       | 0.000000         
 agg4       | 15.360000        
 agg5       | -3863.650000     
 agg6       | 1962.000000      
 agg7       | 0.000000         
-RECORD 71---------------------
 i_item_id  | AAAAAAAAAJDCAAAA 
 ca_country | null             
 ca_state   | null             
 ca_county  | null             
 agg1       | 85.000000        
 agg2       | 190.480000       
 agg3       | 0.000000         
 agg4       | 125.710000       
 agg5       | 4732.800000      
 agg6       | 1989.000000      
 agg7       | 2.000000         
-RECORD 72---------------------
 i_item_id  | AAAAAAAAAJEAAAAA 
 ca_country | null             
 ca_state   | null             
 ca_county  | null             
 agg1       | 36.000000        
 agg2       | 183.430000       
 agg3       | 0.000000         
 agg4       | 0.000000         
 agg5       | -3318.480000     
 agg6       | 1942.000000      
 agg7       | 6.000000         
-RECORD 73---------------------
 i_item_id  | AAAAAAAAAJGCAAAA 
 ca_country | null             
 ca_state   | null             
 ca_county  | null             
 agg1       | 43.500000        
 agg2       | 39.415000        
 agg3       | 619.885000       
 agg4       | 28.940000        
 agg5       | -340.325000      
 agg6       | 1960.000000      
 agg7       | 5.000000         
-RECORD 74---------------------
 i_item_id  | AAAAAAAAAJIAAAAA 
 ca_country | null             
 ca_state   | null             
 ca_county  | null             
 agg1       | 69.000000        
 agg2       | 118.330000       
 agg3       | 0.000000         
 agg4       | 61.530000        
 agg5       | 1117.110000      
 agg6       | 1970.000000      
 agg7       | 2.000000         
-RECORD 75---------------------
 i_item_id  | AAAAAAAAAJICAAAA 
 ca_country | null             
 ca_state   | null             
 ca_county  | null             
 agg1       | 39.333333        
 agg2       | 102.063333       
 agg3       | 0.000000         
 agg4       | 24.780000        
 agg5       | -848.446667      
 agg6       | 1962.666667      
 agg7       | 2.333333         
-RECORD 76---------------------
 i_item_id  | AAAAAAAAAJIDAAAA 
 ca_country | null             
 ca_state   | null             
 ca_county  | null             
 agg1       | 75.000000        
 agg2       | 222.870000       
 agg3       | 6498.720000      
 agg4       | 180.520000       
 agg5       | -42.720000       
 agg6       | 1935.000000      
 agg7       | 5.000000         
-RECORD 77---------------------
 i_item_id  | AAAAAAAAAJJBAAAA 
 ca_country | null             
 ca_state   | null             
 ca_county  | null             
 agg1       | 42.000000        
 agg2       | 103.240000       
 agg3       | 0.000000         
 agg4       | 43.360000        
 agg5       | -149.940000      
 agg6       | 1932.000000      
 agg7       | 4.000000         
-RECORD 78---------------------
 i_item_id  | AAAAAAAAAJNAAAAA 
 ca_country | null             
 ca_state   | null             
 ca_county  | null             
 agg1       | 93.000000        
 agg2       | 14.470000        
 agg3       | 0.000000         
 agg4       | 13.740000        
 agg5       | 136.710000       
 agg6       | 1954.000000      
 agg7       | 0.000000         
-RECORD 79---------------------
 i_item_id  | AAAAAAAAAJOCAAAA 
 ca_country | null             
 ca_state   | null             
 ca_county  | null             
 agg1       | 24.000000        
 agg2       | 88.660000        
 agg3       | 0.000000         
 agg4       | 2.650000         
 agg5       | -1000.320000     
 agg6       | 1927.000000      
 agg7       | 2.000000         
-RECORD 80---------------------
 i_item_id  | AAAAAAAAAJPBAAAA 
 ca_country | null             
 ca_state   | null             
 ca_county  | null             
 agg1       | 16.000000        
 agg2       | 159.510000       
 agg3       | 0.000000         
 agg4       | 121.220000       
 agg5       | 1085.920000      
 agg6       | 1983.000000      
 agg7       | 4.000000         
-RECORD 81---------------------
 i_item_id  | AAAAAAAAAKAEAAAA 
 ca_country | null             
 ca_state   | null             
 ca_county  | null             
 agg1       | 5.000000         
 agg2       | 178.480000       
 agg3       | 0.000000         
 agg4       | 57.110000        
 agg5       | -160.650000      
 agg6       | 1990.000000      
 agg7       | 2.000000         
-RECORD 82---------------------
 i_item_id  | AAAAAAAAAKFCAAAA 
 ca_country | null             
 ca_state   | null             
 ca_county  | null             
 agg1       | 84.000000        
 agg2       | 284.260000       
 agg3       | 0.000000         
 agg4       | 247.300000       
 agg5       | 12760.440000     
 agg6       | 1984.000000      
 agg7       | 1.000000         
-RECORD 83---------------------
 i_item_id  | AAAAAAAAAKGDAAAA 
 ca_country | null             
 ca_state   | null             
 ca_county  | null             
 agg1       | 26.000000        
 agg2       | 132.060000       
 agg3       | 0.000000         
 agg4       | 64.700000        
 agg5       | -291.200000      
 agg6       | 1930.000000      
 agg7       | 2.000000         
-RECORD 84---------------------
 i_item_id  | AAAAAAAAAKHCAAAA 
 ca_country | null             
 ca_state   | null             
 ca_county  | null             
 agg1       | 99.000000        
 agg2       | 97.000000        
 agg3       | 0.000000         
 agg4       | 19.400000        
 agg5       | -3327.390000     
 agg6       | 1935.000000      
 agg7       | 1.000000         
-RECORD 85---------------------
 i_item_id  | AAAAAAAAALBEAAAA 
 ca_country | null             
 ca_state   | null             
 ca_county  | null             
 agg1       | 61.000000        
 agg2       | 7.760000         
 agg3       | 0.000000         
 agg4       | 2.630000         
 agg5       | -125.050000      
 agg6       | 1981.000000      
 agg7       | 0.000000         
-RECORD 86---------------------
 i_item_id  | AAAAAAAAALFBAAAA 
 ca_country | null             
 ca_state   | null             
 ca_county  | null             
 agg1       | 58.000000        
 agg2       | 92.090000        
 agg3       | 0.000000         
 agg4       | 35.910000        
 agg5       | -97.440000       
 agg6       | 1970.000000      
 agg7       | 3.000000         
-RECORD 87---------------------
 i_item_id  | AAAAAAAAALGCAAAA 
 ca_country | null             
 ca_state   | null             
 ca_county  | null             
 agg1       | 77.000000        
 agg2       | 36.240000        
 agg3       | 0.000000         
 agg4       | 18.840000        
 agg5       | -66.220000       
 agg6       | 1983.000000      
 agg7       | 4.000000         
-RECORD 88---------------------
 i_item_id  | AAAAAAAAALLBAAAA 
 ca_country | null             
 ca_state   | null             
 ca_county  | null             
 agg1       | 82.000000        
 agg2       | 53.000000        
 agg3       | 0.000000         
 agg4       | 8.480000         
 agg5       | -840.500000      
 agg6       | 1981.000000      
 agg7       | 4.000000         
-RECORD 89---------------------
 i_item_id  | AAAAAAAAALMDAAAA 
 ca_country | null             
 ca_state   | null             
 ca_county  | null             
 agg1       | 86.000000        
 agg2       | 32.020000        
 agg3       | 802.660000       
 agg4       | 17.610000        
 agg5       | -1020.240000     
 agg6       | 1963.000000      
 agg7       | 6.000000         
-RECORD 90---------------------
 i_item_id  | AAAAAAAAALOAAAAA 
 ca_country | null             
 ca_state   | null             
 ca_county  | null             
 agg1       | 78.000000        
 agg2       | 91.520000        
 agg3       | 0.000000         
 agg4       | 73.210000        
 agg5       | 44.460000        
 agg6       | 1964.000000      
 agg7       | 6.000000         
-RECORD 91---------------------
 i_item_id  | AAAAAAAAAMBAAAAA 
 ca_country | null             
 ca_state   | null             
 ca_county  | null             
 agg1       | 79.000000        
 agg2       | 93.970000        
 agg3       | 0.000000         
 agg4       | 93.970000        
 agg5       | 4924.070000      
 agg6       | 1948.000000      
 agg7       | 2.000000         
-RECORD 92---------------------
 i_item_id  | AAAAAAAAAMDBAAAA 
 ca_country | null             
 ca_state   | null             
 ca_county  | null             
 agg1       | 15.000000        
 agg2       | 79.140000        
 agg3       | 0.000000         
 agg4       | 18.990000        
 agg5       | -421.800000      
 agg6       | 1969.000000      
 agg7       | 2.000000         
-RECORD 93---------------------
 i_item_id  | AAAAAAAAAMEAAAAA 
 ca_country | null             
 ca_state   | null             
 ca_county  | null             
 agg1       | 10.000000        
 agg2       | 164.570000       
 agg3       | 0.000000         
 agg4       | 80.630000        
 agg5       | -123.500000      
 agg6       | 1934.000000      
 agg7       | 5.000000         
-RECORD 94---------------------
 i_item_id  | AAAAAAAAAMFDAAAA 
 ca_country | null             
 ca_state   | null             
 ca_county  | null             
 agg1       | 2.000000         
 agg2       | 41.000000        
 agg3       | 0.000000         
 agg4       | 17.220000        
 agg5       | -4.800000        
 agg6       | 1948.000000      
 agg7       | 6.000000         
-RECORD 95---------------------
 i_item_id  | AAAAAAAAAMGBAAAA 
 ca_country | null             
 ca_state   | null             
 ca_county  | null             
 agg1       | 66.000000        
 agg2       | 12.410000        
 agg3       | 0.000000         
 agg4       | 3.590000         
 agg5       | -140.580000      
 agg6       | 1990.000000      
 agg7       | 0.000000         
-RECORD 96---------------------
 i_item_id  | AAAAAAAAAMLDAAAA 
 ca_country | null             
 ca_state   | null             
 ca_county  | null             
 agg1       | 70.000000        
 agg2       | 147.430000       
 agg3       | 297.020000       
 agg4       | 8.840000         
 agg5       | -3444.920000     
 agg6       | 1943.000000      
 agg7       | 4.000000         
-RECORD 97---------------------
 i_item_id  | AAAAAAAAAMNAAAAA 
 ca_country | null             
 ca_state   | null             
 ca_county  | null             
 agg1       | 41.000000        
 agg2       | 53.225000        
 agg3       | 0.000000         
 agg4       | 37.950000        
 agg5       | 121.915000       
 agg6       | 1960.000000      
 agg7       | 5.000000         
-RECORD 98---------------------
 i_item_id  | AAAAAAAAANABAAAA 
 ca_country | null             
 ca_state   | null             
 ca_county  | null             
 agg1       | 94.000000        
 agg2       | 8.250000         
 agg3       | 30.830000        
 agg4       | 0.410000         
 agg5       | -293.090000      
 agg6       | 1986.000000      
 agg7       | 6.000000         
-RECORD 99---------------------
 i_item_id  | AAAAAAAAANAEAAAA 
 ca_country | null             
 ca_state   | null             
 ca_county  | null             
 agg1       | 5.000000         
 agg2       | 47.390000        
 agg3       | 0.000000         
 agg4       | 9.470000         
 agg5       | -151.800000      
 agg6       | 1931.000000      
 agg7       | 2.000000
             