-- Automatically generated by TpcdsQueries
-RECORD 0------------------------------
 brand_id      | 10012006              
 brand         | importoamalgamalg #6  
 i_manufact_id | 221                   
 i_manufact    | oughtableable         
 ext_price     | 56586.14              
-RECORD 1------------------------------
 brand_id      | 6015008               
 brand         | scholarbrand #8       
 i_manufact_id | 66                    
 i_manufact    | callycally            
 ext_price     | 46201.70              
-RECORD 2------------------------------
 brand_id      | 4001001               
 brand         | amalgedu pack #1      
 i_manufact_id | 950                   
 i_manufact    | barantin st           
 ext_price     | 43315.50              
-RECORD 3------------------------------
 brand_id      | 3002002               
 brand         | importoexporti #2     
 i_manufact_id | 752                   
 i_manufact    | ableantiation         
 ext_price     | 42749.12              
-RECORD 4------------------------------
 brand_id      | 2003001               
 brand         | exportiimporto #1     
 i_manufact_id | 586                   
 i_manufact    | callyeinganti         
 ext_price     | 41753.03              
-RECORD 5------------------------------
 brand_id      | 6009007               
 brand         | maxicorp #7           
 i_manufact_id | 120                   
 i_manufact    | barableought          
 ext_price     | 41183.43              
-RECORD 6------------------------------
 brand_id      | 8010005               
 brand         | univmaxi #5           
 i_manufact_id | 520                   
 i_manufact    | barableanti           
 ext_price     | 40133.14              
-RECORD 7------------------------------
 brand_id      | 7005005               
 brand         | scholarbrand #5       
 i_manufact_id | 187                   
 i_manufact    | ationeingought        
 ext_price     | 37940.95              
-RECORD 8------------------------------
 brand_id      | 10004015              
 brand         | edu packunivamalg #15 
 i_manufact_id | 439                   
 i_manufact    | n stpriese            
 ext_price     | 36037.04              
-RECORD 9------------------------------
 brand_id      | 9015005               
 brand         | scholarunivamalg #5   
 i_manufact_id | 297                   
 i_manufact    | ationn stable         
 ext_price     | 34881.18              
-RECORD 10-----------------------------
 brand_id      | 5003001               
 brand         | exportischolar #1     
 i_manufact_id | 227                   
 i_manufact    | ationableable         
 ext_price     | 34528.86              
-RECORD 11-----------------------------
 brand_id      | 2002001               
 brand         | importoimporto #1     
 i_manufact_id | 536                   
 i_manufact    | callyprianti          
 ext_price     | 34412.64              
-RECORD 12-----------------------------
 brand_id      | 7007003               
 brand         | brandbrand #3         
 i_manufact_id | 759                   
 i_manufact    | n stantiation         
 ext_price     | 33533.84              
-RECORD 13-----------------------------
 brand_id      | 7016003               
 brand         | corpnameless #3       
 i_manufact_id | 271                   
 i_manufact    | oughtationable        
 ext_price     | 32722.68              
-RECORD 14-----------------------------
 brand_id      | 10003006              
 brand         | exportiunivamalg #6   
 i_manufact_id | 105                   
 i_manufact    | antibarought          
 ext_price     | 31509.32              
-RECORD 15-----------------------------
 brand_id      | 3003001               
 brand         | exportiexporti #1     
 i_manufact_id | 178                   
 i_manufact    | eingationought        
 ext_price     | 30944.05              
-RECORD 16-----------------------------
 brand_id      | 2003001               
 brand         | exportiimporto #1     
 i_manufact_id | 269                   
 i_manufact    | n stcallyable         
 ext_price     | 30743.96              
-RECORD 17-----------------------------
 brand_id      | 7012007               
 brand         | importonameless #7    
 i_manufact_id | 578                   
 i_manufact    | eingationanti         
 ext_price     | 30629.71              
-RECORD 18-----------------------------
 brand_id      | 9010011               
 brand         | univunivamalg #11     
 i_manufact_id | 27                    
 i_manufact    | ationable             
 ext_price     | 30165.17              
-RECORD 19-----------------------------
 brand_id      | 1001001               
 brand         | amalgamalg #1         
 i_manufact_id | 390                   
 i_manufact    | barn stpri            
 ext_price     | 29510.42              
-RECORD 20-----------------------------
 brand_id      | 1004002               
 brand         | edu packamalg #2      
 i_manufact_id | 86                    
 i_manufact    | callyeing             
 ext_price     | 28798.78              
-RECORD 21-----------------------------
 brand_id      | 8016010               
 brand         | corpmaxi #10          
 i_manufact_id | 745                   
 i_manufact    | antieseation          
 ext_price     | 28399.44              
-RECORD 22-----------------------------
 brand_id      | 3003002               
 brand         | exportiexporti #2     
 i_manufact_id | 52                    
 i_manufact    | ableanti              
 ext_price     | 28330.70              
-RECORD 23-----------------------------
 brand_id      | 7002007               
 brand         | importobrand #7       
 i_manufact_id | 261                   
 i_manufact    | oughtcallyable        
 ext_price     | 28076.07              
-RECORD 24-----------------------------
 brand_id      | 2002001               
 brand         | importoimporto #1     
 i_manufact_id | 364                   
 i_manufact    | esecallypri           
 ext_price     | 27831.19              
-RECORD 25-----------------------------
 brand_id      | 5001002               
 brand         | amalgscholar #2       
 i_manufact_id | 743                   
 i_manufact    | prieseation           
 ext_price     | 27622.14              
-RECORD 26-----------------------------
 brand_id      | 8006009               
 brand         | corpnameless #9       
 i_manufact_id | 148                   
 i_manufact    | eingeseought          
 ext_price     | 26685.21              
-RECORD 27-----------------------------
 brand_id      | 2002001               
 brand         | importoimporto #1     
 i_manufact_id | 68                    
 i_manufact    | eingcally             
 ext_price     | 26391.94              
-RECORD 28-----------------------------
 brand_id      | 8004005               
 brand         | edu packnameless #5   
 i_manufact_id | 192                   
 i_manufact    | ablen stought         
 ext_price     | 26231.73              
-RECORD 29-----------------------------
 brand_id      | 1004001               
 brand         | edu packamalg #1      
 i_manufact_id | 583                   
 i_manufact    | prieinganti           
 ext_price     | 26107.88              
-RECORD 30-----------------------------
 brand_id      | 1001001               
 brand         | amalgamalg #1         
 i_manufact_id | 282                   
 i_manufact    | ableeingable          
 ext_price     | 26016.70              
-RECORD 31-----------------------------
 brand_id      | 8006009               
 brand         | corpnameless #9       
 i_manufact_id | 319                   
 i_manufact    | n stoughtpri          
 ext_price     | 25529.26              
-RECORD 32-----------------------------
 brand_id      | 6016003               
 brand         | corpbrand #3          
 i_manufact_id | 110                   
 i_manufact    | baroughtought         
 ext_price     | 25233.47              
-RECORD 33-----------------------------
 brand_id      | 9007003               
 brand         | brandmaxi #3          
 i_manufact_id | 34                    
 i_manufact    | esepri                
 ext_price     | 25164.92              
-RECORD 34-----------------------------
 brand_id      | 2004001               
 brand         | edu packimporto #1    
 i_manufact_id | 5                     
 i_manufact    | anti                  
 ext_price     | 25083.59              
-RECORD 35-----------------------------
 brand_id      | 5002001               
 brand         | importoscholar #1     
 i_manufact_id | 582                   
 i_manufact    | ableeinganti          
 ext_price     | 24752.75              
-RECORD 36-----------------------------
 brand_id      | 3001001               
 brand         | amalgexporti #1       
 i_manufact_id | 296                   
 i_manufact    | callyn stable         
 ext_price     | 24732.94              
-RECORD 37-----------------------------
 brand_id      | 7007007               
 brand         | brandbrand #7         
 i_manufact_id | 529                   
 i_manufact    | n stableanti          
 ext_price     | 24268.11              
-RECORD 38-----------------------------
 brand_id      | 8010009               
 brand         | univmaxi #9           
 i_manufact_id | 777                   
 i_manufact    | ationationation       
 ext_price     | 24160.84              
-RECORD 39-----------------------------
 brand_id      | 8007002               
 brand         | brandnameless #2      
 i_manufact_id | 192                   
 i_manufact    | ablen stought         
 ext_price     | 23590.40              
-RECORD 40-----------------------------
 brand_id      | 8014006               
 brand         | edu packmaxi #6       
 i_manufact_id | 4                     
 i_manufact    | ese                   
 ext_price     | 23430.31              
-RECORD 41-----------------------------
 brand_id      | 6005005               
 brand         | scholarcorp #5        
 i_manufact_id | 129                   
 i_manufact    | n stableought         
 ext_price     | 23382.47              
-RECORD 42-----------------------------
 brand_id      | 8015001               
 brand         | scholarmaxi #1        
 i_manufact_id | 78                    
 i_manufact    | eingation             
 ext_price     | 23235.50              
-RECORD 43-----------------------------
 brand_id      | 6004007               
 brand         | edu packcorp #7       
 i_manufact_id | 158                   
 i_manufact    | eingantiought         
 ext_price     | 23188.37              
-RECORD 44-----------------------------
 brand_id      | 9016003               
 brand         | corpunivamalg #3      
 i_manufact_id | 304                   
 i_manufact    | esebarpri             
 ext_price     | 23156.77              
-RECORD 45-----------------------------
 brand_id      | 10010013              
 brand         | univamalgamalg #13    
 i_manufact_id | 591                   
 i_manufact    | oughtn stanti         
 ext_price     | 23127.55              
-RECORD 46-----------------------------
 brand_id      | 2004001               
 brand         | edu packimporto #1    
 i_manufact_id | 563                   
 i_manufact    | pricallyanti          
 ext_price     | 22985.88              
-RECORD 47-----------------------------
 brand_id      | 2003002               
 brand         | exportiimporto #2     
 i_manufact_id | 490                   
 i_manufact    | barn stese            
 ext_price     | 22045.36              
-RECORD 48-----------------------------
 brand_id      | 1003002               
 brand         | exportiamalg #2       
 i_manufact_id | 376                   
 i_manufact    | callyationpri         
 ext_price     | 21890.84              
-RECORD 49-----------------------------
 brand_id      | 1004001               
 brand         | edu packamalg #1      
 i_manufact_id | 39                    
 i_manufact    | n stpri               
 ext_price     | 21878.31              
-RECORD 50-----------------------------
 brand_id      | 1001001               
 brand         | amalgamalg #1         
 i_manufact_id | 760                   
 i_manufact    | barcallyation         
 ext_price     | 21856.16              
-RECORD 51-----------------------------
 brand_id      | 9014002               
 brand         | edu packunivamalg #2  
 i_manufact_id | 78                    
 i_manufact    | eingation             
 ext_price     | 21725.66              
-RECORD 52-----------------------------
 brand_id      | 1004001               
 brand         | edu packamalg #1      
 i_manufact_id | 366                   
 i_manufact    | callycallypri         
 ext_price     | 21166.78              
-RECORD 53-----------------------------
 brand_id      | 1004001               
 brand         | edu packamalg #1      
 i_manufact_id | 513                   
 i_manufact    | prioughtanti          
 ext_price     | 21125.73              
-RECORD 54-----------------------------
 brand_id      | 1002001               
 brand         | importoamalg #1       
 i_manufact_id | 942                   
 i_manufact    | ableesen st           
 ext_price     | 21119.54              
-RECORD 55-----------------------------
 brand_id      | 5002002               
 brand         | importoscholar #2     
 i_manufact_id | 102                   
 i_manufact    | ablebarought          
 ext_price     | 21049.49              
-RECORD 56-----------------------------
 brand_id      | 5002001               
 brand         | importoscholar #1     
 i_manufact_id | 75                    
 i_manufact    | antiation             
 ext_price     | 20510.26              
-RECORD 57-----------------------------
 brand_id      | 8002004               
 brand         | importonameless #4    
 i_manufact_id | 2                     
 i_manufact    | able                  
 ext_price     | 20401.46              
-RECORD 58-----------------------------
 brand_id      | 8011002               
 brand         | amalgmaxi #2          
 i_manufact_id | 29                    
 i_manufact    | n stable              
 ext_price     | 20270.33              
-RECORD 59-----------------------------
 brand_id      | 5001001               
 brand         | amalgscholar #1       
 i_manufact_id | 127                   
 i_manufact    | ationableought        
 ext_price     | 19976.77              
-RECORD 60-----------------------------
 brand_id      | 1001001               
 brand         | amalgamalg #1         
 i_manufact_id | 522                   
 i_manufact    | ableableanti          
 ext_price     | 19773.14              
-RECORD 61-----------------------------
 brand_id      | 7003005               
 brand         | exportibrand #5       
 i_manufact_id | 45                    
 i_manufact    | antiese               
 ext_price     | 19662.73              
-RECORD 62-----------------------------
 brand_id      | 1002001               
 brand         | importoamalg #1       
 i_manufact_id | 361                   
 i_manufact    | oughtcallypri         
 ext_price     | 19619.15              
-RECORD 63-----------------------------
 brand_id      | 7007002               
 brand         | brandbrand #2         
 i_manufact_id | 410                   
 i_manufact    | baroughtese           
 ext_price     | 18996.04              
-RECORD 64-----------------------------
 brand_id      | 0                     
 brand         | brandcorp #7          
 i_manufact_id | 0                     
 i_manufact    | null                  
 ext_price     | 18842.73              
-RECORD 65-----------------------------
 brand_id      | 9008008               
 brand         | namelessmaxi #8       
 i_manufact_id | 607                   
 i_manufact    | ationbarcally         
 ext_price     | 18650.79              
-RECORD 66-----------------------------
 brand_id      | 8015010               
 brand         | scholarmaxi #10       
 i_manufact_id | 410                   
 i_manufact    | baroughtese           
 ext_price     | 18465.35              
-RECORD 67-----------------------------
 brand_id      | 10008005              
 brand         | namelessunivamalg #5  
 i_manufact_id | 349                   
 i_manufact    | n stesepri            
 ext_price     | 18229.28              
-RECORD 68-----------------------------
 brand_id      | 9001008               
 brand         | amalgmaxi #8          
 i_manufact_id | 840                   
 i_manufact    | bareseeing            
 ext_price     | 17824.97              
-RECORD 69-----------------------------
 brand_id      | 2004002               
 brand         | edu packimporto #2    
 i_manufact_id | 314                   
 i_manufact    | eseoughtpri           
 ext_price     | 17523.17              
-RECORD 70-----------------------------
 brand_id      | 4003001               
 brand         | exportiedu pack #1    
 i_manufact_id | 873                   
 i_manufact    | priationeing          
 ext_price     | 17462.90              
-RECORD 71-----------------------------
 brand_id      | 9007005               
 brand         | brandmaxi #5          
 i_manufact_id | 546                   
 i_manufact    | callyeseanti          
 ext_price     | 17405.98              
-RECORD 72-----------------------------
 brand_id      | 10013015              
 brand         | exportiamalgamalg #15 
 i_manufact_id | 427                   
 i_manufact    | ationableese          
 ext_price     | 17058.19              
-RECORD 73-----------------------------
 brand_id      | 3001001               
 brand         | amalgexporti #1       
 i_manufact_id | 139                   
 i_manufact    | n stpriought          
 ext_price     | 16994.07              
-RECORD 74-----------------------------
 brand_id      | 8015002               
 brand         | scholarmaxi #2        
 i_manufact_id | 15                    
 i_manufact    | antiought             
 ext_price     | 16963.84              
-RECORD 75-----------------------------
 brand_id      | 4003002               
 brand         | exportiedu pack #2    
 i_manufact_id | 664                   
 i_manufact    | esecallycally         
 ext_price     | 16936.98              
-RECORD 76-----------------------------
 brand_id      | 6005001               
 brand         | scholarcorp #1        
 i_manufact_id | 404                   
 i_manufact    | esebarese             
 ext_price     | 16500.58              
-RECORD 77-----------------------------
 brand_id      | 2003002               
 brand         | exportiimporto #2     
 i_manufact_id | 333                   
 i_manufact    | pripripri             
 ext_price     | 16133.68              
-RECORD 78-----------------------------
 brand_id      | 9006003               
 brand         | corpmaxi #3           
 i_manufact_id | 494                   
 i_manufact    | esen stese            
 ext_price     | 16104.95              
-RECORD 79-----------------------------
 brand_id      | 6009007               
 brand         | maxicorp #7           
 i_manufact_id | 468                   
 i_manufact    | eingcallyese          
 ext_price     | 16083.46              
-RECORD 80-----------------------------
 brand_id      | 4002002               
 brand         | importoedu pack #2    
 i_manufact_id | 408                   
 i_manufact    | eingbarese            
 ext_price     | 15980.04              
-RECORD 81-----------------------------
 brand_id      | 8012009               
 brand         | importomaxi #9        
 i_manufact_id | 351                   
 i_manufact    | oughtantipri          
 ext_price     | 15946.21              
-RECORD 82-----------------------------
 brand_id      | 4001002               
 brand         | amalgedu pack #2      
 i_manufact_id | 102                   
 i_manufact    | ablebarought          
 ext_price     | 15911.13              
-RECORD 83-----------------------------
 brand_id      | 6011007               
 brand         | amalgbrand #7         
 i_manufact_id | 822                   
 i_manufact    | ableableeing          
 ext_price     | 15556.11              
-RECORD 84-----------------------------
 brand_id      | 4004002               
 brand         | edu packedu pack #2   
 i_manufact_id | 51                    
 i_manufact    | oughtanti             
 ext_price     | 15506.23              
-RECORD 85-----------------------------
 brand_id      | 4003002               
 brand         | exportiedu pack #2    
 i_manufact_id | 12                    
 i_manufact    | ableought             
 ext_price     | 15452.21              
-RECORD 86-----------------------------
 brand_id      | 10010010              
 brand         | univamalgamalg #10    
 i_manufact_id | 721                   
 i_manufact    | oughtableation        
 ext_price     | 15210.55              
-RECORD 87-----------------------------
 brand_id      | 3001001               
 brand         | amalgexporti #1       
 i_manufact_id | 574                   
 i_manufact    | eseationanti          
 ext_price     | 14927.08              
-RECORD 88-----------------------------
 brand_id      | 3002002               
 brand         | importoexporti #2     
 i_manufact_id | 382                   
 i_manufact    | ableeingpri           
 ext_price     | 14658.43              
-RECORD 89-----------------------------
 brand_id      | 3001001               
 brand         | amalgexporti #1       
 i_manufact_id | 142                   
 i_manufact    | ableeseought          
 ext_price     | 14633.69              
-RECORD 90-----------------------------
 brand_id      | 10002014              
 brand         | importounivamalg #14  
 i_manufact_id | 153                   
 i_manufact    | priantiought          
 ext_price     | 14599.02              
-RECORD 91-----------------------------
 brand_id      | 1004001               
 brand         | edu packamalg #1      
 i_manufact_id | 148                   
 i_manufact    | eingeseought          
 ext_price     | 14327.50              
-RECORD 92-----------------------------
 brand_id      | 5003002               
 brand         | exportischolar #2     
 i_manufact_id | 164                   
 i_manufact    | esecallyought         
 ext_price     | 14289.22              
-RECORD 93-----------------------------
 brand_id      | 7008009               
 brand         | namelessbrand #9      
 i_manufact_id | 532                   
 i_manufact    | ableprianti           
 ext_price     | 14197.70              
-RECORD 94-----------------------------
 brand_id      | 4003001               
 brand         | exportiedu pack #1    
 i_manufact_id | 258                   
 i_manufact    | eingantiable          
 ext_price     | 14148.81              
-RECORD 95-----------------------------
 brand_id      | 7007001               
 brand         | brandbrand #1         
 i_manufact_id | 281                   
 i_manufact    | oughteingable         
 ext_price     | 13920.21              
-RECORD 96-----------------------------
 brand_id      | 2002001               
 brand         | importoimporto #1     
 i_manufact_id | 258                   
 i_manufact    | eingantiable          
 ext_price     | 13819.06              
-RECORD 97-----------------------------
 brand_id      | 8007007               
 brand         | brandnameless #7      
 i_manufact_id | 423                   
 i_manufact    | priableese            
 ext_price     | 13589.86              
-RECORD 98-----------------------------
 brand_id      | 4004001               
 brand         | edu packedu pack #1   
 i_manufact_id | 456                   
 i_manufact    | callyantiese          
 ext_price     | 13461.44              
-RECORD 99-----------------------------
 brand_id      | 8013009               
 brand         | exportimaxi #9        
 i_manufact_id | 599                   
 i_manufact    | n stn stanti          
 ext_price     | 13459.83
             