-- Automatically generated by TpcdsQueries
-RECORD 0----------------------------
 w_warehouse_name | Just good amou   
 i_item_id        | AAAAAAAAAAEAAAAA 
 inv_before       | 2473             
 inv_after        | 2677             
-RECORD 1----------------------------
 w_warehouse_name | Just good amou   
 i_item_id        | AAAAAAAAAAPBAAAA 
 inv_before       | 2415             
 inv_after        | 2071             
-RECORD 2----------------------------
 w_warehouse_name | Just good amou   
 i_item_id        | AAAAAAAAACACAAAA 
 inv_before       | 2792             
 inv_after        | 2465             
-RECORD 3----------------------------
 w_warehouse_name | Just good amou   
 i_item_id        | AAAAAAAAACGCAAAA 
 inv_before       | 1396             
 inv_after        | 2084             
-RECORD 4----------------------------
 w_warehouse_name | Just good amou   
 i_item_id        | AAAAAAAAACKCAAAA 
 inv_before       | 1974             
 inv_after        | 1585             
-RECORD 5----------------------------
 w_warehouse_name | Just good amou   
 i_item_id        | AAAAAAAAACPCAAAA 
 inv_before       | 2131             
 inv_after        | 1690             
-RECORD 6----------------------------
 w_warehouse_name | Just good amou   
 i_item_id        | AAAAAAAAADACAAAA 
 inv_before       | 2432             
 inv_after        | 2093             
-RECORD 7----------------------------
 w_warehouse_name | Just good amou   
 i_item_id        | AAAAAAAAADBBAAAA 
 inv_before       | 1747             
 inv_after        | 2529             
-RECORD 8----------------------------
 w_warehouse_name | Just good amou   
 i_item_id        | AAAAAAAAADNAAAAA 
 inv_before       | 2763             
 inv_after        | 1862             
-RECORD 9----------------------------
 w_warehouse_name | Just good amou   
 i_item_id        | AAAAAAAAAELBAAAA 
 inv_before       | 2984             
 inv_after        | 2371             
-RECORD 10---------------------------
 w_warehouse_name | Just good amou   
 i_item_id        | AAAAAAAAAFFDAAAA 
 inv_before       | 2858             
 inv_after        | 2415             
-RECORD 11---------------------------
 w_warehouse_name | Just good amou   
 i_item_id        | AAAAAAAAAFJDAAAA 
 inv_before       | 2479             
 inv_after        | 2176             
-RECORD 12---------------------------
 w_warehouse_name | Just good amou   
 i_item_id        | AAAAAAAAAFLDAAAA 
 inv_before       | 2892             
 inv_after        | 2303             
-RECORD 13---------------------------
 w_warehouse_name | Just good amou   
 i_item_id        | AAAAAAAAAGLDAAAA 
 inv_before       | 2083             
 inv_after        | 1892             
-RECORD 14---------------------------
 w_warehouse_name | Just good amou   
 i_item_id        | AAAAAAAAAGPCAAAA 
 inv_before       | 1596             
 inv_after        | 1191             
-RECORD 15---------------------------
 w_warehouse_name | Just good amou   
 i_item_id        | AAAAAAAAAHBAAAAA 
 inv_before       | 2398             
 inv_after        | 2956             
-RECORD 16---------------------------
 w_warehouse_name | Just good amou   
 i_item_id        | AAAAAAAAAHPBAAAA 
 inv_before       | 1775             
 inv_after        | 2655             
-RECORD 17---------------------------
 w_warehouse_name | Just good amou   
 i_item_id        | AAAAAAAAAINCAAAA 
 inv_before       | 2296             
 inv_after        | 2458             
-RECORD 18---------------------------
 w_warehouse_name | Just good amou   
 i_item_id        | AAAAAAAAAJIDAAAA 
 inv_before       | 2528             
 inv_after        | 2552             
-RECORD 19---------------------------
 w_warehouse_name | Just good amou   
 i_item_id        | AAAAAAAAAKABAAAA 
 inv_before       | 1881             
 inv_after        | 1465             
-RECORD 20---------------------------
 w_warehouse_name | Just good amou   
 i_item_id        | AAAAAAAAALFEAAAA 
 inv_before       | 2952             
 inv_after        | 2933             
-RECORD 21---------------------------
 w_warehouse_name | Just good amou   
 i_item_id        | AAAAAAAAALIDAAAA 
 inv_before       | 1918             
 inv_after        | 2438             
-RECORD 22---------------------------
 w_warehouse_name | Just good amou   
 i_item_id        | AAAAAAAAALOAAAAA 
 inv_before       | 1904             
 inv_after        | 1396             
-RECORD 23---------------------------
 w_warehouse_name | Just good amou   
 i_item_id        | AAAAAAAAALOBAAAA 
 inv_before       | 1340             
 inv_after        | 1570             
-RECORD 24---------------------------
 w_warehouse_name | Just good amou   
 i_item_id        | AAAAAAAAALPAAAAA 
 inv_before       | 2299             
 inv_after        | 1692             
-RECORD 25---------------------------
 w_warehouse_name | Just good amou   
 i_item_id        | AAAAAAAAANLCAAAA 
 inv_before       | 3000             
 inv_after        | 3113             
-RECORD 26---------------------------
 w_warehouse_name | Just good amou   
 i_item_id        | AAAAAAAAAOMDAAAA 
 inv_before       | 2294             
 inv_after        | 1928             
-RECORD 27---------------------------
 w_warehouse_name | Just good amou   
 i_item_id        | AAAAAAAABABCAAAA 
 inv_before       | 2308             
 inv_after        | 1807             
-RECORD 28---------------------------
 w_warehouse_name | Just good amou   
 i_item_id        | AAAAAAAABAGAAAAA 
 inv_before       | 2358             
 inv_after        | 2308             
-RECORD 29---------------------------
 w_warehouse_name | Just good amou   
 i_item_id        | AAAAAAAABCCCAAAA 
 inv_before       | 1694             
 inv_after        | 1863             
-RECORD 30---------------------------
 w_warehouse_name | Just good amou   
 i_item_id        | AAAAAAAABECDAAAA 
 inv_before       | 2361             
 inv_after        | 1636             
-RECORD 31---------------------------
 w_warehouse_name | Just good amou   
 i_item_id        | AAAAAAAABEMCAAAA 
 inv_before       | 2644             
 inv_after        | 2018             
-RECORD 32---------------------------
 w_warehouse_name | Just good amou   
 i_item_id        | AAAAAAAABHACAAAA 
 inv_before       | 1471             
 inv_after        | 1982             
-RECORD 33---------------------------
 w_warehouse_name | Just good amou   
 i_item_id        | AAAAAAAABHPCAAAA 
 inv_before       | 1729             
 inv_after        | 1481             
-RECORD 34---------------------------
 w_warehouse_name | Just good amou   
 i_item_id        | AAAAAAAABKEBAAAA 
 inv_before       | 2284             
 inv_after        | 1940             
-RECORD 35---------------------------
 w_warehouse_name | Just good amou   
 i_item_id        | AAAAAAAABLBDAAAA 
 inv_before       | 1910             
 inv_after        | 2399             
-RECORD 36---------------------------
 w_warehouse_name | Just good amou   
 i_item_id        | AAAAAAAABMCBAAAA 
 inv_before       | 2460             
 inv_after        | 2407             
-RECORD 37---------------------------
 w_warehouse_name | Just good amou   
 i_item_id        | AAAAAAAABMOBAAAA 
 inv_before       | 2405             
 inv_after        | 1669             
-RECORD 38---------------------------
 w_warehouse_name | Just good amou   
 i_item_id        | AAAAAAAABNEBAAAA 
 inv_before       | 2733             
 inv_after        | 2113             
-RECORD 39---------------------------
 w_warehouse_name | Just good amou   
 i_item_id        | AAAAAAAABOKDAAAA 
 inv_before       | 3609             
 inv_after        | 2690             
-RECORD 40---------------------------
 w_warehouse_name | Just good amou   
 i_item_id        | AAAAAAAABONAAAAA 
 inv_before       | 2096             
 inv_after        | 2325             
-RECORD 41---------------------------
 w_warehouse_name | Just good amou   
 i_item_id        | AAAAAAAABPPAAAAA 
 inv_before       | 1788             
 inv_after        | 1540             
-RECORD 42---------------------------
 w_warehouse_name | Just good amou   
 i_item_id        | AAAAAAAACACEAAAA 
 inv_before       | 1763             
 inv_after        | 1240             
-RECORD 43---------------------------
 w_warehouse_name | Just good amou   
 i_item_id        | AAAAAAAACAHCAAAA 
 inv_before       | 1877             
 inv_after        | 2693             
-RECORD 44---------------------------
 w_warehouse_name | Just good amou   
 i_item_id        | AAAAAAAACALAAAAA 
 inv_before       | 3249             
 inv_after        | 2868             
-RECORD 45---------------------------
 w_warehouse_name | Just good amou   
 i_item_id        | AAAAAAAACALBAAAA 
 inv_before       | 1663             
 inv_after        | 1528             
-RECORD 46---------------------------
 w_warehouse_name | Just good amou   
 i_item_id        | AAAAAAAACBDBAAAA 
 inv_before       | 2334             
 inv_after        | 2813             
-RECORD 47---------------------------
 w_warehouse_name | Just good amou   
 i_item_id        | AAAAAAAACBHBAAAA 
 inv_before       | 1791             
 inv_after        | 2015             
-RECORD 48---------------------------
 w_warehouse_name | Just good amou   
 i_item_id        | AAAAAAAACCABAAAA 
 inv_before       | 2715             
 inv_after        | 2959             
-RECORD 49---------------------------
 w_warehouse_name | Just good amou   
 i_item_id        | AAAAAAAACCJBAAAA 
 inv_before       | 2461             
 inv_after        | 1696             
-RECORD 50---------------------------
 w_warehouse_name | Just good amou   
 i_item_id        | AAAAAAAACCPDAAAA 
 inv_before       | 3129             
 inv_after        | 2313             
-RECORD 51---------------------------
 w_warehouse_name | Just good amou   
 i_item_id        | AAAAAAAACDGCAAAA 
 inv_before       | 2114             
 inv_after        | 1790             
-RECORD 52---------------------------
 w_warehouse_name | Just good amou   
 i_item_id        | AAAAAAAACDIBAAAA 
 inv_before       | 2874             
 inv_after        | 3081             
-RECORD 53---------------------------
 w_warehouse_name | Just good amou   
 i_item_id        | AAAAAAAACEHDAAAA 
 inv_before       | 1616             
 inv_after        | 1765             
-RECORD 54---------------------------
 w_warehouse_name | Just good amou   
 i_item_id        | AAAAAAAACEICAAAA 
 inv_before       | 2037             
 inv_after        | 2461             
-RECORD 55---------------------------
 w_warehouse_name | Just good amou   
 i_item_id        | AAAAAAAACFKDAAAA 
 inv_before       | 2373             
 inv_after        | 1698             
-RECORD 56---------------------------
 w_warehouse_name | Just good amou   
 i_item_id        | AAAAAAAACGJDAAAA 
 inv_before       | 2578             
 inv_after        | 1814             
-RECORD 57---------------------------
 w_warehouse_name | Just good amou   
 i_item_id        | AAAAAAAACGMAAAAA 
 inv_before       | 2285             
 inv_after        | 1553             
-RECORD 58---------------------------
 w_warehouse_name | Just good amou   
 i_item_id        | AAAAAAAACHCDAAAA 
 inv_before       | 2620             
 inv_after        | 2504             
-RECORD 59---------------------------
 w_warehouse_name | Just good amou   
 i_item_id        | AAAAAAAACIICAAAA 
 inv_before       | 2800             
 inv_after        | 2293             
-RECORD 60---------------------------
 w_warehouse_name | Just good amou   
 i_item_id        | AAAAAAAACJBEAAAA 
 inv_before       | 2718             
 inv_after        | 2070             
-RECORD 61---------------------------
 w_warehouse_name | Just good amou   
 i_item_id        | AAAAAAAACJGDAAAA 
 inv_before       | 2153             
 inv_after        | 1778             
-RECORD 62---------------------------
 w_warehouse_name | Just good amou   
 i_item_id        | AAAAAAAACJNCAAAA 
 inv_before       | 1482             
 inv_after        | 1582             
-RECORD 63---------------------------
 w_warehouse_name | Just good amou   
 i_item_id        | AAAAAAAACKBAAAAA 
 inv_before       | 3122             
 inv_after        | 2281             
-RECORD 64---------------------------
 w_warehouse_name | Just good amou   
 i_item_id        | AAAAAAAACKCAAAAA 
 inv_before       | 1664             
 inv_after        | 1982             
-RECORD 65---------------------------
 w_warehouse_name | Just good amou   
 i_item_id        | AAAAAAAACKHBAAAA 
 inv_before       | 2222             
 inv_after        | 1546             
-RECORD 66---------------------------
 w_warehouse_name | Just good amou   
 i_item_id        | AAAAAAAACKHDAAAA 
 inv_before       | 2312             
 inv_after        | 1798             
-RECORD 67---------------------------
 w_warehouse_name | Just good amou   
 i_item_id        | AAAAAAAACKKBAAAA 
 inv_before       | 2463             
 inv_after        | 1829             
-RECORD 68---------------------------
 w_warehouse_name | Just good amou   
 i_item_id        | AAAAAAAACLDAAAAA 
 inv_before       | 2523             
 inv_after        | 2348             
-RECORD 69---------------------------
 w_warehouse_name | Just good amou   
 i_item_id        | AAAAAAAACOLBAAAA 
 inv_before       | 1630             
 inv_after        | 2360             
-RECORD 70---------------------------
 w_warehouse_name | Just good amou   
 i_item_id        | AAAAAAAACPFDAAAA 
 inv_before       | 1863             
 inv_after        | 1405             
-RECORD 71---------------------------
 w_warehouse_name | Just good amou   
 i_item_id        | AAAAAAAACPKBAAAA 
 inv_before       | 2088             
 inv_after        | 2537             
-RECORD 72---------------------------
 w_warehouse_name | Just good amou   
 i_item_id        | AAAAAAAACPLDAAAA 
 inv_before       | 1982             
 inv_after        | 1599             
-RECORD 73---------------------------
 w_warehouse_name | Just good amou   
 i_item_id        | AAAAAAAADBECAAAA 
 inv_before       | 3507             
 inv_after        | 2356             
-RECORD 74---------------------------
 w_warehouse_name | Just good amou   
 i_item_id        | AAAAAAAADBGAAAAA 
 inv_before       | 1819             
 inv_after        | 1772             
-RECORD 75---------------------------
 w_warehouse_name | Just good amou   
 i_item_id        | AAAAAAAADCEEAAAA 
 inv_before       | 2655             
 inv_after        | 1843             
-RECORD 76---------------------------
 w_warehouse_name | Just good amou   
 i_item_id        | AAAAAAAADDEAAAAA 
 inv_before       | 2210             
 inv_after        | 2733             
-RECORD 77---------------------------
 w_warehouse_name | Just good amou   
 i_item_id        | AAAAAAAADDOCAAAA 
 inv_before       | 2198             
 inv_after        | 2067             
-RECORD 78---------------------------
 w_warehouse_name | Just good amou   
 i_item_id        | AAAAAAAADEHCAAAA 
 inv_before       | 3190             
 inv_after        | 2928             
-RECORD 79---------------------------
 w_warehouse_name | Just good amou   
 i_item_id        | AAAAAAAADFLDAAAA 
 inv_before       | 2603             
 inv_after        | 1991             
-RECORD 80---------------------------
 w_warehouse_name | Just good amou   
 i_item_id        | AAAAAAAADHDAAAAA 
 inv_before       | 1649             
 inv_after        | 1777             
-RECORD 81---------------------------
 w_warehouse_name | Just good amou   
 i_item_id        | AAAAAAAADIIAAAAA 
 inv_before       | 1914             
 inv_after        | 1818             
-RECORD 82---------------------------
 w_warehouse_name | Just good amou   
 i_item_id        | AAAAAAAADIOAAAAA 
 inv_before       | 2058             
 inv_after        | 2133             
-RECORD 83---------------------------
 w_warehouse_name | Just good amou   
 i_item_id        | AAAAAAAADJPBAAAA 
 inv_before       | 2840             
 inv_after        | 1910             
-RECORD 84---------------------------
 w_warehouse_name | Just good amou   
 i_item_id        | AAAAAAAADLBEAAAA 
 inv_before       | 2293             
 inv_after        | 1578             
-RECORD 85---------------------------
 w_warehouse_name | Just good amou   
 i_item_id        | AAAAAAAADLHBAAAA 
 inv_before       | 1817             
 inv_after        | 1316             
-RECORD 86---------------------------
 w_warehouse_name | Just good amou   
 i_item_id        | AAAAAAAADMCCAAAA 
 inv_before       | 1944             
 inv_after        | 2028             
-RECORD 87---------------------------
 w_warehouse_name | Just good amou   
 i_item_id        | AAAAAAAADPDBAAAA 
 inv_before       | 1993             
 inv_after        | 1430             
-RECORD 88---------------------------
 w_warehouse_name | Just good amou   
 i_item_id        | AAAAAAAAECEDAAAA 
 inv_before       | 1968             
 inv_after        | 2076             
-RECORD 89---------------------------
 w_warehouse_name | Just good amou   
 i_item_id        | AAAAAAAAEEOBAAAA 
 inv_before       | 1992             
 inv_after        | 1737             
-RECORD 90---------------------------
 w_warehouse_name | Just good amou   
 i_item_id        | AAAAAAAAEEODAAAA 
 inv_before       | 2938             
 inv_after        | 2820             
-RECORD 91---------------------------
 w_warehouse_name | Just good amou   
 i_item_id        | AAAAAAAAEFACAAAA 
 inv_before       | 2213             
 inv_after        | 2877             
-RECORD 92---------------------------
 w_warehouse_name | Just good amou   
 i_item_id        | AAAAAAAAEGCCAAAA 
 inv_before       | 2262             
 inv_after        | 3212             
-RECORD 93---------------------------
 w_warehouse_name | Just good amou   
 i_item_id        | AAAAAAAAEGCEAAAA 
 inv_before       | 3052             
 inv_after        | 2175             
-RECORD 94---------------------------
 w_warehouse_name | Just good amou   
 i_item_id        | AAAAAAAAEIEDAAAA 
 inv_before       | 1786             
 inv_after        | 2175             
-RECORD 95---------------------------
 w_warehouse_name | Just good amou   
 i_item_id        | AAAAAAAAEIHDAAAA 
 inv_before       | 1938             
 inv_after        | 1944             
-RECORD 96---------------------------
 w_warehouse_name | Just good amou   
 i_item_id        | AAAAAAAAEINDAAAA 
 inv_before       | 2402             
 inv_after        | 2113             
-RECORD 97---------------------------
 w_warehouse_name | Just good amou   
 i_item_id        | AAAAAAAAEKADAAAA 
 inv_before       | 1327             
 inv_after        | 1683             
-RECORD 98---------------------------
 w_warehouse_name | Just good amou   
 i_item_id        | AAAAAAAAELKAAAAA 
 inv_before       | 1817             
 inv_after        | 2630             
-RECORD 99---------------------------
 w_warehouse_name | Just good amou   
 i_item_id        | AAAAAAAAEMHCAAAA 
 inv_before       | 2260             
 inv_after        | 2878
             