-- Automatically generated by TpcdsQueries
-RECORD 0----------------------------------
 i_product_name | esepriableanti           
 i_brand        | null                     
 i_class        | null                     
 i_category     | null                     
 qoh            | 429.7808764940239        
-RECORD 1----------------------------------
 i_product_name | esepriableanti           
 i_brand        | importoamalg #1          
 i_class        | null                     
 i_category     | null                     
 qoh            | 429.7808764940239        
-RECORD 2----------------------------------
 i_product_name | esepriableanti           
 i_brand        | importoamalg #1          
 i_class        | fragrances               
 i_category     | null                     
 qoh            | 429.7808764940239        
-RECORD 3----------------------------------
 i_product_name | esepriableanti           
 i_brand        | importoamalg #1          
 i_class        | fragrances               
 i_category     | Women                    
 qoh            | 429.7808764940239        
-RECORD 4----------------------------------
 i_product_name | n stbarn stbarought      
 i_brand        | null                     
 i_class        | null                     
 i_category     | null                     
 qoh            | 430.0122448979592        
-RECORD 5----------------------------------
 i_product_name | n stbarn stbarought      
 i_brand        | amalgimporto #2          
 i_class        | null                     
 i_category     | null                     
 qoh            | 430.0122448979592        
-RECORD 6----------------------------------
 i_product_name | n stbarn stbarought      
 i_brand        | amalgimporto #2          
 i_class        | accessories              
 i_category     | null                     
 qoh            | 430.0122448979592        
-RECORD 7----------------------------------
 i_product_name | n stbarn stbarought      
 i_brand        | amalgimporto #2          
 i_class        | accessories              
 i_category     | Men                      
 qoh            | 430.0122448979592        
-RECORD 8----------------------------------
 i_product_name | antiationeing            
 i_brand        | null                     
 i_class        | null                     
 i_category     | null                     
 qoh            | 437.03614457831327       
-RECORD 9----------------------------------
 i_product_name | antiationeing            
 i_brand        | amalgexporti #2          
 i_class        | null                     
 i_category     | null                     
 qoh            | 437.03614457831327       
-RECORD 10---------------------------------
 i_product_name | antiationeing            
 i_brand        | amalgexporti #2          
 i_class        | newborn                  
 i_category     | null                     
 qoh            | 437.03614457831327       
-RECORD 11---------------------------------
 i_product_name | antiationeing            
 i_brand        | amalgexporti #2          
 i_class        | newborn                  
 i_category     | Children                 
 qoh            | 437.03614457831327       
-RECORD 12---------------------------------
 i_product_name | n stpriantin st          
 i_brand        | null                     
 i_class        | null                     
 i_category     | null                     
 qoh            | 438.77868852459017       
-RECORD 13---------------------------------
 i_product_name | n stpriantin st          
 i_brand        | exportiexporti #2        
 i_class        | null                     
 i_category     | null                     
 qoh            | 438.77868852459017       
-RECORD 14---------------------------------
 i_product_name | n stpriantin st          
 i_brand        | exportiexporti #2        
 i_class        | toddlers                 
 i_category     | null                     
 qoh            | 438.77868852459017       
-RECORD 15---------------------------------
 i_product_name | n stpriantin st          
 i_brand        | exportiexporti #2        
 i_class        | toddlers                 
 i_category     | Children                 
 qoh            | 438.77868852459017       
-RECORD 16---------------------------------
 i_product_name | eingprically             
 i_brand        | null                     
 i_class        | null                     
 i_category     | null                     
 qoh            | 439.97975708502025       
-RECORD 17---------------------------------
 i_product_name | eingprically             
 i_brand        | amalgbrand #7            
 i_class        | null                     
 i_category     | null                     
 qoh            | 439.97975708502025       
-RECORD 18---------------------------------
 i_product_name | eingprically             
 i_brand        | amalgbrand #7            
 i_class        | semi-precious            
 i_category     | null                     
 qoh            | 439.97975708502025       
-RECORD 19---------------------------------
 i_product_name | eingprically             
 i_brand        | amalgbrand #7            
 i_class        | semi-precious            
 i_category     | Jewelry                  
 qoh            | 439.97975708502025       
-RECORD 20---------------------------------
 i_product_name | prieingable              
 i_brand        | null                     
 i_class        | null                     
 i_category     | null                     
 qoh            | 440.096                  
-RECORD 21---------------------------------
 i_product_name | prieingable              
 i_brand        | exportiunivamalg #8      
 i_class        | null                     
 i_category     | null                     
 qoh            | 440.096                  
-RECORD 22---------------------------------
 i_product_name | prieingable              
 i_brand        | exportiunivamalg #8      
 i_class        | self-help                
 i_category     | null                     
 qoh            | 440.096                  
-RECORD 23---------------------------------
 i_product_name | prieingable              
 i_brand        | exportiunivamalg #8      
 i_class        | self-help                
 i_category     | Books                    
 qoh            | 440.096                  
-RECORD 24---------------------------------
 i_product_name | oughteingn stationought  
 i_brand        | null                     
 i_class        | null                     
 i_category     | null                     
 qoh            | 440.1497975708502        
-RECORD 25---------------------------------
 i_product_name | oughteingn stationought  
 i_brand        | amalgscholar #2          
 i_class        | null                     
 i_category     | null                     
 qoh            | 440.1497975708502        
-RECORD 26---------------------------------
 i_product_name | oughteingn stationought  
 i_brand        | amalgscholar #2          
 i_class        | rock                     
 i_category     | null                     
 qoh            | 440.1497975708502        
-RECORD 27---------------------------------
 i_product_name | oughteingn stationought  
 i_brand        | amalgscholar #2          
 i_class        | rock                     
 i_category     | Music                    
 qoh            | 440.1497975708502        
-RECORD 28---------------------------------
 i_product_name | eingationbaroughtought   
 i_brand        | null                     
 i_class        | null                     
 i_category     | null                     
 qoh            | 440.9721115537849        
-RECORD 29---------------------------------
 i_product_name | eingationbaroughtought   
 i_brand        | maxicorp #7              
 i_class        | null                     
 i_category     | null                     
 qoh            | 440.9721115537849        
-RECORD 30---------------------------------
 i_product_name | eingationbaroughtought   
 i_brand        | maxicorp #7              
 i_class        | womens watch             
 i_category     | null                     
 qoh            | 440.9721115537849        
-RECORD 31---------------------------------
 i_product_name | eingationbaroughtought   
 i_brand        | maxicorp #7              
 i_class        | womens watch             
 i_category     | Jewelry                  
 qoh            | 440.9721115537849        
-RECORD 32---------------------------------
 i_product_name | priantibarpri            
 i_brand        | null                     
 i_class        | null                     
 i_category     | null                     
 qoh            | 443.45849802371544       
-RECORD 33---------------------------------
 i_product_name | priantibarpri            
 i_brand        | exportiimporto #2        
 i_class        | null                     
 i_category     | null                     
 qoh            | 443.45849802371544       
-RECORD 34---------------------------------
 i_product_name | priantibarpri            
 i_brand        | exportiimporto #2        
 i_class        | pants                    
 i_category     | null                     
 qoh            | 443.45849802371544       
-RECORD 35---------------------------------
 i_product_name | priantibarpri            
 i_brand        | exportiimporto #2        
 i_class        | pants                    
 i_category     | Men                      
 qoh            | 443.45849802371544       
-RECORD 36---------------------------------
 i_product_name | prioughtantiation        
 i_brand        | null                     
 i_class        | null                     
 i_category     | null                     
 qoh            | 443.8825910931174        
-RECORD 37---------------------------------
 i_product_name | prioughtantiation        
 i_brand        | corpmaxi #2              
 i_class        | null                     
 i_category     | null                     
 qoh            | 443.8825910931174        
-RECORD 38---------------------------------
 i_product_name | prioughtantiation        
 i_brand        | corpmaxi #2              
 i_class        | parenting                
 i_category     | null                     
 qoh            | 443.8825910931174        
-RECORD 39---------------------------------
 i_product_name | prioughtantiation        
 i_brand        | corpmaxi #2              
 i_class        | parenting                
 i_category     | Books                    
 qoh            | 443.8825910931174        
-RECORD 40---------------------------------
 i_product_name | eseprieingoughtought     
 i_brand        | null                     
 i_class        | null                     
 i_category     | null                     
 qoh            | 445.2016129032258        
-RECORD 41---------------------------------
 i_product_name | eseprieingoughtought     
 i_brand        | importonameless #5       
 i_class        | null                     
 i_category     | null                     
 qoh            | 445.2016129032258        
-RECORD 42---------------------------------
 i_product_name | eseprieingoughtought     
 i_brand        | importonameless #5       
 i_class        | baseball                 
 i_category     | null                     
 qoh            | 445.2016129032258        
-RECORD 43---------------------------------
 i_product_name | eseprieingoughtought     
 i_brand        | importonameless #5       
 i_class        | baseball                 
 i_category     | Sports                   
 qoh            | 445.2016129032258        
-RECORD 44---------------------------------
 i_product_name | eingpriationanti         
 i_brand        | null                     
 i_class        | null                     
 i_category     | null                     
 qoh            | 445.4920634920635        
-RECORD 45---------------------------------
 i_product_name | eingpriationanti         
 i_brand        | scholarunivamalg #3      
 i_class        | null                     
 i_category     | null                     
 qoh            | 445.4920634920635        
-RECORD 46---------------------------------
 i_product_name | eingpriationanti         
 i_brand        | scholarunivamalg #3      
 i_class        | fiction                  
 i_category     | null                     
 qoh            | 445.4920634920635        
-RECORD 47---------------------------------
 i_product_name | eingpriationanti         
 i_brand        | scholarunivamalg #3      
 i_class        | fiction                  
 i_category     | Books                    
 qoh            | 445.4920634920635        
-RECORD 48---------------------------------
 i_product_name | antin stablecallyought   
 i_brand        | null                     
 i_class        | null                     
 i_category     | null                     
 qoh            | 445.54918032786884       
-RECORD 49---------------------------------
 i_product_name | antin stablecallyought   
 i_brand        | importoedu pack #2       
 i_class        | null                     
 i_category     | null                     
 qoh            | 445.54918032786884       
-RECORD 50---------------------------------
 i_product_name | antin stablecallyought   
 i_brand        | importoedu pack #2       
 i_class        | mens                     
 i_category     | null                     
 qoh            | 445.54918032786884       
-RECORD 51---------------------------------
 i_product_name | antin stablecallyought   
 i_brand        | importoedu pack #2       
 i_class        | mens                     
 i_category     | Shoes                    
 qoh            | 445.54918032786884       
-RECORD 52---------------------------------
 i_product_name | callycallyn steing       
 i_brand        | null                     
 i_class        | null                     
 i_category     | null                     
 qoh            | 445.9012345679012        
-RECORD 53---------------------------------
 i_product_name | callycallyn steing       
 i_brand        | corpunivamalg #3         
 i_class        | null                     
 i_category     | null                     
 qoh            | 445.9012345679012        
-RECORD 54---------------------------------
 i_product_name | callycallyn steing       
 i_brand        | corpunivamalg #3         
 i_class        | mystery                  
 i_category     | null                     
 qoh            | 445.9012345679012        
-RECORD 55---------------------------------
 i_product_name | callycallyn steing       
 i_brand        | corpunivamalg #3         
 i_class        | mystery                  
 i_category     | Books                    
 qoh            | 445.9012345679012        
-RECORD 56---------------------------------
 i_product_name | oughtpribarought         
 i_brand        | null                     
 i_class        | null                     
 i_category     | null                     
 qoh            | 446.125                  
-RECORD 57---------------------------------
 i_product_name | oughtpribarought         
 i_brand        | exportinameless #2       
 i_class        | null                     
 i_category     | null                     
 qoh            | 446.125                  
-RECORD 58---------------------------------
 i_product_name | oughtpribarought         
 i_brand        | exportinameless #2       
 i_class        | wallpaper                
 i_category     | null                     
 qoh            | 446.125                  
-RECORD 59---------------------------------
 i_product_name | oughtpribarought         
 i_brand        | exportinameless #2       
 i_class        | wallpaper                
 i_category     | Home                     
 qoh            | 446.125                  
-RECORD 60---------------------------------
 i_product_name | oughtantioughtbarought   
 i_brand        | null                     
 i_class        | null                     
 i_category     | null                     
 qoh            | 446.1847389558233        
-RECORD 61---------------------------------
 i_product_name | oughtantioughtbarought   
 i_brand        | edu packmaxi #12         
 i_class        | null                     
 i_category     | null                     
 qoh            | 446.1847389558233        
-RECORD 62---------------------------------
 i_product_name | oughtantioughtbarought   
 i_brand        | edu packmaxi #12         
 i_class        | entertainments           
 i_category     | null                     
 qoh            | 446.1847389558233        
-RECORD 63---------------------------------
 i_product_name | oughtantioughtbarought   
 i_brand        | edu packmaxi #12         
 i_class        | entertainments           
 i_category     | Books                    
 qoh            | 446.1847389558233        
-RECORD 64---------------------------------
 i_product_name | callyoughtn stcallyought 
 i_brand        | null                     
 i_class        | null                     
 i_category     | null                     
 qoh            | 446.43650793650795       
-RECORD 65---------------------------------
 i_product_name | callyoughtn stcallyought 
 i_brand        | exportischolar #1        
 i_class        | null                     
 i_category     | null                     
 qoh            | 446.43650793650795       
-RECORD 66---------------------------------
 i_product_name | callyoughtn stcallyought 
 i_brand        | exportischolar #1        
 i_class        | pop                      
 i_category     | null                     
 qoh            | 446.43650793650795       
-RECORD 67---------------------------------
 i_product_name | callyoughtn stcallyought 
 i_brand        | exportischolar #1        
 i_class        | pop                      
 i_category     | Music                    
 qoh            | 446.43650793650795       
-RECORD 68---------------------------------
 i_product_name | ationeingationableought  
 i_brand        | null                     
 i_class        | null                     
 i_category     | null                     
 qoh            | 446.48192771084337       
-RECORD 69---------------------------------
 i_product_name | ationeingationableought  
 i_brand        | namelessnameless #8      
 i_class        | null                     
 i_category     | null                     
 qoh            | 446.48192771084337       
-RECORD 70---------------------------------
 i_product_name | ationeingationableought  
 i_brand        | namelessnameless #8      
 i_class        | outdoor                  
 i_category     | null                     
 qoh            | 446.48192771084337       
-RECORD 71---------------------------------
 i_product_name | ationeingationableought  
 i_brand        | namelessnameless #8      
 i_class        | outdoor                  
 i_category     | Sports                   
 qoh            | 446.48192771084337       
-RECORD 72---------------------------------
 i_product_name | priantiableese           
 i_brand        | null                     
 i_class        | null                     
 i_category     | null                     
 qoh            | 446.85483870967744       
-RECORD 73---------------------------------
 i_product_name | priantiableese           
 i_brand        | exportiedu pack #2       
 i_class        | null                     
 i_category     | null                     
 qoh            | 446.85483870967744       
-RECORD 74---------------------------------
 i_product_name | priantiableese           
 i_brand        | exportiedu pack #2       
 i_class        | kids                     
 i_category     | null                     
 qoh            | 446.85483870967744       
-RECORD 75---------------------------------
 i_product_name | priantiableese           
 i_brand        | exportiedu pack #2       
 i_class        | kids                     
 i_category     | Shoes                    
 qoh            | 446.85483870967744       
-RECORD 76---------------------------------
 i_product_name | prieseeseableought       
 i_brand        | null                     
 i_class        | null                     
 i_category     | null                     
 qoh            | 446.9186991869919        
-RECORD 77---------------------------------
 i_product_name | prieseeseableought       
 i_brand        | amalgscholar #2          
 i_class        | null                     
 i_category     | null                     
 qoh            | 446.9186991869919        
-RECORD 78---------------------------------
 i_product_name | prieseeseableought       
 i_brand        | amalgscholar #2          
 i_class        | rock                     
 i_category     | null                     
 qoh            | 446.9186991869919        
-RECORD 79---------------------------------
 i_product_name | prieseeseableought       
 i_brand        | amalgscholar #2          
 i_class        | rock                     
 i_category     | Music                    
 qoh            | 446.9186991869919        
-RECORD 80---------------------------------
 i_product_name | ationableoughtcallyought 
 i_brand        | null                     
 i_class        | null                     
 i_category     | null                     
 qoh            | 447.165991902834         
-RECORD 81---------------------------------
 i_product_name | ationableoughtcallyought 
 i_brand        | exportischolar #2        
 i_class        | null                     
 i_category     | null                     
 qoh            | 447.165991902834         
-RECORD 82---------------------------------
 i_product_name | ationableoughtcallyought 
 i_brand        | exportischolar #2        
 i_class        | pop                      
 i_category     | null                     
 qoh            | 447.165991902834         
-RECORD 83---------------------------------
 i_product_name | ationableoughtcallyought 
 i_brand        | exportischolar #2        
 i_class        | pop                      
 i_category     | Music                    
 qoh            | 447.165991902834         
-RECORD 84---------------------------------
 i_product_name | pripricallyese           
 i_brand        | null                     
 i_class        | null                     
 i_category     | null                     
 qoh            | 447.2550607287449        
-RECORD 85---------------------------------
 i_product_name | pripricallyese           
 i_brand        | edu packimporto #2       
 i_class        | null                     
 i_category     | null                     
 qoh            | 447.2550607287449        
-RECORD 86---------------------------------
 i_product_name | pripricallyese           
 i_brand        | edu packimporto #2       
 i_class        | sports-apparel           
 i_category     | null                     
 qoh            | 447.2550607287449        
-RECORD 87---------------------------------
 i_product_name | pripricallyese           
 i_brand        | edu packimporto #2       
 i_class        | sports-apparel           
 i_category     | Men                      
 qoh            | 447.2550607287449        
-RECORD 88---------------------------------
 i_product_name | eingableationn st        
 i_brand        | null                     
 i_class        | null                     
 i_category     | null                     
 qoh            | 447.3541666666667        
-RECORD 89---------------------------------
 i_product_name | eingableationn st        
 i_brand        | namelessmaxi #9          
 i_class        | null                     
 i_category     | null                     
 qoh            | 447.3541666666667        
-RECORD 90---------------------------------
 i_product_name | eingableationn st        
 i_brand        | namelessmaxi #9          
 i_class        | romance                  
 i_category     | null                     
 qoh            | 447.3541666666667        
-RECORD 91---------------------------------
 i_product_name | eingableationn st        
 i_brand        | namelessmaxi #9          
 i_class        | romance                  
 i_category     | Books                    
 qoh            | 447.3541666666667        
-RECORD 92---------------------------------
 i_product_name | n stantin stoughtought   
 i_brand        | null                     
 i_class        | null                     
 i_category     | null                     
 qoh            | 448.2396694214876        
-RECORD 93---------------------------------
 i_product_name | n stantin stoughtought   
 i_brand        | importoscholar #2        
 i_class        | null                     
 i_category     | null                     
 qoh            | 448.2396694214876        
-RECORD 94---------------------------------
 i_product_name | n stantin stoughtought   
 i_brand        | importoscholar #2        
 i_class        | country                  
 i_category     | null                     
 qoh            | 448.2396694214876        
-RECORD 95---------------------------------
 i_product_name | n stantin stoughtought   
 i_brand        | importoscholar #2        
 i_class        | country                  
 i_category     | Music                    
 qoh            | 448.2396694214876        
-RECORD 96---------------------------------
 i_product_name | n steingbaranti          
 i_brand        | null                     
 i_class        | null                     
 i_category     | null                     
 qoh            | 448.702479338843         
-RECORD 97---------------------------------
 i_product_name | n steingbaranti          
 i_brand        | amalgamalg #2            
 i_class        | null                     
 i_category     | null                     
 qoh            | 448.702479338843         
-RECORD 98---------------------------------
 i_product_name | n steingbaranti          
 i_brand        | amalgamalg #2            
 i_class        | dresses                  
 i_category     | null                     
 qoh            | 448.702479338843         
-RECORD 99---------------------------------
 i_product_name | n steingbaranti          
 i_brand        | amalgamalg #2            
 i_class        | dresses                  
 i_category     | Women                    
 qoh            | 448.702479338843
             