-- Automatically generated by TpcdsQueries
-RECORD 0-----------------------
 i_item_id | AAAAAAAAAABDAAAA   
 agg1      | 84.0               
 agg2      | 18.790000          
 agg3      | 0.000000           
 agg4      | 17.280000          
-RECORD 1-----------------------
 i_item_id | AAAAAAAAAABEAAAA   
 agg1      | 76.0               
 agg2      | 145.970000         
 agg3      | 4732.320000        
 agg4      | 115.310000         
-RECORD 2-----------------------
 i_item_id | AAAAAAAAAACAAAAA   
 agg1      | 67.0               
 agg2      | 55.950000          
 agg3      | 1532.610000        
 agg4      | 48.670000          
-RECORD 3-----------------------
 i_item_id | AAAAAAAAAADBAAAA   
 agg1      | 34.333333333333336 
 agg2      | 70.963333          
 agg3      | 0.000000           
 agg4      | 20.753333          
-RECORD 4-----------------------
 i_item_id | AAAAAAAAAAEDAAAA   
 agg1      | 45.0               
 agg2      | 93.180000          
 agg3      | 0.000000           
 agg4      | 16.770000          
-RECORD 5-----------------------
 i_item_id | AAAAAAAAAAEEAAAA   
 agg1      | 46.666666666666664 
 agg2      | 73.350000          
 agg3      | 10.526667          
 agg4      | 15.433333          
-RECORD 6-----------------------
 i_item_id | AAAAAAAAAAFAAAAA   
 agg1      | 31.0               
 agg2      | 42.450000          
 agg3      | 0.000000           
 agg4      | 22.920000          
-RECORD 7-----------------------
 i_item_id | AAAAAAAAAAHAAAAA   
 agg1      | 42.0               
 agg2      | 9.700000           
 agg3      | 0.000000           
 agg4      | 0.480000           
-RECORD 8-----------------------
 i_item_id | AAAAAAAAAAHDAAAA   
 agg1      | 44.5               
 agg2      | 89.835000          
 agg3      | 0.000000           
 agg4      | 75.130000          
-RECORD 9-----------------------
 i_item_id | AAAAAAAAAAICAAAA   
 agg1      | 2.0                
 agg2      | 117.590000         
 agg3      | 68.420000          
 agg4      | 35.270000          
-RECORD 10----------------------
 i_item_id | AAAAAAAAAAIDAAAA   
 agg1      | 11.0               
 agg2      | 6.310000           
 agg3      | 13.950000          
 agg4      | 1.510000           
-RECORD 11----------------------
 i_item_id | AAAAAAAAAAKAAAAA   
 agg1      | 87.0               
 agg2      | 142.525000         
 agg3      | 0.000000           
 agg4      | 32.775000          
-RECORD 12----------------------
 i_item_id | AAAAAAAAAALCAAAA   
 agg1      | 65.5               
 agg2      | 114.655000         
 agg3      | 0.000000           
 agg4      | 12.395000          
-RECORD 13----------------------
 i_item_id | AAAAAAAAAAOAAAAA   
 agg1      | 91.0               
 agg2      | 42.190000          
 agg3      | 0.000000           
 agg4      | 30.790000          
-RECORD 14----------------------
 i_item_id | AAAAAAAAAAPBAAAA   
 agg1      | 56.0               
 agg2      | 37.590000          
 agg3      | 0.000000           
 agg4      | 22.335000          
-RECORD 15----------------------
 i_item_id | AAAAAAAAAAPCAAAA   
 agg1      | 35.0               
 agg2      | 49.890000          
 agg3      | 0.000000           
 agg4      | 30.430000          
-RECORD 16----------------------
 i_item_id | AAAAAAAAABAAAAAA   
 agg1      | 87.0               
 agg2      | 77.640000          
 agg3      | 0.000000           
 agg4      | 29.500000          
-RECORD 17----------------------
 i_item_id | AAAAAAAAABAEAAAA   
 agg1      | 79.0               
 agg2      | 34.720000          
 agg3      | 0.000000           
 agg4      | 30.900000          
-RECORD 18----------------------
 i_item_id | AAAAAAAAABBAAAAA   
 agg1      | 16.0               
 agg2      | 53.500000          
 agg3      | 0.000000           
 agg4      | 26.515000          
-RECORD 19----------------------
 i_item_id | AAAAAAAAABBDAAAA   
 agg1      | 79.0               
 agg2      | 91.570000          
 agg3      | 0.000000           
 agg4      | 0.910000           
-RECORD 20----------------------
 i_item_id | AAAAAAAAABCEAAAA   
 agg1      | 100.0              
 agg2      | 106.260000         
 agg3      | 0.000000           
 agg4      | 26.560000          
-RECORD 21----------------------
 i_item_id | AAAAAAAAABDAAAAA   
 agg1      | 58.0               
 agg2      | 3.020000           
 agg3      | 0.000000           
 agg4      | 2.080000           
-RECORD 22----------------------
 i_item_id | AAAAAAAAABDBAAAA   
 agg1      | 21.0               
 agg2      | 72.850000          
 agg3      | 0.000000           
 agg4      | 57.550000          
-RECORD 23----------------------
 i_item_id | AAAAAAAAABEAAAAA   
 agg1      | 71.0               
 agg2      | 70.970000          
 agg3      | 0.000000           
 agg4      | 48.250000          
-RECORD 24----------------------
 i_item_id | AAAAAAAAABFCAAAA   
 agg1      | 33.0               
 agg2      | 284.590000         
 agg3      | 0.000000           
 agg4      | 36.990000          
-RECORD 25----------------------
 i_item_id | AAAAAAAAABGAAAAA   
 agg1      | 54.5               
 agg2      | 77.980000          
 agg3      | 0.000000           
 agg4      | 51.590000          
-RECORD 26----------------------
 i_item_id | AAAAAAAAABGBAAAA   
 agg1      | 84.0               
 agg2      | 18.370000          
 agg3      | 300.835000         
 agg4      | 14.035000          
-RECORD 27----------------------
 i_item_id | AAAAAAAAABJDAAAA   
 agg1      | 42.0               
 agg2      | 41.960000          
 agg3      | 0.000000           
 agg4      | 8.810000           
-RECORD 28----------------------
 i_item_id | AAAAAAAAABKCAAAA   
 agg1      | 27.0               
 agg2      | 62.695000          
 agg3      | 0.000000           
 agg4      | 24.770000          
-RECORD 29----------------------
 i_item_id | AAAAAAAAABLBAAAA   
 agg1      | 62.0               
 agg2      | 112.810000         
 agg3      | 0.000000           
 agg4      | 54.795000          
-RECORD 30----------------------
 i_item_id | AAAAAAAAABLCAAAA   
 agg1      | 42.0               
 agg2      | 206.490000         
 agg3      | 0.000000           
 agg4      | 61.940000          
-RECORD 31----------------------
 i_item_id | AAAAAAAAABMAAAAA   
 agg1      | 45.5               
 agg2      | 158.505000         
 agg3      | 1467.465000        
 agg4      | 50.865000          
-RECORD 32----------------------
 i_item_id | AAAAAAAAABMBAAAA   
 agg1      | 54.0               
 agg2      | 38.760000          
 agg3      | 0.000000           
 agg4      | 20.930000          
-RECORD 33----------------------
 i_item_id | AAAAAAAAABNDAAAA   
 agg1      | 2.0                
 agg2      | 227.200000         
 agg3      | 0.000000           
 agg4      | 34.080000          
-RECORD 34----------------------
 i_item_id | AAAAAAAAACBCAAAA   
 agg1      | 82.0               
 agg2      | 200.340000         
 agg3      | 0.000000           
 agg4      | 154.260000         
-RECORD 35----------------------
 i_item_id | AAAAAAAAACCDAAAA   
 agg1      | 8.0                
 agg2      | 96.950000          
 agg3      | 0.000000           
 agg4      | 89.190000          
-RECORD 36----------------------
 i_item_id | AAAAAAAAACDDAAAA   
 agg1      | 99.0               
 agg2      | 215.550000         
 agg3      | 5622.900000        
 agg4      | 66.820000          
-RECORD 37----------------------
 i_item_id | AAAAAAAAACECAAAA   
 agg1      | 35.0               
 agg2      | 117.300000         
 agg3      | 0.000000           
 agg4      | 32.840000          
-RECORD 38----------------------
 i_item_id | AAAAAAAAACEEAAAA   
 agg1      | 67.0               
 agg2      | 221.660000         
 agg3      | 2747.330000        
 agg4      | 164.020000         
-RECORD 39----------------------
 i_item_id | AAAAAAAAACFAAAAA   
 agg1      | 81.0               
 agg2      | 16.420000          
 agg3      | 148.390000         
 agg4      | 2.290000           
-RECORD 40----------------------
 i_item_id | AAAAAAAAACFBAAAA   
 agg1      | 23.0               
 agg2      | 148.690000         
 agg3      | 0.000000           
 agg4      | 96.640000          
-RECORD 41----------------------
 i_item_id | AAAAAAAAACGAAAAA   
 agg1      | 71.5               
 agg2      | 182.975000         
 agg3      | 0.000000           
 agg4      | 89.260000          
-RECORD 42----------------------
 i_item_id | AAAAAAAAACGDAAAA   
 agg1      | 38.0               
 agg2      | 111.060000         
 agg3      | 0.000000           
 agg4      | 43.310000          
-RECORD 43----------------------
 i_item_id | AAAAAAAAACHBAAAA   
 agg1      | 62.0               
 agg2      | 199.820000         
 agg3      | 0.000000           
 agg4      | 67.930000          
-RECORD 44----------------------
 i_item_id | AAAAAAAAACIDAAAA   
 agg1      | 73.0               
 agg2      | 184.700000         
 agg3      | 1925.030000        
 agg4      | 38.780000          
-RECORD 45----------------------
 i_item_id | AAAAAAAAACJDAAAA   
 agg1      | 12.0               
 agg2      | 58.740000          
 agg3      | 319.710000         
 agg4      | 42.290000          
-RECORD 46----------------------
 i_item_id | AAAAAAAAACLBAAAA   
 agg1      | 57.5               
 agg2      | 78.230000          
 agg3      | 391.295000         
 agg4      | 11.920000          
-RECORD 47----------------------
 i_item_id | AAAAAAAAACLDAAAA   
 agg1      | 6.0                
 agg2      | 127.370000         
 agg3      | 0.000000           
 agg4      | 118.450000         
-RECORD 48----------------------
 i_item_id | AAAAAAAAACMAAAAA   
 agg1      | 84.0               
 agg2      | 118.000000         
 agg3      | 0.000000           
 agg4      | 20.060000          
-RECORD 49----------------------
 i_item_id | AAAAAAAAACNCAAAA   
 agg1      | 8.0                
 agg2      | 25.910000          
 agg3      | 99.840000          
 agg4      | 18.910000          
-RECORD 50----------------------
 i_item_id | AAAAAAAAACODAAAA   
 agg1      | 49.0               
 agg2      | 106.120000         
 agg3      | 0.000000           
 agg4      | 6.360000           
-RECORD 51----------------------
 i_item_id | AAAAAAAAADBBAAAA   
 agg1      | 77.0               
 agg2      | 166.050000         
 agg3      | 3605.600000        
 agg4      | 99.630000          
-RECORD 52----------------------
 i_item_id | AAAAAAAAADCDAAAA   
 agg1      | 3.0                
 agg2      | 191.710000         
 agg3      | 0.000000           
 agg4      | 70.930000          
-RECORD 53----------------------
 i_item_id | AAAAAAAAADDBAAAA   
 agg1      | 46.0               
 agg2      | 68.830000          
 agg3      | 0.000000           
 agg4      | 28.900000          
-RECORD 54----------------------
 i_item_id | AAAAAAAAADEAAAAA   
 agg1      | 78.0               
 agg2      | 20.720000          
 agg3      | 0.000000           
 agg4      | 5.800000           
-RECORD 55----------------------
 i_item_id | AAAAAAAAADEBAAAA   
 agg1      | 57.0               
 agg2      | 54.900000          
 agg3      | 0.000000           
 agg4      | 8.230000           
-RECORD 56----------------------
 i_item_id | AAAAAAAAADFAAAAA   
 agg1      | 70.0               
 agg2      | 75.673333          
 agg3      | 777.880000         
 agg4      | 21.056667          
-RECORD 57----------------------
 i_item_id | AAAAAAAAADFCAAAA   
 agg1      | 44.0               
 agg2      | 98.340000          
 agg3      | 182.190000         
 agg4      | 82.775000          
-RECORD 58----------------------
 i_item_id | AAAAAAAAADFDAAAA   
 agg1      | 5.0                
 agg2      | 40.030000          
 agg3      | 0.000000           
 agg4      | 28.020000          
-RECORD 59----------------------
 i_item_id | AAAAAAAAADGCAAAA   
 agg1      | 22.0               
 agg2      | 42.730000          
 agg3      | 0.000000           
 agg4      | 8.540000           
-RECORD 60----------------------
 i_item_id | AAAAAAAAADKAAAAA   
 agg1      | 35.0               
 agg2      | 62.020000          
 agg3      | 0.000000           
 agg4      | 36.590000          
-RECORD 61----------------------
 i_item_id | AAAAAAAAADMBAAAA   
 agg1      | 10.0               
 agg2      | 46.770000          
 agg3      | 0.000000           
 agg4      | 37.410000          
-RECORD 62----------------------
 i_item_id | AAAAAAAAADNAAAAA   
 agg1      | 14.0               
 agg2      | 258.660000         
 agg3      | 0.000000           
 agg4      | 178.470000         
-RECORD 63----------------------
 i_item_id | AAAAAAAAADNBAAAA   
 agg1      | 53.0               
 agg2      | 94.195000          
 agg3      | 0.000000           
 agg4      | 27.755000          
-RECORD 64----------------------
 i_item_id | AAAAAAAAADNDAAAA   
 agg1      | 9.0                
 agg2      | 150.480000         
 agg3      | 0.000000           
 agg4      | 75.240000          
-RECORD 65----------------------
 i_item_id | AAAAAAAAADOAAAAA   
 agg1      | 76.5               
 agg2      | 187.970000         
 agg3      | 310.730000         
 agg4      | 36.320000          
-RECORD 66----------------------
 i_item_id | AAAAAAAAAEBDAAAA   
 agg1      | 7.0                
 agg2      | 68.300000          
 agg3      | 0.000000           
 agg4      | 15.700000          
-RECORD 67----------------------
 i_item_id | AAAAAAAAAECEAAAA   
 agg1      | 81.0               
 agg2      | 241.650000         
 agg3      | 0.000000           
 agg4      | 9.660000           
-RECORD 68----------------------
 i_item_id | AAAAAAAAAEDEAAAA   
 agg1      | 18.0               
 agg2      | 184.510000         
 agg3      | 979.740000         
 agg4      | 108.860000         
-RECORD 69----------------------
 i_item_id | AAAAAAAAAEEDAAAA   
 agg1      | 81.0               
 agg2      | 72.050000          
 agg3      | 0.000000           
 agg4      | 56.910000          
-RECORD 70----------------------
 i_item_id | AAAAAAAAAEGAAAAA   
 agg1      | 44.0               
 agg2      | 192.830000         
 agg3      | 0.000000           
 agg4      | 30.850000          
-RECORD 71----------------------
 i_item_id | AAAAAAAAAEGBAAAA   
 agg1      | 39.0               
 agg2      | 6.230000           
 agg3      | 91.590000          
 agg4      | 3.050000           
-RECORD 72----------------------
 i_item_id | AAAAAAAAAEGDAAAA   
 agg1      | 52.0               
 agg2      | 74.130000          
 agg3      | 0.000000           
 agg4      | 18.530000          
-RECORD 73----------------------
 i_item_id | AAAAAAAAAEHAAAAA   
 agg1      | 68.0               
 agg2      | 72.870000          
 agg3      | 602.000000         
 agg4      | 59.020000          
-RECORD 74----------------------
 i_item_id | AAAAAAAAAEHCAAAA   
 agg1      | 50.0               
 agg2      | 52.560000          
 agg3      | 0.000000           
 agg4      | 29.430000          
-RECORD 75----------------------
 i_item_id | AAAAAAAAAEJBAAAA   
 agg1      | 66.0               
 agg2      | 66.110000          
 agg3      | 0.000000           
 agg4      | 5.940000           
-RECORD 76----------------------
 i_item_id | AAAAAAAAAEKAAAAA   
 agg1      | 17.0               
 agg2      | 186.350000         
 agg3      | 339.590000         
 agg4      | 124.850000         
-RECORD 77----------------------
 i_item_id | AAAAAAAAAEKCAAAA   
 agg1      | 93.0               
 agg2      | 57.210000          
 agg3      | 549.870000         
 agg4      | 6.290000           
-RECORD 78----------------------
 i_item_id | AAAAAAAAAEKDAAAA   
 agg1      | 55.0               
 agg2      | 143.730000         
 agg3      | 0.000000           
 agg4      | 10.060000          
-RECORD 79----------------------
 i_item_id | AAAAAAAAAELBAAAA   
 agg1      | 12.0               
 agg2      | 137.550000         
 agg3      | 0.000000           
 agg4      | 126.540000         
-RECORD 80----------------------
 i_item_id | AAAAAAAAAEMBAAAA   
 agg1      | 100.0              
 agg2      | 52.750000          
 agg3      | 1092.980000        
 agg4      | 14.770000          
-RECORD 81----------------------
 i_item_id | AAAAAAAAAENAAAAA   
 agg1      | 81.0               
 agg2      | 43.060000          
 agg3      | 2510.870000        
 agg4      | 32.290000          
-RECORD 82----------------------
 i_item_id | AAAAAAAAAEPBAAAA   
 agg1      | 13.5               
 agg2      | 80.590000          
 agg3      | 0.000000           
 agg4      | 16.975000          
-RECORD 83----------------------
 i_item_id | AAAAAAAAAFBEAAAA   
 agg1      | 93.0               
 agg2      | 115.340000         
 agg3      | 0.000000           
 agg4      | 42.670000          
-RECORD 84----------------------
 i_item_id | AAAAAAAAAFCDAAAA   
 agg1      | 47.0               
 agg2      | 170.770000         
 agg3      | 0.000000           
 agg4      | 163.930000         
-RECORD 85----------------------
 i_item_id | AAAAAAAAAFCEAAAA   
 agg1      | 73.0               
 agg2      | 91.970000          
 agg3      | 0.000000           
 agg4      | 59.780000          
-RECORD 86----------------------
 i_item_id | AAAAAAAAAFDAAAAA   
 agg1      | 100.0              
 agg2      | 229.510000         
 agg3      | 2616.300000        
 agg4      | 68.850000          
-RECORD 87----------------------
 i_item_id | AAAAAAAAAFDCAAAA   
 agg1      | 82.0               
 agg2      | 93.600000          
 agg3      | 0.000000           
 agg4      | 24.330000          
-RECORD 88----------------------
 i_item_id | AAAAAAAAAFEEAAAA   
 agg1      | 61.0               
 agg2      | 245.950000         
 agg3      | 0.000000           
 agg4      | 199.210000         
-RECORD 89----------------------
 i_item_id | AAAAAAAAAFFAAAAA   
 agg1      | 59.0               
 agg2      | 54.550000          
 agg3      | 555.140000         
 agg4      | 40.910000          
-RECORD 90----------------------
 i_item_id | AAAAAAAAAFFBAAAA   
 agg1      | 65.0               
 agg2      | 142.570000         
 agg3      | 0.000000           
 agg4      | 69.850000          
-RECORD 91----------------------
 i_item_id | AAAAAAAAAFFEAAAA   
 agg1      | 39.0               
 agg2      | 237.790000         
 agg3      | 681.580000         
 agg4      | 116.510000         
-RECORD 92----------------------
 i_item_id | AAAAAAAAAFGCAAAA   
 agg1      | 45.0               
 agg2      | 205.590000         
 agg3      | 0.000000           
 agg4      | 47.280000          
-RECORD 93----------------------
 i_item_id | AAAAAAAAAFHBAAAA   
 agg1      | 48.5               
 agg2      | 68.835000          
 agg3      | 0.000000           
 agg4      | 23.875000          
-RECORD 94----------------------
 i_item_id | AAAAAAAAAFIAAAAA   
 agg1      | 72.0               
 agg2      | 84.430000          
 agg3      | 0.000000           
 agg4      | 0.000000           
-RECORD 95----------------------
 i_item_id | AAAAAAAAAFIDAAAA   
 agg1      | 40.5               
 agg2      | 45.650000          
 agg3      | 1212.090000        
 agg4      | 17.425000          
-RECORD 96----------------------
 i_item_id | AAAAAAAAAFJCAAAA   
 agg1      | 13.0               
 agg2      | 133.270000         
 agg3      | 0.000000           
 agg4      | 6.660000           
-RECORD 97----------------------
 i_item_id | AAAAAAAAAFKCAAAA   
 agg1      | 5.0                
 agg2      | 178.640000         
 agg3      | 0.000000           
 agg4      | 105.390000         
-RECORD 98----------------------
 i_item_id | AAAAAAAAAFNBAAAA   
 agg1      | 16.0               
 agg2      | 32.220000          
 agg3      | 0.000000           
 agg4      | 31.570000          
-RECORD 99----------------------
 i_item_id | AAAAAAAAAFODAAAA   
 agg1      | 59.0               
 agg2      | 88.455000          
 agg3      | 138.365000         
 agg4      | 14.180000
             