-- Automatically generated by TpcdsQueries
-RECORD 0-----------------------
 i_item_id | null               
 s_state   | null               
 g_state   | unknown            
 agg1      | 50.20319480167863  
 agg2      | 76.358588          
 agg3      | 197.423228         
 agg4      | 38.217862          
-RECORD 1-----------------------
 i_item_id | AAAAAAAAAAABAAAA   
 s_state   | null               
 g_state   | unknown            
 agg1      | 45.0               
 agg2      | 20.970000          
 agg3      | 0.000000           
 agg4      | 10.900000          
-RECORD 2-----------------------
 i_item_id | AAAAAAAAAAABAAAA   
 s_state   | TN                 
 g_state   | unknown            
 agg1      | 45.0               
 agg2      | 20.970000          
 agg3      | 0.000000           
 agg4      | 10.900000          
-RECORD 3-----------------------
 i_item_id | AAAAAAAAAAACAAAA   
 s_state   | null               
 g_state   | unknown            
 agg1      | 4.0                
 agg2      | 60.970000          
 agg3      | 0.000000           
 agg4      | 35.970000          
-RECORD 4-----------------------
 i_item_id | AAAAAAAAAAACAAAA   
 s_state   | TN                 
 g_state   | unknown            
 agg1      | 4.0                
 agg2      | 60.970000          
 agg3      | 0.000000           
 agg4      | 35.970000          
-RECORD 5-----------------------
 i_item_id | AAAAAAAAAACDAAAA   
 s_state   | null               
 g_state   | unknown            
 agg1      | 86.0               
 agg2      | 56.830000          
 agg3      | 0.000000           
 agg4      | 38.070000          
-RECORD 6-----------------------
 i_item_id | AAAAAAAAAACDAAAA   
 s_state   | TN                 
 g_state   | unknown            
 agg1      | 86.0               
 agg2      | 56.830000          
 agg3      | 0.000000           
 agg4      | 38.070000          
-RECORD 7-----------------------
 i_item_id | AAAAAAAAAADBAAAA   
 s_state   | null               
 g_state   | unknown            
 agg1      | 61.0               
 agg2      | 40.060000          
 agg3      | 0.000000           
 agg4      | 7.210000           
-RECORD 8-----------------------
 i_item_id | AAAAAAAAAADBAAAA   
 s_state   | TN                 
 g_state   | unknown            
 agg1      | 61.0               
 agg2      | 40.060000          
 agg3      | 0.000000           
 agg4      | 7.210000           
-RECORD 9-----------------------
 i_item_id | AAAAAAAAAADCAAAA   
 s_state   | null               
 g_state   | unknown            
 agg1      | 37.0               
 agg2      | 96.405000          
 agg3      | 0.000000           
 agg4      | 82.010000          
-RECORD 10----------------------
 i_item_id | AAAAAAAAAADCAAAA   
 s_state   | TN                 
 g_state   | unknown            
 agg1      | 37.0               
 agg2      | 96.405000          
 agg3      | 0.000000           
 agg4      | 82.010000          
-RECORD 11----------------------
 i_item_id | AAAAAAAAAADEAAAA   
 s_state   | null               
 g_state   | unknown            
 agg1      | 23.0               
 agg2      | 96.010000          
 agg3      | 0.000000           
 agg4      | 57.600000          
-RECORD 12----------------------
 i_item_id | AAAAAAAAAADEAAAA   
 s_state   | TN                 
 g_state   | unknown            
 agg1      | 23.0               
 agg2      | 96.010000          
 agg3      | 0.000000           
 agg4      | 57.600000          
-RECORD 13----------------------
 i_item_id | AAAAAAAAAAEDAAAA   
 s_state   | null               
 g_state   | unknown            
 agg1      | 64.0               
 agg2      | 10.940000          
 agg3      | 0.000000           
 agg4      | 10.390000          
-RECORD 14----------------------
 i_item_id | AAAAAAAAAAEDAAAA   
 s_state   | TN                 
 g_state   | unknown            
 agg1      | 64.0               
 agg2      | 10.940000          
 agg3      | 0.000000           
 agg4      | 10.390000          
-RECORD 15----------------------
 i_item_id | AAAAAAAAAAEEAAAA   
 s_state   | null               
 g_state   | unknown            
 agg1      | 65.0               
 agg2      | 97.825000          
 agg3      | 0.000000           
 agg4      | 24.320000          
-RECORD 16----------------------
 i_item_id | AAAAAAAAAAEEAAAA   
 s_state   | TN                 
 g_state   | unknown            
 agg1      | 65.0               
 agg2      | 97.825000          
 agg3      | 0.000000           
 agg4      | 24.320000          
-RECORD 17----------------------
 i_item_id | AAAAAAAAAAFAAAAA   
 s_state   | null               
 g_state   | unknown            
 agg1      | 71.0               
 agg2      | 88.080000          
 agg3      | 0.000000           
 agg4      | 10.560000          
-RECORD 18----------------------
 i_item_id | AAAAAAAAAAFAAAAA   
 s_state   | TN                 
 g_state   | unknown            
 agg1      | 71.0               
 agg2      | 88.080000          
 agg3      | 0.000000           
 agg4      | 10.560000          
-RECORD 19----------------------
 i_item_id | AAAAAAAAAAFCAAAA   
 s_state   | null               
 g_state   | unknown            
 agg1      | 21.0               
 agg2      | 72.140000          
 agg3      | 0.000000           
 agg4      | 54.725000          
-RECORD 20----------------------
 i_item_id | AAAAAAAAAAFCAAAA   
 s_state   | TN                 
 g_state   | unknown            
 agg1      | 21.0               
 agg2      | 72.140000          
 agg3      | 0.000000           
 agg4      | 54.725000          
-RECORD 21----------------------
 i_item_id | AAAAAAAAAAGBAAAA   
 s_state   | null               
 g_state   | unknown            
 agg1      | 23.0               
 agg2      | 97.980000          
 agg3      | 0.000000           
 agg4      | 45.070000          
-RECORD 22----------------------
 i_item_id | AAAAAAAAAAGBAAAA   
 s_state   | TN                 
 g_state   | unknown            
 agg1      | 23.0               
 agg2      | 97.980000          
 agg3      | 0.000000           
 agg4      | 45.070000          
-RECORD 23----------------------
 i_item_id | AAAAAAAAAAGCAAAA   
 s_state   | null               
 g_state   | unknown            
 agg1      | 30.0               
 agg2      | 62.280000          
 agg3      | 0.000000           
 agg4      | 9.340000           
-RECORD 24----------------------
 i_item_id | AAAAAAAAAAGCAAAA   
 s_state   | TN                 
 g_state   | unknown            
 agg1      | 30.0               
 agg2      | 62.280000          
 agg3      | 0.000000           
 agg4      | 9.340000           
-RECORD 25----------------------
 i_item_id | AAAAAAAAAAHAAAAA   
 s_state   | null               
 g_state   | unknown            
 agg1      | 30.0               
 agg2      | 91.910000          
 agg3      | 0.000000           
 agg4      | 52.380000          
-RECORD 26----------------------
 i_item_id | AAAAAAAAAAHAAAAA   
 s_state   | TN                 
 g_state   | unknown            
 agg1      | 30.0               
 agg2      | 91.910000          
 agg3      | 0.000000           
 agg4      | 52.380000          
-RECORD 27----------------------
 i_item_id | AAAAAAAAAAHBAAAA   
 s_state   | null               
 g_state   | unknown            
 agg1      | 76.0               
 agg2      | 30.060000          
 agg3      | 345.610000         
 agg4      | 26.750000          
-RECORD 28----------------------
 i_item_id | AAAAAAAAAAHBAAAA   
 s_state   | TN                 
 g_state   | unknown            
 agg1      | 76.0               
 agg2      | 30.060000          
 agg3      | 345.610000         
 agg4      | 26.750000          
-RECORD 29----------------------
 i_item_id | AAAAAAAAAAHDAAAA   
 s_state   | null               
 g_state   | unknown            
 agg1      | 60.0               
 agg2      | 49.390000          
 agg3      | 0.000000           
 agg4      | 19.155000          
-RECORD 30----------------------
 i_item_id | AAAAAAAAAAHDAAAA   
 s_state   | TN                 
 g_state   | unknown            
 agg1      | 60.0               
 agg2      | 49.390000          
 agg3      | 0.000000           
 agg4      | 19.155000          
-RECORD 31----------------------
 i_item_id | AAAAAAAAAAIAAAAA   
 s_state   | null               
 g_state   | unknown            
 agg1      | 65.0               
 agg2      | 115.230000         
 agg3      | 0.000000           
 agg4      | 79.555000          
-RECORD 32----------------------
 i_item_id | AAAAAAAAAAIAAAAA   
 s_state   | TN                 
 g_state   | unknown            
 agg1      | 65.0               
 agg2      | 115.230000         
 agg3      | 0.000000           
 agg4      | 79.555000          
-RECORD 33----------------------
 i_item_id | AAAAAAAAAAICAAAA   
 s_state   | null               
 g_state   | unknown            
 agg1      | 0.0                
 agg2      | null               
 agg3      | 262.480000         
 agg4      | null               
-RECORD 34----------------------
 i_item_id | AAAAAAAAAAICAAAA   
 s_state   | TN                 
 g_state   | unknown            
 agg1      | 0.0                
 agg2      | null               
 agg3      | 262.480000         
 agg4      | null               
-RECORD 35----------------------
 i_item_id | AAAAAAAAAAJCAAAA   
 s_state   | null               
 g_state   | unknown            
 agg1      | 7.0                
 agg2      | 111.745000         
 agg3      | 0.000000           
 agg4      | 82.515000          
-RECORD 36----------------------
 i_item_id | AAAAAAAAAAJCAAAA   
 s_state   | TN                 
 g_state   | unknown            
 agg1      | 7.0                
 agg2      | 111.745000         
 agg3      | 0.000000           
 agg4      | 82.515000          
-RECORD 37----------------------
 i_item_id | AAAAAAAAAAKAAAAA   
 s_state   | null               
 g_state   | unknown            
 agg1      | 31.5               
 agg2      | 51.350000          
 agg3      | 0.000000           
 agg4      | 36.555000          
-RECORD 38----------------------
 i_item_id | AAAAAAAAAAKAAAAA   
 s_state   | TN                 
 g_state   | unknown            
 agg1      | 31.5               
 agg2      | 51.350000          
 agg3      | 0.000000           
 agg4      | 36.555000          
-RECORD 39----------------------
 i_item_id | AAAAAAAAAAKBAAAA   
 s_state   | null               
 g_state   | unknown            
 agg1      | 3.0                
 agg2      | 146.600000         
 agg3      | 0.000000           
 agg4      | 105.550000         
-RECORD 40----------------------
 i_item_id | AAAAAAAAAAKBAAAA   
 s_state   | TN                 
 g_state   | unknown            
 agg1      | 3.0                
 agg2      | 146.600000         
 agg3      | 0.000000           
 agg4      | 105.550000         
-RECORD 41----------------------
 i_item_id | AAAAAAAAAAKDAAAA   
 s_state   | null               
 g_state   | unknown            
 agg1      | 69.0               
 agg2      | 34.660000          
 agg3      | 0.000000           
 agg4      | 11.090000          
-RECORD 42----------------------
 i_item_id | AAAAAAAAAAKDAAAA   
 s_state   | TN                 
 g_state   | unknown            
 agg1      | 69.0               
 agg2      | 34.660000          
 agg3      | 0.000000           
 agg4      | 11.090000          
-RECORD 43----------------------
 i_item_id | AAAAAAAAAALAAAAA   
 s_state   | null               
 g_state   | unknown            
 agg1      | 97.0               
 agg2      | 14.270000          
 agg3      | 0.000000           
 agg4      | 12.410000          
-RECORD 44----------------------
 i_item_id | AAAAAAAAAALAAAAA   
 s_state   | TN                 
 g_state   | unknown            
 agg1      | 97.0               
 agg2      | 14.270000          
 agg3      | 0.000000           
 agg4      | 12.410000          
-RECORD 45----------------------
 i_item_id | AAAAAAAAAAMBAAAA   
 s_state   | null               
 g_state   | unknown            
 agg1      | 68.5               
 agg2      | 70.250000          
 agg3      | 0.000000           
 agg4      | 34.085000          
-RECORD 46----------------------
 i_item_id | AAAAAAAAAAMBAAAA   
 s_state   | TN                 
 g_state   | unknown            
 agg1      | 68.5               
 agg2      | 70.250000          
 agg3      | 0.000000           
 agg4      | 34.085000          
-RECORD 47----------------------
 i_item_id | AAAAAAAAAAMCAAAA   
 s_state   | null               
 g_state   | unknown            
 agg1      | 51.5               
 agg2      | 73.135000          
 agg3      | 0.000000           
 agg4      | 25.570000          
-RECORD 48----------------------
 i_item_id | AAAAAAAAAAMCAAAA   
 s_state   | TN                 
 g_state   | unknown            
 agg1      | 51.5               
 agg2      | 73.135000          
 agg3      | 0.000000           
 agg4      | 25.570000          
-RECORD 49----------------------
 i_item_id | AAAAAAAAAANAAAAA   
 s_state   | null               
 g_state   | unknown            
 agg1      | 50.5               
 agg2      | 29.315000          
 agg3      | 9.580000           
 agg4      | 15.805000          
-RECORD 50----------------------
 i_item_id | AAAAAAAAAANAAAAA   
 s_state   | TN                 
 g_state   | unknown            
 agg1      | 50.5               
 agg2      | 29.315000          
 agg3      | 9.580000           
 agg4      | 15.805000          
-RECORD 51----------------------
 i_item_id | AAAAAAAAAAOCAAAA   
 s_state   | null               
 g_state   | unknown            
 agg1      | 1.0                
 agg2      | 74.630000          
 agg3      | 0.000000           
 agg4      | 19.400000          
-RECORD 52----------------------
 i_item_id | AAAAAAAAAAOCAAAA   
 s_state   | TN                 
 g_state   | unknown            
 agg1      | 1.0                
 agg2      | 74.630000          
 agg3      | 0.000000           
 agg4      | 19.400000          
-RECORD 53----------------------
 i_item_id | AAAAAAAAAAODAAAA   
 s_state   | null               
 g_state   | unknown            
 agg1      | 66.33333333333333  
 agg2      | 52.823333          
 agg3      | 1793.560000        
 agg4      | 28.406667          
-RECORD 54----------------------
 i_item_id | AAAAAAAAAAODAAAA   
 s_state   | TN                 
 g_state   | unknown            
 agg1      | 66.33333333333333  
 agg2      | 52.823333          
 agg3      | 1793.560000        
 agg4      | 28.406667          
-RECORD 55----------------------
 i_item_id | AAAAAAAAAAPBAAAA   
 s_state   | null               
 g_state   | unknown            
 agg1      | 17.0               
 agg2      | 167.070000         
 agg3      | 0.000000           
 agg4      | 40.090000          
-RECORD 56----------------------
 i_item_id | AAAAAAAAAAPBAAAA   
 s_state   | TN                 
 g_state   | unknown            
 agg1      | 17.0               
 agg2      | 167.070000         
 agg3      | 0.000000           
 agg4      | 40.090000          
-RECORD 57----------------------
 i_item_id | AAAAAAAAABAAAAAA   
 s_state   | null               
 g_state   | unknown            
 agg1      | 79.0               
 agg2      | 48.110000          
 agg3      | 0.000000           
 agg4      | 14.430000          
-RECORD 58----------------------
 i_item_id | AAAAAAAAABAAAAAA   
 s_state   | TN                 
 g_state   | unknown            
 agg1      | 79.0               
 agg2      | 48.110000          
 agg3      | 0.000000           
 agg4      | 14.430000          
-RECORD 59----------------------
 i_item_id | AAAAAAAAABAEAAAA   
 s_state   | null               
 g_state   | unknown            
 agg1      | 16.5               
 agg2      | 26.370000          
 agg3      | 0.000000           
 agg4      | 9.325000           
-RECORD 60----------------------
 i_item_id | AAAAAAAAABAEAAAA   
 s_state   | TN                 
 g_state   | unknown            
 agg1      | 16.5               
 agg2      | 26.370000          
 agg3      | 0.000000           
 agg4      | 9.325000           
-RECORD 61----------------------
 i_item_id | AAAAAAAAABCBAAAA   
 s_state   | null               
 g_state   | unknown            
 agg1      | 32.0               
 agg2      | 98.600000          
 agg3      | 0.000000           
 agg4      | 46.340000          
-RECORD 62----------------------
 i_item_id | AAAAAAAAABCBAAAA   
 s_state   | TN                 
 g_state   | unknown            
 agg1      | 32.0               
 agg2      | 98.600000          
 agg3      | 0.000000           
 agg4      | 46.340000          
-RECORD 63----------------------
 i_item_id | AAAAAAAAABFCAAAA   
 s_state   | null               
 g_state   | unknown            
 agg1      | 24.0               
 agg2      | 101.420000         
 agg3      | 0.000000           
 agg4      | 3.040000           
-RECORD 64----------------------
 i_item_id | AAAAAAAAABFCAAAA   
 s_state   | TN                 
 g_state   | unknown            
 agg1      | 24.0               
 agg2      | 101.420000         
 agg3      | 0.000000           
 agg4      | 3.040000           
-RECORD 65----------------------
 i_item_id | AAAAAAAAABFEAAAA   
 s_state   | null               
 g_state   | unknown            
 agg1      | 34.5               
 agg2      | 42.490000          
 agg3      | 131.055000         
 agg4      | 15.505000          
-RECORD 66----------------------
 i_item_id | AAAAAAAAABFEAAAA   
 s_state   | TN                 
 g_state   | unknown            
 agg1      | 34.5               
 agg2      | 42.490000          
 agg3      | 131.055000         
 agg4      | 15.505000          
-RECORD 67----------------------
 i_item_id | AAAAAAAAABGAAAAA   
 s_state   | null               
 g_state   | unknown            
 agg1      | 57.666666666666664 
 agg2      | 94.343333          
 agg3      | 569.626667         
 agg4      | 56.296667          
-RECORD 68----------------------
 i_item_id | AAAAAAAAABGAAAAA   
 s_state   | TN                 
 g_state   | unknown            
 agg1      | 57.666666666666664 
 agg2      | 94.343333          
 agg3      | 569.626667         
 agg4      | 56.296667          
-RECORD 69----------------------
 i_item_id | AAAAAAAAABHCAAAA   
 s_state   | null               
 g_state   | unknown            
 agg1      | 58.0               
 agg2      | 38.370000          
 agg3      | 0.000000           
 agg4      | 16.880000          
-RECORD 70----------------------
 i_item_id | AAAAAAAAABHCAAAA   
 s_state   | TN                 
 g_state   | unknown            
 agg1      | 58.0               
 agg2      | 38.370000          
 agg3      | 0.000000           
 agg4      | 16.880000          
-RECORD 71----------------------
 i_item_id | AAAAAAAAABHDAAAA   
 s_state   | null               
 g_state   | unknown            
 agg1      | 43.0               
 agg2      | 10.290000          
 agg3      | 0.000000           
 agg4      | 3.800000           
-RECORD 72----------------------
 i_item_id | AAAAAAAAABHDAAAA   
 s_state   | TN                 
 g_state   | unknown            
 agg1      | 43.0               
 agg2      | 10.290000          
 agg3      | 0.000000           
 agg4      | 3.800000           
-RECORD 73----------------------
 i_item_id | AAAAAAAAABIBAAAA   
 s_state   | null               
 g_state   | unknown            
 agg1      | 60.25              
 agg2      | 74.462500          
 agg3      | 0.000000           
 agg4      | 58.247500          
-RECORD 74----------------------
 i_item_id | AAAAAAAAABIBAAAA   
 s_state   | TN                 
 g_state   | unknown            
 agg1      | 60.25              
 agg2      | 74.462500          
 agg3      | 0.000000           
 agg4      | 58.247500          
-RECORD 75----------------------
 i_item_id | AAAAAAAAABJDAAAA   
 s_state   | null               
 g_state   | unknown            
 agg1      | 64.5               
 agg2      | 28.405000          
 agg3      | 0.000000           
 agg4      | 22.080000          
-RECORD 76----------------------
 i_item_id | AAAAAAAAABJDAAAA   
 s_state   | TN                 
 g_state   | unknown            
 agg1      | 64.5               
 agg2      | 28.405000          
 agg3      | 0.000000           
 agg4      | 22.080000          
-RECORD 77----------------------
 i_item_id | AAAAAAAAABKCAAAA   
 s_state   | null               
 g_state   | unknown            
 agg1      | 69.0               
 agg2      | 44.880000          
 agg3      | 518.585000         
 agg4      | 18.855000          
-RECORD 78----------------------
 i_item_id | AAAAAAAAABKCAAAA   
 s_state   | TN                 
 g_state   | unknown            
 agg1      | 69.0               
 agg2      | 44.880000          
 agg3      | 518.585000         
 agg4      | 18.855000          
-RECORD 79----------------------
 i_item_id | AAAAAAAAABLBAAAA   
 s_state   | null               
 g_state   | unknown            
 agg1      | 18.0               
 agg2      | 43.495000          
 agg3      | 0.000000           
 agg4      | 24.660000          
-RECORD 80----------------------
 i_item_id | AAAAAAAAABLBAAAA   
 s_state   | TN                 
 g_state   | unknown            
 agg1      | 18.0               
 agg2      | 43.495000          
 agg3      | 0.000000           
 agg4      | 24.660000          
-RECORD 81----------------------
 i_item_id | AAAAAAAAABLCAAAA   
 s_state   | null               
 g_state   | unknown            
 agg1      | 6.0                
 agg2      | 102.740000         
 agg3      | 0.000000           
 agg4      | 90.410000          
-RECORD 82----------------------
 i_item_id | AAAAAAAAABLCAAAA   
 s_state   | TN                 
 g_state   | unknown            
 agg1      | 6.0                
 agg2      | 102.740000         
 agg3      | 0.000000           
 agg4      | 90.410000          
-RECORD 83----------------------
 i_item_id | AAAAAAAAABMDAAAA   
 s_state   | null               
 g_state   | unknown            
 agg1      | 50.5               
 agg2      | 32.745000          
 agg3      | 0.000000           
 agg4      | 12.005000          
-RECORD 84----------------------
 i_item_id | AAAAAAAAABMDAAAA   
 s_state   | TN                 
 g_state   | unknown            
 agg1      | 50.5               
 agg2      | 32.745000          
 agg3      | 0.000000           
 agg4      | 12.005000          
-RECORD 85----------------------
 i_item_id | AAAAAAAAABNAAAAA   
 s_state   | null               
 g_state   | unknown            
 agg1      | 85.0               
 agg2      | 31.880000          
 agg3      | 0.000000           
 agg4      | 5.100000           
-RECORD 86----------------------
 i_item_id | AAAAAAAAABNAAAAA   
 s_state   | TN                 
 g_state   | unknown            
 agg1      | 85.0               
 agg2      | 31.880000          
 agg3      | 0.000000           
 agg4      | 5.100000           
-RECORD 87----------------------
 i_item_id | AAAAAAAAABOCAAAA   
 s_state   | null               
 g_state   | unknown            
 agg1      | 60.0               
 agg2      | 113.590000         
 agg3      | 51.520000          
 agg4      | 1.130000           
-RECORD 88----------------------
 i_item_id | AAAAAAAAABOCAAAA   
 s_state   | TN                 
 g_state   | unknown            
 agg1      | 60.0               
 agg2      | 113.590000         
 agg3      | 51.520000          
 agg4      | 1.130000           
-RECORD 89----------------------
 i_item_id | AAAAAAAAABPAAAAA   
 s_state   | null               
 g_state   | unknown            
 agg1      | 55.0               
 agg2      | 89.150000          
 agg3      | 3442.050000        
 agg4      | 76.440000          
-RECORD 90----------------------
 i_item_id | AAAAAAAAABPAAAAA   
 s_state   | TN                 
 g_state   | unknown            
 agg1      | 55.0               
 agg2      | 89.150000          
 agg3      | 3442.050000        
 agg4      | 76.440000          
-RECORD 91----------------------
 i_item_id | AAAAAAAAABPBAAAA   
 s_state   | null               
 g_state   | unknown            
 agg1      | 80.0               
 agg2      | 16.010000          
 agg3      | 0.000000           
 agg4      | 9.440000           
-RECORD 92----------------------
 i_item_id | AAAAAAAAABPBAAAA   
 s_state   | TN                 
 g_state   | unknown            
 agg1      | 80.0               
 agg2      | 16.010000          
 agg3      | 0.000000           
 agg4      | 9.440000           
-RECORD 93----------------------
 i_item_id | AAAAAAAAABPDAAAA   
 s_state   | null               
 g_state   | unknown            
 agg1      | 73.0               
 agg2      | 112.940000         
 agg3      | 2248.960000        
 agg4      | 99.380000          
-RECORD 94----------------------
 i_item_id | AAAAAAAAABPDAAAA   
 s_state   | TN                 
 g_state   | unknown            
 agg1      | 73.0               
 agg2      | 112.940000         
 agg3      | 2248.960000        
 agg4      | 99.380000          
-RECORD 95----------------------
 i_item_id | AAAAAAAAACAAAAAA   
 s_state   | null               
 g_state   | unknown            
 agg1      | 61.0               
 agg2      | 101.820000         
 agg3      | 0.000000           
 agg4      | 90.610000          
-RECORD 96----------------------
 i_item_id | AAAAAAAAACAAAAAA   
 s_state   | TN                 
 g_state   | unknown            
 agg1      | 61.0               
 agg2      | 101.820000         
 agg3      | 0.000000           
 agg4      | 90.610000          
-RECORD 97----------------------
 i_item_id | AAAAAAAAACACAAAA   
 s_state   | null               
 g_state   | unknown            
 agg1      | 86.0               
 agg2      | 101.500000         
 agg3      | 0.000000           
 agg4      | 57.850000          
-RECORD 98----------------------
 i_item_id | AAAAAAAAACACAAAA   
 s_state   | TN                 
 g_state   | unknown            
 agg1      | 86.0               
 agg2      | 101.500000         
 agg3      | 0.000000           
 agg4      | 57.850000          
-RECORD 99----------------------
 i_item_id | AAAAAAAAACADAAAA   
 s_state   | null               
 g_state   | unknown            
 agg1      | 65.0               
 agg2      | 97.210000          
 agg3      | 0.000000           
 agg4      | 83.595000
             