-- Automatically generated by TpcdsQueries
-RECORD 0------------------------
 d_year   | 1998                 
 brand_id | 1004001              
 brand    | edu packamalg #1     
 sum_agg  | 65716.37             
-RECORD 1------------------------
 d_year   | 1998                 
 brand_id | 10001008             
 brand    | amalgunivamalg #8    
 sum_agg  | 34140.78             
-RECORD 2------------------------
 d_year   | 1998                 
 brand_id | 8012001              
 brand    | importomaxi #1       
 sum_agg  | 32669.34             
-RECORD 3------------------------
 d_year   | 1998                 
 brand_id | 2004001              
 brand    | edu packimporto #1   
 sum_agg  | 25130.97             
-RECORD 4------------------------
 d_year   | 1998                 
 brand_id | 10003014             
 brand    | exportiunivamalg #14 
 sum_agg  | 23720.25             
-RECORD 5------------------------
 d_year   | 1998                 
 brand_id | 5004001              
 brand    | edu packscholar #1   
 sum_agg  | 23713.55             
-RECORD 6------------------------
 d_year   | 1998                 
 brand_id | 9002008              
 brand    | importomaxi #8       
 sum_agg  | 22002.12             
-RECORD 7------------------------
 d_year   | 1998                 
 brand_id | 3003001              
 brand    | exportiexporti #1    
 sum_agg  | 21596.96             
-RECORD 8------------------------
 d_year   | 1998                 
 brand_id | 8014004              
 brand    | edu packmaxi #4      
 sum_agg  | 20442.12             
-RECORD 9------------------------
 d_year   | 1998                 
 brand_id | 9009005              
 brand    | maximaxi #5          
 sum_agg  | 19866.63             
-RECORD 10-----------------------
 d_year   | 1998                 
 brand_id | 3002001              
 brand    | importoexporti #1    
 sum_agg  | 17347.94             
-RECORD 11-----------------------
 d_year   | 1998                 
 brand_id | 3001001              
 brand    | amalgexporti #1      
 sum_agg  | 16882.10             
-RECORD 12-----------------------
 d_year   | 1998                 
 brand_id | 2003001              
 brand    | exportiimporto #1    
 sum_agg  | 13095.00             
-RECORD 13-----------------------
 d_year   | 1998                 
 brand_id | 8010001              
 brand    | univmaxi #1          
 sum_agg  | 12408.22             
-RECORD 14-----------------------
 d_year   | 1998                 
 brand_id | 8007001              
 brand    | brandnameless #1     
 sum_agg  | 12021.05             
-RECORD 15-----------------------
 d_year   | 1998                 
 brand_id | 6005005              
 brand    | scholarcorp #5       
 sum_agg  | 10366.33             
-RECORD 16-----------------------
 d_year   | 1998                 
 brand_id | 8013008              
 brand    | exportimaxi #8       
 sum_agg  | 10008.30             
-RECORD 17-----------------------
 d_year   | 1998                 
 brand_id | 10008008             
 brand    | namelessunivamalg #8 
 sum_agg  | 7909.24              
-RECORD 18-----------------------
 d_year   | 1998                 
 brand_id | 1003002              
 brand    | exportiamalg #2      
 sum_agg  | 5046.65              
-RECORD 19-----------------------
 d_year   | 1999                 
 brand_id | 1004001              
 brand    | edu packamalg #1     
 sum_agg  | 72111.20             
-RECORD 20-----------------------
 d_year   | 1999                 
 brand_id | 8012001              
 brand    | importomaxi #1       
 sum_agg  | 45932.95             
-RECORD 21-----------------------
 d_year   | 1999                 
 brand_id | 9009005              
 brand    | maximaxi #5          
 sum_agg  | 32382.90             
-RECORD 22-----------------------
 d_year   | 1999                 
 brand_id | 1003002              
 brand    | exportiamalg #2      
 sum_agg  | 28586.32             
-RECORD 23-----------------------
 d_year   | 1999                 
 brand_id | 8007001              
 brand    | brandnameless #1     
 sum_agg  | 27105.57             
-RECORD 24-----------------------
 d_year   | 1999                 
 brand_id | 9002008              
 brand    | importomaxi #8       
 sum_agg  | 26746.44             
-RECORD 25-----------------------
 d_year   | 1999                 
 brand_id | 5004001              
 brand    | edu packscholar #1   
 sum_agg  | 25906.67             
-RECORD 26-----------------------
 d_year   | 1999                 
 brand_id | 8010001              
 brand    | univmaxi #1          
 sum_agg  | 23297.75             
-RECORD 27-----------------------
 d_year   | 1999                 
 brand_id | 8013008              
 brand    | exportimaxi #8       
 sum_agg  | 20896.22             
-RECORD 28-----------------------
 d_year   | 1999                 
 brand_id | 2004001              
 brand    | edu packimporto #1   
 sum_agg  | 18025.93             
-RECORD 29-----------------------
 d_year   | 1999                 
 brand_id | 10003014             
 brand    | exportiunivamalg #14 
 sum_agg  | 16211.31             
-RECORD 30-----------------------
 d_year   | 1999                 
 brand_id | 8014004              
 brand    | edu packmaxi #4      
 sum_agg  | 15207.49             
-RECORD 31-----------------------
 d_year   | 1999                 
 brand_id | 3001001              
 brand    | amalgexporti #1      
 sum_agg  | 13536.73             
-RECORD 32-----------------------
 d_year   | 1999                 
 brand_id | 10001008             
 brand    | amalgunivamalg #8    
 sum_agg  | 12980.62             
-RECORD 33-----------------------
 d_year   | 1999                 
 brand_id | 3003001              
 brand    | exportiexporti #1    
 sum_agg  | 12753.61             
-RECORD 34-----------------------
 d_year   | 1999                 
 brand_id | 10008008             
 brand    | namelessunivamalg #8 
 sum_agg  | 12446.57             
-RECORD 35-----------------------
 d_year   | 1999                 
 brand_id | 2003001              
 brand    | exportiimporto #1    
 sum_agg  | 11284.94             
-RECORD 36-----------------------
 d_year   | 1999                 
 brand_id | 3002001              
 brand    | importoexporti #1    
 sum_agg  | 9820.44              
-RECORD 37-----------------------
 d_year   | 1999                 
 brand_id | 6005005              
 brand    | scholarcorp #5       
 sum_agg  | 5487.63              
-RECORD 38-----------------------
 d_year   | 2000                 
 brand_id | 3002001              
 brand    | importoexporti #1    
 sum_agg  | 49567.04             
-RECORD 39-----------------------
 d_year   | 2000                 
 brand_id | 1004001              
 brand    | edu packamalg #1     
 sum_agg  | 35173.68             
-RECORD 40-----------------------
 d_year   | 2000                 
 brand_id | 6006004              
 brand    | corpcorp #4          
 sum_agg  | 31206.02             
-RECORD 41-----------------------
 d_year   | 2000                 
 brand_id | 1003002              
 brand    | exportiamalg #2      
 sum_agg  | 30500.97             
-RECORD 42-----------------------
 d_year   | 2000                 
 brand_id | 6005005              
 brand    | scholarcorp #5       
 sum_agg  | 30270.09             
-RECORD 43-----------------------
 d_year   | 2000                 
 brand_id | 9001012              
 brand    | amalgmaxi #12        
 sum_agg  | 29107.66             
-RECORD 44-----------------------
 d_year   | 2000                 
 brand_id | 8012001              
 brand    | importomaxi #1       
 sum_agg  | 26610.58             
-RECORD 45-----------------------
 d_year   | 2000                 
 brand_id | 5004001              
 brand    | edu packscholar #1   
 sum_agg  | 26200.25             
-RECORD 46-----------------------
 d_year   | 2000                 
 brand_id | 10003014             
 brand    | exportiunivamalg #14 
 sum_agg  | 23018.57             
-RECORD 47-----------------------
 d_year   | 2000                 
 brand_id | 3001001              
 brand    | amalgexporti #1      
 sum_agg  | 20499.18             
-RECORD 48-----------------------
 d_year   | 2000                 
 brand_id | 2004001              
 brand    | edu packimporto #1   
 sum_agg  | 19982.58             
-RECORD 49-----------------------
 d_year   | 2000                 
 brand_id | 10015010             
 brand    | importoedu pack #2   
 sum_agg  | 18697.08             
-RECORD 50-----------------------
 d_year   | 2000                 
 brand_id | 8007001              
 brand    | brandnameless #1     
 sum_agg  | 17315.93             
-RECORD 51-----------------------
 d_year   | 2000                 
 brand_id | 8014004              
 brand    | edu packmaxi #4      
 sum_agg  | 16235.88             
-RECORD 52-----------------------
 d_year   | 2000                 
 brand_id | 3003001              
 brand    | exportiexporti #1    
 sum_agg  | 14272.86             
-RECORD 53-----------------------
 d_year   | 2000                 
 brand_id | 8013008              
 brand    | exportimaxi #8       
 sum_agg  | 10570.32             
-RECORD 54-----------------------
 d_year   | 2000                 
 brand_id | 9002008              
 brand    | importomaxi #8       
 sum_agg  | 10262.91             
-RECORD 55-----------------------
 d_year   | 2001                 
 brand_id | 1003002              
 brand    | exportiamalg #2      
 sum_agg  | 36559.22             
-RECORD 56-----------------------
 d_year   | 2001                 
 brand_id | 9002008              
 brand    | importomaxi #8       
 sum_agg  | 25301.41             
-RECORD 57-----------------------
 d_year   | 2001                 
 brand_id | 8013008              
 brand    | exportimaxi #8       
 sum_agg  | 21069.43             
-RECORD 58-----------------------
 d_year   | 2001                 
 brand_id | 6005003              
 brand    | importoamalg #2      
 sum_agg  | 20705.88             
-RECORD 59-----------------------
 d_year   | 2001                 
 brand_id | 9001012              
 brand    | amalgmaxi #12        
 sum_agg  | 18795.96             
-RECORD 60-----------------------
 d_year   | 2001                 
 brand_id | 8012001              
 brand    | exportiedu pack #2   
 sum_agg  | 18477.27             
-RECORD 61-----------------------
 d_year   | 2001                 
 brand_id | 6006004              
 brand    | corpcorp #4          
 sum_agg  | 18283.57             
-RECORD 62-----------------------
 d_year   | 2001                 
 brand_id | 9003010              
 brand    | exportimaxi #10      
 sum_agg  | 17793.12             
-RECORD 63-----------------------
 d_year   | 2001                 
 brand_id | 3002001              
 brand    | scholarmaxi #8       
 sum_agg  | 17206.42             
-RECORD 64-----------------------
 d_year   | 2001                 
 brand_id | 10003014             
 brand    | exportiunivamalg #14 
 sum_agg  | 15781.84             
-RECORD 65-----------------------
 d_year   | 2001                 
 brand_id | 10001003             
 brand    | edu packamalg #2     
 sum_agg  | 15683.42             
-RECORD 66-----------------------
 d_year   | 2001                 
 brand_id | 8014004              
 brand    | edu packmaxi #4      
 sum_agg  | 13108.20             
-RECORD 67-----------------------
 d_year   | 2001                 
 brand_id | 10015010             
 brand    | importoedu pack #2   
 sum_agg  | 11683.34             
-RECORD 68-----------------------
 d_year   | 2001                 
 brand_id | 2002002              
 brand    | importoimporto #2    
 sum_agg  | 8532.67              
-RECORD 69-----------------------
 d_year   | 2002                 
 brand_id | 1003002              
 brand    | exportiamalg #2      
 sum_agg  | 53079.32             
-RECORD 70-----------------------
 d_year   | 2002                 
 brand_id | 9002008              
 brand    | importomaxi #8       
 sum_agg  | 39552.73             
-RECORD 71-----------------------
 d_year   | 2002                 
 brand_id | 3002001              
 brand    | scholarmaxi #8       
 sum_agg  | 38802.50             
-RECORD 72-----------------------
 d_year   | 2002                 
 brand_id | 9003010              
 brand    | exportimaxi #10      
 sum_agg  | 36257.87             
-RECORD 73-----------------------
 d_year   | 2002                 
 brand_id | 5002001              
 brand    | importoscholar #1    
 sum_agg  | 36116.22             
-RECORD 74-----------------------
 d_year   | 2002                 
 brand_id | 10015010             
 brand    | amalgunivamalg #12   
 sum_agg  | 28522.27             
-RECORD 75-----------------------
 d_year   | 2002                 
 brand_id | 8012001              
 brand    | exportiedu pack #2   
 sum_agg  | 27777.47             
-RECORD 76-----------------------
 d_year   | 2002                 
 brand_id | 8013008              
 brand    | exportimaxi #8       
 sum_agg  | 23919.27             
-RECORD 77-----------------------
 d_year   | 2002                 
 brand_id | 2002002              
 brand    | importoimporto #2    
 sum_agg  | 21849.78             
-RECORD 78-----------------------
 d_year   | 2002                 
 brand_id | 8014004              
 brand    | edu packmaxi #4      
 sum_agg  | 19276.30             
-RECORD 79-----------------------
 d_year   | 2002                 
 brand_id | 10001003             
 brand    | edu packamalg #2     
 sum_agg  | 13837.38             
-RECORD 80-----------------------
 d_year   | 2002                 
 brand_id | 10003014             
 brand    | exportiunivamalg #14 
 sum_agg  | 13106.68             
-RECORD 81-----------------------
 d_year   | 2002                 
 brand_id | 9015001              
 brand    | scholarunivamalg #1  
 sum_agg  | 11700.36             
-RECORD 82-----------------------
 d_year   | 2002                 
 brand_id | 6005003              
 brand    | importoamalg #2      
 sum_agg  | 6367.68
             