-- Automatically generated by TpcdsQueries
-RECORD 0-------------------------------------------------------
 c_customer_id         | AAAAAAAAABEBBAAA                       
 c_salutation          | Sir                                    
 c_first_name          | Carlton                                
 c_last_name           | Miles                                  
 c_preferred_cust_flag | N                                      
 c_birth_day           | 23                                     
 c_birth_month         | 9                                      
 c_birth_year          | 1957                                   
 c_birth_country       | MALI                                   
 c_login               | null                                   
 c_email_address       | Carlton.Miles@4DbIUoznbr.org           
 c_last_review_date    | 2452588                                
 ctr_total_return      | 12916.86                               
-RECORD 1-------------------------------------------------------
 c_customer_id         | AAAAAAAAABKGBAAA                       
 c_salutation          | Miss                                   
 c_first_name          | Sharee                                 
 c_last_name           | Stevens                                
 c_preferred_cust_flag | Y                                      
 c_birth_day           | 15                                     
 c_birth_month         | 8                                      
 c_birth_year          | 1992                                   
 c_birth_country       | SLOVAKIA                               
 c_login               | null                                   
 c_email_address       | Sharee.Stevens@Z.edu                   
 c_last_review_date    | 2452492                                
 ctr_total_return      | 2480.80                                
-RECORD 2-------------------------------------------------------
 c_customer_id         | AAAAAAAAAEIPAAAA                       
 c_salutation          | Mr.                                    
 c_first_name          | Chris                                  
 c_last_name           | Ryan                                   
 c_preferred_cust_flag | Y                                      
 c_birth_day           | 23                                     
 c_birth_month         | 4                                      
 c_birth_year          | 1931                                   
 c_birth_country       | TURKMENISTAN                           
 c_login               | null                                   
 c_email_address       | Chris.Ryan@QlH9G0fkAR5.org             
 c_last_review_date    | 2452443                                
 ctr_total_return      | 3469.95                                
-RECORD 3-------------------------------------------------------
 c_customer_id         | AAAAAAAAAHNKAAAA                       
 c_salutation          | Sir                                    
 c_first_name          | Scott                                  
 c_last_name           | Garcia                                 
 c_preferred_cust_flag | N                                      
 c_birth_day           | 19                                     
 c_birth_month         | 10                                     
 c_birth_year          | 1952                                   
 c_birth_country       | WALLIS AND FUTUNA                      
 c_login               | null                                   
 c_email_address       | Scott.Garcia@3pd6mnJYbKxb.org          
 c_last_review_date    | 2452611                                
 ctr_total_return      | 2944.24                                
-RECORD 4-------------------------------------------------------
 c_customer_id         | AAAAAAAAAJDABAAA                       
 c_salutation          | Sir                                    
 c_first_name          | Gerald                                 
 c_last_name           | Monroe                                 
 c_preferred_cust_flag | Y                                      
 c_birth_day           | 19                                     
 c_birth_month         | 5                                      
 c_birth_year          | 1985                                   
 c_birth_country       | LIECHTENSTEIN                          
 c_login               | null                                   
 c_email_address       | Gerald.Monroe@opYT.org                 
 c_last_review_date    | 2452632                                
 ctr_total_return      | 4030.41                                
-RECORD 5-------------------------------------------------------
 c_customer_id         | AAAAAAAAAJJBAAAA                       
 c_salutation          | Sir                                    
 c_first_name          | Jose                                   
 c_last_name           | Garcia                                 
 c_preferred_cust_flag | Y                                      
 c_birth_day           | 11                                     
 c_birth_month         | 6                                      
 c_birth_year          | 1977                                   
 c_birth_country       | AMERICAN SAMOA                         
 c_login               | null                                   
 c_email_address       | Jose.Garcia@n1VrEIOg4f.com             
 c_last_review_date    | 2452406                                
 ctr_total_return      | 4131.05                                
-RECORD 6-------------------------------------------------------
 c_customer_id         | AAAAAAAAALNKAAAA                       
 c_salutation          | Dr.                                    
 c_first_name          | Wanda                                  
 c_last_name           | Devries                                
 c_preferred_cust_flag | N                                      
 c_birth_day           | 6                                      
 c_birth_month         | 2                                      
 c_birth_year          | 1953                                   
 c_birth_country       | YEMEN                                  
 c_login               | null                                   
 c_email_address       | Wanda.Devries@lzbOovP.com              
 c_last_review_date    | 2452411                                
 ctr_total_return      | 3197.25                                
-RECORD 7-------------------------------------------------------
 c_customer_id         | AAAAAAAAANPAAAAA                       
 c_salutation          | null                                   
 c_first_name          | null                                   
 c_last_name           | Sanders                                
 c_preferred_cust_flag | null                                   
 c_birth_day           | 12                                     
 c_birth_month         | 10                                     
 c_birth_year          | 0                                      
 c_birth_country       | null                                   
 c_login               | null                                   
 c_email_address       | null                                   
 c_last_review_date    | 2452646                                
 ctr_total_return      | 2091.90                                
-RECORD 8-------------------------------------------------------
 c_customer_id         | AAAAAAAAAOKPAAAA                       
 c_salutation          | Mr.                                    
 c_first_name          | Brandon                                
 c_last_name           | Foster                                 
 c_preferred_cust_flag | N                                      
 c_birth_day           | 28                                     
 c_birth_month         | 4                                      
 c_birth_year          | 1992                                   
 c_birth_country       | FRENCH POLYNESIA                       
 c_login               | null                                   
 c_email_address       | Brandon.Foster@vKi8eFToOZHK.org        
 c_last_review_date    | 2452527                                
 ctr_total_return      | 3706.08                                
-RECORD 9-------------------------------------------------------
 c_customer_id         | AAAAAAAABBEDAAAA                       
 c_salutation          | Mr.                                    
 c_first_name          | James                                  
 c_last_name           | Pantoja                                
 c_preferred_cust_flag | Y                                      
 c_birth_day           | 5                                      
 c_birth_month         | 12                                     
 c_birth_year          | 1982                                   
 c_birth_country       | NEPAL                                  
 c_login               | null                                   
 c_email_address       | James.Pantoja@LTZLj3ddIvIG0.edu        
 c_last_review_date    | 2452503                                
 ctr_total_return      | 5668.25                                
-RECORD 10------------------------------------------------------
 c_customer_id         | AAAAAAAABBIHAAAA                       
 c_salutation          | Ms.                                    
 c_first_name          | Sherry                                 
 c_last_name           | Kennedy                                
 c_preferred_cust_flag | Y                                      
 c_birth_day           | 3                                      
 c_birth_month         | 8                                      
 c_birth_year          | 1984                                   
 c_birth_country       | MOZAMBIQUE                             
 c_login               | null                                   
 c_email_address       | Sherry.Kennedy@9hhBNI6.edu             
 c_last_review_date    | 2452481                                
 ctr_total_return      | 1561.14                                
-RECORD 11------------------------------------------------------
 c_customer_id         | AAAAAAAABBJMAAAA                       
 c_salutation          | null                                   
 c_first_name          | Paul                                   
 c_last_name           | Lindsey                                
 c_preferred_cust_flag | N                                      
 c_birth_day           | 0                                      
 c_birth_month         | 10                                     
 c_birth_year          | 0                                      
 c_birth_country       | null                                   
 c_login               | null                                   
 c_email_address       | Paul.Lindsey@bQo8Zt9XStF.edu           
 c_last_review_date    | null                                   
 ctr_total_return      | 3139.50                                
-RECORD 12------------------------------------------------------
 c_customer_id         | AAAAAAAABBNFBAAA                       
 c_salutation          | Mrs.                                   
 c_first_name          | Nellie                                 
 c_last_name           | Johnson                                
 c_preferred_cust_flag | Y                                      
 c_birth_day           | 14                                     
 c_birth_month         | 6                                      
 c_birth_year          | 1962                                   
 c_birth_country       | BAHRAIN                                
 c_login               | null                                   
 c_email_address       | Nellie.Johnson@U.com                   
 c_last_review_date    | 2452411                                
 ctr_total_return      | 1609.90                                
-RECORD 13------------------------------------------------------
 c_customer_id         | AAAAAAAABDKOAAAA                       
 c_salutation          | Dr.                                    
 c_first_name          | Vernita                                
 c_last_name           | Bennett                                
 c_preferred_cust_flag | Y                                      
 c_birth_day           | 12                                     
 c_birth_month         | 3                                      
 c_birth_year          | 1955                                   
 c_birth_country       | NICARAGUA                              
 c_login               | null                                   
 c_email_address       | Vernita.Bennett@u2QKJHt.com            
 c_last_review_date    | 2452352                                
 ctr_total_return      | 11315.85                               
-RECORD 14------------------------------------------------------
 c_customer_id         | AAAAAAAABEJLAAAA                       
 c_salutation          | Mr.                                    
 c_first_name          | Abel                                   
 c_last_name           | Lucero                                 
 c_preferred_cust_flag | N                                      
 c_birth_day           | 15                                     
 c_birth_month         | 9                                      
 c_birth_year          | 1930                                   
 c_birth_country       | CAPE VERDE                             
 c_login               | null                                   
 c_email_address       | Abel.Lucero@txdlc3sekSyj7mLokv.org     
 c_last_review_date    | 2452461                                
 ctr_total_return      | 4524.56                                
-RECORD 15------------------------------------------------------
 c_customer_id         | AAAAAAAABFFHBAAA                       
 c_salutation          | Mrs.                                   
 c_first_name          | Arlene                                 
 c_last_name           | Parrish                                
 c_preferred_cust_flag | N                                      
 c_birth_day           | 18                                     
 c_birth_month         | 9                                      
 c_birth_year          | 1957                                   
 c_birth_country       | MALAWI                                 
 c_login               | null                                   
 c_email_address       | Arlene.Parrish@m5lX3mTVhbxAEz.org      
 c_last_review_date    | 2452433                                
 ctr_total_return      | 3184.72                                
-RECORD 16------------------------------------------------------
 c_customer_id         | AAAAAAAABGCFBAAA                       
 c_salutation          | Sir                                    
 c_first_name          | Alberto                                
 c_last_name           | Whitney                                
 c_preferred_cust_flag | Y                                      
 c_birth_day           | 20                                     
 c_birth_month         | 5                                      
 c_birth_year          | 1946                                   
 c_birth_country       | MALAYSIA                               
 c_login               | null                                   
 c_email_address       | Alberto.Whitney@En6lzc8TlV7vF.org      
 c_last_review_date    | 2452496                                
 ctr_total_return      | 3806.56                                
-RECORD 17------------------------------------------------------
 c_customer_id         | AAAAAAAABHAGBAAA                       
 c_salutation          | Mrs.                                   
 c_first_name          | Minnie                                 
 c_last_name           | Thompson                               
 c_preferred_cust_flag | N                                      
 c_birth_day           | 1                                      
 c_birth_month         | 8                                      
 c_birth_year          | 1976                                   
 c_birth_country       | NEW ZEALAND                            
 c_login               | null                                   
 c_email_address       | Minnie.Thompson@7u.org                 
 c_last_review_date    | 2452558                                
 ctr_total_return      | 1871.31                                
-RECORD 18------------------------------------------------------
 c_customer_id         | AAAAAAAABLMCAAAA                       
 c_salutation          | Dr.                                    
 c_first_name          | Frank                                  
 c_last_name           | Price                                  
 c_preferred_cust_flag | N                                      
 c_birth_day           | 13                                     
 c_birth_month         | 2                                      
 c_birth_year          | 1962                                   
 c_birth_country       | SYRIAN ARAB REPUBLIC                   
 c_login               | null                                   
 c_email_address       | Frank.Price@KO.org                     
 c_last_review_date    | 2452372                                
 ctr_total_return      | 1779.84                                
-RECORD 19------------------------------------------------------
 c_customer_id         | AAAAAAAABNEGAAAA                       
 c_salutation          | Ms.                                    
 c_first_name          | Laurel                                 
 c_last_name           | Olson                                  
 c_preferred_cust_flag | Y                                      
 c_birth_day           | 24                                     
 c_birth_month         | 6                                      
 c_birth_year          | 1960                                   
 c_birth_country       | BANGLADESH                             
 c_login               | null                                   
 c_email_address       | Laurel.Olson@92YpV3hofMbNz.edu         
 c_last_review_date    | 2452508                                
 ctr_total_return      | 4912.49                                
-RECORD 20------------------------------------------------------
 c_customer_id         | AAAAAAAABNMIAAAA                       
 c_salutation          | Mrs.                                   
 c_first_name          | Judi                                   
 c_last_name           | Lopes                                  
 c_preferred_cust_flag | Y                                      
 c_birth_day           | 21                                     
 c_birth_month         | 2                                      
 c_birth_year          | 1943                                   
 c_birth_country       | NICARAGUA                              
 c_login               | null                                   
 c_email_address       | Judi.Lopes@DYAyBUb1E.org               
 c_last_review_date    | 2452297                                
 ctr_total_return      | 8335.86                                
-RECORD 21------------------------------------------------------
 c_customer_id         | AAAAAAAABOGDAAAA                       
 c_salutation          | Ms.                                    
 c_first_name          | Laura                                  
 c_last_name           | Mcfadden                               
 c_preferred_cust_flag | N                                      
 c_birth_day           | 29                                     
 c_birth_month         | 3                                      
 c_birth_year          | 1964                                   
 c_birth_country       | GREECE                                 
 c_login               | null                                   
 c_email_address       | Laura.Mcfadden@Ks.com                  
 c_last_review_date    | 2452364                                
 ctr_total_return      | 3942.35                                
-RECORD 22------------------------------------------------------
 c_customer_id         | AAAAAAAABPECAAAA                       
 c_salutation          | Mr.                                    
 c_first_name          | William                                
 c_last_name           | Hoffman                                
 c_preferred_cust_flag | N                                      
 c_birth_day           | 21                                     
 c_birth_month         | 4                                      
 c_birth_year          | 1991                                   
 c_birth_country       | PERU                                   
 c_login               | null                                   
 c_email_address       | William.Hoffman@m8E1N4.com             
 c_last_review_date    | 2452321                                
 ctr_total_return      | 4550.73                                
-RECORD 23------------------------------------------------------
 c_customer_id         | AAAAAAAACGHDAAAA                       
 c_salutation          | Mr.                                    
 c_first_name          | Ricky                                  
 c_last_name           | Marshall                               
 c_preferred_cust_flag | N                                      
 c_birth_day           | 11                                     
 c_birth_month         | 7                                      
 c_birth_year          | 1979                                   
 c_birth_country       | NAMIBIA                                
 c_login               | null                                   
 c_email_address       | Ricky.Marshall@tJKkX.edu               
 c_last_review_date    | 2452610                                
 ctr_total_return      | 10400.46                               
-RECORD 24------------------------------------------------------
 c_customer_id         | AAAAAAAACIKBAAAA                       
 c_salutation          | Ms.                                    
 c_first_name          | Virginia                               
 c_last_name           | Lawson                                 
 c_preferred_cust_flag | N                                      
 c_birth_day           | 26                                     
 c_birth_month         | 11                                     
 c_birth_year          | 1929                                   
 c_birth_country       | PHILIPPINES                            
 c_login               | null                                   
 c_email_address       | Virginia.Lawson@bdtmjhsnqQZx.edu       
 c_last_review_date    | 2452490                                
 ctr_total_return      | 2164.20                                
-RECORD 25------------------------------------------------------
 c_customer_id         | AAAAAAAACILFBAAA                       
 c_salutation          | null                                   
 c_first_name          | Frederick                              
 c_last_name           | null                                   
 c_preferred_cust_flag | N                                      
 c_birth_day           | 23                                     
 c_birth_month         | 11                                     
 c_birth_year          | 1954                                   
 c_birth_country       | null                                   
 c_login               | null                                   
 c_email_address       | Frederick.Lambert@BNHNh23xF7qIUJ30.edu 
 c_last_review_date    | null                                   
 ctr_total_return      | 3849.92                                
-RECORD 26------------------------------------------------------
 c_customer_id         | AAAAAAAACLNHBAAA                       
 c_salutation          | Dr.                                    
 c_first_name          | Gary                                   
 c_last_name           | Perez                                  
 c_preferred_cust_flag | N                                      
 c_birth_day           | 21                                     
 c_birth_month         | 4                                      
 c_birth_year          | 1992                                   
 c_birth_country       | MACAO                                  
 c_login               | null                                   
 c_email_address       | Gary.Perez@5dGey4.com                  
 c_last_review_date    | 2452300                                
 ctr_total_return      | 9647.56                                
-RECORD 27------------------------------------------------------
 c_customer_id         | AAAAAAAACOEAAAAA                       
 c_salutation          | Dr.                                    
 c_first_name          | David                                  
 c_last_name           | Saunders                               
 c_preferred_cust_flag | Y                                      
 c_birth_day           | 6                                      
 c_birth_month         | 12                                     
 c_birth_year          | 1991                                   
 c_birth_country       | HAITI                                  
 c_login               | null                                   
 c_email_address       | David.Saunders@APTXJyYNgVa.edu         
 c_last_review_date    | 2452482                                
 ctr_total_return      | 8357.76                                
-RECORD 28------------------------------------------------------
 c_customer_id         | AAAAAAAADBIHAAAA                       
 c_salutation          | Mr.                                    
 c_first_name          | John                                   
 c_last_name           | Sturm                                  
 c_preferred_cust_flag | Y                                      
 c_birth_day           | 5                                      
 c_birth_month         | 8                                      
 c_birth_year          | 1973                                   
 c_birth_country       | GUAM                                   
 c_login               | null                                   
 c_email_address       | John.Sturm@PnUSI7.com                  
 c_last_review_date    | 2452457                                
 ctr_total_return      | 7161.74                                
-RECORD 29------------------------------------------------------
 c_customer_id         | AAAAAAAADCCCBAAA                       
 c_salutation          | Ms.                                    
 c_first_name          | Antonia                                
 c_last_name           | Miller                                 
 c_preferred_cust_flag | N                                      
 c_birth_day           | 1                                      
 c_birth_month         | 5                                      
 c_birth_year          | 1992                                   
 c_birth_country       | PALAU                                  
 c_login               | null                                   
 c_email_address       | Antonia.Miller@CsPe3fE38F.com          
 c_last_review_date    | 2452635                                
 ctr_total_return      | 2688.66                                
-RECORD 30------------------------------------------------------
 c_customer_id         | AAAAAAAADGIGBAAA                       
 c_salutation          | Miss                                   
 c_first_name          | Margarita                              
 c_last_name           | Park                                   
 c_preferred_cust_flag | Y                                      
 c_birth_day           | 20                                     
 c_birth_month         | 1                                      
 c_birth_year          | 1947                                   
 c_birth_country       | LITHUANIA                              
 c_login               | null                                   
 c_email_address       | Margarita.Park@qb0FrD2Pk.org           
 c_last_review_date    | 2452462                                
 ctr_total_return      | 1557.37                                
-RECORD 31------------------------------------------------------
 c_customer_id         | AAAAAAAADGMJAAAA                       
 c_salutation          | Mrs.                                   
 c_first_name          | Karen                                  
 c_last_name           | Olson                                  
 c_preferred_cust_flag | Y                                      
 c_birth_day           | 18                                     
 c_birth_month         | 11                                     
 c_birth_year          | 1974                                   
 c_birth_country       | ARGENTINA                              
 c_login               | null                                   
 c_email_address       | Karen.Olson@Qe3bBGr.com                
 c_last_review_date    | 2452596                                
 ctr_total_return      | 11849.40                               
-RECORD 32------------------------------------------------------
 c_customer_id         | AAAAAAAADGOIAAAA                       
 c_salutation          | null                                   
 c_first_name          | null                                   
 c_last_name           | null                                   
 c_preferred_cust_flag | null                                   
 c_birth_day           | 2                                      
 c_birth_month         | 0                                      
 c_birth_year          | 1977                                   
 c_birth_country       | null                                   
 c_login               | null                                   
 c_email_address       | Kathleen.Bell@B0Ze.com                 
 c_last_review_date    | 2452322                                
 ctr_total_return      | 3979.64                                
-RECORD 33------------------------------------------------------
 c_customer_id         | AAAAAAAADHFBAAAA                       
 c_salutation          | Mr.                                    
 c_first_name          | William                                
 c_last_name           | Lopez                                  
 c_preferred_cust_flag | N                                      
 c_birth_day           | 12                                     
 c_birth_month         | 1                                      
 c_birth_year          | 1967                                   
 c_birth_country       | MALAYSIA                               
 c_login               | null                                   
 c_email_address       | William.Lopez@9JMTYo5O22ZFskMMybp.org  
 c_last_review_date    | 2452435                                
 ctr_total_return      | 2302.41                                
-RECORD 34------------------------------------------------------
 c_customer_id         | AAAAAAAADJJMAAAA                       
 c_salutation          | Mr.                                    
 c_first_name          | James                                  
 c_last_name           | Cooper                                 
 c_preferred_cust_flag | Y                                      
 c_birth_day           | 26                                     
 c_birth_month         | 4                                      
 c_birth_year          | 1982                                   
 c_birth_country       | TUNISIA                                
 c_login               | null                                   
 c_email_address       | James.Cooper@KH.com                    
 c_last_review_date    | 2452365                                
 ctr_total_return      | 3388.66                                
-RECORD 35------------------------------------------------------
 c_customer_id         | AAAAAAAADJPEBAAA                       
 c_salutation          | Ms.                                    
 c_first_name          | Lizzie                                 
 c_last_name           | Neal                                   
 c_preferred_cust_flag | Y                                      
 c_birth_day           | 16                                     
 c_birth_month         | 2                                      
 c_birth_year          | 1939                                   
 c_birth_country       | MAURITIUS                              
 c_login               | null                                   
 c_email_address       | Lizzie.Neal@ru9qksDH5rgLsRn.edu        
 c_last_review_date    | 2452433                                
 ctr_total_return      | 1915.72                                
-RECORD 36------------------------------------------------------
 c_customer_id         | AAAAAAAADKJCAAAA                       
 c_salutation          | Dr.                                    
 c_first_name          | Daniel                                 
 c_last_name           | Green                                  
 c_preferred_cust_flag | N                                      
 c_birth_day           | 29                                     
 c_birth_month         | 8                                      
 c_birth_year          | 1970                                   
 c_birth_country       | AMERICAN SAMOA                         
 c_login               | null                                   
 c_email_address       | Daniel.Green@GPktIG5Y.org              
 c_last_review_date    | 2452421                                
 ctr_total_return      | 5675.02                                
-RECORD 37------------------------------------------------------
 c_customer_id         | AAAAAAAADMFKAAAA                       
 c_salutation          | Mr.                                    
 c_first_name          | Ray                                    
 c_last_name           | Gonzales                               
 c_preferred_cust_flag | N                                      
 c_birth_day           | 22                                     
 c_birth_month         | 2                                      
 c_birth_year          | 1930                                   
 c_birth_country       | TURKMENISTAN                           
 c_login               | null                                   
 c_email_address       | Ray.Gonzales@kH8kp.com                 
 c_last_review_date    | 2452378                                
 ctr_total_return      | 2294.25                                
-RECORD 38------------------------------------------------------
 c_customer_id         | AAAAAAAADMHDAAAA                       
 c_salutation          | Mr.                                    
 c_first_name          | Lee                                    
 c_last_name           | Stanley                                
 c_preferred_cust_flag | Y                                      
 c_birth_day           | 9                                      
 c_birth_month         | 3                                      
 c_birth_year          | 1959                                   
 c_birth_country       | CZECH REPUBLIC                         
 c_login               | null                                   
 c_email_address       | Lee.Stanley@rONmrEDug8q.com            
 c_last_review_date    | 2452451                                
 ctr_total_return      | 1912.92                                
-RECORD 39------------------------------------------------------
 c_customer_id         | AAAAAAAADMONAAAA                       
 c_salutation          | Sir                                    
 c_first_name          | Joshua                                 
 c_last_name           | West                                   
 c_preferred_cust_flag | Y                                      
 c_birth_day           | 15                                     
 c_birth_month         | 3                                      
 c_birth_year          | 1987                                   
 c_birth_country       | ALAND ISLANDS                          
 c_login               | null                                   
 c_email_address       | Joshua.West@5q4JZHUuo9h0e1ol.org       
 c_last_review_date    | 2452545                                
 ctr_total_return      | 2870.00                                
-RECORD 40------------------------------------------------------
 c_customer_id         | AAAAAAAADOBAAAAA                       
 c_salutation          | Dr.                                    
 c_first_name          | Paul                                   
 c_last_name           | Yeager                                 
 c_preferred_cust_flag | N                                      
 c_birth_day           | 17                                     
 c_birth_month         | 11                                     
 c_birth_year          | 1946                                   
 c_birth_country       | EGYPT                                  
 c_login               | null                                   
 c_email_address       | Paul.Yeager@PKzHg.edu                  
 c_last_review_date    | 2452571                                
 ctr_total_return      | 3050.46                                
-RECORD 41------------------------------------------------------
 c_customer_id         | AAAAAAAAEADIAAAA                       
 c_salutation          | Dr.                                    
 c_first_name          | Gregory                                
 c_last_name           | Carey                                  
 c_preferred_cust_flag | Y                                      
 c_birth_day           | 6                                      
 c_birth_month         | 1                                      
 c_birth_year          | 1937                                   
 c_birth_country       | SUDAN                                  
 c_login               | null                                   
 c_email_address       | Gregory.Carey@495UmqFpU0My0GB8.edu     
 c_last_review_date    | 2452330                                
 ctr_total_return      | 5133.18                                
-RECORD 42------------------------------------------------------
 c_customer_id         | AAAAAAAAECBEAAAA                       
 c_salutation          | Ms.                                    
 c_first_name          | Megan                                  
 c_last_name           | Wilson                                 
 c_preferred_cust_flag | N                                      
 c_birth_day           | 1                                      
 c_birth_month         | 12                                     
 c_birth_year          | 1935                                   
 c_birth_country       | COMOROS                                
 c_login               | null                                   
 c_email_address       | Megan.Wilson@mi.com                    
 c_last_review_date    | 2452501                                
 ctr_total_return      | 1622.24                                
-RECORD 43------------------------------------------------------
 c_customer_id         | AAAAAAAAECIEAAAA                       
 c_salutation          | Miss                                   
 c_first_name          | Danille                                
 c_last_name           | Sanders                                
 c_preferred_cust_flag | Y                                      
 c_birth_day           | 15                                     
 c_birth_month         | 3                                      
 c_birth_year          | 1942                                   
 c_birth_country       | OMAN                                   
 c_login               | null                                   
 c_email_address       | Danille.Sanders@dnjPPYBZQ.com          
 c_last_review_date    | 2452566                                
 ctr_total_return      | 5474.66                                
-RECORD 44------------------------------------------------------
 c_customer_id         | AAAAAAAAEEBEBAAA                       
 c_salutation          | Dr.                                    
 c_first_name          | Jamie                                  
 c_last_name           | Jackson                                
 c_preferred_cust_flag | Y                                      
 c_birth_day           | 21                                     
 c_birth_month         | 11                                     
 c_birth_year          | 1933                                   
 c_birth_country       | POLAND                                 
 c_login               | null                                   
 c_email_address       | Jamie.Jackson@dLUBOuU.com              
 c_last_review_date    | 2452365                                
 ctr_total_return      | 1761.68                                
-RECORD 45------------------------------------------------------
 c_customer_id         | AAAAAAAAEEGMAAAA                       
 c_salutation          | Dr.                                    
 c_first_name          | null                                   
 c_last_name           | null                                   
 c_preferred_cust_flag | N                                      
 c_birth_day           | 5                                      
 c_birth_month         | 0                                      
 c_birth_year          | 0                                      
 c_birth_country       | null                                   
 c_login               | null                                   
 c_email_address       | null                                   
 c_last_review_date    | 2452438                                
 ctr_total_return      | 2046.20                                
-RECORD 46------------------------------------------------------
 c_customer_id         | AAAAAAAAEEJAAAAA                       
 c_salutation          | Dr.                                    
 c_first_name          | Rhonda                                 
 c_last_name           | Anderson                               
 c_preferred_cust_flag | N                                      
 c_birth_day           | 27                                     
 c_birth_month         | 12                                     
 c_birth_year          | 1942                                   
 c_birth_country       | ISLE OF MAN                            
 c_login               | null                                   
 c_email_address       | Rhonda.Anderson@P2VN7VQxGjj.com        
 c_last_review_date    | 2452394                                
 ctr_total_return      | 2888.50                                
-RECORD 47------------------------------------------------------
 c_customer_id         | AAAAAAAAEENFAAAA                       
 c_salutation          | Dr.                                    
 c_first_name          | James                                  
 c_last_name           | Brown                                  
 c_preferred_cust_flag | N                                      
 c_birth_day           | 27                                     
 c_birth_month         | 9                                      
 c_birth_year          | 1971                                   
 c_birth_country       | NEW CALEDONIA                          
 c_login               | null                                   
 c_email_address       | James.Brown@dzkgBG43cs.org             
 c_last_review_date    | 2452466                                
 ctr_total_return      | 2474.24                                
-RECORD 48------------------------------------------------------
 c_customer_id         | AAAAAAAAEGDDBAAA                       
 c_salutation          | Mr.                                    
 c_first_name          | Timothy                                
 c_last_name           | Barajas                                
 c_preferred_cust_flag | N                                      
 c_birth_day           | 8                                      
 c_birth_month         | 10                                     
 c_birth_year          | 1976                                   
 c_birth_country       | MAURITANIA                             
 c_login               | null                                   
 c_email_address       | Timothy.Barajas@FFhEdu3MO4n.com        
 c_last_review_date    | 2452594                                
 ctr_total_return      | 2209.06                                
-RECORD 49------------------------------------------------------
 c_customer_id         | AAAAAAAAEGEGAAAA                       
 c_salutation          | Mrs.                                   
 c_first_name          | Arthur                                 
 c_last_name           | Kirk                                   
 c_preferred_cust_flag | Y                                      
 c_birth_day           | 24                                     
 c_birth_month         | 8                                      
 c_birth_year          | 1972                                   
 c_birth_country       | SLOVAKIA                               
 c_login               | null                                   
 c_email_address       | Arthur.Kirk@3eFiyMXiuRCqt1ofD.com      
 c_last_review_date    | 2452286                                
 ctr_total_return      | 3189.74                                
-RECORD 50------------------------------------------------------
 c_customer_id         | AAAAAAAAEGGKAAAA                       
 c_salutation          | Miss                                   
 c_first_name          | Johanna                                
 c_last_name           | Moses                                  
 c_preferred_cust_flag | Y                                      
 c_birth_day           | 3                                      
 c_birth_month         | 5                                      
 c_birth_year          | 1971                                   
 c_birth_country       | RÉUNION                                
 c_login               | null                                   
 c_email_address       | Johanna.Moses@AhPc5dGr7FubqU1Lyj.com   
 c_last_review_date    | 2452443                                
 ctr_total_return      | 2842.06                                
-RECORD 51------------------------------------------------------
 c_customer_id         | AAAAAAAAEGPPAAAA                       
 c_salutation          | Mr.                                    
 c_first_name          | Michael                                
 c_last_name           | Pringle                                
 c_preferred_cust_flag | Y                                      
 c_birth_day           | 1                                      
 c_birth_month         | 10                                     
 c_birth_year          | 1990                                   
 c_birth_country       | JERSEY                                 
 c_login               | null                                   
 c_email_address       | Michael.Pringle@noEgytx7nOED.edu       
 c_last_review_date    | 2452398                                
 ctr_total_return      | 1870.56                                
-RECORD 52------------------------------------------------------
 c_customer_id         | AAAAAAAAEHFCBAAA                       
 c_salutation          | Mrs.                                   
 c_first_name          | Lillian                                
 c_last_name           | Yazzie                                 
 c_preferred_cust_flag | N                                      
 c_birth_day           | 14                                     
 c_birth_month         | 1                                      
 c_birth_year          | 1936                                   
 c_birth_country       | GEORGIA                                
 c_login               | null                                   
 c_email_address       | Lillian.Yazzie@Hzg3QQh.com             
 c_last_review_date    | 2452555                                
 ctr_total_return      | 1758.12                                
-RECORD 53------------------------------------------------------
 c_customer_id         | AAAAAAAAEHLDAAAA                       
 c_salutation          | Ms.                                    
 c_first_name          | null                                   
 c_last_name           | Brown                                  
 c_preferred_cust_flag | null                                   
 c_birth_day           | 0                                      
 c_birth_month         | 3                                      
 c_birth_year          | 0                                      
 c_birth_country       | null                                   
 c_login               | null                                   
 c_email_address       | null                                   
 c_last_review_date    | null                                   
 ctr_total_return      | 4483.20                                
-RECORD 54------------------------------------------------------
 c_customer_id         | AAAAAAAAEHLNAAAA                       
 c_salutation          | Mr.                                    
 c_first_name          | Gregory                                
 c_last_name           | Wester                                 
 c_preferred_cust_flag | Y                                      
 c_birth_day           | 9                                      
 c_birth_month         | 3                                      
 c_birth_year          | 1946                                   
 c_birth_country       | SPAIN                                  
 c_login               | null                                   
 c_email_address       | Gregory.Wester@ko.com                  
 c_last_review_date    | 2452535                                
 ctr_total_return      | 2303.28                                
-RECORD 55------------------------------------------------------
 c_customer_id         | AAAAAAAAEKCJAAAA                       
 c_salutation          | Mrs.                                   
 c_first_name          | Keri                                   
 c_last_name           | Lawrence                               
 c_preferred_cust_flag | Y                                      
 c_birth_day           | 31                                     
 c_birth_month         | 10                                     
 c_birth_year          | 1955                                   
 c_birth_country       | GUERNSEY                               
 c_login               | null                                   
 c_email_address       | Keri.Lawrence@yIBxLUPgozYINi.com       
 c_last_review_date    | 2452523                                
 ctr_total_return      | 1523.98                                
-RECORD 56------------------------------------------------------
 c_customer_id         | AAAAAAAAEMELAAAA                       
 c_salutation          | Dr.                                    
 c_first_name          | Steven                                 
 c_last_name           | Parker                                 
 c_preferred_cust_flag | N                                      
 c_birth_day           | 11                                     
 c_birth_month         | 9                                      
 c_birth_year          | 1936                                   
 c_birth_country       | MADAGASCAR                             
 c_login               | null                                   
 c_email_address       | Steven.Parker@E6kIVz3.org              
 c_last_review_date    | 2452372                                
 ctr_total_return      | 2106.30                                
-RECORD 57------------------------------------------------------
 c_customer_id         | AAAAAAAAEMHBAAAA                       
 c_salutation          | Mr.                                    
 c_first_name          | Brandon                                
 c_last_name           | Ray                                    
 c_preferred_cust_flag | Y                                      
 c_birth_day           | 13                                     
 c_birth_month         | 8                                      
 c_birth_year          | 1976                                   
 c_birth_country       | ANTARCTICA                             
 c_login               | null                                   
 c_email_address       | Brandon.Ray@OP6YgS6SQnuykF.org         
 c_last_review_date    | 2452290                                
 ctr_total_return      | 2258.53                                
-RECORD 58------------------------------------------------------
 c_customer_id         | AAAAAAAAFCPEBAAA                       
 c_salutation          | Dr.                                    
 c_first_name          | Kristi                                 
 c_last_name           | Brennan                                
 c_preferred_cust_flag | Y                                      
 c_birth_day           | 0                                      
 c_birth_month         | 11                                     
 c_birth_year          | 0                                      
 c_birth_country       | null                                   
 c_login               | null                                   
 c_email_address       | null                                   
 c_last_review_date    | 2452349                                
 ctr_total_return      | 6815.00                                
-RECORD 59------------------------------------------------------
 c_customer_id         | AAAAAAAAFDBAAAAA                       
 c_salutation          | Mrs.                                   
 c_first_name          | Virginia                               
 c_last_name           | Sims                                   
 c_preferred_cust_flag | Y                                      
 c_birth_day           | 16                                     
 c_birth_month         | 4                                      
 c_birth_year          | 1969                                   
 c_birth_country       | BULGARIA                               
 c_login               | null                                   
 c_email_address       | Virginia.Sims@3qndx2y.edu              
 c_last_review_date    | 2452302                                
 ctr_total_return      | 6723.52                                
-RECORD 60------------------------------------------------------
 c_customer_id         | AAAAAAAAFGICAAAA                       
 c_salutation          | Dr.                                    
 c_first_name          | Will                                   
 c_last_name           | Isbell                                 
 c_preferred_cust_flag | N                                      
 c_birth_day           | 1                                      
 c_birth_month         | 10                                     
 c_birth_year          | 1975                                   
 c_birth_country       | ERITREA                                
 c_login               | null                                   
 c_email_address       | Will.Isbell@100I71HVxMaaTVZ5MH2m.org   
 c_last_review_date    | 2452482                                
 ctr_total_return      | 1765.89                                
-RECORD 61------------------------------------------------------
 c_customer_id         | AAAAAAAAFKGEBAAA                       
 c_salutation          | Dr.                                    
 c_first_name          | Dorothy                                
 c_last_name           | Hendricks                              
 c_preferred_cust_flag | N                                      
 c_birth_day           | 14                                     
 c_birth_month         | 9                                      
 c_birth_year          | 1947                                   
 c_birth_country       | NAMIBIA                                
 c_login               | null                                   
 c_email_address       | Dorothy.Hendricks@7X7OXy1xAs7hVN.org   
 c_last_review_date    | 2452562                                
 ctr_total_return      | 2333.76                                
-RECORD 62------------------------------------------------------
 c_customer_id         | AAAAAAAAFKNEAAAA                       
 c_salutation          | Ms.                                    
 c_first_name          | Ruth                                   
 c_last_name           | Catron                                 
 c_preferred_cust_flag | Y                                      
 c_birth_day           | 2                                      
 c_birth_month         | 3                                      
 c_birth_year          | 1983                                   
 c_birth_country       | SAINT LUCIA                            
 c_login               | null                                   
 c_email_address       | Ruth.Catron@g4krLkSRUFX60t4P.edu       
 c_last_review_date    | 2452401                                
 ctr_total_return      | 1873.40                                
-RECORD 63------------------------------------------------------
 c_customer_id         | AAAAAAAAFKOHBAAA                       
 c_salutation          | Ms.                                    
 c_first_name          | Annie                                  
 c_last_name           | Stevens                                
 c_preferred_cust_flag | N                                      
 c_birth_day           | 12                                     
 c_birth_month         | 2                                      
 c_birth_year          | 1933                                   
 c_birth_country       | KENYA                                  
 c_login               | null                                   
 c_email_address       | Annie.Stevens@e3vFdRXUEQ.org           
 c_last_review_date    | 2452504                                
 ctr_total_return      | 4229.82                                
-RECORD 64------------------------------------------------------
 c_customer_id         | AAAAAAAAFMDEAAAA                       
 c_salutation          | Sir                                    
 c_first_name          | Dennis                                 
 c_last_name           | Mayfield                               
 c_preferred_cust_flag | N                                      
 c_birth_day           | 5                                      
 c_birth_month         | 1                                      
 c_birth_year          | 1933                                   
 c_birth_country       | SOMALIA                                
 c_login               | null                                   
 c_email_address       | Dennis.Mayfield@9DPHTIUxRlxd.edu       
 c_last_review_date    | 2452535                                
 ctr_total_return      | 2849.00                                
-RECORD 65------------------------------------------------------
 c_customer_id         | AAAAAAAAFMIPAAAA                       
 c_salutation          | Dr.                                    
 c_first_name          | Michael                                
 c_last_name           | Moran                                  
 c_preferred_cust_flag | N                                      
 c_birth_day           | 1                                      
 c_birth_month         | 2                                      
 c_birth_year          | 1940                                   
 c_birth_country       | SAINT HELENA                           
 c_login               | null                                   
 c_email_address       | Michael.Moran@3.edu                    
 c_last_review_date    | 2452411                                
 ctr_total_return      | 3869.60                                
-RECORD 66------------------------------------------------------
 c_customer_id         | AAAAAAAAFPKCBAAA                       
 c_salutation          | Dr.                                    
 c_first_name          | William                                
 c_last_name           | Terry                                  
 c_preferred_cust_flag | Y                                      
 c_birth_day           | 10                                     
 c_birth_month         | 3                                      
 c_birth_year          | 1991                                   
 c_birth_country       | GUATEMALA                              
 c_login               | null                                   
 c_email_address       | William.Terry@jKyKRKfrxH.org           
 c_last_review_date    | 2452325                                
 ctr_total_return      | 3550.05                                
-RECORD 67------------------------------------------------------
 c_customer_id         | AAAAAAAAFPPGAAAA                       
 c_salutation          | Ms.                                    
 c_first_name          | Margie                                 
 c_last_name           | Lee                                    
 c_preferred_cust_flag | Y                                      
 c_birth_day           | 22                                     
 c_birth_month         | 10                                     
 c_birth_year          | 1933                                   
 c_birth_country       | GUINEA                                 
 c_login               | null                                   
 c_email_address       | Margie.Lee@Tg2pE7.com                  
 c_last_review_date    | 2452419                                
 ctr_total_return      | 3288.60                                
-RECORD 68------------------------------------------------------
 c_customer_id         | AAAAAAAAGBOAAAAA                       
 c_salutation          | Mr.                                    
 c_first_name          | Micheal                                
 c_last_name           | null                                   
 c_preferred_cust_flag | null                                   
 c_birth_day           | 0                                      
 c_birth_month         | 0                                      
 c_birth_year          | 1991                                   
 c_birth_country       | null                                   
 c_login               | null                                   
 c_email_address       | Micheal.Holland@4rhkIkNJy6fSU.edu      
 c_last_review_date    | 2452530                                
 ctr_total_return      | 2676.00                                
-RECORD 69------------------------------------------------------
 c_customer_id         | AAAAAAAAGIEDAAAA                       
 c_salutation          | Miss                                   
 c_first_name          | Adriana                                
 c_last_name           | Maxfield                               
 c_preferred_cust_flag | Y                                      
 c_birth_day           | 6                                      
 c_birth_month         | 1                                      
 c_birth_year          | 1948                                   
 c_birth_country       | MONGOLIA                               
 c_login               | null                                   
 c_email_address       | Adriana.Maxfield@Na4ize7RHB.com        
 c_last_review_date    | 2452415                                
 ctr_total_return      | 4872.96                                
-RECORD 70------------------------------------------------------
 c_customer_id         | AAAAAAAAGJJEAAAA                       
 c_salutation          | Miss                                   
 c_first_name          | null                                   
 c_last_name           | Barnard                                
 c_preferred_cust_flag | N                                      
 c_birth_day           | 0                                      
 c_birth_month         | 0                                      
 c_birth_year          | 1987                                   
 c_birth_country       | null                                   
 c_login               | null                                   
 c_email_address       | null                                   
 c_last_review_date    | null                                   
 ctr_total_return      | 1628.77                                
-RECORD 71------------------------------------------------------
 c_customer_id         | AAAAAAAAGMJPAAAA                       
 c_salutation          | Miss                                   
 c_first_name          | Deena                                  
 c_last_name           | Ferguson                               
 c_preferred_cust_flag | Y                                      
 c_birth_day           | 8                                      
 c_birth_month         | 9                                      
 c_birth_year          | 1986                                   
 c_birth_country       | PHILIPPINES                            
 c_login               | null                                   
 c_email_address       | Deena.Ferguson@19lazfjoSTXBorQ.edu     
 c_last_review_date    | 2452301                                
 ctr_total_return      | 5713.74                                
-RECORD 72------------------------------------------------------
 c_customer_id         | AAAAAAAAHANIAAAA                       
 c_salutation          | Mr.                                    
 c_first_name          | Robert                                 
 c_last_name           | Rogers                                 
 c_preferred_cust_flag | Y                                      
 c_birth_day           | 5                                      
 c_birth_month         | 7                                      
 c_birth_year          | 1990                                   
 c_birth_country       | SOUTH AFRICA                           
 c_login               | null                                   
 c_email_address       | Robert.Rogers@m77qeFKJfIO3rugyC.org    
 c_last_review_date    | 2452456                                
 ctr_total_return      | 1638.00                                
-RECORD 73------------------------------------------------------
 c_customer_id         | AAAAAAAAHCHKAAAA                       
 c_salutation          | Dr.                                    
 c_first_name          | Harry                                  
 c_last_name           | Bearden                                
 c_preferred_cust_flag | Y                                      
 c_birth_day           | 10                                     
 c_birth_month         | 2                                      
 c_birth_year          | 1957                                   
 c_birth_country       | CHINA                                  
 c_login               | null                                   
 c_email_address       | Harry.Bearden@kNxzQ3SYEmp.com          
 c_last_review_date    | 2452533                                
 ctr_total_return      | 6455.11                                
-RECORD 74------------------------------------------------------
 c_customer_id         | AAAAAAAAHHAKAAAA                       
 c_salutation          | Dr.                                    
 c_first_name          | Jeremy                                 
 c_last_name           | Richter                                
 c_preferred_cust_flag | Y                                      
 c_birth_day           | 8                                      
 c_birth_month         | 8                                      
 c_birth_year          | 1951                                   
 c_birth_country       | SOUTH AFRICA                           
 c_login               | null                                   
 c_email_address       | Jeremy.Richter@hCAQGRgTCrU.edu         
 c_last_review_date    | 2452496                                
 ctr_total_return      | 3764.21                                
-RECORD 75------------------------------------------------------
 c_customer_id         | AAAAAAAAHIMLAAAA                       
 c_salutation          | Dr.                                    
 c_first_name          | Kathleen                               
 c_last_name           | Floyd                                  
 c_preferred_cust_flag | N                                      
 c_birth_day           | 16                                     
 c_birth_month         | 12                                     
 c_birth_year          | 1983                                   
 c_birth_country       | TURKMENISTAN                           
 c_login               | null                                   
 c_email_address       | Kathleen.Floyd@ACpkOV2nlHDL.edu        
 c_last_review_date    | 2452644                                
 ctr_total_return      | 5796.90                                
-RECORD 76------------------------------------------------------
 c_customer_id         | AAAAAAAAHLMCAAAA                       
 c_salutation          | Miss                                   
 c_first_name          | Adriana                                
 c_last_name           | Case                                   
 c_preferred_cust_flag | N                                      
 c_birth_day           | 16                                     
 c_birth_month         | 3                                      
 c_birth_year          | 1959                                   
 c_birth_country       | GREECE                                 
 c_login               | null                                   
 c_email_address       | Adriana.Case@aRv.com                   
 c_last_review_date    | 2452408                                
 ctr_total_return      | 1740.52                                
-RECORD 77------------------------------------------------------
 c_customer_id         | AAAAAAAAHMFBBAAA                       
 c_salutation          | Dr.                                    
 c_first_name          | Katheryn                               
 c_last_name           | White                                  
 c_preferred_cust_flag | Y                                      
 c_birth_day           | 21                                     
 c_birth_month         | 7                                      
 c_birth_year          | 1983                                   
 c_birth_country       | CAPE VERDE                             
 c_login               | null                                   
 c_email_address       | Katheryn.White@dqdzeup0a7TYhnOB.edu    
 c_last_review_date    | 2452417                                
 ctr_total_return      | 20518.95                               
-RECORD 78------------------------------------------------------
 c_customer_id         | AAAAAAAAHMNFAAAA                       
 c_salutation          | Dr.                                    
 c_first_name          | Stephen                                
 c_last_name           | Belanger                               
 c_preferred_cust_flag | Y                                      
 c_birth_day           | 10                                     
 c_birth_month         | 11                                     
 c_birth_year          | 1951                                   
 c_birth_country       | GUADELOUPE                             
 c_login               | null                                   
 c_email_address       | Stephen.Belanger@emUp.edu              
 c_last_review_date    | 2452340                                
 ctr_total_return      | 5734.80                                
-RECORD 79------------------------------------------------------
 c_customer_id         | AAAAAAAAHNAOAAAA                       
 c_salutation          | Mrs.                                   
 c_first_name          | Anita                                  
 c_last_name           | Gardner                                
 c_preferred_cust_flag | Y                                      
 c_birth_day           | 27                                     
 c_birth_month         | 6                                      
 c_birth_year          | 1979                                   
 c_birth_country       | GEORGIA                                
 c_login               | null                                   
 c_email_address       | Anita.Gardner@g.org                    
 c_last_review_date    | 2452557                                
 ctr_total_return      | 2921.42                                
-RECORD 80------------------------------------------------------
 c_customer_id         | AAAAAAAAHOIBAAAA                       
 c_salutation          | Miss                                   
 c_first_name          | Vera                                   
 c_last_name           | Forte                                  
 c_preferred_cust_flag | N                                      
 c_birth_day           | 20                                     
 c_birth_month         | 9                                      
 c_birth_year          | 1941                                   
 c_birth_country       | ZAMBIA                                 
 c_login               | null                                   
 c_email_address       | Vera.Forte@XxMnMUGRS.edu               
 c_last_review_date    | 2452549                                
 ctr_total_return      | 2533.00                                
-RECORD 81------------------------------------------------------
 c_customer_id         | AAAAAAAAHOOGAAAA                       
 c_salutation          | Sir                                    
 c_first_name          | Jerry                                  
 c_last_name           | Rader                                  
 c_preferred_cust_flag | Y                                      
 c_birth_day           | 31                                     
 c_birth_month         | 1                                      
 c_birth_year          | 1948                                   
 c_birth_country       | PAPUA NEW GUINEA                       
 c_login               | null                                   
 c_email_address       | Jerry.Rader@FAhBv4pGRIGB.com           
 c_last_review_date    | 2452327                                
 ctr_total_return      | 3590.16                                
-RECORD 82------------------------------------------------------
 c_customer_id         | AAAAAAAAHPGNAAAA                       
 c_salutation          | Dr.                                    
 c_first_name          | Renae                                  
 c_last_name           | Richardson                             
 c_preferred_cust_flag | Y                                      
 c_birth_day           | 4                                      
 c_birth_month         | 8                                      
 c_birth_year          | 1927                                   
 c_birth_country       | SYRIAN ARAB REPUBLIC                   
 c_login               | null                                   
 c_email_address       | Renae.Richardson@eGnpquq6hFfm20r.com   
 c_last_review_date    | 2452426                                
 ctr_total_return      | 6468.92                                
-RECORD 83------------------------------------------------------
 c_customer_id         | AAAAAAAAIAGBBAAA                       
 c_salutation          | Ms.                                    
 c_first_name          | Alexis                                 
 c_last_name           | Evans                                  
 c_preferred_cust_flag | N                                      
 c_birth_day           | 3                                      
 c_birth_month         | 12                                     
 c_birth_year          | 1966                                   
 c_birth_country       | LITHUANIA                              
 c_login               | null                                   
 c_email_address       | Alexis.Evans@2cqJZnt7z8.edu            
 c_last_review_date    | 2452596                                
 ctr_total_return      | 2043.99                                
-RECORD 84------------------------------------------------------
 c_customer_id         | AAAAAAAAICGBAAAA                       
 c_salutation          | Miss                                   
 c_first_name          | Gertrude                               
 c_last_name           | Rodriguez                              
 c_preferred_cust_flag | Y                                      
 c_birth_day           | 10                                     
 c_birth_month         | 4                                      
 c_birth_year          | 1932                                   
 c_birth_country       | SAN MARINO                             
 c_login               | null                                   
 c_email_address       | Gertrude.Rodriguez@lj4qAeL9afqB9jS.com 
 c_last_review_date    | 2452447                                
 ctr_total_return      | 2865.39                                
-RECORD 85------------------------------------------------------
 c_customer_id         | AAAAAAAAIDFJAAAA                       
 c_salutation          | Dr.                                    
 c_first_name          | Dixie                                  
 c_last_name           | Brown                                  
 c_preferred_cust_flag | N                                      
 c_birth_day           | 1                                      
 c_birth_month         | 5                                      
 c_birth_year          | 1983                                   
 c_birth_country       | FRENCH POLYNESIA                       
 c_login               | null                                   
 c_email_address       | Dixie.Brown@PrD49KMoXd8SEMuCS.com      
 c_last_review_date    | 2452595                                
 ctr_total_return      | 2135.70                                
-RECORD 86------------------------------------------------------
 c_customer_id         | AAAAAAAAIJCHBAAA                       
 c_salutation          | Dr.                                    
 c_first_name          | Karen                                  
 c_last_name           | Cosby                                  
 c_preferred_cust_flag | Y                                      
 c_birth_day           | 17                                     
 c_birth_month         | 9                                      
 c_birth_year          | 1963                                   
 c_birth_country       | IRAQ                                   
 c_login               | null                                   
 c_email_address       | Karen.Cosby@H17xf1rPlPtkdKTr.com       
 c_last_review_date    | 2452368                                
 ctr_total_return      | 3731.50                                
-RECORD 87------------------------------------------------------
 c_customer_id         | AAAAAAAAIJDEBAAA                       
 c_salutation          | Mrs.                                   
 c_first_name          | Elisa                                  
 c_last_name           | Baldwin                                
 c_preferred_cust_flag | Y                                      
 c_birth_day           | 14                                     
 c_birth_month         | 5                                      
 c_birth_year          | 1983                                   
 c_birth_country       | SWEDEN                                 
 c_login               | null                                   
 c_email_address       | Elisa.Baldwin@S.edu                    
 c_last_review_date    | 2452579                                
 ctr_total_return      | 3168.75                                
-RECORD 88------------------------------------------------------
 c_customer_id         | AAAAAAAAILKLAAAA                       
 c_salutation          | Ms.                                    
 c_first_name          | Janice                                 
 c_last_name           | Cannon                                 
 c_preferred_cust_flag | N                                      
 c_birth_day           | 11                                     
 c_birth_month         | 12                                     
 c_birth_year          | 1983                                   
 c_birth_country       | ARGENTINA                              
 c_login               | null                                   
 c_email_address       | Janice.Cannon@lmR.org                  
 c_last_review_date    | 2452353                                
 ctr_total_return      | 2810.73                                
-RECORD 89------------------------------------------------------
 c_customer_id         | AAAAAAAAINLKAAAA                       
 c_salutation          | Ms.                                    
 c_first_name          | Mandy                                  
 c_last_name           | Anderson                               
 c_preferred_cust_flag | N                                      
 c_birth_day           | 30                                     
 c_birth_month         | 6                                      
 c_birth_year          | 1958                                   
 c_birth_country       | MOZAMBIQUE                             
 c_login               | null                                   
 c_email_address       | Mandy.Anderson@ONxvienlYHJpCe.org      
 c_last_review_date    | 2452539                                
 ctr_total_return      | 9893.12                                
-RECORD 90------------------------------------------------------
 c_customer_id         | AAAAAAAAIOGPAAAA                       
 c_salutation          | Ms.                                    
 c_first_name          | Kathryn                                
 c_last_name           | Cooper                                 
 c_preferred_cust_flag | N                                      
 c_birth_day           | 27                                     
 c_birth_month         | 1                                      
 c_birth_year          | 1982                                   
 c_birth_country       | ARGENTINA                              
 c_login               | null                                   
 c_email_address       | Kathryn.Cooper@VBO8.com                
 c_last_review_date    | 2452457                                
 ctr_total_return      | 1870.56                                
-RECORD 91------------------------------------------------------
 c_customer_id         | AAAAAAAAJDKCAAAA                       
 c_salutation          | Dr.                                    
 c_first_name          | Curtis                                 
 c_last_name           | Mcguire                                
 c_preferred_cust_flag | Y                                      
 c_birth_day           | 10                                     
 c_birth_month         | 5                                      
 c_birth_year          | 1974                                   
 c_birth_country       | ETHIOPIA                               
 c_login               | null                                   
 c_email_address       | Curtis.Mcguire@Vex25USDKvv.org         
 c_last_review_date    | 2452411                                
 ctr_total_return      | 4900.15                                
-RECORD 92------------------------------------------------------
 c_customer_id         | AAAAAAAAJFEFBAAA                       
 c_salutation          | Ms.                                    
 c_first_name          | Nancy                                  
 c_last_name           | Hampton                                
 c_preferred_cust_flag | N                                      
 c_birth_day           | 24                                     
 c_birth_month         | 3                                      
 c_birth_year          | 1946                                   
 c_birth_country       | WESTERN SAHARA                         
 c_login               | null                                   
 c_email_address       | Nancy.Hampton@K8CudFMgtgyGyzS.com      
 c_last_review_date    | 2452309                                
 ctr_total_return      | 6277.08                                
-RECORD 93------------------------------------------------------
 c_customer_id         | AAAAAAAAJGNBAAAA                       
 c_salutation          | Sir                                    
 c_first_name          | Robert                                 
 c_last_name           | Johnston                               
 c_preferred_cust_flag | N                                      
 c_birth_day           | 14                                     
 c_birth_month         | 5                                      
 c_birth_year          | 1956                                   
 c_birth_country       | FAROE ISLANDS                          
 c_login               | null                                   
 c_email_address       | Robert.Johnston@ccQCj7j.edu            
 c_last_review_date    | 2452631                                
 ctr_total_return      | 2383.74                                
-RECORD 94------------------------------------------------------
 c_customer_id         | AAAAAAAAJHHEBAAA                       
 c_salutation          | Miss                                   
 c_first_name          | Else                                   
 c_last_name           | Carter                                 
 c_preferred_cust_flag | Y                                      
 c_birth_day           | 19                                     
 c_birth_month         | 8                                      
 c_birth_year          | 1963                                   
 c_birth_country       | NORFOLK ISLAND                         
 c_login               | null                                   
 c_email_address       | Else.Carter@e.com                      
 c_last_review_date    | 2452580                                
 ctr_total_return      | 4210.60                                
-RECORD 95------------------------------------------------------
 c_customer_id         | AAAAAAAAJHIBAAAA                       
 c_salutation          | Mr.                                    
 c_first_name          | Edwin                                  
 c_last_name           | Christensen                            
 c_preferred_cust_flag | N                                      
 c_birth_day           | 23                                     
 c_birth_month         | 6                                      
 c_birth_year          | 1947                                   
 c_birth_country       | URUGUAY                                
 c_login               | null                                   
 c_email_address       | Edwin.Christensen@3fBqkiUX.com         
 c_last_review_date    | 2452485                                
 ctr_total_return      | 5984.00                                
-RECORD 96------------------------------------------------------
 c_customer_id         | AAAAAAAAJJFBBAAA                       
 c_salutation          | Sir                                    
 c_first_name          | Michael                                
 c_last_name           | Toney                                  
 c_preferred_cust_flag | Y                                      
 c_birth_day           | 2                                      
 c_birth_month         | 6                                      
 c_birth_year          | 1981                                   
 c_birth_country       | COSTA RICA                             
 c_login               | null                                   
 c_email_address       | Michael.Toney@Oe1SH.edu                
 c_last_review_date    | 2452306                                
 ctr_total_return      | 3453.63                                
-RECORD 97------------------------------------------------------
 c_customer_id         | AAAAAAAAJKDCBAAA                       
 c_salutation          | Dr.                                    
 c_first_name          | Robert                                 
 c_last_name           | James                                  
 c_preferred_cust_flag | Y                                      
 c_birth_day           | 8                                      
 c_birth_month         | 11                                     
 c_birth_year          | 1929                                   
 c_birth_country       | LEBANON                                
 c_login               | null                                   
 c_email_address       | Robert.James@DSVGYuMQLZNo9oga1.edu     
 c_last_review_date    | 2452306                                
 ctr_total_return      | 1922.62                                
-RECORD 98------------------------------------------------------
 c_customer_id         | AAAAAAAAJLAGBAAA                       
 c_salutation          | Mrs.                                   
 c_first_name          | Isabel                                 
 c_last_name           | Barber                                 
 c_preferred_cust_flag | N                                      
 c_birth_day           | 24                                     
 c_birth_month         | 4                                      
 c_birth_year          | 1964                                   
 c_birth_country       | ROMANIA                                
 c_login               | null                                   
 c_email_address       | Isabel.Barber@0RSzJgpalSYmAoYJgnL.org  
 c_last_review_date    | 2452435                                
 ctr_total_return      | 2562.91                                
-RECORD 99------------------------------------------------------
 c_customer_id         | AAAAAAAAJLICBAAA                       
 c_salutation          | Ms.                                    
 c_first_name          | Fumiko                                 
 c_last_name           | Ebert                                  
 c_preferred_cust_flag | N                                      
 c_birth_day           | 5                                      
 c_birth_month         | 12                                     
 c_birth_year          | 1956                                   
 c_birth_country       | NAURU                                  
 c_login               | null                                   
 c_email_address       | Fumiko.Ebert@8kz.com                   
 c_last_review_date    | 2452309                                
 ctr_total_return      | 2408.38
             