-- Automatically generated by TpcdsQueries
-RECORD 0------------------------------------------
 ca_county            | Bedford city               
 d_year               | 2000                       
 web_q1_q2_increase   | 1.41895245428186244343     
 store_q1_q2_increase | 1.28647520475423955859     
 web_q2_q3_increase   | 1.98397166014536480387     
 store_q2_q3_increase | 1.22052485500235683695     
-RECORD 1------------------------------------------
 ca_county            | Blaine County              
 d_year               | 2000                       
 web_q1_q2_increase   | 0.90103169326915114550     
 store_q1_q2_increase | 0.83066560812940517400     
 web_q2_q3_increase   | 5.91832927336153981754     
 store_q2_q3_increase | 2.20534708400177561487     
-RECORD 2------------------------------------------
 ca_county            | Boone County               
 d_year               | 2000                       
 web_q1_q2_increase   | 1.10318140625440703802     
 store_q1_q2_increase | 1.01388129938545215917     
 web_q2_q3_increase   | 2.93583104434541244580     
 store_q2_q3_increase | 0.81595222675278264090     
-RECORD 3------------------------------------------
 ca_county            | Bristol County             
 d_year               | 2000                       
 web_q1_q2_increase   | 2.03252306215265583168     
 store_q1_q2_increase | 0.84389707668347883239     
 web_q2_q3_increase   | 1.88436946252627433938     
 store_q2_q3_increase | 0.50855932416819944462     
-RECORD 4------------------------------------------
 ca_county            | Buffalo County             
 d_year               | 2000                       
 web_q1_q2_increase   | 0.79851677786134640592     
 store_q1_q2_increase | 0.66608776395688494889     
 web_q2_q3_increase   | 4.12963020014993273566     
 store_q2_q3_increase | 1.41417145222467738551     
-RECORD 5------------------------------------------
 ca_county            | Carlisle County            
 d_year               | 2000                       
 web_q1_q2_increase   | 1.69492598618078795489     
 store_q1_q2_increase | 1.25168931735787673049     
 web_q2_q3_increase   | 1.50718182376907682203     
 store_q2_q3_increase | 0.88181897085363449075     
-RECORD 6------------------------------------------
 ca_county            | Carroll County             
 d_year               | 2000                       
 web_q1_q2_increase   | 1.35087769364534219248     
 store_q1_q2_increase | 1.29257051856006991407     
 web_q2_q3_increase   | 2.20994529474585418644     
 store_q2_q3_increase | 1.48849785082428358420     
-RECORD 7------------------------------------------
 ca_county            | Cedar County               
 d_year               | 2000                       
 web_q1_q2_increase   | 1.73903789422605330870     
 store_q1_q2_increase | 0.46305877715234029287     
 web_q2_q3_increase   | 8.77007422523370529780     
 store_q2_q3_increase | 3.61252572439703538764     
-RECORD 8------------------------------------------
 ca_county            | Clinton County             
 d_year               | 2000                       
 web_q1_q2_increase   | 1.74067151347304310575     
 store_q1_q2_increase | 1.41218893174550937759     
 web_q2_q3_increase   | 1.44667681199587337982     
 store_q2_q3_increase | 1.25445563958487852628     
-RECORD 9------------------------------------------
 ca_county            | Colbert County             
 d_year               | 2000                       
 web_q1_q2_increase   | 1.18024333271178132777     
 store_q1_q2_increase | 0.83788572603247302022     
 web_q2_q3_increase   | 0.54236640028023008306     
 store_q2_q3_increase | 0.42663333520116081271     
-RECORD 10-----------------------------------------
 ca_county            | Crawford County            
 d_year               | 2000                       
 web_q1_q2_increase   | 1.31661755312891088929     
 store_q1_q2_increase | 0.94956543151027392277     
 web_q2_q3_increase   | 2.05054841119621802578     
 store_q2_q3_increase | 1.32014748612874091613     
-RECORD 11-----------------------------------------
 ca_county            | Cumberland County          
 d_year               | 2000                       
 web_q1_q2_increase   | 1.08524453978148728453     
 store_q1_q2_increase | 0.80144708440874338843     
 web_q2_q3_increase   | 1.60419019384387788968     
 store_q2_q3_increase | 1.54733087343509046916     
-RECORD 12-----------------------------------------
 ca_county            | Dillon County              
 d_year               | 2000                       
 web_q1_q2_increase   | 0.32644424794620832608     
 store_q1_q2_increase | 0.12281769967769250465     
 web_q2_q3_increase   | 2.54843886762550432202     
 store_q2_q3_increase | 2.36794563665865531250     
-RECORD 13-----------------------------------------
 ca_county            | Drew County                
 d_year               | 2000                       
 web_q1_q2_increase   | 1.33752592432768148542     
 store_q1_q2_increase | 0.42051684931974493150     
 web_q2_q3_increase   | 4.42925583278116865936     
 store_q2_q3_increase | 3.59005466753091100322     
-RECORD 14-----------------------------------------
 ca_county            | El Paso County             
 d_year               | 2000                       
 web_q1_q2_increase   | 1.33106683366793877022     
 store_q1_q2_increase | 0.52026046839940548659     
 web_q2_q3_increase   | 6.85897871779069724650     
 store_q2_q3_increase | 3.52274370756107989319     
-RECORD 15-----------------------------------------
 ca_county            | Escambia County            
 d_year               | 2000                       
 web_q1_q2_increase   | 1.29140013472373800933     
 store_q1_q2_increase | 1.22312591570259586531     
 web_q2_q3_increase   | 4.94949857002487942979     
 store_q2_q3_increase | 1.90881493105514558681     
-RECORD 16-----------------------------------------
 ca_county            | Essex County               
 d_year               | 2000                       
 web_q1_q2_increase   | 0.91140422255526176760     
 store_q1_q2_increase | 0.80397981840092167933     
 web_q2_q3_increase   | 2.40581838121906819055     
 store_q2_q3_increase | 1.51850239999231343611     
-RECORD 17-----------------------------------------
 ca_county            | Forsyth County             
 d_year               | 2000                       
 web_q1_q2_increase   | 0.68611318852553022140     
 store_q1_q2_increase | 0.65587408738915750878     
 web_q2_q3_increase   | 3.37787340847752340465     
 store_q2_q3_increase | 1.32466135376522054649     
-RECORD 18-----------------------------------------
 ca_county            | Franklin County            
 d_year               | 2000                       
 web_q1_q2_increase   | 1.23346105169430839663     
 store_q1_q2_increase | 1.16004116355148303419     
 web_q2_q3_increase   | 3.11011280618208475383     
 store_q2_q3_increase | 1.72852883588875015022     
-RECORD 19-----------------------------------------
 ca_county            | Fremont County             
 d_year               | 2000                       
 web_q1_q2_increase   | 2.08342397478237427534     
 store_q1_q2_increase | 0.99231216361555377660     
 web_q2_q3_increase   | 4.64450632140050612837     
 store_q2_q3_increase | 1.66543397250235949142     
-RECORD 20-----------------------------------------
 ca_county            | Gaines County              
 d_year               | 2000                       
 web_q1_q2_increase   | 0.18699408635518783605     
 store_q1_q2_increase | 0.15864149496085374898     
 web_q2_q3_increase   | 4.38012199409197995027     
 store_q2_q3_increase | 3.26392730974685542866     
-RECORD 21-----------------------------------------
 ca_county            | Gallatin County            
 d_year               | 2000                       
 web_q1_q2_increase   | 0.57267047178378396314     
 store_q1_q2_increase | 0.42960913482855774228     
 web_q2_q3_increase   | 5.40426025792003986274     
 store_q2_q3_increase | 2.60129747557845045914     
-RECORD 22-----------------------------------------
 ca_county            | Hale County                
 d_year               | 2000                       
 web_q1_q2_increase   | 1.13181285759861396698     
 store_q1_q2_increase | 0.37084472158598998345     
 web_q2_q3_increase   | 2.76039662764995099764     
 store_q2_q3_increase | 2.04880905907673376536     
-RECORD 23-----------------------------------------
 ca_county            | Howard County              
 d_year               | 2000                       
 web_q1_q2_increase   | 0.75689303418215066506     
 store_q1_q2_increase | 0.40416603686332285826     
 web_q2_q3_increase   | 5.20017335230756289550     
 store_q2_q3_increase | 3.93113017208635232323     
-RECORD 24-----------------------------------------
 ca_county            | Jennings County            
 d_year               | 2000                       
 web_q1_q2_increase   | 2.78984076175313855515     
 store_q1_q2_increase | 2.07599697431575122264     
 web_q2_q3_increase   | 3.44972481162691656332     
 store_q2_q3_increase | 2.44378922187060355318     
-RECORD 25-----------------------------------------
 ca_county            | Johnson County             
 d_year               | 2000                       
 web_q1_q2_increase   | 2.57795641894299816468     
 store_q1_q2_increase | 0.91616273582603658596     
 web_q2_q3_increase   | 1.74313979276860348710     
 store_q2_q3_increase | 1.18351065602569093409     
-RECORD 26-----------------------------------------
 ca_county            | Langlade County            
 d_year               | 2000                       
 web_q1_q2_increase   | 1.68676813359812642201     
 store_q1_q2_increase | 0.96428449439984805852     
 web_q2_q3_increase   | 2.54522036089486624332     
 store_q2_q3_increase | 1.23454212891942526190     
-RECORD 27-----------------------------------------
 ca_county            | Lee County                 
 d_year               | 2000                       
 web_q1_q2_increase   | 1.30443690529253126871     
 store_q1_q2_increase | 0.72035286226320500421     
 web_q2_q3_increase   | 2.23150088973480218462     
 store_q2_q3_increase | 1.84186089836441132231     
-RECORD 28-----------------------------------------
 ca_county            | Limestone County           
 d_year               | 2000                       
 web_q1_q2_increase   | 3.32976919500999168869     
 store_q1_q2_increase | 0.75905050855357115484     
 web_q2_q3_increase   | 1.82617549463146988019     
 store_q2_q3_increase | 1.71235192999491983271     
-RECORD 29-----------------------------------------
 ca_county            | Lonoke County              
 d_year               | 2000                       
 web_q1_q2_increase   | 2.08982990182342723842     
 store_q1_q2_increase | 1.10340085014357551300     
 web_q2_q3_increase   | 1.15539868818698913544     
 store_q2_q3_increase | 0.99289022395794532472     
-RECORD 30-----------------------------------------
 ca_county            | Milam County               
 d_year               | 2000                       
 web_q1_q2_increase   | 2.28508195011379140646     
 store_q1_q2_increase | 0.46652927795640169049     
 web_q2_q3_increase   | 0.78408081688146536737     
 store_q2_q3_increase | 0.47493776386092038861     
-RECORD 31-----------------------------------------
 ca_county            | Mineral County             
 d_year               | 2000                       
 web_q1_q2_increase   | 3.34300539922925594005     
 store_q1_q2_increase | 2.45993211849872338822     
 web_q2_q3_increase   | 2.20409211845792015572     
 store_q2_q3_increase | 1.08747970913885456325     
-RECORD 32-----------------------------------------
 ca_county            | Mitchell County            
 d_year               | 2000                       
 web_q1_q2_increase   | 1.67453892386598503677     
 store_q1_q2_increase | 1.34365298077586851819     
 web_q2_q3_increase   | 1.23346415770637208954     
 store_q2_q3_increase | 0.95073923197301166934     
-RECORD 33-----------------------------------------
 ca_county            | Montgomery County          
 d_year               | 2000                       
 web_q1_q2_increase   | 1.56847414391333207258     
 store_q1_q2_increase | 0.83177598227578637405     
 web_q2_q3_increase   | 2.13678203835469561935     
 store_q2_q3_increase | 2.10257648921068871721     
-RECORD 34-----------------------------------------
 ca_county            | Moore County               
 d_year               | 2000                       
 web_q1_q2_increase   | 2.15694071746428807771     
 store_q1_q2_increase | 0.40796143296369785394     
 web_q2_q3_increase   | 1.74966386964488096764     
 store_q2_q3_increase | 1.16471835770020727271     
-RECORD 35-----------------------------------------
 ca_county            | Ottawa County              
 d_year               | 2000                       
 web_q1_q2_increase   | 1.75323872261604668329     
 store_q1_q2_increase | 0.83468698542567460304     
 web_q2_q3_increase   | 1.61973935146544593444     
 store_q2_q3_increase | 1.42351390679742385404     
-RECORD 36-----------------------------------------
 ca_county            | Pamlico County             
 d_year               | 2000                       
 web_q1_q2_increase   | 1.94782724762452970276     
 store_q1_q2_increase | 0.35933779785623271693     
 web_q2_q3_increase   | 1.56217364489823888166     
 store_q2_q3_increase | 1.36537077933199287260     
-RECORD 37-----------------------------------------
 ca_county            | Pawnee County              
 d_year               | 2000                       
 web_q1_q2_increase   | 1.78950195911489308028     
 store_q1_q2_increase | 1.16132303881758630677     
 web_q2_q3_increase   | 3.42292675284956044317     
 store_q2_q3_increase | 0.55048211219399261479     
-RECORD 38-----------------------------------------
 ca_county            | Pierce County              
 d_year               | 2000                       
 web_q1_q2_increase   | 2.54716933553443590360     
 store_q1_q2_increase | 1.41791053358023116142     
 web_q2_q3_increase   | 1.22686753138250342480     
 store_q2_q3_increase | 1.16331445295301712751     
-RECORD 39-----------------------------------------
 ca_county            | Pike County                
 d_year               | 2000                       
 web_q1_q2_increase   | 0.87756608639678817034     
 store_q1_q2_increase | 0.86487524757082952225     
 web_q2_q3_increase   | 1.66450846493571420317     
 store_q2_q3_increase | 1.60752153195890666018     
-RECORD 40-----------------------------------------
 ca_county            | Plymouth County            
 d_year               | 2000                       
 web_q1_q2_increase   | 0.42751024431730323179     
 store_q1_q2_increase | 0.24869467440858413355     
 web_q2_q3_increase   | 1.77347026156010104138     
 store_q2_q3_increase | 0.95743334493327210261     
-RECORD 41-----------------------------------------
 ca_county            | Pocahontas County          
 d_year               | 2000                       
 web_q1_q2_increase   | 1.81898673318791661987     
 store_q1_q2_increase | 1.68668175433656035469     
 web_q2_q3_increase   | 2.78840493521175989923     
 store_q2_q3_increase | 2.31448886854618583141     
-RECORD 42-----------------------------------------
 ca_county            | Pope County                
 d_year               | 2000                       
 web_q1_q2_increase   | 1.42325802767704214927     
 store_q1_q2_increase | 0.71289882499386886358     
 web_q2_q3_increase   | 5.32400461162588232396     
 store_q2_q3_increase | 4.36612471915760924134     
-RECORD 43-----------------------------------------
 ca_county            | Quitman County             
 d_year               | 2000                       
 web_q1_q2_increase   | 0.36883113368425186793     
 store_q1_q2_increase | 0.36314047030366149345     
 web_q2_q3_increase   | 5.16370853507835506706     
 store_q2_q3_increase | 3.21226900707602706150     
-RECORD 44-----------------------------------------
 ca_county            | Richland County            
 d_year               | 2000                       
 web_q1_q2_increase   | 3.25294641523656020681     
 store_q1_q2_increase | 1.07950401261765093476     
 web_q2_q3_increase   | 2.63822689761623055166     
 store_q2_q3_increase | 1.41044850738739382893     
-RECORD 45-----------------------------------------
 ca_county            | Rockland County            
 d_year               | 2000                       
 web_q1_q2_increase   | 0.42416114343500113082     
 store_q1_q2_increase | 0.20590865976918589352     
 web_q2_q3_increase   | 3.77761891177163143690     
 store_q2_q3_increase | 3.03503154543555890597     
-RECORD 46-----------------------------------------
 ca_county            | Salem city                 
 d_year               | 2000                       
 web_q1_q2_increase   | 0.70139973333391227808     
 store_q1_q2_increase | 0.35839062570476603239     
 web_q2_q3_increase   | 2.05906098316466157534     
 store_q2_q3_increase | 1.08354507133942051245     
-RECORD 47-----------------------------------------
 ca_county            | Seminole County            
 d_year               | 2000                       
 web_q1_q2_increase   | 1.44053424523671633073     
 store_q1_q2_increase | 0.43123781775978624959     
 web_q2_q3_increase   | 5.98509759915132505814     
 store_q2_q3_increase | 3.90425489309553190978     
-RECORD 48-----------------------------------------
 ca_county            | Sherman County             
 d_year               | 2000                       
 web_q1_q2_increase   | 3.80549228460960365296     
 store_q1_q2_increase | 0.85018052505371507262     
 web_q2_q3_increase   | 3.28429802752271011291     
 store_q2_q3_increase | 2.95060760395590827092     
-RECORD 49-----------------------------------------
 ca_county            | Sioux County               
 d_year               | 2000                       
 web_q1_q2_increase   | 4.05794434246552571650     
 store_q1_q2_increase | 1.42665905155276116003     
 web_q2_q3_increase   | 1.56803884104955881507     
 store_q2_q3_increase | 1.13419970938634791615     
-RECORD 50-----------------------------------------
 ca_county            | Stafford County            
 d_year               | 2000                       
 web_q1_q2_increase   | 2.47320669600627229039     
 store_q1_q2_increase | 0.89946337873032839807     
 web_q2_q3_increase   | 1.93845899918871104768     
 store_q2_q3_increase | 0.90136132522419968048     
-RECORD 51-----------------------------------------
 ca_county            | Suffolk County             
 d_year               | 2000                       
 web_q1_q2_increase   | 2.42331649558212058212     
 store_q1_q2_increase | 1.82204858730891230166     
 web_q2_q3_increase   | 6.53566355839665770211     
 store_q2_q3_increase | 1.95538998836281647012     
-RECORD 52-----------------------------------------
 ca_county            | Sully County               
 d_year               | 2000                       
 web_q1_q2_increase   | 0.93205458749496189963     
 store_q1_q2_increase | 0.25090187329447210579     
 web_q2_q3_increase   | 2.29778378271979174484     
 store_q2_q3_increase | 1.08802927271862880423     
-RECORD 53-----------------------------------------
 ca_county            | Thomas County              
 d_year               | 2000                       
 web_q1_q2_increase   | 2.83931404059757943504     
 store_q1_q2_increase | 1.88036403728663893895     
 web_q2_q3_increase   | 1.98634825955250608974     
 store_q2_q3_increase | 0.52141190626809911920     
-RECORD 54-----------------------------------------
 ca_county            | Todd County                
 d_year               | 2000                       
 web_q1_q2_increase   | 2.82280525212475972969     
 store_q1_q2_increase | 0.89465756573513943151     
 web_q2_q3_increase   | 3.16893938472753630323     
 store_q2_q3_increase | 1.86121311814899148488     
-RECORD 55-----------------------------------------
 ca_county            | Valdez-Cordova Census Area 
 d_year               | 2000                       
 web_q1_q2_increase   | 1.25070886925917779038     
 store_q1_q2_increase | 0.59811263426251699657     
 web_q2_q3_increase   | 1.22504083956972939990     
 store_q2_q3_increase | 0.84771422379395948262     
-RECORD 56-----------------------------------------
 ca_county            | Waushara County            
 d_year               | 2000                       
 web_q1_q2_increase   | 7.21438509071107960599     
 store_q1_q2_increase | 3.30949368270859706271     
 web_q2_q3_increase   | 0.60525565982701327843     
 store_q2_q3_increase | 0.60022615175317538544     
-RECORD 57-----------------------------------------
 ca_county            | Wayne County               
 d_year               | 2000                       
 web_q1_q2_increase   | 0.94936213717458544629     
 store_q1_q2_increase | 0.78911846142834762231     
 web_q2_q3_increase   | 2.95594340748058137863     
 store_q2_q3_increase | 1.96105182147450904414     
-RECORD 58-----------------------------------------
 ca_county            | Williamson County          
 d_year               | 2000                       
 web_q1_q2_increase   | 6.40051753949925199369     
 store_q1_q2_increase | 0.73796090630650528678     
 web_q2_q3_increase   | 2.74186195207121934591     
 store_q2_q3_increase | 2.27659084754941781749     
-RECORD 59-----------------------------------------
 ca_county            | Woodford County            
 d_year               | 2000                       
 web_q1_q2_increase   | 1.66114001659859092820     
 store_q1_q2_increase | 0.55664623460469568767     
 web_q2_q3_increase   | 1.82209706086687377022     
 store_q2_q3_increase | 1.17870749798601085737     
-RECORD 60-----------------------------------------
 ca_county            | Wyoming County             
 d_year               | 2000                       
 web_q1_q2_increase   | 0.71452417457513699221     
 store_q1_q2_increase | 0.46814038549181972360     
 web_q2_q3_increase   | 9.85342118017399816692     
 store_q2_q3_increase | 3.19644465036087064672
             