-- Automatically generated by TpcdsQueries
-RECORD 0-----------------
 i_manufact_id | 796      
 total_sales   | 319.61   
-RECORD 1-----------------
 i_manufact_id | 820      
 total_sales   | 445.38   
-RECORD 2-----------------
 i_manufact_id | 945      
 total_sales   | 550.19   
-RECORD 3-----------------
 i_manufact_id | 753      
 total_sales   | 655.92   
-RECORD 4-----------------
 i_manufact_id | 455      
 total_sales   | 711.84   
-RECORD 5-----------------
 i_manufact_id | 564      
 total_sales   | 739.49   
-RECORD 6-----------------
 i_manufact_id | 951      
 total_sales   | 850.52   
-RECORD 7-----------------
 i_manufact_id | 776      
 total_sales   | 1039.28  
-RECORD 8-----------------
 i_manufact_id | 676      
 total_sales   | 1386.92  
-RECORD 9-----------------
 i_manufact_id | 911      
 total_sales   | 1536.42  
-RECORD 10----------------
 i_manufact_id | 832      
 total_sales   | 1643.04  
-RECORD 11----------------
 i_manufact_id | 925      
 total_sales   | 1744.74  
-RECORD 12----------------
 i_manufact_id | 701      
 total_sales   | 1859.69  
-RECORD 13----------------
 i_manufact_id | 707      
 total_sales   | 1912.37  
-RECORD 14----------------
 i_manufact_id | 780      
 total_sales   | 2339.10  
-RECORD 15----------------
 i_manufact_id | 891      
 total_sales   | 2412.45  
-RECORD 16----------------
 i_manufact_id | 890      
 total_sales   | 3020.90  
-RECORD 17----------------
 i_manufact_id | 870      
 total_sales   | 3142.82  
-RECORD 18----------------
 i_manufact_id | 656      
 total_sales   | 3227.47  
-RECORD 19----------------
 i_manufact_id | 681      
 total_sales   | 3427.68  
-RECORD 20----------------
 i_manufact_id | 985      
 total_sales   | 3441.42  
-RECORD 21----------------
 i_manufact_id | 881      
 total_sales   | 3677.27  
-RECORD 22----------------
 i_manufact_id | 717      
 total_sales   | 3733.60  
-RECORD 23----------------
 i_manufact_id | 854      
 total_sales   | 3734.59  
-RECORD 24----------------
 i_manufact_id | 449      
 total_sales   | 4015.00  
-RECORD 25----------------
 i_manufact_id | 965      
 total_sales   | 4331.20  
-RECORD 26----------------
 i_manufact_id | 960      
 total_sales   | 4344.29  
-RECORD 27----------------
 i_manufact_id | 621      
 total_sales   | 4411.86  
-RECORD 28----------------
 i_manufact_id | 756      
 total_sales   | 4863.42  
-RECORD 29----------------
 i_manufact_id | 918      
 total_sales   | 5140.55  
-RECORD 30----------------
 i_manufact_id | 795      
 total_sales   | 5145.78  
-RECORD 31----------------
 i_manufact_id | 833      
 total_sales   | 5186.15  
-RECORD 32----------------
 i_manufact_id | 976      
 total_sales   | 5317.66  
-RECORD 33----------------
 i_manufact_id | 696      
 total_sales   | 5726.05  
-RECORD 34----------------
 i_manufact_id | 853      
 total_sales   | 5799.18  
-RECORD 35----------------
 i_manufact_id | 770      
 total_sales   | 5958.32  
-RECORD 36----------------
 i_manufact_id | 722      
 total_sales   | 6049.15  
-RECORD 37----------------
 i_manufact_id | 362      
 total_sales   | 6348.46  
-RECORD 38----------------
 i_manufact_id | 399      
 total_sales   | 6401.19  
-RECORD 39----------------
 i_manufact_id | 973      
 total_sales   | 6606.87  
-RECORD 40----------------
 i_manufact_id | 715      
 total_sales   | 6673.32  
-RECORD 41----------------
 i_manufact_id | 708      
 total_sales   | 6760.71  
-RECORD 42----------------
 i_manufact_id | 537      
 total_sales   | 7094.17  
-RECORD 43----------------
 i_manufact_id | 724      
 total_sales   | 7333.62  
-RECORD 44----------------
 i_manufact_id | 375      
 total_sales   | 7385.50  
-RECORD 45----------------
 i_manufact_id | 444      
 total_sales   | 7791.92  
-RECORD 46----------------
 i_manufact_id | 716      
 total_sales   | 7793.63  
-RECORD 47----------------
 i_manufact_id | 887      
 total_sales   | 7844.78  
-RECORD 48----------------
 i_manufact_id | 464      
 total_sales   | 7874.66  
-RECORD 49----------------
 i_manufact_id | 709      
 total_sales   | 7898.12  
-RECORD 50----------------
 i_manufact_id | 978      
 total_sales   | 7952.34  
-RECORD 51----------------
 i_manufact_id | 893      
 total_sales   | 8530.99  
-RECORD 52----------------
 i_manufact_id | 677      
 total_sales   | 8770.76  
-RECORD 53----------------
 i_manufact_id | 595      
 total_sales   | 8787.96  
-RECORD 54----------------
 i_manufact_id | 869      
 total_sales   | 9002.04  
-RECORD 55----------------
 i_manufact_id | 338      
 total_sales   | 9032.32  
-RECORD 56----------------
 i_manufact_id | 738      
 total_sales   | 9136.32  
-RECORD 57----------------
 i_manufact_id | 429      
 total_sales   | 9177.98  
-RECORD 58----------------
 i_manufact_id | 650      
 total_sales   | 9182.94  
-RECORD 59----------------
 i_manufact_id | 901      
 total_sales   | 9212.11  
-RECORD 60----------------
 i_manufact_id | 921      
 total_sales   | 9223.79  
-RECORD 61----------------
 i_manufact_id | 946      
 total_sales   | 9353.49  
-RECORD 62----------------
 i_manufact_id | 858      
 total_sales   | 9443.98  
-RECORD 63----------------
 i_manufact_id | 905      
 total_sales   | 9494.47  
-RECORD 64----------------
 i_manufact_id | 568      
 total_sales   | 9614.09  
-RECORD 65----------------
 i_manufact_id | 389      
 total_sales   | 9939.44  
-RECORD 66----------------
 i_manufact_id | 836      
 total_sales   | 9951.19  
-RECORD 67----------------
 i_manufact_id | 821      
 total_sales   | 9963.08  
-RECORD 68----------------
 i_manufact_id | 728      
 total_sales   | 10017.99 
-RECORD 69----------------
 i_manufact_id | 679      
 total_sales   | 10066.80 
-RECORD 70----------------
 i_manufact_id | 721      
 total_sales   | 10348.99 
-RECORD 71----------------
 i_manufact_id | 910      
 total_sales   | 10453.73 
-RECORD 72----------------
 i_manufact_id | 698      
 total_sales   | 10543.49 
-RECORD 73----------------
 i_manufact_id | 777      
 total_sales   | 10545.94 
-RECORD 74----------------
 i_manufact_id | 675      
 total_sales   | 10556.87 
-RECORD 75----------------
 i_manufact_id | 783      
 total_sales   | 10559.82 
-RECORD 76----------------
 i_manufact_id | 624      
 total_sales   | 10836.32 
-RECORD 77----------------
 i_manufact_id | 763      
 total_sales   | 10885.70 
-RECORD 78----------------
 i_manufact_id | 730      
 total_sales   | 10897.97 
-RECORD 79----------------
 i_manufact_id | 463      
 total_sales   | 10912.55 
-RECORD 80----------------
 i_manufact_id | 534      
 total_sales   | 10925.55 
-RECORD 81----------------
 i_manufact_id | 913      
 total_sales   | 10942.78 
-RECORD 82----------------
 i_manufact_id | 970      
 total_sales   | 11004.86 
-RECORD 83----------------
 i_manufact_id | 846      
 total_sales   | 11218.39 
-RECORD 84----------------
 i_manufact_id | 742      
 total_sales   | 11301.99 
-RECORD 85----------------
 i_manufact_id | 794      
 total_sales   | 11444.72 
-RECORD 86----------------
 i_manufact_id | 442      
 total_sales   | 11482.50 
-RECORD 87----------------
 i_manufact_id | 393      
 total_sales   | 11644.19 
-RECORD 88----------------
 i_manufact_id | 706      
 total_sales   | 11654.35 
-RECORD 89----------------
 i_manufact_id | 577      
 total_sales   | 11722.62 
-RECORD 90----------------
 i_manufact_id | 929      
 total_sales   | 11744.05 
-RECORD 91----------------
 i_manufact_id | 733      
 total_sales   | 11781.60 
-RECORD 92----------------
 i_manufact_id | 896      
 total_sales   | 11875.86 
-RECORD 93----------------
 i_manufact_id | 807      
 total_sales   | 11893.86 
-RECORD 94----------------
 i_manufact_id | 386      
 total_sales   | 12070.02 
-RECORD 95----------------
 i_manufact_id | 865      
 total_sales   | 12380.13 
-RECORD 96----------------
 i_manufact_id | 561      
 total_sales   | 12458.46 
-RECORD 97----------------
 i_manufact_id | 552      
 total_sales   | 12588.43 
-RECORD 98----------------
 i_manufact_id | 683      
 total_sales   | 12592.26 
-RECORD 99----------------
 i_manufact_id | 997      
 total_sales   | 12921.36
             