-- Automatically generated by TpcdsQueries
-RECORD 0----------------------------
 c_last_name           | null        
 c_first_name          | null        
 c_salutation          | null        
 c_preferred_cust_flag | Y           
 ss_ticket_number      | 47915       
 cnt                   | 15          
-RECORD 1----------------------------
 c_last_name           | null        
 c_first_name          | null        
 c_salutation          | null        
 c_preferred_cust_flag | null        
 ss_ticket_number      | 215293      
 cnt                   | 15          
-RECORD 2----------------------------
 c_last_name           | null        
 c_first_name          | null        
 c_salutation          | null        
 c_preferred_cust_flag | null        
 ss_ticket_number      | 126143      
 cnt                   | 15          
-RECORD 3----------------------------
 c_last_name           | null        
 c_first_name          | null        
 c_salutation          | Mrs.        
 c_preferred_cust_flag | N           
 ss_ticket_number      | 120593      
 cnt                   | 15          
-RECORD 4----------------------------
 c_last_name           | null        
 c_first_name          | Rubin       
 c_salutation          | Sir         
 c_preferred_cust_flag | null        
 ss_ticket_number      | 30056       
 cnt                   | 15          
-RECORD 5----------------------------
 c_last_name           | Adler       
 c_first_name          | Justin      
 c_salutation          | Sir         
 c_preferred_cust_flag | Y           
 ss_ticket_number      | 226187      
 cnt                   | 15          
-RECORD 6----------------------------
 c_last_name           | Allen       
 c_first_name          | Rose        
 c_salutation          | Mrs.        
 c_preferred_cust_flag | N           
 ss_ticket_number      | 179476      
 cnt                   | 16          
-RECORD 7----------------------------
 c_last_name           | Anderson    
 c_first_name          | Marvin      
 c_salutation          | Dr.         
 c_preferred_cust_flag | N           
 ss_ticket_number      | 211012      
 cnt                   | 16          
-RECORD 8----------------------------
 c_last_name           | Andrews     
 c_first_name          | Jacob       
 c_salutation          | Mr.         
 c_preferred_cust_flag | N           
 ss_ticket_number      | 67111       
 cnt                   | 16          
-RECORD 9----------------------------
 c_last_name           | Andrews     
 c_first_name          | Samuel      
 c_salutation          | Dr.         
 c_preferred_cust_flag | Y           
 ss_ticket_number      | 139993      
 cnt                   | 16          
-RECORD 10---------------------------
 c_last_name           | Angel       
 c_first_name          | Kevin       
 c_salutation          | Mr.         
 c_preferred_cust_flag | Y           
 ss_ticket_number      | 106628      
 cnt                   | 15          
-RECORD 11---------------------------
 c_last_name           | Ashley      
 c_first_name          | Linda       
 c_salutation          | Mrs.        
 c_preferred_cust_flag | Y           
 ss_ticket_number      | 82173       
 cnt                   | 15          
-RECORD 12---------------------------
 c_last_name           | Baca        
 c_first_name          | Dorothy     
 c_salutation          | Mrs.        
 c_preferred_cust_flag | N           
 ss_ticket_number      | 64890       
 cnt                   | 15          
-RECORD 13---------------------------
 c_last_name           | Baker       
 c_first_name          | Jamie       
 c_salutation          | Dr.         
 c_preferred_cust_flag | Y           
 ss_ticket_number      | 9916        
 cnt                   | 15          
-RECORD 14---------------------------
 c_last_name           | Banks       
 c_first_name          | Leroy       
 c_salutation          | Sir         
 c_preferred_cust_flag | N           
 ss_ticket_number      | 206730      
 cnt                   | 15          
-RECORD 15---------------------------
 c_last_name           | Barber      
 c_first_name          | Dianna      
 c_salutation          | Mrs.        
 c_preferred_cust_flag | Y           
 ss_ticket_number      | 119959      
 cnt                   | 16          
-RECORD 16---------------------------
 c_last_name           | Barksdale   
 c_first_name          | Joann       
 c_salutation          | Miss        
 c_preferred_cust_flag | Y           
 ss_ticket_number      | 138994      
 cnt                   | 15          
-RECORD 17---------------------------
 c_last_name           | Barnes      
 c_first_name          | Ruth        
 c_salutation          | Dr.         
 c_preferred_cust_flag | N           
 ss_ticket_number      | 84038       
 cnt                   | 15          
-RECORD 18---------------------------
 c_last_name           | Barney      
 c_first_name          | Samuel      
 c_salutation          | Sir         
 c_preferred_cust_flag | N           
 ss_ticket_number      | 15288       
 cnt                   | 15          
-RECORD 19---------------------------
 c_last_name           | Barnhart    
 c_first_name          | Charley     
 c_salutation          | Mr.         
 c_preferred_cust_flag | Y           
 ss_ticket_number      | 166576      
 cnt                   | 15          
-RECORD 20---------------------------
 c_last_name           | Barone      
 c_first_name          | Seth        
 c_salutation          | Mr.         
 c_preferred_cust_flag | Y           
 ss_ticket_number      | 162374      
 cnt                   | 15          
-RECORD 21---------------------------
 c_last_name           | Barrett     
 c_first_name          | David       
 c_salutation          | Sir         
 c_preferred_cust_flag | N           
 ss_ticket_number      | 189879      
 cnt                   | 15          
-RECORD 22---------------------------
 c_last_name           | Bartels     
 c_first_name          | Elmer       
 c_salutation          | Sir         
 c_preferred_cust_flag | Y           
 ss_ticket_number      | 114760      
 cnt                   | 16          
-RECORD 23---------------------------
 c_last_name           | Bear        
 c_first_name          | Scott       
 c_salutation          | Sir         
 c_preferred_cust_flag | Y           
 ss_ticket_number      | 82291       
 cnt                   | 15          
-RECORD 24---------------------------
 c_last_name           | Beers       
 c_first_name          | Kendra      
 c_salutation          | Dr.         
 c_preferred_cust_flag | null        
 ss_ticket_number      | 137960      
 cnt                   | 15          
-RECORD 25---------------------------
 c_last_name           | Belcher     
 c_first_name          | James       
 c_salutation          | Sir         
 c_preferred_cust_flag | Y           
 ss_ticket_number      | 239470      
 cnt                   | 16          
-RECORD 26---------------------------
 c_last_name           | Bell        
 c_first_name          | Carrie      
 c_salutation          | Miss        
 c_preferred_cust_flag | N           
 ss_ticket_number      | 5527        
 cnt                   | 15          
-RECORD 27---------------------------
 c_last_name           | Bell        
 c_first_name          | Matthew     
 c_salutation          | Dr.         
 c_preferred_cust_flag | N           
 ss_ticket_number      | 20400       
 cnt                   | 15          
-RECORD 28---------------------------
 c_last_name           | Benjamin    
 c_first_name          | Consuelo    
 c_salutation          | Ms.         
 c_preferred_cust_flag | Y           
 ss_ticket_number      | 201086      
 cnt                   | 15          
-RECORD 29---------------------------
 c_last_name           | Bergman     
 c_first_name          | Joann       
 c_salutation          | Miss        
 c_preferred_cust_flag | N           
 ss_ticket_number      | 177052      
 cnt                   | 15          
-RECORD 30---------------------------
 c_last_name           | Brooks      
 c_first_name          | Robert      
 c_salutation          | Sir         
 c_preferred_cust_flag | N           
 ss_ticket_number      | 155576      
 cnt                   | 16          
-RECORD 31---------------------------
 c_last_name           | Byrd        
 c_first_name          | Kelly       
 c_salutation          | Sir         
 c_preferred_cust_flag | N           
 ss_ticket_number      | 165115      
 cnt                   | 16          
-RECORD 32---------------------------
 c_last_name           | Cagle       
 c_first_name          | Jennifer    
 c_salutation          | Miss        
 c_preferred_cust_flag | N           
 ss_ticket_number      | 163129      
 cnt                   | 15          
-RECORD 33---------------------------
 c_last_name           | Campbell    
 c_first_name          | Robert      
 c_salutation          | Mr.         
 c_preferred_cust_flag | N           
 ss_ticket_number      | 8964        
 cnt                   | 15          
-RECORD 34---------------------------
 c_last_name           | Cardona     
 c_first_name          | Robert      
 c_salutation          | Mr.         
 c_preferred_cust_flag | N           
 ss_ticket_number      | 200501      
 cnt                   | 15          
-RECORD 35---------------------------
 c_last_name           | Carter      
 c_first_name          | Wendy       
 c_salutation          | Ms.         
 c_preferred_cust_flag | N           
 ss_ticket_number      | 96439       
 cnt                   | 15          
-RECORD 36---------------------------
 c_last_name           | Carver      
 c_first_name          | Bernard     
 c_salutation          | Mr.         
 c_preferred_cust_flag | Y           
 ss_ticket_number      | 194943      
 cnt                   | 16          
-RECORD 37---------------------------
 c_last_name           | Chen        
 c_first_name          | Wanita      
 c_salutation          | Miss        
 c_preferred_cust_flag | N           
 ss_ticket_number      | 137713      
 cnt                   | 16          
-RECORD 38---------------------------
 c_last_name           | Christensen 
 c_first_name          | Larry       
 c_salutation          | Dr.         
 c_preferred_cust_flag | Y           
 ss_ticket_number      | 58094       
 cnt                   | 15          
-RECORD 39---------------------------
 c_last_name           | Cochrane    
 c_first_name          | Anne        
 c_salutation          | Mrs.        
 c_preferred_cust_flag | N           
 ss_ticket_number      | 208347      
 cnt                   | 16          
-RECORD 40---------------------------
 c_last_name           | Coleman     
 c_first_name          | Inez        
 c_salutation          | Dr.         
 c_preferred_cust_flag | Y           
 ss_ticket_number      | 88249       
 cnt                   | 16          
-RECORD 41---------------------------
 c_last_name           | Coleman     
 c_first_name          | John        
 c_salutation          | Mr.         
 c_preferred_cust_flag | N           
 ss_ticket_number      | 49444       
 cnt                   | 15          
-RECORD 42---------------------------
 c_last_name           | Colon       
 c_first_name          | Anna        
 c_salutation          | Dr.         
 c_preferred_cust_flag | Y           
 ss_ticket_number      | 143694      
 cnt                   | 15          
-RECORD 43---------------------------
 c_last_name           | Conley      
 c_first_name          | Roxie       
 c_salutation          | Dr.         
 c_preferred_cust_flag | N           
 ss_ticket_number      | 196663      
 cnt                   | 15          
-RECORD 44---------------------------
 c_last_name           | Cook        
 c_first_name          | Adam        
 c_salutation          | Ms.         
 c_preferred_cust_flag | Y           
 ss_ticket_number      | 167339      
 cnt                   | 15          
-RECORD 45---------------------------
 c_last_name           | Cote        
 c_first_name          | Justin      
 c_salutation          | Dr.         
 c_preferred_cust_flag | N           
 ss_ticket_number      | 93466       
 cnt                   | 15          
-RECORD 46---------------------------
 c_last_name           | Council     
 c_first_name          | Donald      
 c_salutation          | Sir         
 c_preferred_cust_flag | Y           
 ss_ticket_number      | 102958      
 cnt                   | 15          
-RECORD 47---------------------------
 c_last_name           | Cramer      
 c_first_name          | Linda       
 c_salutation          | Ms.         
 c_preferred_cust_flag | N           
 ss_ticket_number      | 126628      
 cnt                   | 15          
-RECORD 48---------------------------
 c_last_name           | Crittenden  
 c_first_name          | Amie        
 c_salutation          | Ms.         
 c_preferred_cust_flag | N           
 ss_ticket_number      | 138787      
 cnt                   | 15          
-RECORD 49---------------------------
 c_last_name           | Cruz        
 c_first_name          | James       
 c_salutation          | Mr.         
 c_preferred_cust_flag | Y           
 ss_ticket_number      | 201430      
 cnt                   | 15          
-RECORD 50---------------------------
 c_last_name           | Cuellar     
 c_first_name          | Oscar       
 c_salutation          | Mr.         
 c_preferred_cust_flag | Y           
 ss_ticket_number      | 86781       
 cnt                   | 16          
-RECORD 51---------------------------
 c_last_name           | Cullen      
 c_first_name          | Larry       
 c_salutation          | Mr.         
 c_preferred_cust_flag | Y           
 ss_ticket_number      | 221242      
 cnt                   | 16          
-RECORD 52---------------------------
 c_last_name           | Cushing     
 c_first_name          | Antonia     
 c_salutation          | Mrs.        
 c_preferred_cust_flag | Y           
 ss_ticket_number      | 118927      
 cnt                   | 15          
-RECORD 53---------------------------
 c_last_name           | Davis       
 c_first_name          | Gordon      
 c_salutation          | Dr.         
 c_preferred_cust_flag | N           
 ss_ticket_number      | 227822      
 cnt                   | 15          
-RECORD 54---------------------------
 c_last_name           | Davis       
 c_first_name          | Myrtle      
 c_salutation          | Dr.         
 c_preferred_cust_flag | Y           
 ss_ticket_number      | 37430       
 cnt                   | 15          
-RECORD 55---------------------------
 c_last_name           | Decker      
 c_first_name          | Vera        
 c_salutation          | Miss        
 c_preferred_cust_flag | Y           
 ss_ticket_number      | 75737       
 cnt                   | 16          
-RECORD 56---------------------------
 c_last_name           | Diamond     
 c_first_name          | Fernando    
 c_salutation          | Dr.         
 c_preferred_cust_flag | N           
 ss_ticket_number      | 216391      
 cnt                   | 15          
-RECORD 57---------------------------
 c_last_name           | Diaz        
 c_first_name          | Walton      
 c_salutation          | Mr.         
 c_preferred_cust_flag | N           
 ss_ticket_number      | 131135      
 cnt                   | 16          
-RECORD 58---------------------------
 c_last_name           | Dickinson   
 c_first_name          | Steven      
 c_salutation          | Mr.         
 c_preferred_cust_flag | N           
 ss_ticket_number      | 8057        
 cnt                   | 16          
-RECORD 59---------------------------
 c_last_name           | Douglas     
 c_first_name          | Lester      
 c_salutation          | Sir         
 c_preferred_cust_flag | N           
 ss_ticket_number      | 26043       
 cnt                   | 15          
-RECORD 60---------------------------
 c_last_name           | Dove        
 c_first_name          | Garry       
 c_salutation          | Dr.         
 c_preferred_cust_flag | N           
 ss_ticket_number      | 152171      
 cnt                   | 16          
-RECORD 61---------------------------
 c_last_name           | Drake       
 c_first_name          | Rosetta     
 c_salutation          | Dr.         
 c_preferred_cust_flag | Y           
 ss_ticket_number      | 238040      
 cnt                   | 15          
-RECORD 62---------------------------
 c_last_name           | Dumas       
 c_first_name          | Travis      
 c_salutation          | Mr.         
 c_preferred_cust_flag | Y           
 ss_ticket_number      | 94154       
 cnt                   | 15          
-RECORD 63---------------------------
 c_last_name           | Duncan      
 c_first_name          | Olivia      
 c_salutation          | Dr.         
 c_preferred_cust_flag | Y           
 ss_ticket_number      | 102032      
 cnt                   | 15          
-RECORD 64---------------------------
 c_last_name           | Durham      
 c_first_name          | Andrea      
 c_salutation          | Dr.         
 c_preferred_cust_flag | Y           
 ss_ticket_number      | 144734      
 cnt                   | 15          
-RECORD 65---------------------------
 c_last_name           | Dutton      
 c_first_name          | Gay         
 c_salutation          | Miss        
 c_preferred_cust_flag | Y           
 ss_ticket_number      | 110886      
 cnt                   | 15          
-RECORD 66---------------------------
 c_last_name           | Ellis       
 c_first_name          | Karen       
 c_salutation          | Miss        
 c_preferred_cust_flag | N           
 ss_ticket_number      | 229706      
 cnt                   | 16          
-RECORD 67---------------------------
 c_last_name           | Ely         
 c_first_name          | Cesar       
 c_salutation          | Dr.         
 c_preferred_cust_flag | Y           
 ss_ticket_number      | 36054       
 cnt                   | 16          
-RECORD 68---------------------------
 c_last_name           | Etheridge   
 c_first_name          | Mike        
 c_salutation          | Dr.         
 c_preferred_cust_flag | N           
 ss_ticket_number      | 19648       
 cnt                   | 15          
-RECORD 69---------------------------
 c_last_name           | Farmer      
 c_first_name          | Eugenia     
 c_salutation          | Miss        
 c_preferred_cust_flag | Y           
 ss_ticket_number      | 98187       
 cnt                   | 16          
-RECORD 70---------------------------
 c_last_name           | Farrow      
 c_first_name          | Kathy       
 c_salutation          | Miss        
 c_preferred_cust_flag | Y           
 ss_ticket_number      | 200078      
 cnt                   | 15          
-RECORD 71---------------------------
 c_last_name           | Faulkner    
 c_first_name          | Lakeisha    
 c_salutation          | Dr.         
 c_preferred_cust_flag | Y           
 ss_ticket_number      | 178393      
 cnt                   | 16          
-RECORD 72---------------------------
 c_last_name           | Faulkner    
 c_first_name          | Robert      
 c_salutation          | Dr.         
 c_preferred_cust_flag | N           
 ss_ticket_number      | 109423      
 cnt                   | 15          
-RECORD 73---------------------------
 c_last_name           | Felton      
 c_first_name          | David       
 c_salutation          | Mr.         
 c_preferred_cust_flag | N           
 ss_ticket_number      | 97807       
 cnt                   | 16          
-RECORD 74---------------------------
 c_last_name           | Ferreira    
 c_first_name          | Christine   
 c_salutation          | Mrs.        
 c_preferred_cust_flag | Y           
 ss_ticket_number      | 155822      
 cnt                   | 15          
-RECORD 75---------------------------
 c_last_name           | Finn        
 c_first_name          | Robert      
 c_salutation          | Mr.         
 c_preferred_cust_flag | N           
 ss_ticket_number      | 38057       
 cnt                   | 15          
-RECORD 76---------------------------
 c_last_name           | Finney      
 c_first_name          | Crystal     
 c_salutation          | Miss        
 c_preferred_cust_flag | Y           
 ss_ticket_number      | 158304      
 cnt                   | 15          
-RECORD 77---------------------------
 c_last_name           | Fischer     
 c_first_name          | Tamara      
 c_salutation          | Mrs.        
 c_preferred_cust_flag | N           
 ss_ticket_number      | 66790       
 cnt                   | 15          
-RECORD 78---------------------------
 c_last_name           | Foote       
 c_first_name          | Roy         
 c_salutation          | Sir         
 c_preferred_cust_flag | N           
 ss_ticket_number      | 68086       
 cnt                   | 15          
-RECORD 79---------------------------
 c_last_name           | Foreman     
 c_first_name          | Autumn      
 c_salutation          | Mrs.        
 c_preferred_cust_flag | Y           
 ss_ticket_number      | 164060      
 cnt                   | 15          
-RECORD 80---------------------------
 c_last_name           | Funk        
 c_first_name          | Marvin      
 c_salutation          | Sir         
 c_preferred_cust_flag | Y           
 ss_ticket_number      | 61516       
 cnt                   | 15          
-RECORD 81---------------------------
 c_last_name           | Garcia      
 c_first_name          | Christopher 
 c_salutation          | Sir         
 c_preferred_cust_flag | Y           
 ss_ticket_number      | 181616      
 cnt                   | 16          
-RECORD 82---------------------------
 c_last_name           | Garcia      
 c_first_name          | Karen       
 c_salutation          | Miss        
 c_preferred_cust_flag | N           
 ss_ticket_number      | 236987      
 cnt                   | 15          
-RECORD 83---------------------------
 c_last_name           | Garcia      
 c_first_name          | Robert      
 c_salutation          | Dr.         
 c_preferred_cust_flag | N           
 ss_ticket_number      | 172185      
 cnt                   | 16          
-RECORD 84---------------------------
 c_last_name           | Garland     
 c_first_name          | Michael     
 c_salutation          | Mr.         
 c_preferred_cust_flag | N           
 ss_ticket_number      | 234421      
 cnt                   | 15          
-RECORD 85---------------------------
 c_last_name           | Gaylord     
 c_first_name          | Keith       
 c_salutation          | Mr.         
 c_preferred_cust_flag | Y           
 ss_ticket_number      | 123333      
 cnt                   | 16          
-RECORD 86---------------------------
 c_last_name           | Gifford     
 c_first_name          | Mark        
 c_salutation          | Mr.         
 c_preferred_cust_flag | N           
 ss_ticket_number      | 225973      
 cnt                   | 16          
-RECORD 87---------------------------
 c_last_name           | Gilbert     
 c_first_name          | null        
 c_salutation          | Sir         
 c_preferred_cust_flag | N           
 ss_ticket_number      | 16844       
 cnt                   | 15          
-RECORD 88---------------------------
 c_last_name           | Gilmore     
 c_first_name          | Austin      
 c_salutation          | Dr.         
 c_preferred_cust_flag | Y           
 ss_ticket_number      | 239871      
 cnt                   | 15          
-RECORD 89---------------------------
 c_last_name           | Goldsmith   
 c_first_name          | Bernice     
 c_salutation          | Ms.         
 c_preferred_cust_flag | Y           
 ss_ticket_number      | 2347        
 cnt                   | 15          
-RECORD 90---------------------------
 c_last_name           | Good        
 c_first_name          | Nancy       
 c_salutation          | Dr.         
 c_preferred_cust_flag | N           
 ss_ticket_number      | 132655      
 cnt                   | 15          
-RECORD 91---------------------------
 c_last_name           | Goodman     
 c_first_name          | null        
 c_salutation          | null        
 c_preferred_cust_flag | N           
 ss_ticket_number      | 71903       
 cnt                   | 15          
-RECORD 92---------------------------
 c_last_name           | Gower       
 c_first_name          | Nettie      
 c_salutation          | Miss        
 c_preferred_cust_flag | N           
 ss_ticket_number      | 10576       
 cnt                   | 15          
-RECORD 93---------------------------
 c_last_name           | Gray        
 c_first_name          | Evelyn      
 c_salutation          | Miss        
 c_preferred_cust_flag | N           
 ss_ticket_number      | 157486      
 cnt                   | 15          
-RECORD 94---------------------------
 c_last_name           | Hammond     
 c_first_name          | Roger       
 c_salutation          | Sir         
 c_preferred_cust_flag | Y           
 ss_ticket_number      | 54884       
 cnt                   | 16          
-RECORD 95---------------------------
 c_last_name           | Hardin      
 c_first_name          | Kimberly    
 c_salutation          | Dr.         
 c_preferred_cust_flag | N           
 ss_ticket_number      | 192424      
 cnt                   | 16          
-RECORD 96---------------------------
 c_last_name           | Harp        
 c_first_name          | Vance       
 c_salutation          | Mr.         
 c_preferred_cust_flag | N           
 ss_ticket_number      | 199017      
 cnt                   | 15          
-RECORD 97---------------------------
 c_last_name           | Harper      
 c_first_name          | Madeline    
 c_salutation          | Dr.         
 c_preferred_cust_flag | N           
 ss_ticket_number      | 173835      
 cnt                   | 16          
-RECORD 98---------------------------
 c_last_name           | Harris      
 c_first_name          | Tammy       
 c_salutation          | Dr.         
 c_preferred_cust_flag | N           
 ss_ticket_number      | 217761      
 cnt                   | 16          
-RECORD 99---------------------------
 c_last_name           | Hartmann    
 c_first_name          | Joey        
 c_salutation          | Dr.         
 c_preferred_cust_flag | N           
 ss_ticket_number      | 230915      
 cnt                   | 15          
-RECORD 100--------------------------
 c_last_name           | Hayes       
 c_first_name          | David       
 c_salutation          | Sir         
 c_preferred_cust_flag | N           
 ss_ticket_number      | 82274       
 cnt                   | 15          
-RECORD 101--------------------------
 c_last_name           | Haynes      
 c_first_name          | Sara        
 c_salutation          | Miss        
 c_preferred_cust_flag | Y           
 ss_ticket_number      | 139168      
 cnt                   | 16          
-RECORD 102--------------------------
 c_last_name           | Heath       
 c_first_name          | Matthew     
 c_salutation          | Dr.         
 c_preferred_cust_flag | N           
 ss_ticket_number      | 30710       
 cnt                   | 15          
-RECORD 103--------------------------
 c_last_name           | Hennessey   
 c_first_name          | Debbie      
 c_salutation          | Dr.         
 c_preferred_cust_flag | Y           
 ss_ticket_number      | 79256       
 cnt                   | 15          
-RECORD 104--------------------------
 c_last_name           | Herman      
 c_first_name          | Stella      
 c_salutation          | Ms.         
 c_preferred_cust_flag | Y           
 ss_ticket_number      | 33801       
 cnt                   | 16          
-RECORD 105--------------------------
 c_last_name           | Hernandez   
 c_first_name          | Max         
 c_salutation          | Mr.         
 c_preferred_cust_flag | N           
 ss_ticket_number      | 16015       
 cnt                   | 15          
-RECORD 106--------------------------
 c_last_name           | Hernandez   
 c_first_name          | Ruth        
 c_salutation          | Ms.         
 c_preferred_cust_flag | Y           
 ss_ticket_number      | 97000       
 cnt                   | 15          
-RECORD 107--------------------------
 c_last_name           | Hess        
 c_first_name          | Joseph      
 c_salutation          | Sir         
 c_preferred_cust_flag | N           
 ss_ticket_number      | 151336      
 cnt                   | 15          
-RECORD 108--------------------------
 c_last_name           | Hodges      
 c_first_name          | Lucas       
 c_salutation          | Dr.         
 c_preferred_cust_flag | Y           
 ss_ticket_number      | 163325      
 cnt                   | 15          
-RECORD 109--------------------------
 c_last_name           | Holland     
 c_first_name          | Jeremiah    
 c_salutation          | Dr.         
 c_preferred_cust_flag | N           
 ss_ticket_number      | 95938       
 cnt                   | 16          
-RECORD 110--------------------------
 c_last_name           | Jackson     
 c_first_name          | William     
 c_salutation          | Mr.         
 c_preferred_cust_flag | Y           
 ss_ticket_number      | 16425       
 cnt                   | 16          
-RECORD 111--------------------------
 c_last_name           | Jameson     
 c_first_name          | Miguel      
 c_salutation          | Dr.         
 c_preferred_cust_flag | N           
 ss_ticket_number      | 9181        
 cnt                   | 16          
-RECORD 112--------------------------
 c_last_name           | Jarrell     
 c_first_name          | Thomas      
 c_salutation          | Mr.         
 c_preferred_cust_flag | Y           
 ss_ticket_number      | 85787       
 cnt                   | 16          
-RECORD 113--------------------------
 c_last_name           | Johnson     
 c_first_name          | Julia       
 c_salutation          | Dr.         
 c_preferred_cust_flag | N           
 ss_ticket_number      | 27560       
 cnt                   | 15          
-RECORD 114--------------------------
 c_last_name           | Jones       
 c_first_name          | Theresa     
 c_salutation          | Ms.         
 c_preferred_cust_flag | N           
 ss_ticket_number      | 219765      
 cnt                   | 16          
-RECORD 115--------------------------
 c_last_name           | Kelly       
 c_first_name          | Mark        
 c_salutation          | Mr.         
 c_preferred_cust_flag | Y           
 ss_ticket_number      | 17039       
 cnt                   | 16          
-RECORD 116--------------------------
 c_last_name           | Khan        
 c_first_name          | Hank        
 c_salutation          | Mr.         
 c_preferred_cust_flag | N           
 ss_ticket_number      | 177803      
 cnt                   | 15          
-RECORD 117--------------------------
 c_last_name           | Kim         
 c_first_name          | Charlotte   
 c_salutation          | Dr.         
 c_preferred_cust_flag | Y           
 ss_ticket_number      | 7208        
 cnt                   | 16          
-RECORD 118--------------------------
 c_last_name           | Kunz        
 c_first_name          | Sarah       
 c_salutation          | Dr.         
 c_preferred_cust_flag | N           
 ss_ticket_number      | 74568       
 cnt                   | 15          
-RECORD 119--------------------------
 c_last_name           | Lake        
 c_first_name          | Robert      
 c_salutation          | Sir         
 c_preferred_cust_flag | N           
 ss_ticket_number      | 13264       
 cnt                   | 15          
-RECORD 120--------------------------
 c_last_name           | Landry      
 c_first_name          | Rudolph     
 c_salutation          | Sir         
 c_preferred_cust_flag | N           
 ss_ticket_number      | 117581      
 cnt                   | 15          
-RECORD 121--------------------------
 c_last_name           | Lane        
 c_first_name          | Luis        
 c_salutation          | Sir         
 c_preferred_cust_flag | N           
 ss_ticket_number      | 232302      
 cnt                   | 16          
-RECORD 122--------------------------
 c_last_name           | Langford    
 c_first_name          | Darlene     
 c_salutation          | Mrs.        
 c_preferred_cust_flag | N           
 ss_ticket_number      | 214891      
 cnt                   | 15          
-RECORD 123--------------------------
 c_last_name           | Larson      
 c_first_name          | Kevin       
 c_salutation          | Mr.         
 c_preferred_cust_flag | Y           
 ss_ticket_number      | 35053       
 cnt                   | 15          
-RECORD 124--------------------------
 c_last_name           | Larson      
 c_first_name          | Thomas      
 c_salutation          | Mr.         
 c_preferred_cust_flag | N           
 ss_ticket_number      | 114265      
 cnt                   | 15          
-RECORD 125--------------------------
 c_last_name           | Lee         
 c_first_name          | Malik       
 c_salutation          | Dr.         
 c_preferred_cust_flag | N           
 ss_ticket_number      | 20122       
 cnt                   | 16          
-RECORD 126--------------------------
 c_last_name           | Leonard     
 c_first_name          | Orlando     
 c_salutation          | Dr.         
 c_preferred_cust_flag | Y           
 ss_ticket_number      | 133168      
 cnt                   | 15          
-RECORD 127--------------------------
 c_last_name           | Lincoln     
 c_first_name          | Anthony     
 c_salutation          | Miss        
 c_preferred_cust_flag | Y           
 ss_ticket_number      | 1407        
 cnt                   | 16          
-RECORD 128--------------------------
 c_last_name           | Lindsey     
 c_first_name          | Linda       
 c_salutation          | Dr.         
 c_preferred_cust_flag | N           
 ss_ticket_number      | 62687       
 cnt                   | 16          
-RECORD 129--------------------------
 c_last_name           | Lopez       
 c_first_name          | Karen       
 c_salutation          | Dr.         
 c_preferred_cust_flag | Y           
 ss_ticket_number      | 136008      
 cnt                   | 15          
-RECORD 130--------------------------
 c_last_name           | Lunsford    
 c_first_name          | Kevin       
 c_salutation          | Dr.         
 c_preferred_cust_flag | N           
 ss_ticket_number      | 159120      
 cnt                   | 16          
-RECORD 131--------------------------
 c_last_name           | Lynch       
 c_first_name          | Sylvia      
 c_salutation          | Ms.         
 c_preferred_cust_flag | Y           
 ss_ticket_number      | 115438      
 cnt                   | 15          
-RECORD 132--------------------------
 c_last_name           | Lyon        
 c_first_name          | Michael     
 c_salutation          | Mr.         
 c_preferred_cust_flag | N           
 ss_ticket_number      | 140323      
 cnt                   | 15          
-RECORD 133--------------------------
 c_last_name           | Maestas     
 c_first_name          | Mabel       
 c_salutation          | Mrs.        
 c_preferred_cust_flag | N           
 ss_ticket_number      | 184265      
 cnt                   | 15          
-RECORD 134--------------------------
 c_last_name           | Magana      
 c_first_name          | Diann       
 c_salutation          | Mrs.        
 c_preferred_cust_flag | Y           
 ss_ticket_number      | 19139       
 cnt                   | 15          
-RECORD 135--------------------------
 c_last_name           | Manning     
 c_first_name          | Annamarie   
 c_salutation          | Ms.         
 c_preferred_cust_flag | N           
 ss_ticket_number      | 4984        
 cnt                   | 16          
-RECORD 136--------------------------
 c_last_name           | Marshall    
 c_first_name          | Felipe      
 c_salutation          | Sir         
 c_preferred_cust_flag | N           
 ss_ticket_number      | 138890      
 cnt                   | 15          
-RECORD 137--------------------------
 c_last_name           | Martin      
 c_first_name          | Paul        
 c_salutation          | Dr.         
 c_preferred_cust_flag | N           
 ss_ticket_number      | 26115       
 cnt                   | 16          
-RECORD 138--------------------------
 c_last_name           | Martinez    
 c_first_name          | Earl        
 c_salutation          | Sir         
 c_preferred_cust_flag | N           
 ss_ticket_number      | 108982      
 cnt                   | 15          
-RECORD 139--------------------------
 c_last_name           | Martinez    
 c_first_name          | Robert      
 c_salutation          | Sir         
 c_preferred_cust_flag | Y           
 ss_ticket_number      | 157672      
 cnt                   | 16          
-RECORD 140--------------------------
 c_last_name           | Masterson   
 c_first_name          | Barbara     
 c_salutation          | Mrs.        
 c_preferred_cust_flag | N           
 ss_ticket_number      | 231070      
 cnt                   | 15          
-RECORD 141--------------------------
 c_last_name           | Mata        
 c_first_name          | Deborah     
 c_salutation          | Miss        
 c_preferred_cust_flag | Y           
 ss_ticket_number      | 4323        
 cnt                   | 15          
-RECORD 142--------------------------
 c_last_name           | Mccoy       
 c_first_name          | Debbie      
 c_salutation          | Dr.         
 c_preferred_cust_flag | N           
 ss_ticket_number      | 91552       
 cnt                   | 15          
-RECORD 143--------------------------
 c_last_name           | Mcgill      
 c_first_name          | Tony        
 c_salutation          | Sir         
 c_preferred_cust_flag | N           
 ss_ticket_number      | 110030      
 cnt                   | 15          
-RECORD 144--------------------------
 c_last_name           | Mckeon      
 c_first_name          | Christina   
 c_salutation          | Dr.         
 c_preferred_cust_flag | N           
 ss_ticket_number      | 26190       
 cnt                   | 15          
-RECORD 145--------------------------
 c_last_name           | Mcnamara    
 c_first_name          | Linda       
 c_salutation          | Dr.         
 c_preferred_cust_flag | Y           
 ss_ticket_number      | 7957        
 cnt                   | 15          
-RECORD 146--------------------------
 c_last_name           | Means       
 c_first_name          | Michael     
 c_salutation          | Mr.         
 c_preferred_cust_flag | Y           
 ss_ticket_number      | 226164      
 cnt                   | 16          
-RECORD 147--------------------------
 c_last_name           | Medina      
 c_first_name          | Joseph      
 c_salutation          | Sir         
 c_preferred_cust_flag | Y           
 ss_ticket_number      | 110246      
 cnt                   | 15          
-RECORD 148--------------------------
 c_last_name           | Meyers      
 c_first_name          | Zachary     
 c_salutation          | Mr.         
 c_preferred_cust_flag | Y           
 ss_ticket_number      | 59549       
 cnt                   | 15          
-RECORD 149--------------------------
 c_last_name           | Montgomery  
 c_first_name          | John        
 c_salutation          | Mr.         
 c_preferred_cust_flag | Y           
 ss_ticket_number      | 103718      
 cnt                   | 15          
-RECORD 150--------------------------
 c_last_name           | Moody       
 c_first_name          | Miranda     
 c_salutation          | Ms.         
 c_preferred_cust_flag | Y           
 ss_ticket_number      | 171671      
 cnt                   | 15          
-RECORD 151--------------------------
 c_last_name           | Moore       
 c_first_name          | Mark        
 c_salutation          | Dr.         
 c_preferred_cust_flag | N           
 ss_ticket_number      | 191471      
 cnt                   | 15          
-RECORD 152--------------------------
 c_last_name           | Moran       
 c_first_name          | Celia       
 c_salutation          | Ms.         
 c_preferred_cust_flag | Y           
 ss_ticket_number      | 200691      
 cnt                   | 15          
-RECORD 153--------------------------
 c_last_name           | Morgan      
 c_first_name          | Cecelia     
 c_salutation          | Mrs.        
 c_preferred_cust_flag | N           
 ss_ticket_number      | 200742      
 cnt                   | 15          
-RECORD 154--------------------------
 c_last_name           | Morrell     
 c_first_name          | Chad        
 c_salutation          | Mr.         
 c_preferred_cust_flag | N           
 ss_ticket_number      | 93790       
 cnt                   | 15          
-RECORD 155--------------------------
 c_last_name           | Morse       
 c_first_name          | Robert      
 c_salutation          | Mr.         
 c_preferred_cust_flag | N           
 ss_ticket_number      | 68627       
 cnt                   | 16          
-RECORD 156--------------------------
 c_last_name           | Neel        
 c_first_name          | Audrey      
 c_salutation          | Ms.         
 c_preferred_cust_flag | Y           
 ss_ticket_number      | 193308      
 cnt                   | 15          
-RECORD 157--------------------------
 c_last_name           | Neff        
 c_first_name          | Sheri       
 c_salutation          | Mrs.        
 c_preferred_cust_flag | Y           
 ss_ticket_number      | 52556       
 cnt                   | 15          
-RECORD 158--------------------------
 c_last_name           | Nelson      
 c_first_name          | Katherine   
 c_salutation          | Mrs.        
 c_preferred_cust_flag | N           
 ss_ticket_number      | 110232      
 cnt                   | 15          
-RECORD 159--------------------------
 c_last_name           | New         
 c_first_name          | Suzanne     
 c_salutation          | Miss        
 c_preferred_cust_flag | N           
 ss_ticket_number      | 5120        
 cnt                   | 16          
-RECORD 160--------------------------
 c_last_name           | Nielsen     
 c_first_name          | Veronica    
 c_salutation          | Mrs.        
 c_preferred_cust_flag | N           
 ss_ticket_number      | 23905       
 cnt                   | 15          
-RECORD 161--------------------------
 c_last_name           | Oakley      
 c_first_name          | George      
 c_salutation          | Mr.         
 c_preferred_cust_flag | Y           
 ss_ticket_number      | 177890      
 cnt                   | 15          
-RECORD 162--------------------------
 c_last_name           | Parker      
 c_first_name          | Barbar      
 c_salutation          | Dr.         
 c_preferred_cust_flag | N           
 ss_ticket_number      | 57241       
 cnt                   | 15          
-RECORD 163--------------------------
 c_last_name           | Parker      
 c_first_name          | Jeff        
 c_salutation          | Sir         
 c_preferred_cust_flag | N           
 ss_ticket_number      | 213566      
 cnt                   | 16          
-RECORD 164--------------------------
 c_last_name           | Pemberton   
 c_first_name          | Jennifer    
 c_salutation          | Mrs.        
 c_preferred_cust_flag | Y           
 ss_ticket_number      | 49875       
 cnt                   | 16          
-RECORD 165--------------------------
 c_last_name           | Perry       
 c_first_name          | Robert      
 c_salutation          | Mr.         
 c_preferred_cust_flag | Y           
 ss_ticket_number      | 153147      
 cnt                   | 16          
-RECORD 166--------------------------
 c_last_name           | Phillips    
 c_first_name          | David       
 c_salutation          | Dr.         
 c_preferred_cust_flag | N           
 ss_ticket_number      | 148883      
 cnt                   | 15          
-RECORD 167--------------------------
 c_last_name           | Phillips    
 c_first_name          | Georgia     
 c_salutation          | null        
 c_preferred_cust_flag | Y           
 ss_ticket_number      | 26878       
 cnt                   | 15          
-RECORD 168--------------------------
 c_last_name           | Phillips    
 c_first_name          | Stanley     
 c_salutation          | Sir         
 c_preferred_cust_flag | N           
 ss_ticket_number      | 31989       
 cnt                   | 15          
-RECORD 169--------------------------
 c_last_name           | Pinkston    
 c_first_name          | Brenda      
 c_salutation          | Dr.         
 c_preferred_cust_flag | N           
 ss_ticket_number      | 126440      
 cnt                   | 15          
-RECORD 170--------------------------
 c_last_name           | Pryor       
 c_first_name          | Dorothy     
 c_salutation          | Mrs.        
 c_preferred_cust_flag | N           
 ss_ticket_number      | 213779      
 cnt                   | 16          
-RECORD 171--------------------------
 c_last_name           | Reed        
 c_first_name          | William     
 c_salutation          | Dr.         
 c_preferred_cust_flag | N           
 ss_ticket_number      | 145002      
 cnt                   | 15          
-RECORD 172--------------------------
 c_last_name           | Reynolds    
 c_first_name          | Amelia      
 c_salutation          | Ms.         
 c_preferred_cust_flag | Y           
 ss_ticket_number      | 68440       
 cnt                   | 15          
-RECORD 173--------------------------
 c_last_name           | Rice        
 c_first_name          | David       
 c_salutation          | Dr.         
 c_preferred_cust_flag | Y           
 ss_ticket_number      | 70484       
 cnt                   | 16          
-RECORD 174--------------------------
 c_last_name           | Robertson   
 c_first_name          | Daniel      
 c_salutation          | Mr.         
 c_preferred_cust_flag | N           
 ss_ticket_number      | 40407       
 cnt                   | 16          
-RECORD 175--------------------------
 c_last_name           | Rosales     
 c_first_name          | null        
 c_salutation          | null        
 c_preferred_cust_flag | Y           
 ss_ticket_number      | 156406      
 cnt                   | 16          
-RECORD 176--------------------------
 c_last_name           | Russo       
 c_first_name          | Cheryl      
 c_salutation          | Miss        
 c_preferred_cust_flag | N           
 ss_ticket_number      | 81123       
 cnt                   | 15          
-RECORD 177--------------------------
 c_last_name           | Sanchez     
 c_first_name          | Bruce       
 c_salutation          | Sir         
 c_preferred_cust_flag | Y           
 ss_ticket_number      | 124479      
 cnt                   | 15          
-RECORD 178--------------------------
 c_last_name           | Schmitz     
 c_first_name          | Kaitlyn     
 c_salutation          | Miss        
 c_preferred_cust_flag | N           
 ss_ticket_number      | 105162      
 cnt                   | 15          
-RECORD 179--------------------------
 c_last_name           | Sebastian   
 c_first_name          | Homer       
 c_salutation          | Dr.         
 c_preferred_cust_flag | Y           
 ss_ticket_number      | 64994       
 cnt                   | 15          
-RECORD 180--------------------------
 c_last_name           | Sexton      
 c_first_name          | Jerry       
 c_salutation          | Sir         
 c_preferred_cust_flag | N           
 ss_ticket_number      | 91446       
 cnt                   | 15          
-RECORD 181--------------------------
 c_last_name           | Sierra      
 c_first_name          | David       
 c_salutation          | Sir         
 c_preferred_cust_flag | Y           
 ss_ticket_number      | 61810       
 cnt                   | 15          
-RECORD 182--------------------------
 c_last_name           | Simmons     
 c_first_name          | Joseph      
 c_salutation          | Dr.         
 c_preferred_cust_flag | N           
 ss_ticket_number      | 54185       
 cnt                   | 15          
-RECORD 183--------------------------
 c_last_name           | Simpson     
 c_first_name          | Michael     
 c_salutation          | Sir         
 c_preferred_cust_flag | Y           
 ss_ticket_number      | 186613      
 cnt                   | 16          
-RECORD 184--------------------------
 c_last_name           | Simpson     
 c_first_name          | Shalanda    
 c_salutation          | Dr.         
 c_preferred_cust_flag | Y           
 ss_ticket_number      | 181123      
 cnt                   | 15          
-RECORD 185--------------------------
 c_last_name           | Singleton   
 c_first_name          | Andrew      
 c_salutation          | Ms.         
 c_preferred_cust_flag | N           
 ss_ticket_number      | 45464       
 cnt                   | 15          
-RECORD 186--------------------------
 c_last_name           | Smith       
 c_first_name          | Danny       
 c_salutation          | Dr.         
 c_preferred_cust_flag | Y           
 ss_ticket_number      | 143297      
 cnt                   | 15          
-RECORD 187--------------------------
 c_last_name           | Smith       
 c_first_name          | Edward      
 c_salutation          | Sir         
 c_preferred_cust_flag | Y           
 ss_ticket_number      | 81178       
 cnt                   | 16          
-RECORD 188--------------------------
 c_last_name           | Smith       
 c_first_name          | Hung        
 c_salutation          | Sir         
 c_preferred_cust_flag | N           
 ss_ticket_number      | 44710       
 cnt                   | 15          
-RECORD 189--------------------------
 c_last_name           | Smith       
 c_first_name          | Kimberly    
 c_salutation          | Mrs.        
 c_preferred_cust_flag | Y           
 ss_ticket_number      | 174638      
 cnt                   | 15          
-RECORD 190--------------------------
 c_last_name           | Smith       
 c_first_name          | Vern        
 c_salutation          | Sir         
 c_preferred_cust_flag | N           
 ss_ticket_number      | 50960       
 cnt                   | 15          
-RECORD 191--------------------------
 c_last_name           | Sosa        
 c_first_name          | Leah        
 c_salutation          | Ms.         
 c_preferred_cust_flag | Y           
 ss_ticket_number      | 77106       
 cnt                   | 16          
-RECORD 192--------------------------
 c_last_name           | Sparks      
 c_first_name          | Erick       
 c_salutation          | Dr.         
 c_preferred_cust_flag | N           
 ss_ticket_number      | 220337      
 cnt                   | 15          
-RECORD 193--------------------------
 c_last_name           | Taylor      
 c_first_name          | Kenneth     
 c_salutation          | Dr.         
 c_preferred_cust_flag | Y           
 ss_ticket_number      | 194337      
 cnt                   | 15          
-RECORD 194--------------------------
 c_last_name           | Todd        
 c_first_name          | Linda       
 c_salutation          | Ms.         
 c_preferred_cust_flag | Y           
 ss_ticket_number      | 235816      
 cnt                   | 15          
-RECORD 195--------------------------
 c_last_name           | Trout       
 c_first_name          | Harley      
 c_salutation          | Mr.         
 c_preferred_cust_flag | Y           
 ss_ticket_number      | 214547      
 cnt                   | 15          
-RECORD 196--------------------------
 c_last_name           | Urban       
 c_first_name          | null        
 c_salutation          | null        
 c_preferred_cust_flag | null        
 ss_ticket_number      | 214898      
 cnt                   | 15          
-RECORD 197--------------------------
 c_last_name           | Varner      
 c_first_name          | Elsie       
 c_salutation          | Ms.         
 c_preferred_cust_flag | N           
 ss_ticket_number      | 199602      
 cnt                   | 16          
-RECORD 198--------------------------
 c_last_name           | Vazquez     
 c_first_name          | Bill        
 c_salutation          | Dr.         
 c_preferred_cust_flag | Y           
 ss_ticket_number      | 62049       
 cnt                   | 15          
-RECORD 199--------------------------
 c_last_name           | Velazquez   
 c_first_name          | William     
 c_salutation          | Dr.         
 c_preferred_cust_flag | N           
 ss_ticket_number      | 46239       
 cnt                   | 15          
-RECORD 200--------------------------
 c_last_name           | Wagner      
 c_first_name          | Barbara     
 c_salutation          | Ms.         
 c_preferred_cust_flag | Y           
 ss_ticket_number      | 233595      
 cnt                   | 15          
-RECORD 201--------------------------
 c_last_name           | Ward        
 c_first_name          | Anna        
 c_salutation          | Miss        
 c_preferred_cust_flag | N           
 ss_ticket_number      | 52941       
 cnt                   | 16          
-RECORD 202--------------------------
 c_last_name           | Watkins     
 c_first_name          | Rosa        
 c_salutation          | Miss        
 c_preferred_cust_flag | Y           
 ss_ticket_number      | 152190      
 cnt                   | 16          
-RECORD 203--------------------------
 c_last_name           | Welch       
 c_first_name          | James       
 c_salutation          | Dr.         
 c_preferred_cust_flag | Y           
 ss_ticket_number      | 51441       
 cnt                   | 16          
-RECORD 204--------------------------
 c_last_name           | West        
 c_first_name          | Teresa      
 c_salutation          | Ms.         
 c_preferred_cust_flag | N           
 ss_ticket_number      | 233179      
 cnt                   | 16          
-RECORD 205--------------------------
 c_last_name           | White       
 c_first_name          | Maurice     
 c_salutation          | Mr.         
 c_preferred_cust_flag | N           
 ss_ticket_number      | 10107       
 cnt                   | 15          
-RECORD 206--------------------------
 c_last_name           | Williams    
 c_first_name          | John        
 c_salutation          | Mr.         
 c_preferred_cust_flag | Y           
 ss_ticket_number      | 84783       
 cnt                   | 15          
-RECORD 207--------------------------
 c_last_name           | Williams    
 c_first_name          | Robert      
 c_salutation          | Mr.         
 c_preferred_cust_flag | Y           
 ss_ticket_number      | 41233       
 cnt                   | 15          
-RECORD 208--------------------------
 c_last_name           | Williamson  
 c_first_name          | Ruth        
 c_salutation          | Mrs.        
 c_preferred_cust_flag | Y           
 ss_ticket_number      | 86369       
 cnt                   | 15          
-RECORD 209--------------------------
 c_last_name           | Wilson      
 c_first_name          | Joel        
 c_salutation          | Sir         
 c_preferred_cust_flag | Y           
 ss_ticket_number      | 91826       
 cnt                   | 16          
-RECORD 210--------------------------
 c_last_name           | Wilson      
 c_first_name          | John        
 c_salutation          | Sir         
 c_preferred_cust_flag | Y           
 ss_ticket_number      | 26543       
 cnt                   | 15          
-RECORD 211--------------------------
 c_last_name           | Wilson      
 c_first_name          | Mariano     
 c_salutation          | Mr.         
 c_preferred_cust_flag | Y           
 ss_ticket_number      | 67472       
 cnt                   | 16          
-RECORD 212--------------------------
 c_last_name           | Winkler     
 c_first_name          | Jose        
 c_salutation          | Dr.         
 c_preferred_cust_flag | Y           
 ss_ticket_number      | 78400       
 cnt                   | 15          
-RECORD 213--------------------------
 c_last_name           | Winter      
 c_first_name          | Cora        
 c_salutation          | Mrs.        
 c_preferred_cust_flag | N           
 ss_ticket_number      | 8978        
 cnt                   | 16          
-RECORD 214--------------------------
 c_last_name           | Wood        
 c_first_name          | Marcia      
 c_salutation          | Ms.         
 c_preferred_cust_flag | Y           
 ss_ticket_number      | 219276      
 cnt                   | 16          
-RECORD 215--------------------------
 c_last_name           | Wood        
 c_first_name          | Michelle    
 c_salutation          | Mrs.        
 c_preferred_cust_flag | N           
 ss_ticket_number      | 39560       
 cnt                   | 15          
-RECORD 216--------------------------
 c_last_name           | Wright      
 c_first_name          | Richie      
 c_salutation          | Sir         
 c_preferred_cust_flag | Y           
 ss_ticket_number      | 106818      
 cnt                   | 15          
-RECORD 217--------------------------
 c_last_name           | Young       
 c_first_name          | William     
 c_salutation          | Mr.         
 c_preferred_cust_flag | Y           
 ss_ticket_number      | 51127       
 cnt                   | 15
             