-- Automatically generated by TpcdsQueries
-RECORD 0-------------------------------------
 gross_margin       | -0.43310777864678831165 
 i_category         | null                    
 i_class            | null                    
 lochierarchy       | unknown                 
 rank_within_parent | 1                       
-RECORD 1-------------------------------------
 gross_margin       | -0.44057752675240550259 
 i_category         | Home                    
 i_class            | null                    
 lochierarchy       | unknown                 
 rank_within_parent | 1                       
-RECORD 2-------------------------------------
 gross_margin       | -0.43759152110176221048 
 i_category         | Music                   
 i_class            | null                    
 lochierarchy       | unknown                 
 rank_within_parent | 2                       
-RECORD 3-------------------------------------
 gross_margin       | -0.43708103961494058652 
 i_category         | null                    
 i_class            | null                    
 lochierarchy       | unknown                 
 rank_within_parent | 3                       
-RECORD 4-------------------------------------
 gross_margin       | -0.43616253138693450880 
 i_category         | Shoes                   
 i_class            | null                    
 lochierarchy       | unknown                 
 rank_within_parent | 4                       
-RECORD 5-------------------------------------
 gross_margin       | -0.43567118609322457134 
 i_category         | Children                
 i_class            | null                    
 lochierarchy       | unknown                 
 rank_within_parent | 5                       
-RECORD 6-------------------------------------
 gross_margin       | -0.43423932351647837678 
 i_category         | Sports                  
 i_class            | null                    
 lochierarchy       | unknown                 
 rank_within_parent | 6                       
-RECORD 7-------------------------------------
 gross_margin       | -0.43342977299642408093 
 i_category         | Electronics             
 i_class            | null                    
 lochierarchy       | unknown                 
 rank_within_parent | 7                       
-RECORD 8-------------------------------------
 gross_margin       | -0.43243283120699560700 
 i_category         | Women                   
 i_class            | null                    
 lochierarchy       | unknown                 
 rank_within_parent | 8                       
-RECORD 9-------------------------------------
 gross_margin       | -0.43164166899823508408 
 i_category         | Men                     
 i_class            | null                    
 lochierarchy       | unknown                 
 rank_within_parent | 9                       
-RECORD 10------------------------------------
 gross_margin       | -0.42516187689954540402 
 i_category         | Books                   
 i_class            | null                    
 lochierarchy       | unknown                 
 rank_within_parent | 10                      
-RECORD 11------------------------------------
 gross_margin       | -0.42448713380832790884 
 i_category         | Jewelry                 
 i_class            | null                    
 lochierarchy       | unknown                 
 rank_within_parent | 11                      
-RECORD 12------------------------------------
 gross_margin       | -0.73902664238792748962 
 i_category         | null                    
 i_class            | shirts                  
 lochierarchy       | unknown                 
 rank_within_parent | 1                       
-RECORD 13------------------------------------
 gross_margin       | -0.61125804873635587486 
 i_category         | null                    
 i_class            | country                 
 lochierarchy       | unknown                 
 rank_within_parent | 2                       
-RECORD 14------------------------------------
 gross_margin       | -0.53129803597069255822 
 i_category         | null                    
 i_class            | dresses                 
 lochierarchy       | unknown                 
 rank_within_parent | 3                       
-RECORD 15------------------------------------
 gross_margin       | -0.51266635289382758517 
 i_category         | null                    
 i_class            | athletic                
 lochierarchy       | unknown                 
 rank_within_parent | 4                       
-RECORD 16------------------------------------
 gross_margin       | -0.45290387783638603924 
 i_category         | null                    
 i_class            | mens                    
 lochierarchy       | unknown                 
 rank_within_parent | 5                       
-RECORD 17------------------------------------
 gross_margin       | -0.41288056661656330013 
 i_category         | null                    
 i_class            | accessories             
 lochierarchy       | unknown                 
 rank_within_parent | 6                       
-RECORD 18------------------------------------
 gross_margin       | -0.40784754677005682440 
 i_category         | null                    
 i_class            | null                    
 lochierarchy       | unknown                 
 rank_within_parent | 7                       
-RECORD 19------------------------------------
 gross_margin       | -0.34254844860867375832 
 i_category         | null                    
 i_class            | baseball                
 lochierarchy       | unknown                 
 rank_within_parent | 8                       
-RECORD 20------------------------------------
 gross_margin       | -0.32511461675631534897 
 i_category         | null                    
 i_class            | infants                 
 lochierarchy       | unknown                 
 rank_within_parent | 9                       
-RECORD 21------------------------------------
 gross_margin       | -0.44733955704648003493 
 i_category         | Books                   
 i_class            | computers               
 lochierarchy       | unknown                 
 rank_within_parent | 1                       
-RECORD 22------------------------------------
 gross_margin       | -0.44221358112622373783 
 i_category         | Books                   
 i_class            | home repair             
 lochierarchy       | unknown                 
 rank_within_parent | 2                       
-RECORD 23------------------------------------
 gross_margin       | -0.44131129175272951442 
 i_category         | Books                   
 i_class            | romance                 
 lochierarchy       | unknown                 
 rank_within_parent | 3                       
-RECORD 24------------------------------------
 gross_margin       | -0.43954111564375046074 
 i_category         | Books                   
 i_class            | history                 
 lochierarchy       | unknown                 
 rank_within_parent | 4                       
-RECORD 25------------------------------------
 gross_margin       | -0.43921337505389731821 
 i_category         | Books                   
 i_class            | mystery                 
 lochierarchy       | unknown                 
 rank_within_parent | 5                       
-RECORD 26------------------------------------
 gross_margin       | -0.43904020269360481109 
 i_category         | Books                   
 i_class            | sports                  
 lochierarchy       | unknown                 
 rank_within_parent | 6                       
-RECORD 27------------------------------------
 gross_margin       | -0.42821476999837619396 
 i_category         | Books                   
 i_class            | travel                  
 lochierarchy       | unknown                 
 rank_within_parent | 7                       
-RECORD 28------------------------------------
 gross_margin       | -0.42609067296303848297 
 i_category         | Books                   
 i_class            | cooking                 
 lochierarchy       | unknown                 
 rank_within_parent | 8                       
-RECORD 29------------------------------------
 gross_margin       | -0.42538995145338568328 
 i_category         | Books                   
 i_class            | fiction                 
 lochierarchy       | unknown                 
 rank_within_parent | 9                       
-RECORD 30------------------------------------
 gross_margin       | -0.42446563616188232944 
 i_category         | Books                   
 i_class            | arts                    
 lochierarchy       | unknown                 
 rank_within_parent | 10                      
-RECORD 31------------------------------------
 gross_margin       | -0.42424821311884350413 
 i_category         | Books                   
 i_class            | parenting               
 lochierarchy       | unknown                 
 rank_within_parent | 11                      
-RECORD 32------------------------------------
 gross_margin       | -0.41822014479424203008 
 i_category         | Books                   
 i_class            | reference               
 lochierarchy       | unknown                 
 rank_within_parent | 12                      
-RECORD 33------------------------------------
 gross_margin       | -0.41350839325516811781 
 i_category         | Books                   
 i_class            | business                
 lochierarchy       | unknown                 
 rank_within_parent | 13                      
-RECORD 34------------------------------------
 gross_margin       | -0.40935208137315013129 
 i_category         | Books                   
 i_class            | science                 
 lochierarchy       | unknown                 
 rank_within_parent | 14                      
-RECORD 35------------------------------------
 gross_margin       | -0.40159380735731858928 
 i_category         | Books                   
 i_class            | self-help               
 lochierarchy       | unknown                 
 rank_within_parent | 15                      
-RECORD 36------------------------------------
 gross_margin       | -0.36957884843305744526 
 i_category         | Books                   
 i_class            | entertainments          
 lochierarchy       | unknown                 
 rank_within_parent | 16                      
-RECORD 37------------------------------------
 gross_margin       | -0.44602461556731552282 
 i_category         | Children                
 i_class            | school-uniforms         
 lochierarchy       | unknown                 
 rank_within_parent | 1                       
-RECORD 38------------------------------------
 gross_margin       | -0.44141106040000560852 
 i_category         | Children                
 i_class            | toddlers                
 lochierarchy       | unknown                 
 rank_within_parent | 2                       
-RECORD 39------------------------------------
 gross_margin       | -0.43479886701046623711 
 i_category         | Children                
 i_class            | infants                 
 lochierarchy       | unknown                 
 rank_within_parent | 3                       
-RECORD 40------------------------------------
 gross_margin       | -0.41900662971936329442 
 i_category         | Children                
 i_class            | newborn                 
 lochierarchy       | unknown                 
 rank_within_parent | 4                       
-RECORD 41------------------------------------
 gross_margin       | -0.41526603781609697786 
 i_category         | Children                
 i_class            | null                    
 lochierarchy       | unknown                 
 rank_within_parent | 5                       
-RECORD 42------------------------------------
 gross_margin       | -0.45347482218635333366 
 i_category         | Electronics             
 i_class            | personal                
 lochierarchy       | unknown                 
 rank_within_parent | 1                       
-RECORD 43------------------------------------
 gross_margin       | -0.44349670349829474271 
 i_category         | Electronics             
 i_class            | stereo                  
 lochierarchy       | unknown                 
 rank_within_parent | 2                       
-RECORD 44------------------------------------
 gross_margin       | -0.44262427232850112058 
 i_category         | Electronics             
 i_class            | automotive              
 lochierarchy       | unknown                 
 rank_within_parent | 3                       
-RECORD 45------------------------------------
 gross_margin       | -0.44115886172705231970 
 i_category         | Electronics             
 i_class            | portable                
 lochierarchy       | unknown                 
 rank_within_parent | 4                       
-RECORD 46------------------------------------
 gross_margin       | -0.43972786651639318010 
 i_category         | Electronics             
 i_class            | memory                  
 lochierarchy       | unknown                 
 rank_within_parent | 5                       
-RECORD 47------------------------------------
 gross_margin       | -0.43889275271590953040 
 i_category         | Electronics             
 i_class            | scanners                
 lochierarchy       | unknown                 
 rank_within_parent | 6                       
-RECORD 48------------------------------------
 gross_margin       | -0.43879181695132886061 
 i_category         | Electronics             
 i_class            | karoke                  
 lochierarchy       | unknown                 
 rank_within_parent | 7                       
-RECORD 49------------------------------------
 gross_margin       | -0.43743655149948399284 
 i_category         | Electronics             
 i_class            | dvd/vcr players         
 lochierarchy       | unknown                 
 rank_within_parent | 8                       
-RECORD 50------------------------------------
 gross_margin       | -0.43737666390514154910 
 i_category         | Electronics             
 i_class            | cameras                 
 lochierarchy       | unknown                 
 rank_within_parent | 9                       
-RECORD 51------------------------------------
 gross_margin       | -0.43390499017233926812 
 i_category         | Electronics             
 i_class            | wireless                
 lochierarchy       | unknown                 
 rank_within_parent | 10                      
-RECORD 52------------------------------------
 gross_margin       | -0.43163869754114299547 
 i_category         | Electronics             
 i_class            | audio                   
 lochierarchy       | unknown                 
 rank_within_parent | 11                      
-RECORD 53------------------------------------
 gross_margin       | -0.42958938669780912634 
 i_category         | Electronics             
 i_class            | camcorders              
 lochierarchy       | unknown                 
 rank_within_parent | 12                      
-RECORD 54------------------------------------
 gross_margin       | -0.42872845803629855724 
 i_category         | Electronics             
 i_class            | musical                 
 lochierarchy       | unknown                 
 rank_within_parent | 13                      
-RECORD 55------------------------------------
 gross_margin       | -0.42228240153396399656 
 i_category         | Electronics             
 i_class            | televisions             
 lochierarchy       | unknown                 
 rank_within_parent | 14                      
-RECORD 56------------------------------------
 gross_margin       | -0.41893847772039275795 
 i_category         | Electronics             
 i_class            | monitors                
 lochierarchy       | unknown                 
 rank_within_parent | 15                      
-RECORD 57------------------------------------
 gross_margin       | -0.39793878022746331540 
 i_category         | Electronics             
 i_class            | disk drives             
 lochierarchy       | unknown                 
 rank_within_parent | 16                      
-RECORD 58------------------------------------
 gross_margin       | -0.49051156860507320113 
 i_category         | Home                    
 i_class            | null                    
 lochierarchy       | unknown                 
 rank_within_parent | 1                       
-RECORD 59------------------------------------
 gross_margin       | -0.48431476750686752965 
 i_category         | Home                    
 i_class            | blinds/shades           
 lochierarchy       | unknown                 
 rank_within_parent | 2                       
-RECORD 60------------------------------------
 gross_margin       | -0.47545837941951440918 
 i_category         | Home                    
 i_class            | bathroom                
 lochierarchy       | unknown                 
 rank_within_parent | 3                       
-RECORD 61------------------------------------
 gross_margin       | -0.45726228921216284093 
 i_category         | Home                    
 i_class            | rugs                    
 lochierarchy       | unknown                 
 rank_within_parent | 4                       
-RECORD 62------------------------------------
 gross_margin       | -0.45540507568891021759 
 i_category         | Home                    
 i_class            | furniture               
 lochierarchy       | unknown                 
 rank_within_parent | 5                       
-RECORD 63------------------------------------
 gross_margin       | -0.45303572267019508501 
 i_category         | Home                    
 i_class            | flatware                
 lochierarchy       | unknown                 
 rank_within_parent | 6                       
-RECORD 64------------------------------------
 gross_margin       | -0.44755542058111800358 
 i_category         | Home                    
 i_class            | tables                  
 lochierarchy       | unknown                 
 rank_within_parent | 7                       
-RECORD 65------------------------------------
 gross_margin       | -0.44419847780930149402 
 i_category         | Home                    
 i_class            | wallpaper               
 lochierarchy       | unknown                 
 rank_within_parent | 8                       
-RECORD 66------------------------------------
 gross_margin       | -0.44092345226680695671 
 i_category         | Home                    
 i_class            | glassware               
 lochierarchy       | unknown                 
 rank_within_parent | 9                       
-RECORD 67------------------------------------
 gross_margin       | -0.43877591834074789745 
 i_category         | Home                    
 i_class            | decor                   
 lochierarchy       | unknown                 
 rank_within_parent | 10                      
-RECORD 68------------------------------------
 gross_margin       | -0.43765482553654514822 
 i_category         | Home                    
 i_class            | accent                  
 lochierarchy       | unknown                 
 rank_within_parent | 11                      
-RECORD 69------------------------------------
 gross_margin       | -0.43188199218974854630 
 i_category         | Home                    
 i_class            | bedding                 
 lochierarchy       | unknown                 
 rank_within_parent | 12                      
-RECORD 70------------------------------------
 gross_margin       | -0.43107417904272222899 
 i_category         | Home                    
 i_class            | kids                    
 lochierarchy       | unknown                 
 rank_within_parent | 13                      
-RECORD 71------------------------------------
 gross_margin       | -0.42474436355625900935 
 i_category         | Home                    
 i_class            | lighting                
 lochierarchy       | unknown                 
 rank_within_parent | 14                      
-RECORD 72------------------------------------
 gross_margin       | -0.41783311109052416746 
 i_category         | Home                    
 i_class            | curtains/drapes         
 lochierarchy       | unknown                 
 rank_within_parent | 15                      
-RECORD 73------------------------------------
 gross_margin       | -0.41767111806961188479 
 i_category         | Home                    
 i_class            | mattresses              
 lochierarchy       | unknown                 
 rank_within_parent | 16                      
-RECORD 74------------------------------------
 gross_margin       | -0.40562188698541221499 
 i_category         | Home                    
 i_class            | paint                   
 lochierarchy       | unknown                 
 rank_within_parent | 17                      
-RECORD 75------------------------------------
 gross_margin       | -0.45165056505480816921 
 i_category         | Jewelry                 
 i_class            | jewelry boxes           
 lochierarchy       | unknown                 
 rank_within_parent | 1                       
-RECORD 76------------------------------------
 gross_margin       | -0.44372227804836590137 
 i_category         | Jewelry                 
 i_class            | estate                  
 lochierarchy       | unknown                 
 rank_within_parent | 2                       
-RECORD 77------------------------------------
 gross_margin       | -0.44251815032563188894 
 i_category         | Jewelry                 
 i_class            | gold                    
 lochierarchy       | unknown                 
 rank_within_parent | 3                       
-RECORD 78------------------------------------
 gross_margin       | -0.43978127753996883542 
 i_category         | Jewelry                 
 i_class            | consignment             
 lochierarchy       | unknown                 
 rank_within_parent | 4                       
-RECORD 79------------------------------------
 gross_margin       | -0.43821750044359339153 
 i_category         | Jewelry                 
 i_class            | custom                  
 lochierarchy       | unknown                 
 rank_within_parent | 5                       
-RECORD 80------------------------------------
 gross_margin       | -0.43439645036479672989 
 i_category         | Jewelry                 
 i_class            | bracelets               
 lochierarchy       | unknown                 
 rank_within_parent | 6                       
-RECORD 81------------------------------------
 gross_margin       | -0.43208398325687772942 
 i_category         | Jewelry                 
 i_class            | loose stones            
 lochierarchy       | unknown                 
 rank_within_parent | 7                       
-RECORD 82------------------------------------
 gross_margin       | -0.43060897375114375156 
 i_category         | Jewelry                 
 i_class            | diamonds                
 lochierarchy       | unknown                 
 rank_within_parent | 8                       
-RECORD 83------------------------------------
 gross_margin       | -0.42847505748860847066 
 i_category         | Jewelry                 
 i_class            | costume                 
 lochierarchy       | unknown                 
 rank_within_parent | 9                       
-RECORD 84------------------------------------
 gross_margin       | -0.42667449062277843561 
 i_category         | Jewelry                 
 i_class            | rings                   
 lochierarchy       | unknown                 
 rank_within_parent | 10                      
-RECORD 85------------------------------------
 gross_margin       | -0.41987969011585456826 
 i_category         | Jewelry                 
 i_class            | mens watch              
 lochierarchy       | unknown                 
 rank_within_parent | 11                      
-RECORD 86------------------------------------
 gross_margin       | -0.41624621972944533035 
 i_category         | Jewelry                 
 i_class            | semi-precious           
 lochierarchy       | unknown                 
 rank_within_parent | 12                      
-RECORD 87------------------------------------
 gross_margin       | -0.41148949162100715771 
 i_category         | Jewelry                 
 i_class            | womens watch            
 lochierarchy       | unknown                 
 rank_within_parent | 13                      
-RECORD 88------------------------------------
 gross_margin       | -0.39725668174847694299 
 i_category         | Jewelry                 
 i_class            | birdal                  
 lochierarchy       | unknown                 
 rank_within_parent | 14                      
-RECORD 89------------------------------------
 gross_margin       | -0.39665274051903254057 
 i_category         | Jewelry                 
 i_class            | pendants                
 lochierarchy       | unknown                 
 rank_within_parent | 15                      
-RECORD 90------------------------------------
 gross_margin       | -0.38423525233438861010 
 i_category         | Jewelry                 
 i_class            | earings                 
 lochierarchy       | unknown                 
 rank_within_parent | 16                      
-RECORD 91------------------------------------
 gross_margin       | -0.44464388887858793403 
 i_category         | Men                     
 i_class            | shirts                  
 lochierarchy       | unknown                 
 rank_within_parent | 1                       
-RECORD 92------------------------------------
 gross_margin       | -0.43719860800637369827 
 i_category         | Men                     
 i_class            | accessories             
 lochierarchy       | unknown                 
 rank_within_parent | 2                       
-RECORD 93------------------------------------
 gross_margin       | -0.43164606665359630905 
 i_category         | Men                     
 i_class            | sports-apparel          
 lochierarchy       | unknown                 
 rank_within_parent | 3                       
-RECORD 94------------------------------------
 gross_margin       | -0.41530906677293519754 
 i_category         | Men                     
 i_class            | pants                   
 lochierarchy       | unknown                 
 rank_within_parent | 4                       
-RECORD 95------------------------------------
 gross_margin       | -0.38332708894803499123 
 i_category         | Men                     
 i_class            | null                    
 lochierarchy       | unknown                 
 rank_within_parent | 5                       
-RECORD 96------------------------------------
 gross_margin       | -0.47339698705534020269 
 i_category         | Music                   
 i_class            | null                    
 lochierarchy       | unknown                 
 rank_within_parent | 1                       
-RECORD 97------------------------------------
 gross_margin       | -0.44193214675249008923 
 i_category         | Music                   
 i_class            | rock                    
 lochierarchy       | unknown                 
 rank_within_parent | 2                       
-RECORD 98------------------------------------
 gross_margin       | -0.44008174913565459246 
 i_category         | Music                   
 i_class            | country                 
 lochierarchy       | unknown                 
 rank_within_parent | 3                       
-RECORD 99------------------------------------
 gross_margin       | -0.43863444992223641373 
 i_category         | Music                   
 i_class            | pop                     
 lochierarchy       | unknown                 
 rank_within_parent | 4
             