-- Automatically generated by TpcdsQueries
-RECORD 0----------------------------
 w_warehouse_sk | 1                  
 i_item_sk      | 823                
 d_moy          | 1                  
 mean           | 301.5              
 cov            | 1.1271370519097714 
 w_warehouse_sk | 1                  
 i_item_sk      | 823                
 d_moy          | 2                  
 mean           | 399.25             
 cov            | 1.0208768007427147 
-RECORD 1----------------------------
 w_warehouse_sk | 1                  
 i_item_sk      | 1015               
 d_moy          | 1                  
 mean           | 344.25             
 cov            | 1.2511428113709673 
 w_warehouse_sk | 1                  
 i_item_sk      | 1015               
 d_moy          | 2                  
 mean           | 385.5              
 cov            | 1.0470314051933909 
-RECORD 2----------------------------
 w_warehouse_sk | 1                  
 i_item_sk      | 1555               
 d_moy          | 1                  
 mean           | 264.25             
 cov            | 1.2283186159550554 
 w_warehouse_sk | 1                  
 i_item_sk      | 1555               
 d_moy          | 2                  
 mean           | 308.25             
 cov            | 1.058767914170086  
-RECORD 3----------------------------
 w_warehouse_sk | 1                  
 i_item_sk      | 1691               
 d_moy          | 1                  
 mean           | 116.33333333333333 
 cov            | 1.0248470977646387 
 w_warehouse_sk | 1                  
 i_item_sk      | 1691               
 d_moy          | 2                  
 mean           | 304.75             
 cov            | 1.1191291694661885 
-RECORD 4----------------------------
 w_warehouse_sk | 1                  
 i_item_sk      | 1859               
 d_moy          | 1                  
 mean           | 434.0              
 cov            | 1.0498116619056204 
 w_warehouse_sk | 1                  
 i_item_sk      | 1859               
 d_moy          | 2                  
 mean           | 314.0              
 cov            | 1.1900690532464868 
-RECORD 5----------------------------
 w_warehouse_sk | 1                  
 i_item_sk      | 2239               
 d_moy          | 1                  
 mean           | 322.5              
 cov            | 1.0978977568088866 
 w_warehouse_sk | 1                  
 i_item_sk      | 2239               
 d_moy          | 2                  
 mean           | 382.75             
 cov            | 1.0474268515036576 
-RECORD 6----------------------------
 w_warehouse_sk | 1                  
 i_item_sk      | 3859               
 d_moy          | 1                  
 mean           | 352.25             
 cov            | 1.1782246058681007 
 w_warehouse_sk | 1                  
 i_item_sk      | 3859               
 d_moy          | 2                  
 mean           | 437.5              
 cov            | 1.145917046540028  
-RECORD 7----------------------------
 w_warehouse_sk | 1                  
 i_item_sk      | 4975               
 d_moy          | 1                  
 mean           | 388.5              
 cov            | 1.0001018617093298 
 w_warehouse_sk | 1                  
 i_item_sk      | 4975               
 d_moy          | 2                  
 mean           | 363.3333333333333  
 cov            | 1.0038038922115327 
-RECORD 8----------------------------
 w_warehouse_sk | 1                  
 i_item_sk      | 5109               
 d_moy          | 1                  
 mean           | 370.75             
 cov            | 1.1395542642353356 
 w_warehouse_sk | 1                  
 i_item_sk      | 5109               
 d_moy          | 2                  
 mean           | 322.25             
 cov            | 1.1495609463470746 
-RECORD 9----------------------------
 w_warehouse_sk | 1                  
 i_item_sk      | 5177               
 d_moy          | 1                  
 mean           | 292.0              
 cov            | 1.3461430973363442 
 w_warehouse_sk | 1                  
 i_item_sk      | 5177               
 d_moy          | 2                  
 mean           | 216.25             
 cov            | 1.05761161489175   
-RECORD 10---------------------------
 w_warehouse_sk | 1                  
 i_item_sk      | 6619               
 d_moy          | 1                  
 mean           | 409.5              
 cov            | 1.0040570532236324 
 w_warehouse_sk | 1                  
 i_item_sk      | 6619               
 d_moy          | 2                  
 mean           | 322.3333333333333  
 cov            | 1.0619035677903699 
-RECORD 11---------------------------
 w_warehouse_sk | 1                  
 i_item_sk      | 7535               
 d_moy          | 1                  
 mean           | 428.25             
 cov            | 1.0544682695099616 
 w_warehouse_sk | 1                  
 i_item_sk      | 7535               
 d_moy          | 2                  
 mean           | 391.5              
 cov            | 1.222946431626478  
-RECORD 12---------------------------
 w_warehouse_sk | 1                  
 i_item_sk      | 8283               
 d_moy          | 1                  
 mean           | 194.25             
 cov            | 1.2003971691624762 
 w_warehouse_sk | 1                  
 i_item_sk      | 8283               
 d_moy          | 2                  
 mean           | 400.6666666666667  
 cov            | 1.1209666759436547 
-RECORD 13---------------------------
 w_warehouse_sk | 1                  
 i_item_sk      | 8401               
 d_moy          | 1                  
 mean           | 328.25             
 cov            | 1.0063843177755347 
 w_warehouse_sk | 1                  
 i_item_sk      | 8401               
 d_moy          | 2                  
 mean           | 297.75             
 cov            | 1.4183634329309731 
-RECORD 14---------------------------
 w_warehouse_sk | 1                  
 i_item_sk      | 8547               
 d_moy          | 1                  
 mean           | 328.25             
 cov            | 1.1425055398027557 
 w_warehouse_sk | 1                  
 i_item_sk      | 8547               
 d_moy          | 2                  
 mean           | 264.5              
 cov            | 1.0416250678095451 
-RECORD 15---------------------------
 w_warehouse_sk | 1                  
 i_item_sk      | 8717               
 d_moy          | 1                  
 mean           | 228.5              
 cov            | 1.2085987127693683 
 w_warehouse_sk | 1                  
 i_item_sk      | 8717               
 d_moy          | 2                  
 mean           | 288.25             
 cov            | 1.2149351569032296 
-RECORD 16---------------------------
 w_warehouse_sk | 1                  
 i_item_sk      | 8933               
 d_moy          | 1                  
 mean           | 361.0              
 cov            | 1.1736874031675129 
 w_warehouse_sk | 1                  
 i_item_sk      | 8933               
 d_moy          | 2                  
 mean           | 433.0              
 cov            | 1.0089048763341881 
-RECORD 17---------------------------
 w_warehouse_sk | 1                  
 i_item_sk      | 8997               
 d_moy          | 1                  
 mean           | 250.0              
 cov            | 1.035266149354841  
 w_warehouse_sk | 1                  
 i_item_sk      | 8997               
 d_moy          | 2                  
 mean           | 430.6666666666667  
 cov            | 1.1313205669952624 
-RECORD 18---------------------------
 w_warehouse_sk | 1                  
 i_item_sk      | 9245               
 d_moy          | 1                  
 mean           | 392.3333333333333  
 cov            | 1.1119320768290193 
 w_warehouse_sk | 1                  
 i_item_sk      | 9245               
 d_moy          | 2                  
 mean           | 343.0              
 cov            | 1.1904615139612167 
-RECORD 19---------------------------
 w_warehouse_sk | 1                  
 i_item_sk      | 9621               
 d_moy          | 1                  
 mean           | 277.6666666666667  
 cov            | 1.2243644452469618 
 w_warehouse_sk | 1                  
 i_item_sk      | 9621               
 d_moy          | 2                  
 mean           | 337.25             
 cov            | 1.2482331965937552 
-RECORD 20---------------------------
 w_warehouse_sk | 1                  
 i_item_sk      | 10299              
 d_moy          | 1                  
 mean           | 380.5              
 cov            | 1.1949268339105126 
 w_warehouse_sk | 1                  
 i_item_sk      | 10299              
 d_moy          | 2                  
 mean           | 144.5              
 cov            | 1.184591012875645  
-RECORD 21---------------------------
 w_warehouse_sk | 1                  
 i_item_sk      | 10745              
 d_moy          | 1                  
 mean           | 287.3333333333333  
 cov            | 1.084129539111935  
 w_warehouse_sk | 1                  
 i_item_sk      | 10745              
 d_moy          | 2                  
 mean           | 335.6666666666667  
 cov            | 1.1651939735017574 
-RECORD 22---------------------------
 w_warehouse_sk | 1                  
 i_item_sk      | 11125              
 d_moy          | 1                  
 mean           | 472.75             
 cov            | 1.0530701492045889 
 w_warehouse_sk | 1                  
 i_item_sk      | 11125              
 d_moy          | 2                  
 mean           | 264.5              
 cov            | 1.0730737223380644 
-RECORD 23---------------------------
 w_warehouse_sk | 1                  
 i_item_sk      | 11859              
 d_moy          | 1                  
 mean           | 256.5              
 cov            | 1.4406552725835113 
 w_warehouse_sk | 1                  
 i_item_sk      | 11859              
 d_moy          | 2                  
 mean           | 370.75             
 cov            | 1.1082243282754298 
-RECORD 24---------------------------
 w_warehouse_sk | 1                  
 i_item_sk      | 12101              
 d_moy          | 1                  
 mean           | 334.75             
 cov            | 1.1423000747353222 
 w_warehouse_sk | 1                  
 i_item_sk      | 12101              
 d_moy          | 2                  
 mean           | 396.5              
 cov            | 1.0099457859523537 
-RECORD 25---------------------------
 w_warehouse_sk | 1                  
 i_item_sk      | 12259              
 d_moy          | 1                  
 mean           | 326.5              
 cov            | 1.219693210219279  
 w_warehouse_sk | 1                  
 i_item_sk      | 12259              
 d_moy          | 2                  
 mean           | 292.6666666666667  
 cov            | 1.2808898286830026 
-RECORD 26---------------------------
 w_warehouse_sk | 1                  
 i_item_sk      | 12641              
 d_moy          | 1                  
 mean           | 321.25             
 cov            | 1.1286221893301993 
 w_warehouse_sk | 1                  
 i_item_sk      | 12641              
 d_moy          | 2                  
 mean           | 279.25             
 cov            | 1.129134558577743  
-RECORD 27---------------------------
 w_warehouse_sk | 1                  
 i_item_sk      | 13043              
 d_moy          | 1                  
 mean           | 260.5              
 cov            | 1.355894484625015  
 w_warehouse_sk | 1                  
 i_item_sk      | 13043              
 d_moy          | 2                  
 mean           | 295.0              
 cov            | 1.056210118409035  
-RECORD 28---------------------------
 w_warehouse_sk | 1                  
 i_item_sk      | 13157              
 d_moy          | 1                  
 mean           | 260.5              
 cov            | 1.5242630430075292 
 w_warehouse_sk | 1                  
 i_item_sk      | 13157              
 d_moy          | 2                  
 mean           | 413.5              
 cov            | 1.0422561797285326 
-RECORD 29---------------------------
 w_warehouse_sk | 1                  
 i_item_sk      | 13293              
 d_moy          | 1                  
 mean           | 325.25             
 cov            | 1.1599721810918615 
 w_warehouse_sk | 1                  
 i_item_sk      | 13293              
 d_moy          | 2                  
 mean           | 345.75             
 cov            | 1.0626233629994524 
-RECORD 30---------------------------
 w_warehouse_sk | 1                  
 i_item_sk      | 13729              
 d_moy          | 1                  
 mean           | 486.0              
 cov            | 1.0680776434770018 
 w_warehouse_sk | 1                  
 i_item_sk      | 13729              
 d_moy          | 2                  
 mean           | 389.6666666666667  
 cov            | 1.3522269473359647 
-RECORD 31---------------------------
 w_warehouse_sk | 1                  
 i_item_sk      | 14137              
 d_moy          | 1                  
 mean           | 427.0              
 cov            | 1.0418229612154228 
 w_warehouse_sk | 1                  
 i_item_sk      | 14137              
 d_moy          | 2                  
 mean           | 387.5              
 cov            | 1.0294855239302605 
-RECORD 32---------------------------
 w_warehouse_sk | 1                  
 i_item_sk      | 14159              
 d_moy          | 1                  
 mean           | 398.6666666666667  
 cov            | 1.0001328196713188 
 w_warehouse_sk | 1                  
 i_item_sk      | 14159              
 d_moy          | 2                  
 mean           | 186.5              
 cov            | 1.01269532733355   
-RECORD 33---------------------------
 w_warehouse_sk | 1                  
 i_item_sk      | 14161              
 d_moy          | 1                  
 mean           | 84.66666666666667  
 cov            | 1.4291501268026987 
 w_warehouse_sk | 1                  
 i_item_sk      | 14161              
 d_moy          | 2                  
 mean           | 450.5              
 cov            | 1.0059037693687187 
-RECORD 34---------------------------
 w_warehouse_sk | 1                  
 i_item_sk      | 14809              
 d_moy          | 1                  
 mean           | 334.6666666666667  
 cov            | 1.01910538050536   
 w_warehouse_sk | 1                  
 i_item_sk      | 14809              
 d_moy          | 2                  
 mean           | 89.0               
 cov            | NaN                
-RECORD 35---------------------------
 w_warehouse_sk | 1                  
 i_item_sk      | 14911              
 d_moy          | 1                  
 mean           | 397.6666666666667  
 cov            | 1.1801953152598252 
 w_warehouse_sk | 1                  
 i_item_sk      | 14911              
 d_moy          | 2                  
 mean           | 195.0              
 cov            | 1.0294118715204632 
-RECORD 36---------------------------
 w_warehouse_sk | 1                  
 i_item_sk      | 14983              
 d_moy          | 1                  
 mean           | 286.6666666666667  
 cov            | 1.335077674103522  
 w_warehouse_sk | 1                  
 i_item_sk      | 14983              
 d_moy          | 2                  
 mean           | 138.25             
 cov            | 1.0223829110804588 
-RECORD 37---------------------------
 w_warehouse_sk | 1                  
 i_item_sk      | 15181              
 d_moy          | 1                  
 mean           | 270.0              
 cov            | 1.0247553155705627 
 w_warehouse_sk | 1                  
 i_item_sk      | 15181              
 d_moy          | 2                  
 mean           | 431.25             
 cov            | 1.0014337967301454 
-RECORD 38---------------------------
 w_warehouse_sk | 1                  
 i_item_sk      | 15425              
 d_moy          | 1                  
 mean           | 311.5              
 cov            | 1.0406385606636968 
 w_warehouse_sk | 1                  
 i_item_sk      | 15425              
 d_moy          | 2                  
 mean           | 348.25             
 cov            | 1.1725274574998379 
-RECORD 39---------------------------
 w_warehouse_sk | 1                  
 i_item_sk      | 15441              
 d_moy          | 1                  
 mean           | 295.0              
 cov            | 1.597573089984185  
 w_warehouse_sk | 1                  
 i_item_sk      | 15441              
 d_moy          | 2                  
 mean           | 296.0              
 cov            | 1.534664092337063  
-RECORD 40---------------------------
 w_warehouse_sk | 1                  
 i_item_sk      | 16601              
 d_moy          | 1                  
 mean           | 428.5              
 cov            | 1.0395250642903893 
 w_warehouse_sk | 1                  
 i_item_sk      | 16601              
 d_moy          | 2                  
 mean           | 397.75             
 cov            | 1.108690797111687  
-RECORD 41---------------------------
 w_warehouse_sk | 1                  
 i_item_sk      | 16895              
 d_moy          | 1                  
 mean           | 197.25             
 cov            | 1.6216484458744376 
 w_warehouse_sk | 1                  
 i_item_sk      | 16895              
 d_moy          | 2                  
 mean           | 201.33333333333334 
 cov            | 1.001838963026182  
-RECORD 42---------------------------
 w_warehouse_sk | 1                  
 i_item_sk      | 17285              
 d_moy          | 1                  
 mean           | 291.5              
 cov            | 1.221338355118313  
 w_warehouse_sk | 1                  
 i_item_sk      | 17285              
 d_moy          | 2                  
 mean           | 384.3333333333333  
 cov            | 1.3166511804104957 
-RECORD 43---------------------------
 w_warehouse_sk | 1                  
 i_item_sk      | 17399              
 d_moy          | 1                  
 mean           | 335.25             
 cov            | 1.18017157377048   
 w_warehouse_sk | 1                  
 i_item_sk      | 17399              
 d_moy          | 2                  
 mean           | 208.0              
 cov            | 1.2199892235676928 
-RECORD 44---------------------------
 w_warehouse_sk | 1                  
 i_item_sk      | 17521              
 d_moy          | 1                  
 mean           | 248.0              
 cov            | 1.1446287380504054 
 w_warehouse_sk | 1                  
 i_item_sk      | 17521              
 d_moy          | 2                  
 mean           | 321.25             
 cov            | 1.1065301391790767 
-RECORD 45---------------------------
 w_warehouse_sk | 2                  
 i_item_sk      | 39                 
 d_moy          | 1                  
 mean           | 306.75             
 cov            | 1.3140265341053214 
 w_warehouse_sk | 2                  
 i_item_sk      | 39                 
 d_moy          | 2                  
 mean           | 207.75             
 cov            | 1.0612481315699458 
-RECORD 46---------------------------
 w_warehouse_sk | 2                  
 i_item_sk      | 575                
 d_moy          | 1                  
 mean           | 139.75             
 cov            | 1.0651946548671536 
 w_warehouse_sk | 2                  
 i_item_sk      | 575                
 d_moy          | 2                  
 mean           | 390.0              
 cov            | 1.2985907498394962 
-RECORD 47---------------------------
 w_warehouse_sk | 2                  
 i_item_sk      | 577                
 d_moy          | 1                  
 mean           | 398.3333333333333  
 cov            | 1.0782049277126313 
 w_warehouse_sk | 2                  
 i_item_sk      | 577                
 d_moy          | 2                  
 mean           | 125.25             
 cov            | 1.015309703853557  
-RECORD 48---------------------------
 w_warehouse_sk | 2                  
 i_item_sk      | 795                
 d_moy          | 1                  
 mean           | 445.0              
 cov            | 1.008215213597613  
 w_warehouse_sk | 2                  
 i_item_sk      | 795                
 d_moy          | 2                  
 mean           | 226.0              
 cov            | 1.0374761691860421 
-RECORD 49---------------------------
 w_warehouse_sk | 2                  
 i_item_sk      | 977                
 d_moy          | 1                  
 mean           | 383.0              
 cov            | 1.0133755425339792 
 w_warehouse_sk | 2                  
 i_item_sk      | 977                
 d_moy          | 2                  
 mean           | 365.25             
 cov            | 1.013000783116057  
-RECORD 50---------------------------
 w_warehouse_sk | 2                  
 i_item_sk      | 993                
 d_moy          | 1                  
 mean           | 361.0              
 cov            | 1.0341824955539196 
 w_warehouse_sk | 2                  
 i_item_sk      | 993                
 d_moy          | 2                  
 mean           | 228.0              
 cov            | 1.2304019216861168 
-RECORD 51---------------------------
 w_warehouse_sk | 2                  
 i_item_sk      | 1367               
 d_moy          | 1                  
 mean           | 402.0              
 cov            | 1.143084675277277  
 w_warehouse_sk | 2                  
 i_item_sk      | 1367               
 d_moy          | 2                  
 mean           | 204.25             
 cov            | 1.0427544150441603 
-RECORD 52---------------------------
 w_warehouse_sk | 2                  
 i_item_sk      | 2863               
 d_moy          | 1                  
 mean           | 366.5              
 cov            | 1.0309651709854288 
 w_warehouse_sk | 2                  
 i_item_sk      | 2863               
 d_moy          | 2                  
 mean           | 216.75             
 cov            | 1.213127273469588  
-RECORD 53---------------------------
 w_warehouse_sk | 2                  
 i_item_sk      | 3041               
 d_moy          | 1                  
 mean           | 330.75             
 cov            | 1.0432879984065397 
 w_warehouse_sk | 2                  
 i_item_sk      | 3041               
 d_moy          | 2                  
 mean           | 397.25             
 cov            | 1.0315273164376213 
-RECORD 54---------------------------
 w_warehouse_sk | 2                  
 i_item_sk      | 3323               
 d_moy          | 1                  
 mean           | 427.25             
 cov            | 1.0090121310722835 
 w_warehouse_sk | 2                  
 i_item_sk      | 3323               
 d_moy          | 2                  
 mean           | 338.5              
 cov            | 1.0459307196329675 
-RECORD 55---------------------------
 w_warehouse_sk | 2                  
 i_item_sk      | 3999               
 d_moy          | 1                  
 mean           | 422.0              
 cov            | 1.0082188847601554 
 w_warehouse_sk | 2                  
 i_item_sk      | 3999               
 d_moy          | 2                  
 mean           | 403.25             
 cov            | 1.0051474075339424 
-RECORD 56---------------------------
 w_warehouse_sk | 2                  
 i_item_sk      | 4023               
 d_moy          | 1                  
 mean           | 410.3333333333333  
 cov            | 1.0275376199691826 
 w_warehouse_sk | 2                  
 i_item_sk      | 4023               
 d_moy          | 2                  
 mean           | 247.75             
 cov            | 1.1609399487145424 
-RECORD 57---------------------------
 w_warehouse_sk | 2                  
 i_item_sk      | 4331               
 d_moy          | 1                  
 mean           | 384.75             
 cov            | 1.064007972514113  
 w_warehouse_sk | 2                  
 i_item_sk      | 4331               
 d_moy          | 2                  
 mean           | 385.75             
 cov            | 1.011321832432027  
-RECORD 58---------------------------
 w_warehouse_sk | 2                  
 i_item_sk      | 5915               
 d_moy          | 1                  
 mean           | 231.25             
 cov            | 1.8705235468767831 
 w_warehouse_sk | 2                  
 i_item_sk      | 5915               
 d_moy          | 2                  
 mean           | 407.0              
 cov            | 1.0885509926353207 
-RECORD 59---------------------------
 w_warehouse_sk | 2                  
 i_item_sk      | 6275               
 d_moy          | 1                  
 mean           | 420.6666666666667  
 cov            | 1.008294829045718  
 w_warehouse_sk | 2                  
 i_item_sk      | 6275               
 d_moy          | 2                  
 mean           | 297.6666666666667  
 cov            | 1.4615952762209015 
-RECORD 60---------------------------
 w_warehouse_sk | 2                  
 i_item_sk      | 7087               
 d_moy          | 1                  
 mean           | 494.5              
 cov            | 1.0102112511298167 
 w_warehouse_sk | 2                  
 i_item_sk      | 7087               
 d_moy          | 2                  
 mean           | 148.5              
 cov            | 1.7921780145107034 
-RECORD 61---------------------------
 w_warehouse_sk | 2                  
 i_item_sk      | 7333               
 d_moy          | 1                  
 mean           | 150.33333333333334 
 cov            | 1.433050233356339  
 w_warehouse_sk | 2                  
 i_item_sk      | 7333               
 d_moy          | 2                  
 mean           | 214.75             
 cov            | 1.0557216871980746 
-RECORD 62---------------------------
 w_warehouse_sk | 2                  
 i_item_sk      | 7497               
 d_moy          | 1                  
 mean           | 360.25             
 cov            | 1.0793771564436658 
 w_warehouse_sk | 2                  
 i_item_sk      | 7497               
 d_moy          | 2                  
 mean           | 200.0              
 cov            | 1.2799283834131763 
-RECORD 63---------------------------
 w_warehouse_sk | 2                  
 i_item_sk      | 8825               
 d_moy          | 1                  
 mean           | 381.5              
 cov            | 1.097428368281076  
 w_warehouse_sk | 2                  
 i_item_sk      | 8825               
 d_moy          | 2                  
 mean           | 414.25             
 cov            | 1.0153496363346763 
-RECORD 64---------------------------
 w_warehouse_sk | 2                  
 i_item_sk      | 10795              
 d_moy          | 1                  
 mean           | 393.3333333333333  
 cov            | 1.0666650582315749 
 w_warehouse_sk | 2                  
 i_item_sk      | 10795              
 d_moy          | 2                  
 mean           | 322.75             
 cov            | 1.0370108734399346 
-RECORD 65---------------------------
 w_warehouse_sk | 2                  
 i_item_sk      | 10863              
 d_moy          | 1                  
 mean           | 330.75             
 cov            | 1.0627419399194518 
 w_warehouse_sk | 2                  
 i_item_sk      | 10863              
 d_moy          | 2                  
 mean           | 276.0              
 cov            | 1.6689178243621974 
-RECORD 66---------------------------
 w_warehouse_sk | 2                  
 i_item_sk      | 11073              
 d_moy          | 1                  
 mean           | 274.0              
 cov            | 1.6770433716259476 
 w_warehouse_sk | 2                  
 i_item_sk      | 11073              
 d_moy          | 2                  
 mean           | 359.0              
 cov            | 1.0133649606830526 
-RECORD 67---------------------------
 w_warehouse_sk | 2                  
 i_item_sk      | 11465              
 d_moy          | 1                  
 mean           | 312.25             
 cov            | 1.1867998857912492 
 w_warehouse_sk | 2                  
 i_item_sk      | 11465              
 d_moy          | 2                  
 mean           | 154.0              
 cov            | 1.1105857906239676 
-RECORD 68---------------------------
 w_warehouse_sk | 2                  
 i_item_sk      | 11853              
 d_moy          | 1                  
 mean           | 292.25             
 cov            | 1.0772136418065505 
 w_warehouse_sk | 2                  
 i_item_sk      | 11853              
 d_moy          | 2                  
 mean           | 401.5              
 cov            | 1.0787107704829733 
-RECORD 69---------------------------
 w_warehouse_sk | 2                  
 i_item_sk      | 12389              
 d_moy          | 1                  
 mean           | 366.25             
 cov            | 1.067334394007718  
 w_warehouse_sk | 2                  
 i_item_sk      | 12389              
 d_moy          | 2                  
 mean           | 278.5              
 cov            | 1.1044576295014297 
-RECORD 70---------------------------
 w_warehouse_sk | 2                  
 i_item_sk      | 13247              
 d_moy          | 1                  
 mean           | 356.0              
 cov            | 1.0660645893691494 
 w_warehouse_sk | 2                  
 i_item_sk      | 13247              
 d_moy          | 2                  
 mean           | 342.5              
 cov            | 1.0634325916808434 
-RECORD 71---------------------------
 w_warehouse_sk | 2                  
 i_item_sk      | 13661              
 d_moy          | 1                  
 mean           | 293.0              
 cov            | 1.2174529148923212 
 w_warehouse_sk | 2                  
 i_item_sk      | 13661              
 d_moy          | 2                  
 mean           | 412.25             
 cov            | 1.048653193049242  
-RECORD 72---------------------------
 w_warehouse_sk | 2                  
 i_item_sk      | 13923              
 d_moy          | 1                  
 mean           | 335.75             
 cov            | 1.2358541998052608 
 w_warehouse_sk | 2                  
 i_item_sk      | 13923              
 d_moy          | 2                  
 mean           | 100.75             
 cov            | 1.0814570294681372 
-RECORD 73---------------------------
 w_warehouse_sk | 2                  
 i_item_sk      | 14671              
 d_moy          | 1                  
 mean           | 262.75             
 cov            | 1.0250871002782607 
 w_warehouse_sk | 2                  
 i_item_sk      | 14671              
 d_moy          | 2                  
 mean           | 338.75             
 cov            | 1.0628054504205149 
-RECORD 74---------------------------
 w_warehouse_sk | 2                  
 i_item_sk      | 15067              
 d_moy          | 1                  
 mean           | 468.0              
 cov            | 1.0106566556420347 
 w_warehouse_sk | 2                  
 i_item_sk      | 15067              
 d_moy          | 2                  
 mean           | 460.0              
 cov            | NaN                
-RECORD 75---------------------------
 w_warehouse_sk | 2                  
 i_item_sk      | 15397              
 d_moy          | 1                  
 mean           | 297.6666666666667  
 cov            | 1.2809438534554334 
 w_warehouse_sk | 2                  
 i_item_sk      | 15397              
 d_moy          | 2                  
 mean           | 492.75             
 cov            | 1.0943752797356943 
-RECORD 76---------------------------
 w_warehouse_sk | 2                  
 i_item_sk      | 15477              
 d_moy          | 1                  
 mean           | 251.0              
 cov            | 1.124353329693781  
 w_warehouse_sk | 2                  
 i_item_sk      | 15477              
 d_moy          | 2                  
 mean           | 307.6666666666667  
 cov            | 1.3795297219800364 
-RECORD 77---------------------------
 w_warehouse_sk | 2                  
 i_item_sk      | 15795              
 d_moy          | 1                  
 mean           | 304.5              
 cov            | 1.0607926164522463 
 w_warehouse_sk | 2                  
 i_item_sk      | 15795              
 d_moy          | 2                  
 mean           | 397.25             
 cov            | 1.1176167493994051 
-RECORD 78---------------------------
 w_warehouse_sk | 2                  
 i_item_sk      | 16603              
 d_moy          | 1                  
 mean           | 293.3333333333333  
 cov            | 1.387199822342635  
 w_warehouse_sk | 2                  
 i_item_sk      | 16603              
 d_moy          | 2                  
 mean           | 433.3333333333333  
 cov            | 1.1660592106922516 
-RECORD 79---------------------------
 w_warehouse_sk | 2                  
 i_item_sk      | 16969              
 d_moy          | 1                  
 mean           | 364.6666666666667  
 cov            | 1.1611696936141274 
 w_warehouse_sk | 2                  
 i_item_sk      | 16969              
 d_moy          | 2                  
 mean           | 375.3333333333333  
 cov            | 1.0294034440006494 
-RECORD 80---------------------------
 w_warehouse_sk | 2                  
 i_item_sk      | 17393              
 d_moy          | 1                  
 mean           | 179.25             
 cov            | 1.1070920857377156 
 w_warehouse_sk | 2                  
 i_item_sk      | 17393              
 d_moy          | 2                  
 mean           | 294.25             
 cov            | 1.1481110921426008 
-RECORD 81---------------------------
 w_warehouse_sk | 3                  
 i_item_sk      | 29                 
 d_moy          | 1                  
 mean           | 438.25             
 cov            | 1.0131261466664097 
 w_warehouse_sk | 3                  
 i_item_sk      | 29                 
 d_moy          | 2                  
 mean           | 344.0              
 cov            | 1.1151530577310618 
-RECORD 82---------------------------
 w_warehouse_sk | 3                  
 i_item_sk      | 247                
 d_moy          | 1                  
 mean           | 321.0              
 cov            | 1.0042014719826915 
 w_warehouse_sk | 3                  
 i_item_sk      | 247                
 d_moy          | 2                  
 mean           | 423.0              
 cov            | 1.180182949214427  
-RECORD 83---------------------------
 w_warehouse_sk | 3                  
 i_item_sk      | 953                
 d_moy          | 1                  
 mean           | 338.75             
 cov            | 1.1838346915880587 
 w_warehouse_sk | 3                  
 i_item_sk      | 953                
 d_moy          | 2                  
 mean           | 321.5              
 cov            | 1.2363739805879619 
-RECORD 84---------------------------
 w_warehouse_sk | 3                  
 i_item_sk      | 1541               
 d_moy          | 1                  
 mean           | 110.0              
 cov            | 1.1791578448793427 
 w_warehouse_sk | 3                  
 i_item_sk      | 1541               
 d_moy          | 2                  
 mean           | 273.75             
 cov            | 1.197487924282276  
-RECORD 85---------------------------
 w_warehouse_sk | 3                  
 i_item_sk      | 1649               
 d_moy          | 1                  
 mean           | 360.6666666666667  
 cov            | 1.1853733590339803 
 w_warehouse_sk | 3                  
 i_item_sk      | 1649               
 d_moy          | 2                  
 mean           | 334.25             
 cov            | 1.1482623798952447 
-RECORD 86---------------------------
 w_warehouse_sk | 3                  
 i_item_sk      | 2459               
 d_moy          | 1                  
 mean           | 313.75             
 cov            | 1.0048197369511642 
 w_warehouse_sk | 3                  
 i_item_sk      | 2459               
 d_moy          | 2                  
 mean           | 352.75             
 cov            | 1.21947122536524   
-RECORD 87---------------------------
 w_warehouse_sk | 3                  
 i_item_sk      | 2619               
 d_moy          | 1                  
 mean           | 241.0              
 cov            | 1.1159485992928209 
 w_warehouse_sk | 3                  
 i_item_sk      | 2619               
 d_moy          | 2                  
 mean           | 261.0              
 cov            | 1.1099544779211474 
-RECORD 88---------------------------
 w_warehouse_sk | 3                  
 i_item_sk      | 2707               
 d_moy          | 1                  
 mean           | 375.25             
 cov            | 1.1207806068743988 
 w_warehouse_sk | 3                  
 i_item_sk      | 2707               
 d_moy          | 2                  
 mean           | 290.75             
 cov            | 1.0006820492941273 
-RECORD 89---------------------------
 w_warehouse_sk | 3                  
 i_item_sk      | 2975               
 d_moy          | 1                  
 mean           | 304.0              
 cov            | 1.0591594463002163 
 w_warehouse_sk | 3                  
 i_item_sk      | 2975               
 d_moy          | 2                  
 mean           | 190.0              
 cov            | 1.2046769431661426 
-RECORD 90---------------------------
 w_warehouse_sk | 3                  
 i_item_sk      | 3315               
 d_moy          | 1                  
 mean           | 271.75             
 cov            | 1.555976998814345  
 w_warehouse_sk | 3                  
 i_item_sk      | 3315               
 d_moy          | 2                  
 mean           | 393.75             
 cov            | 1.0196319345405949 
-RECORD 91---------------------------
 w_warehouse_sk | 3                  
 i_item_sk      | 3393               
 d_moy          | 1                  
 mean           | 260.0              
 cov            | 1.5009563026568116 
 w_warehouse_sk | 3                  
 i_item_sk      | 3393               
 d_moy          | 2                  
 mean           | 470.25             
 cov            | 1.129275872154205  
-RECORD 92---------------------------
 w_warehouse_sk | 3                  
 i_item_sk      | 3597               
 d_moy          | 1                  
 mean           | 304.0              
 cov            | 1.2471400801439207 
 w_warehouse_sk | 3                  
 i_item_sk      | 3597               
 d_moy          | 2                  
 mean           | 364.0              
 cov            | 1.057917059038131  
-RECORD 93---------------------------
 w_warehouse_sk | 3                  
 i_item_sk      | 3661               
 d_moy          | 1                  
 mean           | 331.25             
 cov            | 1.2138186201312904 
 w_warehouse_sk | 3                  
 i_item_sk      | 3661               
 d_moy          | 2                  
 mean           | 398.25             
 cov            | 1.0134502284121254 
-RECORD 94---------------------------
 w_warehouse_sk | 3                  
 i_item_sk      | 3951               
 d_moy          | 1                  
 mean           | 328.3333333333333  
 cov            | 1.3920958631929026 
 w_warehouse_sk | 3                  
 i_item_sk      | 3951               
 d_moy          | 2                  
 mean           | 378.0              
 cov            | 1.057830622993178  
-RECORD 95---------------------------
 w_warehouse_sk | 3                  
 i_item_sk      | 4793               
 d_moy          | 1                  
 mean           | 439.5              
 cov            | 1.3208979917045633 
 w_warehouse_sk | 3                  
 i_item_sk      | 4793               
 d_moy          | 2                  
 mean           | 298.6666666666667  
 cov            | 1.2536383791454593 
-RECORD 96---------------------------
 w_warehouse_sk | 3                  
 i_item_sk      | 5221               
 d_moy          | 1                  
 mean           | 395.25             
 cov            | 1.012020609314844  
 w_warehouse_sk | 3                  
 i_item_sk      | 5221               
 d_moy          | 2                  
 mean           | 423.6666666666667  
 cov            | 1.0742618083358388 
-RECORD 97---------------------------
 w_warehouse_sk | 3                  
 i_item_sk      | 5857               
 d_moy          | 1                  
 mean           | 331.5              
 cov            | 1.1548423818657882 
 w_warehouse_sk | 3                  
 i_item_sk      | 5857               
 d_moy          | 2                  
 mean           | 394.3333333333333  
 cov            | 1.101836576034495  
-RECORD 98---------------------------
 w_warehouse_sk | 3                  
 i_item_sk      | 6045               
 d_moy          | 1                  
 mean           | 313.5              
 cov            | 1.1971443861134845 
 w_warehouse_sk | 3                  
 i_item_sk      | 6045               
 d_moy          | 2                  
 mean           | 67.25              
 cov            | 1.2083633449201445 
-RECORD 99---------------------------
 w_warehouse_sk | 3                  
 i_item_sk      | 6615               
 d_moy          | 1                  
 mean           | 366.0              
 cov            | 1.4103495908912012 
 w_warehouse_sk | 3                  
 i_item_sk      | 6615               
 d_moy          | 2                  
 mean           | 228.0              
 cov            | 1.0322683130436006 
-RECORD 100--------------------------
 w_warehouse_sk | 3                  
 i_item_sk      | 7071               
 d_moy          | 1                  
 mean           | 182.75             
 cov            | 1.402155194063468  
 w_warehouse_sk | 3                  
 i_item_sk      | 7071               
 d_moy          | 2                  
 mean           | 438.25             
 cov            | 1.0176436798626307 
-RECORD 101--------------------------
 w_warehouse_sk | 3                  
 i_item_sk      | 7211               
 d_moy          | 1                  
 mean           | 355.25             
 cov            | 1.2455338321801286 
 w_warehouse_sk | 3                  
 i_item_sk      | 7211               
 d_moy          | 2                  
 mean           | 462.0              
 cov            | 1.0449517641148738 
-RECORD 102--------------------------
 w_warehouse_sk | 3                  
 i_item_sk      | 8761               
 d_moy          | 1                  
 mean           | 253.75             
 cov            | 1.1207897246865177 
 w_warehouse_sk | 3                  
 i_item_sk      | 8761               
 d_moy          | 2                  
 mean           | 212.5              
 cov            | 1.1557740307473354 
-RECORD 103--------------------------
 w_warehouse_sk | 3                  
 i_item_sk      | 9305               
 d_moy          | 1                  
 mean           | 350.6666666666667  
 cov            | 1.3141448475357504 
 w_warehouse_sk | 3                  
 i_item_sk      | 9305               
 d_moy          | 2                  
 mean           | 387.3333333333333  
 cov            | 1.043391324490137  
-RECORD 104--------------------------
 w_warehouse_sk | 3                  
 i_item_sk      | 9373               
 d_moy          | 1                  
 mean           | 179.75             
 cov            | 1.3318949893741667 
 w_warehouse_sk | 3                  
 i_item_sk      | 9373               
 d_moy          | 2                  
 mean           | 321.25             
 cov            | 1.1314604181366261 
-RECORD 105--------------------------
 w_warehouse_sk | 3                  
 i_item_sk      | 9669               
 d_moy          | 1                  
 mean           | 315.75             
 cov            | 1.093783081996044  
 w_warehouse_sk | 3                  
 i_item_sk      | 9669               
 d_moy          | 2                  
 mean           | 321.0              
 cov            | 1.1239703852823903 
-RECORD 106--------------------------
 w_warehouse_sk | 3                  
 i_item_sk      | 9699               
 d_moy          | 1                  
 mean           | 362.25             
 cov            | 1.0269679854596525 
 w_warehouse_sk | 3                  
 i_item_sk      | 9699               
 d_moy          | 2                  
 mean           | 358.0              
 cov            | 1.5025258842887776 
-RECORD 107--------------------------
 w_warehouse_sk | 3                  
 i_item_sk      | 10301              
 d_moy          | 1                  
 mean           | 348.5              
 cov            | 1.2820855632941448 
 w_warehouse_sk | 3                  
 i_item_sk      | 10301              
 d_moy          | 2                  
 mean           | 318.5              
 cov            | 1.289483896046129  
-RECORD 108--------------------------
 w_warehouse_sk | 3                  
 i_item_sk      | 10427              
 d_moy          | 1                  
 mean           | 241.33333333333334 
 cov            | 1.5634035191786233 
 w_warehouse_sk | 3                  
 i_item_sk      | 10427              
 d_moy          | 2                  
 mean           | 381.25             
 cov            | 1.0623056061004696 
-RECORD 109--------------------------
 w_warehouse_sk | 3                  
 i_item_sk      | 11103              
 d_moy          | 1                  
 mean           | 260.25             
 cov            | 1.0537747255764836 
 w_warehouse_sk | 3                  
 i_item_sk      | 11103              
 d_moy          | 2                  
 mean           | 334.0              
 cov            | 1.2702517027303248 
-RECORD 110--------------------------
 w_warehouse_sk | 3                  
 i_item_sk      | 11141              
 d_moy          | 1                  
 mean           | 251.0              
 cov            | 1.0896833134701018 
 w_warehouse_sk | 3                  
 i_item_sk      | 11141              
 d_moy          | 2                  
 mean           | 272.0              
 cov            | 1.1910327315841194 
-RECORD 111--------------------------
 w_warehouse_sk | 3                  
 i_item_sk      | 12019              
 d_moy          | 1                  
 mean           | 362.25             
 cov            | 1.0966647561341047 
 w_warehouse_sk | 3                  
 i_item_sk      | 12019              
 d_moy          | 2                  
 mean           | 282.25             
 cov            | 1.0983756663144604 
-RECORD 112--------------------------
 w_warehouse_sk | 3                  
 i_item_sk      | 12743              
 d_moy          | 1                  
 mean           | 276.5              
 cov            | 1.005648259467935  
 w_warehouse_sk | 3                  
 i_item_sk      | 12743              
 d_moy          | 2                  
 mean           | 352.5              
 cov            | 1.08876682930328   
-RECORD 113--------------------------
 w_warehouse_sk | 3                  
 i_item_sk      | 12753              
 d_moy          | 1                  
 mean           | 250.25             
 cov            | 1.3386846981823803 
 w_warehouse_sk | 3                  
 i_item_sk      | 12753              
 d_moy          | 2                  
 mean           | 468.0              
 cov            | 1.0383135087299893 
-RECORD 114--------------------------
 w_warehouse_sk | 3                  
 i_item_sk      | 12931              
 d_moy          | 1                  
 mean           | 322.75             
 cov            | 1.1146291380437745 
 w_warehouse_sk | 3                  
 i_item_sk      | 12931              
 d_moy          | 2                  
 mean           | 320.0              
 cov            | 1.17009448069376   
-RECORD 115--------------------------
 w_warehouse_sk | 3                  
 i_item_sk      | 13487              
 d_moy          | 1                  
 mean           | 308.25             
 cov            | 1.2961991776642086 
 w_warehouse_sk | 3                  
 i_item_sk      | 13487              
 d_moy          | 2                  
 mean           | 293.25             
 cov            | 1.0585525936033    
-RECORD 116--------------------------
 w_warehouse_sk | 3                  
 i_item_sk      | 13555              
 d_moy          | 1                  
 mean           | 373.25             
 cov            | 1.0745070114317623 
 w_warehouse_sk | 3                  
 i_item_sk      | 13555              
 d_moy          | 2                  
 mean           | 152.75             
 cov            | 1.412684197862033  
-RECORD 117--------------------------
 w_warehouse_sk | 3                  
 i_item_sk      | 13581              
 d_moy          | 1                  
 mean           | 292.75             
 cov            | 1.1902035296028353 
 w_warehouse_sk | 3                  
 i_item_sk      | 13581              
 d_moy          | 2                  
 mean           | 253.0              
 cov            | 1.155002663143799  
-RECORD 118--------------------------
 w_warehouse_sk | 3                  
 i_item_sk      | 13829              
 d_moy          | 1                  
 mean           | 233.5              
 cov            | 1.1312399620732085 
 w_warehouse_sk | 3                  
 i_item_sk      | 13829              
 d_moy          | 2                  
 mean           | 444.25             
 cov            | 1.0391188483200453 
-RECORD 119--------------------------
 w_warehouse_sk | 3                  
 i_item_sk      | 13847              
 d_moy          | 1                  
 mean           | 417.5              
 cov            | 1.039525557170396  
 w_warehouse_sk | 3                  
 i_item_sk      | 13847              
 d_moy          | 2                  
 mean           | 263.5              
 cov            | 1.4436108729741235 
-RECORD 120--------------------------
 w_warehouse_sk | 3                  
 i_item_sk      | 14073              
 d_moy          | 1                  
 mean           | 355.5              
 cov            | 1.0476440697241391 
 w_warehouse_sk | 3                  
 i_item_sk      | 14073              
 d_moy          | 2                  
 mean           | 437.25             
 cov            | 1.0172135605078851 
-RECORD 121--------------------------
 w_warehouse_sk | 3                  
 i_item_sk      | 14767              
 d_moy          | 1                  
 mean           | 311.5              
 cov            | 1.0034195608338836 
 w_warehouse_sk | 3                  
 i_item_sk      | 14767              
 d_moy          | 2                  
 mean           | 339.0              
 cov            | 1.2032144276415566 
-RECORD 122--------------------------
 w_warehouse_sk | 3                  
 i_item_sk      | 14981              
 d_moy          | 1                  
 mean           | 193.25             
 cov            | 1.0060336654947306 
 w_warehouse_sk | 3                  
 i_item_sk      | 14981              
 d_moy          | 2                  
 mean           | 441.5              
 cov            | 1.3661655364714043 
-RECORD 123--------------------------
 w_warehouse_sk | 3                  
 i_item_sk      | 16331              
 d_moy          | 1                  
 mean           | 272.0              
 cov            | 1.1467170493846688 
 w_warehouse_sk | 3                  
 i_item_sk      | 16331              
 d_moy          | 2                  
 mean           | 339.25             
 cov            | 1.2786638701439956 
-RECORD 124--------------------------
 w_warehouse_sk | 3                  
 i_item_sk      | 16847              
 d_moy          | 1                  
 mean           | 273.6666666666667  
 cov            | 1.3346016934186173 
 w_warehouse_sk | 3                  
 i_item_sk      | 16847              
 d_moy          | 2                  
 mean           | 398.0              
 cov            | 1.2041547394959626 
-RECORD 125--------------------------
 w_warehouse_sk | 3                  
 i_item_sk      | 16987              
 d_moy          | 1                  
 mean           | 358.0              
 cov            | 1.101510614957325  
 w_warehouse_sk | 3                  
 i_item_sk      | 16987              
 d_moy          | 2                  
 mean           | 420.0              
 cov            | 1.0848663494738469 
-RECORD 126--------------------------
 w_warehouse_sk | 3                  
 i_item_sk      | 17613              
 d_moy          | 1                  
 mean           | 424.3333333333333  
 cov            | 1.0320925947787334 
 w_warehouse_sk | 3                  
 i_item_sk      | 17613              
 d_moy          | 2                  
 mean           | 390.75             
 cov            | 1.0761214357356987 
-RECORD 127--------------------------
 w_warehouse_sk | 3                  
 i_item_sk      | 17987              
 d_moy          | 1                  
 mean           | 387.5              
 cov            | 1.1128327233395303 
 w_warehouse_sk | 3                  
 i_item_sk      | 17987              
 d_moy          | 2                  
 mean           | 131.66666666666666 
 cov            | 1.1227241574530091 
-RECORD 128--------------------------
 w_warehouse_sk | 4                  
 i_item_sk      | 225                
 d_moy          | 1                  
 mean           | 180.0              
 cov            | 1.2847074573726138 
 w_warehouse_sk | 4                  
 i_item_sk      | 225                
 d_moy          | 2                  
 mean           | 366.5              
 cov            | 1.112494070167504  
-RECORD 129--------------------------
 w_warehouse_sk | 4                  
 i_item_sk      | 299                
 d_moy          | 1                  
 mean           | 293.5              
 cov            | 1.135267940218844  
 w_warehouse_sk | 4                  
 i_item_sk      | 299                
 d_moy          | 2                  
 mean           | 380.0              
 cov            | 1.0485028679413595 
-RECORD 130--------------------------
 w_warehouse_sk | 4                  
 i_item_sk      | 825                
 d_moy          | 1                  
 mean           | 223.25             
 cov            | 1.2488574716961685 
 w_warehouse_sk | 4                  
 i_item_sk      | 825                
 d_moy          | 2                  
 mean           | 254.0              
 cov            | 1.5182802586094637 
-RECORD 131--------------------------
 w_warehouse_sk | 4                  
 i_item_sk      | 1393               
 d_moy          | 1                  
 mean           | 418.75             
 cov            | 1.0408989038120988 
 w_warehouse_sk | 4                  
 i_item_sk      | 1393               
 d_moy          | 2                  
 mean           | 413.3333333333333  
 cov            | 1.1020163503416796 
-RECORD 132--------------------------
 w_warehouse_sk | 4                  
 i_item_sk      | 1523               
 d_moy          | 1                  
 mean           | 363.25             
 cov            | 1.0130673543588669 
 w_warehouse_sk | 4                  
 i_item_sk      | 1523               
 d_moy          | 2                  
 mean           | 253.5              
 cov            | 1.2817761298828965 
-RECORD 133--------------------------
 w_warehouse_sk | 4                  
 i_item_sk      | 1729               
 d_moy          | 1                  
 mean           | 313.25             
 cov            | 1.3148930771572687 
 w_warehouse_sk | 4                  
 i_item_sk      | 1729               
 d_moy          | 2                  
 mean           | 296.5              
 cov            | 1.210664179669432  
-RECORD 134--------------------------
 w_warehouse_sk | 4                  
 i_item_sk      | 2989               
 d_moy          | 1                  
 mean           | 424.6666666666667  
 cov            | 1.03767453099966   
 w_warehouse_sk | 4                  
 i_item_sk      | 2989               
 d_moy          | 2                  
 mean           | 123.75             
 cov            | 1.4454541925191389 
-RECORD 135--------------------------
 w_warehouse_sk | 4                  
 i_item_sk      | 3183               
 d_moy          | 1                  
 mean           | 190.0              
 cov            | 1.2520196057807818 
 w_warehouse_sk | 4                  
 i_item_sk      | 3183               
 d_moy          | 2                  
 mean           | 245.0              
 cov            | 1.0300119488354766 
-RECORD 136--------------------------
 w_warehouse_sk | 4                  
 i_item_sk      | 4175               
 d_moy          | 1                  
 mean           | 395.0              
 cov            | 1.042998032908585  
 w_warehouse_sk | 4                  
 i_item_sk      | 4175               
 d_moy          | 2                  
 mean           | 485.0              
 cov            | 1.0145126110736231 
-RECORD 137--------------------------
 w_warehouse_sk | 4                  
 i_item_sk      | 4293               
 d_moy          | 1                  
 mean           | 285.0              
 cov            | 1.042264740588342  
 w_warehouse_sk | 4                  
 i_item_sk      | 4293               
 d_moy          | 2                  
 mean           | 331.25             
 cov            | 1.0702681575369872 
-RECORD 138--------------------------
 w_warehouse_sk | 4                  
 i_item_sk      | 4573               
 d_moy          | 1                  
 mean           | 243.75             
 cov            | 1.4457774863358526 
 w_warehouse_sk | 4                  
 i_item_sk      | 4573               
 d_moy          | 2                  
 mean           | 431.25             
 cov            | 1.0010829394909448 
-RECORD 139--------------------------
 w_warehouse_sk | 4                  
 i_item_sk      | 4875               
 d_moy          | 1                  
 mean           | 401.0              
 cov            | 1.0066599946104444 
 w_warehouse_sk | 4                  
 i_item_sk      | 4875               
 d_moy          | 2                  
 mean           | 410.5              
 cov            | 1.051550593497737  
-RECORD 140--------------------------
 w_warehouse_sk | 4                  
 i_item_sk      | 5009               
 d_moy          | 1                  
 mean           | 386.5              
 cov            | 1.0301582587751055 
 w_warehouse_sk | 4                  
 i_item_sk      | 5009               
 d_moy          | 2                  
 mean           | 473.75             
 cov            | 1.055073121585445  
-RECORD 141--------------------------
 w_warehouse_sk | 4                  
 i_item_sk      | 5947               
 d_moy          | 1                  
 mean           | 291.5              
 cov            | 1.046282184237671  
 w_warehouse_sk | 4                  
 i_item_sk      | 5947               
 d_moy          | 2                  
 mean           | 320.5              
 cov            | 1.1280002765664996 
-RECORD 142--------------------------
 w_warehouse_sk | 4                  
 i_item_sk      | 6359               
 d_moy          | 1                  
 mean           | 193.33333333333334 
 cov            | 1.2483139639831744 
 w_warehouse_sk | 4                  
 i_item_sk      | 6359               
 d_moy          | 2                  
 mean           | 371.75             
 cov            | 1.0993680760045068 
-RECORD 143--------------------------
 w_warehouse_sk | 4                  
 i_item_sk      | 6517               
 d_moy          | 1                  
 mean           | 289.0              
 cov            | 1.0911931716633327 
 w_warehouse_sk | 4                  
 i_item_sk      | 6517               
 d_moy          | 2                  
 mean           | 148.0              
 cov            | 1.0471156482980475 
-RECORD 144--------------------------
 w_warehouse_sk | 4                  
 i_item_sk      | 8309               
 d_moy          | 1                  
 mean           | 371.0              
 cov            | 1.2845214196617782 
 w_warehouse_sk | 4                  
 i_item_sk      | 8309               
 d_moy          | 2                  
 mean           | 371.5              
 cov            | 1.0748626938819539 
-RECORD 145--------------------------
 w_warehouse_sk | 4                  
 i_item_sk      | 8339               
 d_moy          | 1                  
 mean           | 392.75             
 cov            | 1.0058445869354098 
 w_warehouse_sk | 4                  
 i_item_sk      | 8339               
 d_moy          | 2                  
 mean           | 345.75             
 cov            | 1.2872431560206488 
-RECORD 146--------------------------
 w_warehouse_sk | 4                  
 i_item_sk      | 9047               
 d_moy          | 1                  
 mean           | 381.75             
 cov            | 1.0352121880597538 
 w_warehouse_sk | 4                  
 i_item_sk      | 9047               
 d_moy          | 2                  
 mean           | 293.0              
 cov            | NaN                
-RECORD 147--------------------------
 w_warehouse_sk | 4                  
 i_item_sk      | 9685               
 d_moy          | 1                  
 mean           | 288.75             
 cov            | 1.0017436994234579 
 w_warehouse_sk | 4                  
 i_item_sk      | 9685               
 d_moy          | 2                  
 mean           | 440.75             
 cov            | 1.0083448738924952 
-RECORD 148--------------------------
 w_warehouse_sk | 4                  
 i_item_sk      | 10255              
 d_moy          | 1                  
 mean           | 373.5              
 cov            | 1.1222827247788254 
 w_warehouse_sk | 4                  
 i_item_sk      | 10255              
 d_moy          | 2                  
 mean           | 352.0              
 cov            | 1.1003307048901103 
-RECORD 149--------------------------
 w_warehouse_sk | 4                  
 i_item_sk      | 10925              
 d_moy          | 1                  
 mean           | 199.5              
 cov            | 1.3875238422301213 
 w_warehouse_sk | 4                  
 i_item_sk      | 10925              
 d_moy          | 2                  
 mean           | 261.75             
 cov            | 1.283642511996497  
-RECORD 150--------------------------
 w_warehouse_sk | 4                  
 i_item_sk      | 11213              
 d_moy          | 1                  
 mean           | 226.66666666666666 
 cov            | 1.09984270658979   
 w_warehouse_sk | 4                  
 i_item_sk      | 11213              
 d_moy          | 2                  
 mean           | 413.5              
 cov            | 1.0174813417315496 
-RECORD 151--------------------------
 w_warehouse_sk | 4                  
 i_item_sk      | 11305              
 d_moy          | 1                  
 mean           | 351.75             
 cov            | 1.1922401157939606 
 w_warehouse_sk | 4                  
 i_item_sk      | 11305              
 d_moy          | 2                  
 mean           | 365.25             
 cov            | 1.1258535465411879 
-RECORD 152--------------------------
 w_warehouse_sk | 4                  
 i_item_sk      | 11473              
 d_moy          | 1                  
 mean           | 394.6666666666667  
 cov            | 1.0178948794541924 
 w_warehouse_sk | 4                  
 i_item_sk      | 11473              
 d_moy          | 2                  
 mean           | 212.66666666666666 
 cov            | 1.195359710715888  
-RECORD 153--------------------------
 w_warehouse_sk | 4                  
 i_item_sk      | 12353              
 d_moy          | 1                  
 mean           | 340.25             
 cov            | 1.164721531085477  
 w_warehouse_sk | 4                  
 i_item_sk      | 12353              
 d_moy          | 2                  
 mean           | 432.0              
 cov            | 1.0523203480868901 
-RECORD 154--------------------------
 w_warehouse_sk | 4                  
 i_item_sk      | 12783              
 d_moy          | 1                  
 mean           | 329.5              
 cov            | 1.0329266474827115 
 w_warehouse_sk | 4                  
 i_item_sk      | 12783              
 d_moy          | 2                  
 mean           | 187.0              
 cov            | 1.2621302720196819 
-RECORD 155--------------------------
 w_warehouse_sk | 4                  
 i_item_sk      | 12971              
 d_moy          | 1                  
 mean           | 370.3333333333333  
 cov            | 1.097620185659271  
 w_warehouse_sk | 4                  
 i_item_sk      | 12971              
 d_moy          | 2                  
 mean           | 278.0              
 cov            | 1.4524982093215804 
-RECORD 156--------------------------
 w_warehouse_sk | 4                  
 i_item_sk      | 13665              
 d_moy          | 1                  
 mean           | 363.0              
 cov            | 1.04089223995917   
 w_warehouse_sk | 4                  
 i_item_sk      | 13665              
 d_moy          | 2                  
 mean           | 332.6666666666667  
 cov            | 1.1900176061910035 
-RECORD 157--------------------------
 w_warehouse_sk | 4                  
 i_item_sk      | 13913              
 d_moy          | 1                  
 mean           | 297.3333333333333  
 cov            | 1.071040936419414  
 w_warehouse_sk | 4                  
 i_item_sk      | 13913              
 d_moy          | 2                  
 mean           | 316.25             
 cov            | 1.3567449933143143 
-RECORD 158--------------------------
 w_warehouse_sk | 4                  
 i_item_sk      | 15161              
 d_moy          | 1                  
 mean           | 305.75             
 cov            | 1.3571548565863678 
 w_warehouse_sk | 4                  
 i_item_sk      | 15161              
 d_moy          | 2                  
 mean           | 262.3333333333333  
 cov            | 1.2292106140967536 
-RECORD 159--------------------------
 w_warehouse_sk | 4                  
 i_item_sk      | 15401              
 d_moy          | 1                  
 mean           | 341.0              
 cov            | 1.0164918336889106 
 w_warehouse_sk | 4                  
 i_item_sk      | 15401              
 d_moy          | 2                  
 mean           | 337.25             
 cov            | 1.0178529534898602 
-RECORD 160--------------------------
 w_warehouse_sk | 4                  
 i_item_sk      | 15467              
 d_moy          | 1                  
 mean           | 355.3333333333333  
 cov            | 1.27670099607062   
 w_warehouse_sk | 4                  
 i_item_sk      | 15467              
 d_moy          | 2                  
 mean           | 416.6666666666667  
 cov            | 1.1678517714162187 
-RECORD 161--------------------------
 w_warehouse_sk | 4                  
 i_item_sk      | 16211              
 d_moy          | 1                  
 mean           | 257.6666666666667  
 cov            | 1.6381074811154002 
 w_warehouse_sk | 4                  
 i_item_sk      | 16211              
 d_moy          | 2                  
 mean           | 352.25             
 cov            | 1.055236934125639  
-RECORD 162--------------------------
 w_warehouse_sk | 4                  
 i_item_sk      | 16367              
 d_moy          | 1                  
 mean           | 344.25             
 cov            | 1.1865617643407205 
 w_warehouse_sk | 4                  
 i_item_sk      | 16367              
 d_moy          | 2                  
 mean           | 330.5              
 cov            | 1.001436680208246  
-RECORD 163--------------------------
 w_warehouse_sk | 4                  
 i_item_sk      | 16623              
 d_moy          | 1                  
 mean           | 174.75             
 cov            | 1.1547312605990323 
 w_warehouse_sk | 4                  
 i_item_sk      | 16623              
 d_moy          | 2                  
 mean           | 261.75             
 cov            | 1.4692073123565808 
-RECORD 164--------------------------
 w_warehouse_sk | 4                  
 i_item_sk      | 16753              
 d_moy          | 1                  
 mean           | 283.6666666666667  
 cov            | 1.4179905875607177 
 w_warehouse_sk | 4                  
 i_item_sk      | 16753              
 d_moy          | 2                  
 mean           | 331.0              
 cov            | 1.0757450815976775 
-RECORD 165--------------------------
 w_warehouse_sk | 4                  
 i_item_sk      | 16791              
 d_moy          | 1                  
 mean           | 229.75             
 cov            | 1.0415889892942085 
 w_warehouse_sk | 4                  
 i_item_sk      | 16791              
 d_moy          | 2                  
 mean           | 348.75             
 cov            | 1.2365182061688882 
-RECORD 166--------------------------
 w_warehouse_sk | 5                  
 i_item_sk      | 507                
 d_moy          | 1                  
 mean           | 360.5              
 cov            | 1.0016609878348282 
 w_warehouse_sk | 5                  
 i_item_sk      | 507                
 d_moy          | 2                  
 mean           | 397.25             
 cov            | 1.1165805580468837 
-RECORD 167--------------------------
 w_warehouse_sk | 5                  
 i_item_sk      | 1379               
 d_moy          | 1                  
 mean           | 418.3333333333333  
 cov            | 1.1593756930293735 
 w_warehouse_sk | 5                  
 i_item_sk      | 1379               
 d_moy          | 2                  
 mean           | 362.25             
 cov            | 1.1381161323894302 
-RECORD 168--------------------------
 w_warehouse_sk | 5                  
 i_item_sk      | 1451               
 d_moy          | 1                  
 mean           | 259.75             
 cov            | 1.0166115859746467 
 w_warehouse_sk | 5                  
 i_item_sk      | 1451               
 d_moy          | 2                  
 mean           | 186.5              
 cov            | 1.3009837449067687 
-RECORD 169--------------------------
 w_warehouse_sk | 5                  
 i_item_sk      | 1761               
 d_moy          | 1                  
 mean           | 245.25             
 cov            | 1.0674277258886877 
 w_warehouse_sk | 5                  
 i_item_sk      | 1761               
 d_moy          | 2                  
 mean           | 356.3333333333333  
 cov            | 1.0319105846046546 
-RECORD 170--------------------------
 w_warehouse_sk | 5                  
 i_item_sk      | 1919               
 d_moy          | 1                  
 mean           | 558.0              
 cov            | 1.051789656603646  
 w_warehouse_sk | 5                  
 i_item_sk      | 1919               
 d_moy          | 2                  
 mean           | 280.75             
 cov            | 1.435982403616447  
-RECORD 171--------------------------
 w_warehouse_sk | 5                  
 i_item_sk      | 2153               
 d_moy          | 1                  
 mean           | 398.25             
 cov            | 1.038369445511033  
 w_warehouse_sk | 5                  
 i_item_sk      | 2153               
 d_moy          | 2                  
 mean           | 322.0              
 cov            | 1.2495167076207327 
-RECORD 172--------------------------
 w_warehouse_sk | 5                  
 i_item_sk      | 2583               
 d_moy          | 1                  
 mean           | 357.25             
 cov            | 1.0689747703230787 
 w_warehouse_sk | 5                  
 i_item_sk      | 2583               
 d_moy          | 2                  
 mean           | 321.5              
 cov            | 1.174109700061395  
-RECORD 173--------------------------
 w_warehouse_sk | 5                  
 i_item_sk      | 2725               
 d_moy          | 1                  
 mean           | 306.25             
 cov            | 1.0685532393228003 
 w_warehouse_sk | 5                  
 i_item_sk      | 2725               
 d_moy          | 2                  
 mean           | 193.5              
 cov            | 1.4095901314659105 
-RECORD 174--------------------------
 w_warehouse_sk | 5                  
 i_item_sk      | 3547               
 d_moy          | 1                  
 mean           | 357.0              
 cov            | 1.1544864737016736 
 w_warehouse_sk | 5                  
 i_item_sk      | 3547               
 d_moy          | 2                  
 mean           | 343.75             
 cov            | 1.2077817108886129 
-RECORD 175--------------------------
 w_warehouse_sk | 5                  
 i_item_sk      | 3785               
 d_moy          | 1                  
 mean           | 215.5              
 cov            | 1.231057632809026  
 w_warehouse_sk | 5                  
 i_item_sk      | 3785               
 d_moy          | 2                  
 mean           | 460.0              
 cov            | 1.048938011267006  
-RECORD 176--------------------------
 w_warehouse_sk | 5                  
 i_item_sk      | 4445               
 d_moy          | 1                  
 mean           | 327.3333333333333  
 cov            | 1.0177488158574015 
 w_warehouse_sk | 5                  
 i_item_sk      | 4445               
 d_moy          | 2                  
 mean           | 414.75             
 cov            | 1.046288264177383  
-RECORD 177--------------------------
 w_warehouse_sk | 5                  
 i_item_sk      | 4601               
 d_moy          | 1                  
 mean           | 327.25             
 cov            | 1.15815714609041   
 w_warehouse_sk | 5                  
 i_item_sk      | 4601               
 d_moy          | 2                  
 mean           | 142.66666666666666 
 cov            | 1.2197537262761011 
-RECORD 178--------------------------
 w_warehouse_sk | 5                  
 i_item_sk      | 5019               
 d_moy          | 1                  
 mean           | 341.6666666666667  
 cov            | 1.2014886661438384 
 w_warehouse_sk | 5                  
 i_item_sk      | 5019               
 d_moy          | 2                  
 mean           | 363.5              
 cov            | 1.1056740335885162 
-RECORD 179--------------------------
 w_warehouse_sk | 5                  
 i_item_sk      | 5635               
 d_moy          | 1                  
 mean           | 275.75             
 cov            | 1.003161317494043  
 w_warehouse_sk | 5                  
 i_item_sk      | 5635               
 d_moy          | 2                  
 mean           | 195.33333333333334 
 cov            | 1.49437494371756   
-RECORD 180--------------------------
 w_warehouse_sk | 5                  
 i_item_sk      | 5725               
 d_moy          | 1                  
 mean           | 308.6666666666667  
 cov            | 1.2494665767967896 
 w_warehouse_sk | 5                  
 i_item_sk      | 5725               
 d_moy          | 2                  
 mean           | 315.5              
 cov            | 1.4329959977644893 
-RECORD 181--------------------------
 w_warehouse_sk | 5                  
 i_item_sk      | 5787               
 d_moy          | 1                  
 mean           | 335.75             
 cov            | 1.3581868619406905 
 w_warehouse_sk | 5                  
 i_item_sk      | 5787               
 d_moy          | 2                  
 mean           | 453.5              
 cov            | 1.031825110180606  
-RECORD 182--------------------------
 w_warehouse_sk | 5                  
 i_item_sk      | 8665               
 d_moy          | 1                  
 mean           | 257.75             
 cov            | 1.8119629759287612 
 w_warehouse_sk | 5                  
 i_item_sk      | 8665               
 d_moy          | 2                  
 mean           | 368.0              
 cov            | 1.0243808356311228 
-RECORD 183--------------------------
 w_warehouse_sk | 5                  
 i_item_sk      | 9037               
 d_moy          | 1                  
 mean           | 189.75             
 cov            | 1.0334701022027994 
 w_warehouse_sk | 5                  
 i_item_sk      | 9037               
 d_moy          | 2                  
 mean           | 326.0              
 cov            | 1.1188906978754734 
-RECORD 184--------------------------
 w_warehouse_sk | 5                  
 i_item_sk      | 9241               
 d_moy          | 1                  
 mean           | 342.75             
 cov            | 1.037524616861255  
 w_warehouse_sk | 5                  
 i_item_sk      | 9241               
 d_moy          | 2                  
 mean           | 174.5              
 cov            | 1.1953290244295067 
-RECORD 185--------------------------
 w_warehouse_sk | 5                  
 i_item_sk      | 9245               
 d_moy          | 1                  
 mean           | 339.5              
 cov            | 1.0092696575112496 
 w_warehouse_sk | 5                  
 i_item_sk      | 9245               
 d_moy          | 2                  
 mean           | 303.0              
 cov            | 1.2214283206597227 
-RECORD 186--------------------------
 w_warehouse_sk | 5                  
 i_item_sk      | 9789               
 d_moy          | 1                  
 mean           | 391.25             
 cov            | 1.0458503093728178 
 w_warehouse_sk | 5                  
 i_item_sk      | 9789               
 d_moy          | 2                  
 mean           | 343.75             
 cov            | 1.070040394695916  
-RECORD 187--------------------------
 w_warehouse_sk | 5                  
 i_item_sk      | 10775              
 d_moy          | 1                  
 mean           | 439.5              
 cov            | 1.2565424257262654 
 w_warehouse_sk | 5                  
 i_item_sk      | 10775              
 d_moy          | 2                  
 mean           | 330.75             
 cov            | 1.3194508007529422 
-RECORD 188--------------------------
 w_warehouse_sk | 5                  
 i_item_sk      | 10851              
 d_moy          | 1                  
 mean           | 296.25             
 cov            | 1.4450973535233087 
 w_warehouse_sk | 5                  
 i_item_sk      | 10851              
 d_moy          | 2                  
 mean           | 185.75             
 cov            | 1.0920078306591938 
-RECORD 189--------------------------
 w_warehouse_sk | 5                  
 i_item_sk      | 11409              
 d_moy          | 1                  
 mean           | 337.5              
 cov            | 1.2675445661798022 
 w_warehouse_sk | 5                  
 i_item_sk      | 11409              
 d_moy          | 2                  
 mean           | 267.5              
 cov            | 1.2735562175240271 
-RECORD 190--------------------------
 w_warehouse_sk | 5                  
 i_item_sk      | 11543              
 d_moy          | 1                  
 mean           | 373.75             
 cov            | 1.1069130009236565 
 w_warehouse_sk | 5                  
 i_item_sk      | 11543              
 d_moy          | 2                  
 mean           | 347.0              
 cov            | 1.0384881272212296 
-RECORD 191--------------------------
 w_warehouse_sk | 5                  
 i_item_sk      | 11907              
 d_moy          | 1                  
 mean           | 312.0              
 cov            | 1.1200627653353177 
 w_warehouse_sk | 5                  
 i_item_sk      | 11907              
 d_moy          | 2                  
 mean           | 130.0              
 cov            | 1.0970913669588425 
-RECORD 192--------------------------
 w_warehouse_sk | 5                  
 i_item_sk      | 12315              
 d_moy          | 1                  
 mean           | 255.75             
 cov            | 1.118436212304132  
 w_warehouse_sk | 5                  
 i_item_sk      | 12315              
 d_moy          | 2                  
 mean           | 329.25             
 cov            | 1.1943065884369533 
-RECORD 193--------------------------
 w_warehouse_sk | 5                  
 i_item_sk      | 12589              
 d_moy          | 1                  
 mean           | 372.75             
 cov            | 1.1109412437666168 
 w_warehouse_sk | 5                  
 i_item_sk      | 12589              
 d_moy          | 2                  
 mean           | 355.75             
 cov            | 1.0853990131935114 
-RECORD 194--------------------------
 w_warehouse_sk | 5                  
 i_item_sk      | 12853              
 d_moy          | 1                  
 mean           | 306.75             
 cov            | 1.4054585232279222 
 w_warehouse_sk | 5                  
 i_item_sk      | 12853              
 d_moy          | 2                  
 mean           | 174.75             
 cov            | 1.0143495332647992 
-RECORD 195--------------------------
 w_warehouse_sk | 5                  
 i_item_sk      | 13001              
 d_moy          | 1                  
 mean           | 420.3333333333333  
 cov            | 1.0350551797504086 
 w_warehouse_sk | 5                  
 i_item_sk      | 13001              
 d_moy          | 2                  
 mean           | 214.0              
 cov            | 1.115488847819715  
-RECORD 196--------------------------
 w_warehouse_sk | 5                  
 i_item_sk      | 13399              
 d_moy          | 1                  
 mean           | 304.75             
 cov            | 1.1656588906680398 
 w_warehouse_sk | 5                  
 i_item_sk      | 13399              
 d_moy          | 2                  
 mean           | 359.5              
 cov            | 1.0278593838157082 
-RECORD 197--------------------------
 w_warehouse_sk | 5                  
 i_item_sk      | 13809              
 d_moy          | 1                  
 mean           | 338.0              
 cov            | 1.3356560129512516 
 w_warehouse_sk | 5                  
 i_item_sk      | 13809              
 d_moy          | 2                  
 mean           | 254.25             
 cov            | 1.3229081483155771 
-RECORD 198--------------------------
 w_warehouse_sk | 5                  
 i_item_sk      | 13997              
 d_moy          | 1                  
 mean           | 372.75             
 cov            | 1.0067987273536196 
 w_warehouse_sk | 5                  
 i_item_sk      | 13997              
 d_moy          | 2                  
 mean           | 488.5              
 cov            | 1.0136437168469898 
-RECORD 199--------------------------
 w_warehouse_sk | 5                  
 i_item_sk      | 14683              
 d_moy          | 1                  
 mean           | 313.75             
 cov            | 1.0038487229336792 
 w_warehouse_sk | 5                  
 i_item_sk      | 14683              
 d_moy          | 2                  
 mean           | 344.5              
 cov            | 1.1175817890990485 
-RECORD 200--------------------------
 w_warehouse_sk | 5                  
 i_item_sk      | 14721              
 d_moy          | 1                  
 mean           | 420.0              
 cov            | 1.0064164891633403 
 w_warehouse_sk | 5                  
 i_item_sk      | 14721              
 d_moy          | 2                  
 mean           | 280.5              
 cov            | 1.0511776533295065 
-RECORD 201--------------------------
 w_warehouse_sk | 5                  
 i_item_sk      | 14891              
 d_moy          | 1                  
 mean           | 445.25             
 cov            | 1.0918502542585706 
 w_warehouse_sk | 5                  
 i_item_sk      | 14891              
 d_moy          | 2                  
 mean           | 420.3333333333333  
 cov            | 1.1234936159879627 
-RECORD 202--------------------------
 w_warehouse_sk | 5                  
 i_item_sk      | 15261              
 d_moy          | 1                  
 mean           | 514.0              
 cov            | 1.0718025790789742 
 w_warehouse_sk | 5                  
 i_item_sk      | 15261              
 d_moy          | 2                  
 mean           | 367.25             
 cov            | 1.015824493979522  
-RECORD 203--------------------------
 w_warehouse_sk | 5                  
 i_item_sk      | 15477              
 d_moy          | 1                  
 mean           | 225.0              
 cov            | 1.1250854562879289 
 w_warehouse_sk | 5                  
 i_item_sk      | 15477              
 d_moy          | 2                  
 mean           | 235.75             
 cov            | 1.0790388329037188 
-RECORD 204--------------------------
 w_warehouse_sk | 5                  
 i_item_sk      | 15655              
 d_moy          | 1                  
 mean           | 367.5              
 cov            | 1.100326204582237  
 w_warehouse_sk | 5                  
 i_item_sk      | 15655              
 d_moy          | 2                  
 mean           | 306.3333333333333  
 cov            | 1.0511442359018315 
-RECORD 205--------------------------
 w_warehouse_sk | 5                  
 i_item_sk      | 15673              
 d_moy          | 1                  
 mean           | 351.25             
 cov            | 1.0192896453224356 
 w_warehouse_sk | 5                  
 i_item_sk      | 15673              
 d_moy          | 2                  
 mean           | 389.6666666666667  
 cov            | 1.0824061270803669 
-RECORD 206--------------------------
 w_warehouse_sk | 5                  
 i_item_sk      | 15959              
 d_moy          | 1                  
 mean           | 414.0              
 cov            | 1.0773325961138016 
 w_warehouse_sk | 5                  
 i_item_sk      | 15959              
 d_moy          | 2                  
 mean           | 237.25             
 cov            | 1.4024256583845858 
-RECORD 207--------------------------
 w_warehouse_sk | 5                  
 i_item_sk      | 17339              
 d_moy          | 1                  
 mean           | 399.25             
 cov            | 1.0240754930004161 
 w_warehouse_sk | 5                  
 i_item_sk      | 17339              
 d_moy          | 2                  
 mean           | 265.5              
 cov            | 1.1851526004436805 
-RECORD 208--------------------------
 w_warehouse_sk | 5                  
 i_item_sk      | 17581              
 d_moy          | 1                  
 mean           | 426.0              
 cov            | 1.2083890532953205 
 w_warehouse_sk | 5                  
 i_item_sk      | 17581              
 d_moy          | 2                  
 mean           | 233.25             
 cov            | 1.1436871765942431
             