-- Automatically generated by TpcdsQueries
-RECORD 0----------------------------
 w_warehouse_sk | 1                  
 i_item_sk      | 13157              
 d_moy          | 1                  
 mean           | 260.5              
 cov            | 1.5242630430075292 
 w_warehouse_sk | 1                  
 i_item_sk      | 13157              
 d_moy          | 2                  
 mean           | 413.5              
 cov            | 1.0422561797285326 
-RECORD 1----------------------------
 w_warehouse_sk | 1                  
 i_item_sk      | 15441              
 d_moy          | 1                  
 mean           | 295.0              
 cov            | 1.597573089984185  
 w_warehouse_sk | 1                  
 i_item_sk      | 15441              
 d_moy          | 2                  
 mean           | 296.0              
 cov            | 1.534664092337063  
-RECORD 2----------------------------
 w_warehouse_sk | 1                  
 i_item_sk      | 16895              
 d_moy          | 1                  
 mean           | 197.25             
 cov            | 1.6216484458744376 
 w_warehouse_sk | 1                  
 i_item_sk      | 16895              
 d_moy          | 2                  
 mean           | 201.33333333333334 
 cov            | 1.001838963026182  
-RECORD 3----------------------------
 w_warehouse_sk | 2                  
 i_item_sk      | 5915               
 d_moy          | 1                  
 mean           | 231.25             
 cov            | 1.8705235468767831 
 w_warehouse_sk | 2                  
 i_item_sk      | 5915               
 d_moy          | 2                  
 mean           | 407.0              
 cov            | 1.0885509926353207 
-RECORD 4----------------------------
 w_warehouse_sk | 2                  
 i_item_sk      | 11073              
 d_moy          | 1                  
 mean           | 274.0              
 cov            | 1.6770433716259476 
 w_warehouse_sk | 2                  
 i_item_sk      | 11073              
 d_moy          | 2                  
 mean           | 359.0              
 cov            | 1.0133649606830526 
-RECORD 5----------------------------
 w_warehouse_sk | 3                  
 i_item_sk      | 3315               
 d_moy          | 1                  
 mean           | 271.75             
 cov            | 1.555976998814345  
 w_warehouse_sk | 3                  
 i_item_sk      | 3315               
 d_moy          | 2                  
 mean           | 393.75             
 cov            | 1.0196319345405949 
-RECORD 6----------------------------
 w_warehouse_sk | 3                  
 i_item_sk      | 3393               
 d_moy          | 1                  
 mean           | 260.0              
 cov            | 1.5009563026568116 
 w_warehouse_sk | 3                  
 i_item_sk      | 3393               
 d_moy          | 2                  
 mean           | 470.25             
 cov            | 1.129275872154205  
-RECORD 7----------------------------
 w_warehouse_sk | 3                  
 i_item_sk      | 10427              
 d_moy          | 1                  
 mean           | 241.33333333333334 
 cov            | 1.5634035191786233 
 w_warehouse_sk | 3                  
 i_item_sk      | 10427              
 d_moy          | 2                  
 mean           | 381.25             
 cov            | 1.0623056061004696 
-RECORD 8----------------------------
 w_warehouse_sk | 4                  
 i_item_sk      | 16211              
 d_moy          | 1                  
 mean           | 257.6666666666667  
 cov            | 1.6381074811154002 
 w_warehouse_sk | 4                  
 i_item_sk      | 16211              
 d_moy          | 2                  
 mean           | 352.25             
 cov            | 1.055236934125639  
-RECORD 9----------------------------
 w_warehouse_sk | 5                  
 i_item_sk      | 8665               
 d_moy          | 1                  
 mean           | 257.75             
 cov            | 1.8119629759287612 
 w_warehouse_sk | 5                  
 i_item_sk      | 8665               
 d_moy          | 2                  
 mean           | 368.0              
 cov            | 1.0243808356311228
             