-- Automatically generated by TpcdsQueries
-RECORD 0------------------------
 w_state      | TN               
 i_item_id    | AAAAAAAAAAEAAAAA 
 sales_before | 51.75            
 sales_after  | -61.82           
-RECORD 1------------------------
 w_state      | TN               
 i_item_id    | AAAAAAAAAANDAAAA 
 sales_before | 131.09           
 sales_after  | 324.87           
-RECORD 2------------------------
 w_state      | TN               
 i_item_id    | AAAAAAAAAAPBAAAA 
 sales_before | 50.90            
 sales_after  | 146.62           
-RECORD 3------------------------
 w_state      | TN               
 i_item_id    | AAAAAAAAACACAAAA 
 sales_before | 113.63           
 sales_after  | 89.13            
-RECORD 4------------------------
 w_state      | TN               
 i_item_id    | AAAAAAAAACGCAAAA 
 sales_before | 53.39            
 sales_after  | 37.02            
-RECORD 5------------------------
 w_state      | TN               
 i_item_id    | AAAAAAAAACKCAAAA 
 sales_before | 65.49            
 sales_after  | 99.60            
-RECORD 6------------------------
 w_state      | TN               
 i_item_id    | AAAAAAAAACPCAAAA 
 sales_before | 0.00             
 sales_after  | 73.18            
-RECORD 7------------------------
 w_state      | TN               
 i_item_id    | AAAAAAAAADACAAAA 
 sales_before | 132.24           
 sales_after  | 0.00             
-RECORD 8------------------------
 w_state      | TN               
 i_item_id    | AAAAAAAAADBBAAAA 
 sales_before | 211.20           
 sales_after  | 0.00             
-RECORD 9------------------------
 w_state      | TN               
 i_item_id    | AAAAAAAAADNAAAAA 
 sales_before | 202.46           
 sales_after  | 0.00             
-RECORD 10-----------------------
 w_state      | TN               
 i_item_id    | AAAAAAAAAEFCAAAA 
 sales_before | 45.57            
 sales_after  | 38.18            
-RECORD 11-----------------------
 w_state      | TN               
 i_item_id    | AAAAAAAAAEGEAAAA 
 sales_before | -19.57           
 sales_after  | 109.62           
-RECORD 12-----------------------
 w_state      | TN               
 i_item_id    | AAAAAAAAAELBAAAA 
 sales_before | 34.98            
 sales_after  | 144.32           
-RECORD 13-----------------------
 w_state      | TN               
 i_item_id    | AAAAAAAAAFBEAAAA 
 sales_before | 130.26           
 sales_after  | 3.53             
-RECORD 14-----------------------
 w_state      | TN               
 i_item_id    | AAAAAAAAAFFDAAAA 
 sales_before | 27.12            
 sales_after  | 104.61           
-RECORD 15-----------------------
 w_state      | TN               
 i_item_id    | AAAAAAAAAFJDAAAA 
 sales_before | -41.08           
 sales_after  | 0.00             
-RECORD 16-----------------------
 w_state      | TN               
 i_item_id    | AAAAAAAAAFLDAAAA 
 sales_before | 89.24            
 sales_after  | 0.00             
-RECORD 17-----------------------
 w_state      | TN               
 i_item_id    | AAAAAAAAAFODAAAA 
 sales_before | 16.39            
 sales_after  | 0.00             
-RECORD 18-----------------------
 w_state      | TN               
 i_item_id    | AAAAAAAAAGEBAAAA 
 sales_before | 146.51           
 sales_after  | 20.38            
-RECORD 19-----------------------
 w_state      | TN               
 i_item_id    | AAAAAAAAAGIDAAAA 
 sales_before | 2.84             
 sales_after  | 0.00             
-RECORD 20-----------------------
 w_state      | TN               
 i_item_id    | AAAAAAAAAGLDAAAA 
 sales_before | -40.82           
 sales_after  | 75.88            
-RECORD 21-----------------------
 w_state      | TN               
 i_item_id    | AAAAAAAAAGPCAAAA 
 sales_before | 136.76           
 sales_after  | 190.61           
-RECORD 22-----------------------
 w_state      | TN               
 i_item_id    | AAAAAAAAAHBAAAAA 
 sales_before | 66.92            
 sales_after  | 219.76           
-RECORD 23-----------------------
 w_state      | TN               
 i_item_id    | AAAAAAAAAHPBAAAA 
 sales_before | 148.73           
 sales_after  | -316.99          
-RECORD 24-----------------------
 w_state      | TN               
 i_item_id    | AAAAAAAAAIADAAAA 
 sales_before | 230.28           
 sales_after  | 132.32           
-RECORD 25-----------------------
 w_state      | TN               
 i_item_id    | AAAAAAAAAIGDAAAA 
 sales_before | 190.52           
 sales_after  | 0.00             
-RECORD 26-----------------------
 w_state      | TN               
 i_item_id    | AAAAAAAAAINCAAAA 
 sales_before | 207.61           
 sales_after  | 208.83           
-RECORD 27-----------------------
 w_state      | TN               
 i_item_id    | AAAAAAAAAJHDAAAA 
 sales_before | -39.87           
 sales_after  | 215.04           
-RECORD 28-----------------------
 w_state      | TN               
 i_item_id    | AAAAAAAAAJIDAAAA 
 sales_before | -351.64          
 sales_after  | 142.38           
-RECORD 29-----------------------
 w_state      | TN               
 i_item_id    | AAAAAAAAAJOAAAAA 
 sales_before | 58.56            
 sales_after  | 0.00             
-RECORD 30-----------------------
 w_state      | TN               
 i_item_id    | AAAAAAAAAKABAAAA 
 sales_before | 110.04           
 sales_after  | 0.00             
-RECORD 31-----------------------
 w_state      | TN               
 i_item_id    | AAAAAAAAAKFEAAAA 
 sales_before | -284.41          
 sales_after  | 91.42            
-RECORD 32-----------------------
 w_state      | TN               
 i_item_id    | AAAAAAAAALAAAAAA 
 sales_before | -4.78            
 sales_after  | 133.34           
-RECORD 33-----------------------
 w_state      | TN               
 i_item_id    | AAAAAAAAALDCAAAA 
 sales_before | 39.16            
 sales_after  | 0.00             
-RECORD 34-----------------------
 w_state      | TN               
 i_item_id    | AAAAAAAAALFEAAAA 
 sales_before | 27.83            
 sales_after  | 212.44           
-RECORD 35-----------------------
 w_state      | TN               
 i_item_id    | AAAAAAAAALIDAAAA 
 sales_before | 0.00             
 sales_after  | 118.88           
-RECORD 36-----------------------
 w_state      | TN               
 i_item_id    | AAAAAAAAALOAAAAA 
 sales_before | 4.18             
 sales_after  | 0.00             
-RECORD 37-----------------------
 w_state      | TN               
 i_item_id    | AAAAAAAAALOBAAAA 
 sales_before | 0.00             
 sales_after  | 0.00             
-RECORD 38-----------------------
 w_state      | TN               
 i_item_id    | AAAAAAAAALPAAAAA 
 sales_before | -30.21           
 sales_after  | 10.95            
-RECORD 39-----------------------
 w_state      | TN               
 i_item_id    | AAAAAAAAAMJBAAAA 
 sales_before | -24.54           
 sales_after  | 85.92            
-RECORD 40-----------------------
 w_state      | TN               
 i_item_id    | AAAAAAAAANLCAAAA 
 sales_before | 84.38            
 sales_after  | 67.38            
-RECORD 41-----------------------
 w_state      | TN               
 i_item_id    | AAAAAAAAANPAAAAA 
 sales_before | 74.98            
 sales_after  | 3.48             
-RECORD 42-----------------------
 w_state      | TN               
 i_item_id    | AAAAAAAAANPDAAAA 
 sales_before | 484.43           
 sales_after  | 90.58            
-RECORD 43-----------------------
 w_state      | TN               
 i_item_id    | AAAAAAAAAOFAAAAA 
 sales_before | 0.00             
 sales_after  | 91.90            
-RECORD 44-----------------------
 w_state      | TN               
 i_item_id    | AAAAAAAAAOMDAAAA 
 sales_before | 188.82           
 sales_after  | 29.34            
-RECORD 45-----------------------
 w_state      | TN               
 i_item_id    | AAAAAAAAAPPBAAAA 
 sales_before | 0.00             
 sales_after  | 146.30           
-RECORD 46-----------------------
 w_state      | TN               
 i_item_id    | AAAAAAAABABCAAAA 
 sales_before | 252.04           
 sales_after  | 27.49            
-RECORD 47-----------------------
 w_state      | TN               
 i_item_id    | AAAAAAAABADAAAAA 
 sales_before | 27.80            
 sales_after  | 35.00            
-RECORD 48-----------------------
 w_state      | TN               
 i_item_id    | AAAAAAAABAGAAAAA 
 sales_before | 17.30            
 sales_after  | 2.53             
-RECORD 49-----------------------
 w_state      | TN               
 i_item_id    | AAAAAAAABCCCAAAA 
 sales_before | -254.31          
 sales_after  | 0.00             
-RECORD 50-----------------------
 w_state      | TN               
 i_item_id    | AAAAAAAABDCBAAAA 
 sales_before | 38.34            
 sales_after  | 101.58           
-RECORD 51-----------------------
 w_state      | TN               
 i_item_id    | AAAAAAAABECDAAAA 
 sales_before | 223.68           
 sales_after  | 112.52           
-RECORD 52-----------------------
 w_state      | TN               
 i_item_id    | AAAAAAAABEMCAAAA 
 sales_before | 0.00             
 sales_after  | 160.01           
-RECORD 53-----------------------
 w_state      | TN               
 i_item_id    | AAAAAAAABGECAAAA 
 sales_before | 0.00             
 sales_after  | 224.53           
-RECORD 54-----------------------
 w_state      | TN               
 i_item_id    | AAAAAAAABGIBAAAA 
 sales_before | 105.83           
 sales_after  | 0.00             
-RECORD 55-----------------------
 w_state      | TN               
 i_item_id    | AAAAAAAABGNCAAAA 
 sales_before | 0.00             
 sales_after  | 72.03            
-RECORD 56-----------------------
 w_state      | TN               
 i_item_id    | AAAAAAAABHACAAAA 
 sales_before | 0.00             
 sales_after  | 0.00             
-RECORD 57-----------------------
 w_state      | TN               
 i_item_id    | AAAAAAAABHPCAAAA 
 sales_before | 97.28            
 sales_after  | 190.95           
-RECORD 58-----------------------
 w_state      | TN               
 i_item_id    | AAAAAAAABJFEAAAA 
 sales_before | 70.68            
 sales_after  | 38.07            
-RECORD 59-----------------------
 w_state      | TN               
 i_item_id    | AAAAAAAABJMAAAAA 
 sales_before | 31.23            
 sales_after  | 140.56           
-RECORD 60-----------------------
 w_state      | TN               
 i_item_id    | AAAAAAAABKEBAAAA 
 sales_before | 133.61           
 sales_after  | 92.51            
-RECORD 61-----------------------
 w_state      | TN               
 i_item_id    | AAAAAAAABLBDAAAA 
 sales_before | 50.89            
 sales_after  | 37.68            
-RECORD 62-----------------------
 w_state      | TN               
 i_item_id    | AAAAAAAABLEDAAAA 
 sales_before | -119.59          
 sales_after  | 0.00             
-RECORD 63-----------------------
 w_state      | TN               
 i_item_id    | AAAAAAAABLOCAAAA 
 sales_before | 112.88           
 sales_after  | 62.95            
-RECORD 64-----------------------
 w_state      | TN               
 i_item_id    | AAAAAAAABMCBAAAA 
 sales_before | 16.30            
 sales_after  | 70.83            
-RECORD 65-----------------------
 w_state      | TN               
 i_item_id    | AAAAAAAABMOBAAAA 
 sales_before | 54.02            
 sales_after  | 130.38           
-RECORD 66-----------------------
 w_state      | TN               
 i_item_id    | AAAAAAAABNEBAAAA 
 sales_before | 48.98            
 sales_after  | -803.52          
-RECORD 67-----------------------
 w_state      | TN               
 i_item_id    | AAAAAAAABOKDAAAA 
 sales_before | 0.00             
 sales_after  | 135.88           
-RECORD 68-----------------------
 w_state      | TN               
 i_item_id    | AAAAAAAABONAAAAA 
 sales_before | 30.07            
 sales_after  | 213.69           
-RECORD 69-----------------------
 w_state      | TN               
 i_item_id    | AAAAAAAABPPAAAAA 
 sales_before | 4.77             
 sales_after  | 91.54            
-RECORD 70-----------------------
 w_state      | TN               
 i_item_id    | AAAAAAAACACEAAAA 
 sales_before | 244.10           
 sales_after  | 0.00             
-RECORD 71-----------------------
 w_state      | TN               
 i_item_id    | AAAAAAAACALAAAAA 
 sales_before | -832.53          
 sales_after  | 0.00             
-RECORD 72-----------------------
 w_state      | TN               
 i_item_id    | AAAAAAAACALBAAAA 
 sales_before | 0.00             
 sales_after  | -641.98          
-RECORD 73-----------------------
 w_state      | TN               
 i_item_id    | AAAAAAAACBDBAAAA 
 sales_before | 45.72            
 sales_after  | 145.13           
-RECORD 74-----------------------
 w_state      | TN               
 i_item_id    | AAAAAAAACBHBAAAA 
 sales_before | 102.42           
 sales_after  | 0.00             
-RECORD 75-----------------------
 w_state      | TN               
 i_item_id    | AAAAAAAACBICAAAA 
 sales_before | 0.95             
 sales_after  | 85.93            
-RECORD 76-----------------------
 w_state      | TN               
 i_item_id    | AAAAAAAACBJCAAAA 
 sales_before | 89.33            
 sales_after  | 143.00           
-RECORD 77-----------------------
 w_state      | TN               
 i_item_id    | AAAAAAAACBNAAAAA 
 sales_before | 198.92           
 sales_after  | 133.15           
-RECORD 78-----------------------
 w_state      | TN               
 i_item_id    | AAAAAAAACCABAAAA 
 sales_before | 61.26            
 sales_after  | 65.34            
-RECORD 79-----------------------
 w_state      | TN               
 i_item_id    | AAAAAAAACCJBAAAA 
 sales_before | 4.84             
 sales_after  | 0.00             
-RECORD 80-----------------------
 w_state      | TN               
 i_item_id    | AAAAAAAACCPDAAAA 
 sales_before | 280.66           
 sales_after  | 283.09           
-RECORD 81-----------------------
 w_state      | TN               
 i_item_id    | AAAAAAAACDECAAAA 
 sales_before | -667.40          
 sales_after  | -693.66          
-RECORD 82-----------------------
 w_state      | TN               
 i_item_id    | AAAAAAAACDIBAAAA 
 sales_before | 3.73             
 sales_after  | 148.26           
-RECORD 83-----------------------
 w_state      | TN               
 i_item_id    | AAAAAAAACEACAAAA 
 sales_before | 0.00             
 sales_after  | -978.31          
-RECORD 84-----------------------
 w_state      | TN               
 i_item_id    | AAAAAAAACEHDAAAA 
 sales_before | 66.23            
 sales_after  | 123.74           
-RECORD 85-----------------------
 w_state      | TN               
 i_item_id    | AAAAAAAACEICAAAA 
 sales_before | 30.14            
 sales_after  | 117.63           
-RECORD 86-----------------------
 w_state      | TN               
 i_item_id    | AAAAAAAACEODAAAA 
 sales_before | 0.00             
 sales_after  | 1.28             
-RECORD 87-----------------------
 w_state      | TN               
 i_item_id    | AAAAAAAACFKDAAAA 
 sales_before | 0.00             
 sales_after  | 325.59           
-RECORD 88-----------------------
 w_state      | TN               
 i_item_id    | AAAAAAAACFLCAAAA 
 sales_before | 13.34            
 sales_after  | 76.65            
-RECORD 89-----------------------
 w_state      | TN               
 i_item_id    | AAAAAAAACGCBAAAA 
 sales_before | -1636.68         
 sales_after  | 167.66           
-RECORD 90-----------------------
 w_state      | TN               
 i_item_id    | AAAAAAAACGCDAAAA 
 sales_before | 0.00             
 sales_after  | 8.58             
-RECORD 91-----------------------
 w_state      | TN               
 i_item_id    | AAAAAAAACGJDAAAA 
 sales_before | -422.98          
 sales_after  | 490.30           
-RECORD 92-----------------------
 w_state      | TN               
 i_item_id    | AAAAAAAACGMAAAAA 
 sales_before | 142.04           
 sales_after  | 196.75           
-RECORD 93-----------------------
 w_state      | TN               
 i_item_id    | AAAAAAAACHCDAAAA 
 sales_before | -936.02          
 sales_after  | 96.99            
-RECORD 94-----------------------
 w_state      | TN               
 i_item_id    | AAAAAAAACIICAAAA 
 sales_before | -175.56          
 sales_after  | 40.39            
-RECORD 95-----------------------
 w_state      | TN               
 i_item_id    | AAAAAAAACIJBAAAA 
 sales_before | 0.00             
 sales_after  | 16.71            
-RECORD 96-----------------------
 w_state      | TN               
 i_item_id    | AAAAAAAACIMDAAAA 
 sales_before | 266.31           
 sales_after  | 0.00             
-RECORD 97-----------------------
 w_state      | TN               
 i_item_id    | AAAAAAAACJBEAAAA 
 sales_before | -5.33            
 sales_after  | 22.57            
-RECORD 98-----------------------
 w_state      | TN               
 i_item_id    | AAAAAAAACJDDAAAA 
 sales_before | 72.37            
 sales_after  | 0.00             
-RECORD 99-----------------------
 w_state      | TN               
 i_item_id    | AAAAAAAACJGCAAAA 
 sales_before | 4.59             
 sales_after  | 237.09
             