-- Automatically generated by TpcdsQueries
-RECORD 0-----------------------------------
 rnk              | 1                       
 best_performing  | oughtantiought          
 worst_performing | eingbarantiationought   
-RECORD 1-----------------------------------
 rnk              | 2                       
 best_performing  | barprin steing          
 worst_performing | callyableationpri       
-RECORD 2-----------------------------------
 rnk              | 3                       
 best_performing  | ableoughtantipriought   
 worst_performing | ablebarcallypriought    
-RECORD 3-----------------------------------
 rnk              | 4                       
 best_performing  | oughtcallyoughtation    
 worst_performing | callyn steseable        
-RECORD 4-----------------------------------
 rnk              | 5                       
 best_performing  | oughteseesecally        
 worst_performing | ableoughtbarn st        
-RECORD 5-----------------------------------
 rnk              | 6                       
 best_performing  | eingationationanti      
 worst_performing | callyableoughtn st      
-RECORD 6-----------------------------------
 rnk              | 7                       
 best_performing  | ablecallyought          
 worst_performing | barbarcallyableought    
-RECORD 7-----------------------------------
 rnk              | 8                       
 best_performing  | n steingprieseought     
 worst_performing | eseeingationeseought    
-RECORD 8-----------------------------------
 rnk              | 9                       
 best_performing  | priprieinganti          
 worst_performing | bareseprieseought       
-RECORD 9-----------------------------------
 rnk              | 10                      
 best_performing  | oughtcallybaroughtought 
 worst_performing | eingcallyantipri
             