-- Automatically generated by TpcdsQueries
-RECORD 0-----------------------------
 ca_zip              | 12150          
 ca_city             | Montezuma      
 sum(ws_sales_price) | 11.23          
-RECORD 1-----------------------------
 ca_zip              | 20525          
 ca_city             | Ryan           
 sum(ws_sales_price) | 57.27          
-RECORD 2-----------------------------
 ca_zip              | 21087          
 ca_city             | Macedonia      
 sum(ws_sales_price) | 23.20          
-RECORD 3-----------------------------
 ca_zip              | 21933          
 ca_city             | Mount Pleasant 
 sum(ws_sales_price) | 51.15          
-RECORD 4-----------------------------
 ca_zip              | 22924          
 ca_city             | Belleville     
 sum(ws_sales_price) | 25.42          
-RECORD 5-----------------------------
 ca_zip              | 24289          
 ca_city             | null           
 sum(ws_sales_price) | 17.89          
-RECORD 6-----------------------------
 ca_zip              | 26098          
 ca_city             | Five Points    
 sum(ws_sales_price) | 27.24          
-RECORD 7-----------------------------
 ca_zip              | 45281          
 ca_city             | Bethel         
 sum(ws_sales_price) | 113.11         
-RECORD 8-----------------------------
 ca_zip              | 48014          
 ca_city             | Clifton        
 sum(ws_sales_price) | 20.69          
-RECORD 9-----------------------------
 ca_zip              | 48828          
 ca_city             | Greenwood      
 sum(ws_sales_price) | 58.48          
-RECORD 10----------------------------
 ca_zip              | 50411          
 ca_city             | Cedar Grove    
 sum(ws_sales_price) | 70.45          
-RECORD 11----------------------------
 ca_zip              | 51933          
 ca_city             | Mount Pleasant 
 sum(ws_sales_price) | 23.43          
-RECORD 12----------------------------
 ca_zip              | 54536          
 ca_city             | Friendship     
 sum(ws_sales_price) | 123.37         
-RECORD 13----------------------------
 ca_zip              | 58605          
 ca_city             | Antioch        
 sum(ws_sales_price) | 95.49          
-RECORD 14----------------------------
 ca_zip              | 65817          
 ca_city             | Bridgeport     
 sum(ws_sales_price) | 47.98          
-RECORD 15----------------------------
 ca_zip              | 65867          
 ca_city             | Riceville      
 sum(ws_sales_price) | 11.06          
-RECORD 16----------------------------
 ca_zip              | 69843          
 ca_city             | Oakland        
 sum(ws_sales_price) | 11.82          
-RECORD 17----------------------------
 ca_zip              | 71944          
 ca_city             | Gravel Hill    
 sum(ws_sales_price) | 23.40          
-RECORD 18----------------------------
 ca_zip              | 76971          
 ca_city             | Wilson         
 sum(ws_sales_price) | 111.77         
-RECORD 19----------------------------
 ca_zip              | 78048          
 ca_city             | Salem          
 sum(ws_sales_price) | 188.36
             