-- Automatically generated by TpcdsQueries
-RECORD 0---------------------------
 c_last_name      | null            
 c_first_name     | null            
 ca_city          | Antioch         
 bought_city      | Florence        
 ss_ticket_number | 19942           
 amt              | 6675.56         
 profit           | -20224.05       
-RECORD 1---------------------------
 c_last_name      | null            
 c_first_name     | null            
 ca_city          | Antioch         
 bought_city      | Jamestown       
 ss_ticket_number | 189909          
 amt              | 188.04          
 profit           | 4440.84         
-RECORD 2---------------------------
 c_last_name      | null            
 c_first_name     | null            
 ca_city          | Antioch         
 bought_city      | Sulphur Springs 
 ss_ticket_number | 211628          
 amt              | 0.00            
 profit           | 1690.47         
-RECORD 3---------------------------
 c_last_name      | null            
 c_first_name     | null            
 ca_city          | Arlington       
 bought_city      | Leesburg        
 ss_ticket_number | 112878          
 amt              | 1749.37         
 profit           | -4137.65        
-RECORD 4---------------------------
 c_last_name      | null            
 c_first_name     | null            
 ca_city          | Arlington       
 bought_city      | Mount Olive     
 ss_ticket_number | 186130          
 amt              | 3625.05         
 profit           | -9174.03        
-RECORD 5---------------------------
 c_last_name      | null            
 c_first_name     | null            
 ca_city          | Arthur          
 bought_city      | Bridgeport      
 ss_ticket_number | 89194           
 amt              | 1207.33         
 profit           | -3747.04        
-RECORD 6---------------------------
 c_last_name      | null            
 c_first_name     | null            
 ca_city          | Ashland         
 bought_city      | Antioch         
 ss_ticket_number | 25749           
 amt              | 1184.60         
 profit           | -22285.21       
-RECORD 7---------------------------
 c_last_name      | null            
 c_first_name     | null            
 ca_city          | Ashland         
 bought_city      | Cherry Valley   
 ss_ticket_number | 92172           
 amt              | 2534.66         
 profit           | -5553.97        
-RECORD 8---------------------------
 c_last_name      | null            
 c_first_name     | null            
 ca_city          | Ashland         
 bought_city      | Superior        
 ss_ticket_number | 91601           
 amt              | 7305.88         
 profit           | -10487.66       
-RECORD 9---------------------------
 c_last_name      | null            
 c_first_name     | null            
 ca_city          | Belmont         
 bought_city      | Hamilton        
 ss_ticket_number | 1029            
 amt              | 935.93          
 profit           | -1026.72        
-RECORD 10--------------------------
 c_last_name      | null            
 c_first_name     | null            
 ca_city          | Bethel          
 bought_city      | Oakwood         
 ss_ticket_number | 179326          
 amt              | 2593.05         
 profit           | -13662.26       
-RECORD 11--------------------------
 c_last_name      | null            
 c_first_name     | null            
 ca_city          | Bethel          
 bought_city      | Woodland        
 ss_ticket_number | 95034           
 amt              | 407.35          
 profit           | -15767.89       
-RECORD 12--------------------------
 c_last_name      | null            
 c_first_name     | null            
 ca_city          | Bridgeport      
 bought_city      | Riverside       
 ss_ticket_number | 23264           
 amt              | 89.15           
 profit           | -6827.82        
-RECORD 13--------------------------
 c_last_name      | null            
 c_first_name     | null            
 ca_city          | Bridgeport      
 bought_city      | Wildwood        
 ss_ticket_number | 90648           
 amt              | 4796.33         
 profit           | -6445.14        
-RECORD 14--------------------------
 c_last_name      | null            
 c_first_name     | null            
 ca_city          | Brownsville     
 bought_city      | Oak Grove       
 ss_ticket_number | 114024          
 amt              | 2720.05         
 profit           | -18657.62       
-RECORD 15--------------------------
 c_last_name      | null            
 c_first_name     | null            
 ca_city          | Brunswick       
 bought_city      | Valley View     
 ss_ticket_number | 153419          
 amt              | 0.00            
 profit           | -13840.52       
-RECORD 16--------------------------
 c_last_name      | null            
 c_first_name     | null            
 ca_city          | Buena Vista     
 bought_city      | Clearview       
 ss_ticket_number | 109316          
 amt              | 257.04          
 profit           | -11539.44       
-RECORD 17--------------------------
 c_last_name      | null            
 c_first_name     | null            
 ca_city          | Buena Vista     
 bought_city      | Deerfield       
 ss_ticket_number | 17940           
 amt              | 0.00            
 profit           | -1431.61        
-RECORD 18--------------------------
 c_last_name      | null            
 c_first_name     | null            
 ca_city          | Bunker Hill     
 bought_city      | Colfax          
 ss_ticket_number | 45044           
 amt              | 2803.00         
 profit           | 2310.74         
-RECORD 19--------------------------
 c_last_name      | null            
 c_first_name     | null            
 ca_city          | Cedar Grove     
 bought_city      | Brownsville     
 ss_ticket_number | 17159           
 amt              | 865.78          
 profit           | -9843.40        
-RECORD 20--------------------------
 c_last_name      | null            
 c_first_name     | null            
 ca_city          | Centerville     
 bought_city      | Fairfield       
 ss_ticket_number | 11688           
 amt              | 604.66          
 profit           | -7431.13        
-RECORD 21--------------------------
 c_last_name      | null            
 c_first_name     | null            
 ca_city          | Centerville     
 bought_city      | Fisher          
 ss_ticket_number | 24700           
 amt              | 330.27          
 profit           | -8639.65        
-RECORD 22--------------------------
 c_last_name      | null            
 c_first_name     | null            
 ca_city          | Centerville     
 bought_city      | Glenwood        
 ss_ticket_number | 27267           
 amt              | 0.00            
 profit           | -7024.69        
-RECORD 23--------------------------
 c_last_name      | null            
 c_first_name     | null            
 ca_city          | Clifton         
 bought_city      | Springhill      
 ss_ticket_number | 190087          
 amt              | 2987.19         
 profit           | -13925.26       
-RECORD 24--------------------------
 c_last_name      | null            
 c_first_name     | null            
 ca_city          | Clinton         
 bought_city      | Edgewood        
 ss_ticket_number | 84531           
 amt              | 8561.97         
 profit           | -28472.50       
-RECORD 25--------------------------
 c_last_name      | null            
 c_first_name     | null            
 ca_city          | Clinton         
 bought_city      | Oakland         
 ss_ticket_number | 179459          
 amt              | 879.23          
 profit           | -875.68         
-RECORD 26--------------------------
 c_last_name      | null            
 c_first_name     | null            
 ca_city          | Concord         
 bought_city      | Lakewood        
 ss_ticket_number | 81197           
 amt              | 1244.92         
 profit           | 866.30          
-RECORD 27--------------------------
 c_last_name      | null            
 c_first_name     | null            
 ca_city          | Crossroads      
 bought_city      | Mount Olive     
 ss_ticket_number | 229868          
 amt              | 223.72          
 profit           | 139.81          
-RECORD 28--------------------------
 c_last_name      | null            
 c_first_name     | null            
 ca_city          | Ellsworth       
 bought_city      | Shiloh          
 ss_ticket_number | 103474          
 amt              | 1412.84         
 profit           | -8861.07        
-RECORD 29--------------------------
 c_last_name      | null            
 c_first_name     | null            
 ca_city          | Enterprise      
 bought_city      | Five Forks      
 ss_ticket_number | 234468          
 amt              | 2248.50         
 profit           | -7218.60        
-RECORD 30--------------------------
 c_last_name      | null            
 c_first_name     | null            
 ca_city          | Enterprise      
 bought_city      | Hillcrest       
 ss_ticket_number | 216432          
 amt              | 529.37          
 profit           | -2245.35        
-RECORD 31--------------------------
 c_last_name      | null            
 c_first_name     | null            
 ca_city          | Fairfield       
 bought_city      | Arlington       
 ss_ticket_number | 75875           
 amt              | 565.09          
 profit           | -14322.52       
-RECORD 32--------------------------
 c_last_name      | null            
 c_first_name     | null            
 ca_city          | Fairview        
 bought_city      | Friendship      
 ss_ticket_number | 172926          
 amt              | 1897.88         
 profit           | -11040.49       
-RECORD 33--------------------------
 c_last_name      | null            
 c_first_name     | null            
 ca_city          | Fairview        
 bought_city      | Mount Olive     
 ss_ticket_number | 127246          
 amt              | 7793.58         
 profit           | -12492.10       
-RECORD 34--------------------------
 c_last_name      | null            
 c_first_name     | null            
 ca_city          | Farmington      
 bought_city      | Springfield     
 ss_ticket_number | 222902          
 amt              | 1213.28         
 profit           | -1240.73        
-RECORD 35--------------------------
 c_last_name      | null            
 c_first_name     | null            
 ca_city          | Fayette         
 bought_city      | Kingston        
 ss_ticket_number | 32825           
 amt              | 0.00            
 profit           | -6315.77        
-RECORD 36--------------------------
 c_last_name      | null            
 c_first_name     | null            
 ca_city          | Ferguson        
 bought_city      | Belmont         
 ss_ticket_number | 238393          
 amt              | 11864.37        
 profit           | -26448.01       
-RECORD 37--------------------------
 c_last_name      | null            
 c_first_name     | null            
 ca_city          | Five Forks      
 bought_city      | Florence        
 ss_ticket_number | 224673          
 amt              | 1507.52         
 profit           | -1549.30        
-RECORD 38--------------------------
 c_last_name      | null            
 c_first_name     | null            
 ca_city          | Five Forks      
 bought_city      | Newport         
 ss_ticket_number | 131275          
 amt              | 3957.94         
 profit           | -8960.42        
-RECORD 39--------------------------
 c_last_name      | null            
 c_first_name     | null            
 ca_city          | Five Points     
 bought_city      | Brownsville     
 ss_ticket_number | 122401          
 amt              | 166.11          
 profit           | -12890.14       
-RECORD 40--------------------------
 c_last_name      | null            
 c_first_name     | null            
 ca_city          | Five Points     
 bought_city      | Shady Grove     
 ss_ticket_number | 127068          
 amt              | 41.49           
 profit           | -3127.13        
-RECORD 41--------------------------
 c_last_name      | null            
 c_first_name     | null            
 ca_city          | Five Points     
 bought_city      | Union           
 ss_ticket_number | 233626          
 amt              | 243.82          
 profit           | -13369.20       
-RECORD 42--------------------------
 c_last_name      | null            
 c_first_name     | null            
 ca_city          | Florence        
 bought_city      | Deerfield       
 ss_ticket_number | 181713          
 amt              | 2673.95         
 profit           | -11875.68       
-RECORD 43--------------------------
 c_last_name      | null            
 c_first_name     | null            
 ca_city          | Forest Hills    
 bought_city      | Shiloh          
 ss_ticket_number | 76517           
 amt              | 2206.26         
 profit           | -20795.18       
-RECORD 44--------------------------
 c_last_name      | null            
 c_first_name     | null            
 ca_city          | Friendship      
 bought_city      | Hamilton        
 ss_ticket_number | 49257           
 amt              | 2542.47         
 profit           | 14.28           
-RECORD 45--------------------------
 c_last_name      | null            
 c_first_name     | null            
 ca_city          | Friendship      
 bought_city      | Lebanon         
 ss_ticket_number | 230509          
 amt              | 7322.26         
 profit           | -3897.95        
-RECORD 46--------------------------
 c_last_name      | null            
 c_first_name     | null            
 ca_city          | Friendship      
 bought_city      | Springdale      
 ss_ticket_number | 55155           
 amt              | 187.12          
 profit           | -8555.50        
-RECORD 47--------------------------
 c_last_name      | null            
 c_first_name     | null            
 ca_city          | Glendale        
 bought_city      | Liberty         
 ss_ticket_number | 127860          
 amt              | 179.92          
 profit           | -9645.97        
-RECORD 48--------------------------
 c_last_name      | null            
 c_first_name     | null            
 ca_city          | Glendale        
 bought_city      | Springfield     
 ss_ticket_number | 107410          
 amt              | 236.04          
 profit           | -11521.38       
-RECORD 49--------------------------
 c_last_name      | null            
 c_first_name     | null            
 ca_city          | Glendale        
 bought_city      | Stringtown      
 ss_ticket_number | 31383           
 amt              | 0.00            
 profit           | -5195.83        
-RECORD 50--------------------------
 c_last_name      | null            
 c_first_name     | null            
 ca_city          | Glendale        
 bought_city      | Union           
 ss_ticket_number | 3484            
 amt              | 793.55          
 profit           | 5358.57         
-RECORD 51--------------------------
 c_last_name      | null            
 c_first_name     | null            
 ca_city          | Glenwood        
 bought_city      | Arlington       
 ss_ticket_number | 227159          
 amt              | 236.19          
 profit           | -10529.52       
-RECORD 52--------------------------
 c_last_name      | null            
 c_first_name     | null            
 ca_city          | Glenwood        
 bought_city      | Belmont         
 ss_ticket_number | 72581           
 amt              | 1808.15         
 profit           | -7585.34        
-RECORD 53--------------------------
 c_last_name      | null            
 c_first_name     | null            
 ca_city          | Gravel Hill     
 bought_city      | Farmington      
 ss_ticket_number | 62500           
 amt              | 0.00            
 profit           | -1479.92        
-RECORD 54--------------------------
 c_last_name      | null            
 c_first_name     | null            
 ca_city          | Greenville      
 bought_city      | Bethel          
 ss_ticket_number | 84058           
 amt              | 225.62          
 profit           | -1544.42        
-RECORD 55--------------------------
 c_last_name      | null            
 c_first_name     | null            
 ca_city          | Greenville      
 bought_city      | Marion          
 ss_ticket_number | 221320          
 amt              | 669.39          
 profit           | -7120.33        
-RECORD 56--------------------------
 c_last_name      | null            
 c_first_name     | null            
 ca_city          | Greenville      
 bought_city      | Spring Hill     
 ss_ticket_number | 47915           
 amt              | 11384.61        
 profit           | -24018.75       
-RECORD 57--------------------------
 c_last_name      | null            
 c_first_name     | null            
 ca_city          | Greenwood       
 bought_city      | Pleasant Hill   
 ss_ticket_number | 4709            
 amt              | 822.69          
 profit           | -17295.72       
-RECORD 58--------------------------
 c_last_name      | null            
 c_first_name     | null            
 ca_city          | Greenwood       
 bought_city      | Springdale      
 ss_ticket_number | 204972          
 amt              | 263.33          
 profit           | 3302.02         
-RECORD 59--------------------------
 c_last_name      | null            
 c_first_name     | null            
 ca_city          | Hamilton        
 bought_city      | Cedar Grove     
 ss_ticket_number | 130494          
 amt              | 0.00            
 profit           | -10426.22       
-RECORD 60--------------------------
 c_last_name      | null            
 c_first_name     | null            
 ca_city          | Hamilton        
 bought_city      | Jackson         
 ss_ticket_number | 170132          
 amt              | 5140.01         
 profit           | -20602.97       
-RECORD 61--------------------------
 c_last_name      | null            
 c_first_name     | null            
 ca_city          | Hamilton        
 bought_city      | Jamestown       
 ss_ticket_number | 153509          
 amt              | 2156.76         
 profit           | -9529.97        
-RECORD 62--------------------------
 c_last_name      | null            
 c_first_name     | null            
 ca_city          | Hardy           
 bought_city      | Harmony         
 ss_ticket_number | 94856           
 amt              | 6219.17         
 profit           | -11811.92       
-RECORD 63--------------------------
 c_last_name      | null            
 c_first_name     | null            
 ca_city          | Harmony         
 bought_city      | Plainview       
 ss_ticket_number | 226229          
 amt              | 9483.18         
 profit           | -21260.39       
-RECORD 64--------------------------
 c_last_name      | null            
 c_first_name     | null            
 ca_city          | Highland Park   
 bought_city      | Clinton         
 ss_ticket_number | 75671           
 amt              | 818.52          
 profit           | -17086.12       
-RECORD 65--------------------------
 c_last_name      | null            
 c_first_name     | null            
 ca_city          | Hillcrest       
 bought_city      | Arlington       
 ss_ticket_number | 131958          
 amt              | 608.34          
 profit           | -10931.94       
-RECORD 66--------------------------
 c_last_name      | null            
 c_first_name     | null            
 ca_city          | Hillcrest       
 bought_city      | Berea           
 ss_ticket_number | 60399           
 amt              | 764.60          
 profit           | -10177.35       
-RECORD 67--------------------------
 c_last_name      | null            
 c_first_name     | null            
 ca_city          | Hillcrest       
 bought_city      | Harmony         
 ss_ticket_number | 196512          
 amt              | 1.70            
 profit           | -9338.87        
-RECORD 68--------------------------
 c_last_name      | null            
 c_first_name     | null            
 ca_city          | Hillcrest       
 bought_city      | Mount Olive     
 ss_ticket_number | 129867          
 amt              | 7792.52         
 profit           | -10929.36       
-RECORD 69--------------------------
 c_last_name      | null            
 c_first_name     | null            
 ca_city          | Hillcrest       
 bought_city      | Wilson          
 ss_ticket_number | 33115           
 amt              | 4120.87         
 profit           | -17407.74       
-RECORD 70--------------------------
 c_last_name      | null            
 c_first_name     | null            
 ca_city          | Indian Village  
 bought_city      | Golden          
 ss_ticket_number | 98530           
 amt              | 284.90          
 profit           | -11785.95       
-RECORD 71--------------------------
 c_last_name      | null            
 c_first_name     | null            
 ca_city          | Jackson         
 bought_city      | Florence        
 ss_ticket_number | 167217          
 amt              | 254.54          
 profit           | -18883.41       
-RECORD 72--------------------------
 c_last_name      | null            
 c_first_name     | null            
 ca_city          | Jackson         
 bought_city      | Pleasant Grove  
 ss_ticket_number | 172765          
 amt              | 5569.64         
 profit           | -7776.84        
-RECORD 73--------------------------
 c_last_name      | null            
 c_first_name     | null            
 ca_city          | Jamestown       
 bought_city      | Spring Valley   
 ss_ticket_number | 125125          
 amt              | 4067.22         
 profit           | -8344.61        
-RECORD 74--------------------------
 c_last_name      | null            
 c_first_name     | null            
 ca_city          | Kingston        
 bought_city      | Farmington      
 ss_ticket_number | 196244          
 amt              | 0.00            
 profit           | -4449.03        
-RECORD 75--------------------------
 c_last_name      | null            
 c_first_name     | null            
 ca_city          | Kingston        
 bought_city      | Highland        
 ss_ticket_number | 45785           
 amt              | 5257.12         
 profit           | -21282.22       
-RECORD 76--------------------------
 c_last_name      | null            
 c_first_name     | null            
 ca_city          | Lakeside        
 bought_city      | Ashley          
 ss_ticket_number | 233189          
 amt              | 1043.83         
 profit           | -3335.36        
-RECORD 77--------------------------
 c_last_name      | null            
 c_first_name     | null            
 ca_city          | Lakeside        
 bought_city      | Highland Park   
 ss_ticket_number | 194552          
 amt              | 677.94          
 profit           | -11488.01       
-RECORD 78--------------------------
 c_last_name      | null            
 c_first_name     | null            
 ca_city          | Lakeside        
 bought_city      | Jenkins         
 ss_ticket_number | 71469           
 amt              | 434.92          
 profit           | -9825.80        
-RECORD 79--------------------------
 c_last_name      | null            
 c_first_name     | null            
 ca_city          | Lakeside        
 bought_city      | Lakewood        
 ss_ticket_number | 181131          
 amt              | 42.20           
 profit           | 3148.24         
-RECORD 80--------------------------
 c_last_name      | null            
 c_first_name     | null            
 ca_city          | Lakeside        
 bought_city      | Riverview       
 ss_ticket_number | 183085          
 amt              | 116.06          
 profit           | -1892.62        
-RECORD 81--------------------------
 c_last_name      | null            
 c_first_name     | null            
 ca_city          | Lakeside        
 bought_city      | Summit          
 ss_ticket_number | 200887          
 amt              | 554.47          
 profit           | -8140.32        
-RECORD 82--------------------------
 c_last_name      | null            
 c_first_name     | null            
 ca_city          | Lakeview        
 bought_city      | Greenfield      
 ss_ticket_number | 230719          
 amt              | 0.00            
 profit           | -3529.16        
-RECORD 83--------------------------
 c_last_name      | null            
 c_first_name     | null            
 ca_city          | Lancaster       
 bought_city      | Waterloo        
 ss_ticket_number | 197637          
 amt              | 976.52          
 profit           | -11255.13       
-RECORD 84--------------------------
 c_last_name      | null            
 c_first_name     | null            
 ca_city          | Langdon         
 bought_city      | Buena Vista     
 ss_ticket_number | 12247           
 amt              | 1626.56         
 profit           | -12689.74       
-RECORD 85--------------------------
 c_last_name      | null            
 c_first_name     | null            
 ca_city          | Lebanon         
 bought_city      | Mount Zion      
 ss_ticket_number | 2701            
 amt              | 11616.00        
 profit           | -11748.63       
-RECORD 86--------------------------
 c_last_name      | null            
 c_first_name     | null            
 ca_city          | Lincoln         
 bought_city      | Greenville      
 ss_ticket_number | 126303          
 amt              | 0.00            
 profit           | -18688.05       
-RECORD 87--------------------------
 c_last_name      | null            
 c_first_name     | null            
 ca_city          | Louisville      
 bought_city      | Kingston        
 ss_ticket_number | 215207          
 amt              | 986.85          
 profit           | -9348.55        
-RECORD 88--------------------------
 c_last_name      | null            
 c_first_name     | null            
 ca_city          | Macedonia       
 bought_city      | Ashland         
 ss_ticket_number | 81673           
 amt              | 142.17          
 profit           | -56.02          
-RECORD 89--------------------------
 c_last_name      | null            
 c_first_name     | null            
 ca_city          | Macedonia       
 bought_city      | Guthrie         
 ss_ticket_number | 132070          
 amt              | 1459.41         
 profit           | -9746.92        
-RECORD 90--------------------------
 c_last_name      | null            
 c_first_name     | null            
 ca_city          | Maple Grove     
 bought_city      | Five Points     
 ss_ticket_number | 40712           
 amt              | 4051.76         
 profit           | -4016.52        
-RECORD 91--------------------------
 c_last_name      | null            
 c_first_name     | null            
 ca_city          | Marion          
 bought_city      | Lakewood        
 ss_ticket_number | 203438          
 amt              | 8203.21         
 profit           | -18846.98       
-RECORD 92--------------------------
 c_last_name      | null            
 c_first_name     | null            
 ca_city          | Midway          
 bought_city      | Summerfield     
 ss_ticket_number | 117504          
 amt              | 1027.47         
 profit           | -21021.42       
-RECORD 93--------------------------
 c_last_name      | null            
 c_first_name     | null            
 ca_city          | Mount Olive     
 bought_city      | Salem           
 ss_ticket_number | 34593           
 amt              | 910.10          
 profit           | -6410.67        
-RECORD 94--------------------------
 c_last_name      | null            
 c_first_name     | null            
 ca_city          | Mount Olive     
 bought_city      | Springdale      
 ss_ticket_number | 73957           
 amt              | 2276.08         
 profit           | -18160.48       
-RECORD 95--------------------------
 c_last_name      | null            
 c_first_name     | null            
 ca_city          | Mount Vernon    
 bought_city      | Crossroads      
 ss_ticket_number | 216545          
 amt              | 0.00            
 profit           | -10080.14       
-RECORD 96--------------------------
 c_last_name      | null            
 c_first_name     | null            
 ca_city          | Mount Vernon    
 bought_city      | White Oak       
 ss_ticket_number | 25937           
 amt              | 2221.06         
 profit           | -12575.90       
-RECORD 97--------------------------
 c_last_name      | null            
 c_first_name     | null            
 ca_city          | Murphy          
 bought_city      | Buena Vista     
 ss_ticket_number | 17149           
 amt              | 0.00            
 profit           | -39.90          
-RECORD 98--------------------------
 c_last_name      | null            
 c_first_name     | null            
 ca_city          | New Hope        
 bought_city      | Farmington      
 ss_ticket_number | 38760           
 amt              | 6931.68         
 profit           | -10392.42       
-RECORD 99--------------------------
 c_last_name      | null            
 c_first_name     | null            
 ca_city          | New Hope        
 bought_city      | Hillcrest       
 ss_ticket_number | 119378          
 amt              | 625.62          
 profit           | -15891.66
             