-- Automatically generated by TpcdsQueries
-RECORD 0-------------------------------
 channel       | catalog                
 item          | 16735                  
 return_ratio  | 0.50505050505050505051 
 return_rank   | 1                      
 currency_rank | 1                      
-RECORD 1-------------------------------
 channel       | catalog                
 item          | 12633                  
 return_ratio  | 0.69662921348314606742 
 return_rank   | 2                      
 currency_rank | 2                      
-RECORD 2-------------------------------
 channel       | catalog                
 item          | 13967                  
 return_ratio  | 0.70000000000000000000 
 return_rank   | 3                      
 currency_rank | 3                      
-RECORD 3-------------------------------
 channel       | catalog                
 item          | 12819                  
 return_ratio  | 0.70129870129870129870 
 return_rank   | 4                      
 currency_rank | 8                      
-RECORD 4-------------------------------
 channel       | catalog                
 item          | 16155                  
 return_ratio  | 0.72043010752688172043 
 return_rank   | 5                      
 currency_rank | 4                      
-RECORD 5-------------------------------
 channel       | catalog                
 item          | 17681                  
 return_ratio  | 0.75268817204301075269 
 return_rank   | 6                      
 currency_rank | 5                      
-RECORD 6-------------------------------
 channel       | catalog                
 item          | 5975                   
 return_ratio  | 0.76404494382022471910 
 return_rank   | 7                      
 currency_rank | 6                      
-RECORD 7-------------------------------
 channel       | catalog                
 item          | 11451                  
 return_ratio  | 0.76744186046511627907 
 return_rank   | 8                      
 currency_rank | 7                      
-RECORD 8-------------------------------
 channel       | catalog                
 item          | 1689                   
 return_ratio  | 0.80219780219780219780 
 return_rank   | 9                      
 currency_rank | 9                      
-RECORD 9-------------------------------
 channel       | catalog                
 item          | 10311                  
 return_ratio  | 0.81818181818181818182 
 return_rank   | 10                     
 currency_rank | 10                     
-RECORD 10------------------------------
 channel       | store                  
 item          | 5111                   
 return_ratio  | 0.78947368421052631579 
 return_rank   | 1                      
 currency_rank | 1                      
-RECORD 11------------------------------
 channel       | store                  
 item          | 11073                  
 return_ratio  | 0.83505154639175257732 
 return_rank   | 2                      
 currency_rank | 3                      
-RECORD 12------------------------------
 channel       | store                  
 item          | 14429                  
 return_ratio  | 0.84782608695652173913 
 return_rank   | 3                      
 currency_rank | 2                      
-RECORD 13------------------------------
 channel       | store                  
 item          | 15927                  
 return_ratio  | 0.86419753086419753086 
 return_rank   | 4                      
 currency_rank | 4                      
-RECORD 14------------------------------
 channel       | store                  
 item          | 10171                  
 return_ratio  | 0.86868686868686868687 
 return_rank   | 5                      
 currency_rank | 5                      
-RECORD 15------------------------------
 channel       | store                  
 item          | 12783                  
 return_ratio  | 0.88775510204081632653 
 return_rank   | 6                      
 currency_rank | 6                      
-RECORD 16------------------------------
 channel       | store                  
 item          | 11075                  
 return_ratio  | 0.89743589743589743590 
 return_rank   | 7                      
 currency_rank | 7                      
-RECORD 17------------------------------
 channel       | store                  
 item          | 12889                  
 return_ratio  | 0.95652173913043478261 
 return_rank   | 8                      
 currency_rank | 8                      
-RECORD 18------------------------------
 channel       | store                  
 item          | 1939                   
 return_ratio  | 0.99000000000000000000 
 return_rank   | 9                      
 currency_rank | 9                      
-RECORD 19------------------------------
 channel       | store                  
 item          | 4333                   
 return_ratio  | 1.00000000000000000000 
 return_rank   | 10                     
 currency_rank | 10                     
-RECORD 20------------------------------
 channel       | store                  
 item          | 12975                  
 return_ratio  | 1.00000000000000000000 
 return_rank   | 10                     
 currency_rank | 10                     
-RECORD 21------------------------------
 channel       | store                  
 item          | 10455                  
 return_ratio  | 1.00000000000000000000 
 return_rank   | 10                     
 currency_rank | 10                     
-RECORD 22------------------------------
 channel       | web                    
 item          | 10485                  
 return_ratio  | 0.48863636363636363636 
 return_rank   | 1                      
 currency_rank | 1                      
-RECORD 23------------------------------
 channel       | web                    
 item          | 4483                   
 return_ratio  | 0.52688172043010752688 
 return_rank   | 2                      
 currency_rank | 2                      
-RECORD 24------------------------------
 channel       | web                    
 item          | 8833                   
 return_ratio  | 0.58241758241758241758 
 return_rank   | 3                      
 currency_rank | 3                      
-RECORD 25------------------------------
 channel       | web                    
 item          | 1165                   
 return_ratio  | 0.61458333333333333333 
 return_rank   | 4                      
 currency_rank | 4                      
-RECORD 26------------------------------
 channel       | web                    
 item          | 17197                  
 return_ratio  | 0.73076923076923076923 
 return_rank   | 5                      
 currency_rank | 5                      
-RECORD 27------------------------------
 channel       | web                    
 item          | 10319                  
 return_ratio  | 0.73469387755102040816 
 return_rank   | 6                      
 currency_rank | 6                      
-RECORD 28------------------------------
 channel       | web                    
 item          | 13159                  
 return_ratio  | 0.75257731958762886598 
 return_rank   | 7                      
 currency_rank | 7                      
-RECORD 29------------------------------
 channel       | web                    
 item          | 9629                   
 return_ratio  | 0.77894736842105263158 
 return_rank   | 8                      
 currency_rank | 8                      
-RECORD 30------------------------------
 channel       | web                    
 item          | 5909                   
 return_ratio  | 0.78378378378378378378 
 return_rank   | 9                      
 currency_rank | 9                      
-RECORD 31------------------------------
 channel       | web                    
 item          | 7057                   
 return_ratio  | 0.86746987951807228916 
 return_rank   | 10                     
 currency_rank | 10
             