-- Automatically generated by TpcdsQueries
-RECORD 0-------------------------------
 channel | null                         
 id      | null                         
 sales   | 113832751.85                 
 returns | 3036754.81                   
 profit  | -31846972.27                 
-RECORD 1-------------------------------
 channel | catalog channel              
 id      | null                         
 sales   | 39549896.80                  
 returns | 890805.91                    
 profit  | -4700833.96                  
-RECORD 2-------------------------------
 channel | catalog channel              
 id      | catalog_pageAAAAAAAAAAABAAAA 
 sales   | 217002.51                    
 returns | 0.00                         
 profit  | 13655.90                     
-RECORD 3-------------------------------
 channel | catalog channel              
 id      | catalog_pageAAAAAAAAABABAAAA 
 sales   | 79307.07                     
 returns | 0.00                         
 profit  | -3323.53                     
-RECORD 4-------------------------------
 channel | catalog channel              
 id      | catalog_pageAAAAAAAAACABAAAA 
 sales   | 109295.76                    
 returns | 3505.20                      
 profit  | 8275.32                      
-RECORD 5-------------------------------
 channel | catalog channel              
 id      | catalog_pageAAAAAAAAACJAAAAA 
 sales   | 0.00                         
 returns | 14.82                        
 profit  | -113.03                      
-RECORD 6-------------------------------
 channel | catalog channel              
 id      | catalog_pageAAAAAAAAADABAAAA 
 sales   | 112264.38                    
 returns | 0.00                         
 profit  | -11845.75                    
-RECORD 7-------------------------------
 channel | catalog channel              
 id      | catalog_pageAAAAAAAAADCBAAAA 
 sales   | 111462.44                    
 returns | 0.00                         
 profit  | 2684.17                      
-RECORD 8-------------------------------
 channel | catalog channel              
 id      | catalog_pageAAAAAAAAAEABAAAA 
 sales   | 60875.92                     
 returns | 753.55                       
 profit  | 991.75                       
-RECORD 9-------------------------------
 channel | catalog channel              
 id      | catalog_pageAAAAAAAAAECBAAAA 
 sales   | 89060.07                     
 returns | 0.00                         
 profit  | 7186.17                      
-RECORD 10------------------------------
 channel | catalog channel              
 id      | catalog_pageAAAAAAAAAEPAAAAA 
 sales   | 0.00                         
 returns | 2466.17                      
 profit  | -1023.59                     
-RECORD 11------------------------------
 channel | catalog channel              
 id      | catalog_pageAAAAAAAAAFABAAAA 
 sales   | 42313.54                     
 returns | 0.00                         
 profit  | -25310.58                    
-RECORD 12------------------------------
 channel | catalog channel              
 id      | catalog_pageAAAAAAAAAFCBAAAA 
 sales   | 74908.61                     
 returns | 0.00                         
 profit  | -10384.86                    
-RECORD 13------------------------------
 channel | catalog channel              
 id      | catalog_pageAAAAAAAAAFPAAAAA 
 sales   | 0.00                         
 returns | 523.37                       
 profit  | -422.16                      
-RECORD 14------------------------------
 channel | catalog channel              
 id      | catalog_pageAAAAAAAAAGABAAAA 
 sales   | 120028.56                    
 returns | 0.00                         
 profit  | 4694.80                      
-RECORD 15------------------------------
 channel | catalog channel              
 id      | catalog_pageAAAAAAAAAGBBAAAA 
 sales   | 0.00                         
 returns | 541.44                       
 profit  | -170.28                      
-RECORD 16------------------------------
 channel | catalog channel              
 id      | catalog_pageAAAAAAAAAGCBAAAA 
 sales   | 97228.89                     
 returns | 0.00                         
 profit  | -7579.73                     
-RECORD 17------------------------------
 channel | catalog channel              
 id      | catalog_pageAAAAAAAAAGPAAAAA 
 sales   | 0.00                         
 returns | 1814.55                      
 profit  | -667.34                      
-RECORD 18------------------------------
 channel | catalog channel              
 id      | catalog_pageAAAAAAAAAHABAAAA 
 sales   | 69941.58                     
 returns | 0.00                         
 profit  | -4444.41                     
-RECORD 19------------------------------
 channel | catalog channel              
 id      | catalog_pageAAAAAAAAAHBBAAAA 
 sales   | 0.00                         
 returns | 138.66                       
 profit  | -128.30                      
-RECORD 20------------------------------
 channel | catalog channel              
 id      | catalog_pageAAAAAAAAAHCBAAAA 
 sales   | 73967.17                     
 returns | 0.00                         
 profit  | -5904.39                     
-RECORD 21------------------------------
 channel | catalog channel              
 id      | catalog_pageAAAAAAAAAHPAAAAA 
 sales   | 0.00                         
 returns | 10125.01                     
 profit  | -3291.39                     
-RECORD 22------------------------------
 channel | catalog channel              
 id      | catalog_pageAAAAAAAAAICBAAAA 
 sales   | 95341.98                     
 returns | 0.00                         
 profit  | -10935.38                    
-RECORD 23------------------------------
 channel | catalog channel              
 id      | catalog_pageAAAAAAAAAIMAAAAA 
 sales   | 0.00                         
 returns | 247.30                       
 profit  | -261.67                      
-RECORD 24------------------------------
 channel | catalog channel              
 id      | catalog_pageAAAAAAAAAJCBAAAA 
 sales   | 91289.86                     
 returns | 0.00                         
 profit  | -38131.57                    
-RECORD 25------------------------------
 channel | catalog channel              
 id      | catalog_pageAAAAAAAAAJPAAAAA 
 sales   | 0.00                         
 returns | 19.98                        
 profit  | -102.55                      
-RECORD 26------------------------------
 channel | catalog channel              
 id      | catalog_pageAAAAAAAAAKABAAAA 
 sales   | 0.00                         
 returns | 3460.18                      
 profit  | -1790.30                     
-RECORD 27------------------------------
 channel | catalog channel              
 id      | catalog_pageAAAAAAAAAKCBAAAA 
 sales   | 1409.22                      
 returns | 0.00                         
 profit  | -2367.32                     
-RECORD 28------------------------------
 channel | catalog channel              
 id      | catalog_pageAAAAAAAAAKPAAAAA 
 sales   | 176800.33                    
 returns | 2203.74                      
 profit  | 17358.83                     
-RECORD 29------------------------------
 channel | catalog channel              
 id      | catalog_pageAAAAAAAAALBBAAAA 
 sales   | 0.00                         
 returns | 1719.45                      
 profit  | -223.86                      
-RECORD 30------------------------------
 channel | catalog channel              
 id      | catalog_pageAAAAAAAAALCBAAAA 
 sales   | 9622.11                      
 returns | 0.00                         
 profit  | -995.37                      
-RECORD 31------------------------------
 channel | catalog channel              
 id      | catalog_pageAAAAAAAAALPAAAAA 
 sales   | 226923.74                    
 returns | 0.00                         
 profit  | -17678.34                    
-RECORD 32------------------------------
 channel | catalog channel              
 id      | catalog_pageAAAAAAAAAMCBAAAA 
 sales   | 1044.59                      
 returns | 0.00                         
 profit  | -371.42                      
-RECORD 33------------------------------
 channel | catalog channel              
 id      | catalog_pageAAAAAAAAAMPAAAAA 
 sales   | 210026.33                    
 returns | 0.00                         
 profit  | -4598.43                     
-RECORD 34------------------------------
 channel | catalog channel              
 id      | catalog_pageAAAAAAAAANABAAAA 
 sales   | 0.00                         
 returns | 4859.01                      
 profit  | -620.39                      
-RECORD 35------------------------------
 channel | catalog channel              
 id      | catalog_pageAAAAAAAAANPAAAAA 
 sales   | 204079.30                    
 returns | 6617.69                      
 profit  | -43707.08                    
-RECORD 36------------------------------
 channel | catalog channel              
 id      | catalog_pageAAAAAAAAAOCBAAAA 
 sales   | 3093.75                      
 returns | 0.00                         
 profit  | -3029.40                     
-RECORD 37------------------------------
 channel | catalog channel              
 id      | catalog_pageAAAAAAAAAOPAAAAA 
 sales   | 205664.00                    
 returns | 5.35                         
 profit  | -7249.23                     
-RECORD 38------------------------------
 channel | catalog channel              
 id      | catalog_pageAAAAAAAAAPCBAAAA 
 sales   | 11986.70                     
 returns | 0.00                         
 profit  | 5352.16                      
-RECORD 39------------------------------
 channel | catalog channel              
 id      | catalog_pageAAAAAAAAAPPAAAAA 
 sales   | 259979.15                    
 returns | 0.00                         
 profit  | 15500.93                     
-RECORD 40------------------------------
 channel | catalog channel              
 id      | catalog_pageAAAAAAAABAABAAAA 
 sales   | 205054.92                    
 returns | 0.00                         
 profit  | -13900.72                    
-RECORD 41------------------------------
 channel | catalog channel              
 id      | catalog_pageAAAAAAAABBABAAAA 
 sales   | 123870.49                    
 returns | 817.57                       
 profit  | -35169.40                    
-RECORD 42------------------------------
 channel | catalog channel              
 id      | catalog_pageAAAAAAAABCABAAAA 
 sales   | 110311.76                    
 returns | 6.60                         
 profit  | -2807.92                     
-RECORD 43------------------------------
 channel | catalog channel              
 id      | catalog_pageAAAAAAAABDABAAAA 
 sales   | 54375.62                     
 returns | 0.00                         
 profit  | -16298.08                    
-RECORD 44------------------------------
 channel | catalog channel              
 id      | catalog_pageAAAAAAAABDCBAAAA 
 sales   | 77225.26                     
 returns | 0.00                         
 profit  | -9404.24                     
-RECORD 45------------------------------
 channel | catalog channel              
 id      | catalog_pageAAAAAAAABDIAAAAA 
 sales   | 0.00                         
 returns | 2247.56                      
 profit  | -536.43                      
-RECORD 46------------------------------
 channel | catalog channel              
 id      | catalog_pageAAAAAAAABDPAAAAA 
 sales   | 0.00                         
 returns | 13366.54                     
 profit  | -4827.89                     
-RECORD 47------------------------------
 channel | catalog channel              
 id      | catalog_pageAAAAAAAABEABAAAA 
 sales   | 83653.23                     
 returns | 301.44                       
 profit  | -14544.63                    
-RECORD 48------------------------------
 channel | catalog channel              
 id      | catalog_pageAAAAAAAABECBAAAA 
 sales   | 102256.79                    
 returns | 0.00                         
 profit  | 2795.53                      
-RECORD 49------------------------------
 channel | catalog channel              
 id      | catalog_pageAAAAAAAABEPAAAAA 
 sales   | 0.00                         
 returns | 4374.58                      
 profit  | -3395.35                     
-RECORD 50------------------------------
 channel | catalog channel              
 id      | catalog_pageAAAAAAAABFABAAAA 
 sales   | 77015.36                     
 returns | 0.00                         
 profit  | -4370.15                     
-RECORD 51------------------------------
 channel | catalog channel              
 id      | catalog_pageAAAAAAAABFBBAAAA 
 sales   | 0.00                         
 returns | 2435.93                      
 profit  | -3450.68                     
-RECORD 52------------------------------
 channel | catalog channel              
 id      | catalog_pageAAAAAAAABFCBAAAA 
 sales   | 105831.18                    
 returns | 0.00                         
 profit  | 12908.55                     
-RECORD 53------------------------------
 channel | catalog channel              
 id      | catalog_pageAAAAAAAABFPAAAAA 
 sales   | 0.00                         
 returns | 203.00                       
 profit  | -162.37                      
-RECORD 54------------------------------
 channel | catalog channel              
 id      | catalog_pageAAAAAAAABGABAAAA 
 sales   | 72193.84                     
 returns | 0.00                         
 profit  | -10412.85                    
-RECORD 55------------------------------
 channel | catalog channel              
 id      | catalog_pageAAAAAAAABGCBAAAA 
 sales   | 98074.44                     
 returns | 0.00                         
 profit  | -1396.21                     
-RECORD 56------------------------------
 channel | catalog channel              
 id      | catalog_pageAAAAAAAABGIAAAAA 
 sales   | 0.00                         
 returns | 500.56                       
 profit  | -315.89                      
-RECORD 57------------------------------
 channel | catalog channel              
 id      | catalog_pageAAAAAAAABGPAAAAA 
 sales   | 0.00                         
 returns | 257.80                       
 profit  | -125.00                      
-RECORD 58------------------------------
 channel | catalog channel              
 id      | catalog_pageAAAAAAAABHABAAAA 
 sales   | 109670.37                    
 returns | 0.00                         
 profit  | 17680.12                     
-RECORD 59------------------------------
 channel | catalog channel              
 id      | catalog_pageAAAAAAAABHBBAAAA 
 sales   | 0.00                         
 returns | 332.44                       
 profit  | -218.41                      
-RECORD 60------------------------------
 channel | catalog channel              
 id      | catalog_pageAAAAAAAABHCBAAAA 
 sales   | 73731.28                     
 returns | 0.00                         
 profit  | -14352.31                    
-RECORD 61------------------------------
 channel | catalog channel              
 id      | catalog_pageAAAAAAAABHPAAAAA 
 sales   | 0.00                         
 returns | 1366.24                      
 profit  | -3867.70                     
-RECORD 62------------------------------
 channel | catalog channel              
 id      | catalog_pageAAAAAAAABICBAAAA 
 sales   | 71039.47                     
 returns | 0.00                         
 profit  | 2742.64                      
-RECORD 63------------------------------
 channel | catalog channel              
 id      | catalog_pageAAAAAAAABIPAAAAA 
 sales   | 0.00                         
 returns | 14223.07                     
 profit  | -7591.98                     
-RECORD 64------------------------------
 channel | catalog channel              
 id      | catalog_pageAAAAAAAABJBBAAAA 
 sales   | 0.00                         
 returns | 96.66                        
 profit  | -140.68                      
-RECORD 65------------------------------
 channel | catalog channel              
 id      | catalog_pageAAAAAAAABJCBAAAA 
 sales   | 5619.24                      
 returns | 0.00                         
 profit  | -2531.23                     
-RECORD 66------------------------------
 channel | catalog channel              
 id      | catalog_pageAAAAAAAABJPAAAAA 
 sales   | 0.00                         
 returns | 3881.66                      
 profit  | -2212.48                     
-RECORD 67------------------------------
 channel | catalog channel              
 id      | catalog_pageAAAAAAAABKCBAAAA 
 sales   | 5420.99                      
 returns | 0.00                         
 profit  | -5691.26                     
-RECORD 68------------------------------
 channel | catalog channel              
 id      | catalog_pageAAAAAAAABKPAAAAA 
 sales   | 161336.55                    
 returns | 0.00                         
 profit  | -513.02                      
-RECORD 69------------------------------
 channel | catalog channel              
 id      | catalog_pageAAAAAAAABLBBAAAA 
 sales   | 0.00                         
 returns | 303.27                       
 profit  | -173.59                      
-RECORD 70------------------------------
 channel | catalog channel              
 id      | catalog_pageAAAAAAAABLCBAAAA 
 sales   | 201.70                       
 returns | 0.00                         
 profit  | -393.37                      
-RECORD 71------------------------------
 channel | catalog channel              
 id      | catalog_pageAAAAAAAABLPAAAAA 
 sales   | 162028.76                    
 returns | 54.34                        
 profit  | -54551.60                    
-RECORD 72------------------------------
 channel | catalog channel              
 id      | catalog_pageAAAAAAAABMABAAAA 
 sales   | 0.00                         
 returns | 163.32                       
 profit  | -383.25                      
-RECORD 73------------------------------
 channel | catalog channel              
 id      | catalog_pageAAAAAAAABMBBAAAA 
 sales   | 0.00                         
 returns | 483.00                       
 profit  | -4825.77                     
-RECORD 74------------------------------
 channel | catalog channel              
 id      | catalog_pageAAAAAAAABMCBAAAA 
 sales   | 2213.59                      
 returns | 0.00                         
 profit  | -212.78                      
-RECORD 75------------------------------
 channel | catalog channel              
 id      | catalog_pageAAAAAAAABMPAAAAA 
 sales   | 140634.77                    
 returns | 138.84                       
 profit  | -39261.21                    
-RECORD 76------------------------------
 channel | catalog channel              
 id      | catalog_pageAAAAAAAABNABAAAA 
 sales   | 0.00                         
 returns | null                         
 profit  | null                         
-RECORD 77------------------------------
 channel | catalog channel              
 id      | catalog_pageAAAAAAAABNBBAAAA 
 sales   | 0.00                         
 returns | 2152.88                      
 profit  | -910.95                      
-RECORD 78------------------------------
 channel | catalog channel              
 id      | catalog_pageAAAAAAAABNCBAAAA 
 sales   | 21066.23                     
 returns | 0.00                         
 profit  | 5619.74                      
-RECORD 79------------------------------
 channel | catalog channel              
 id      | catalog_pageAAAAAAAABNPAAAAA 
 sales   | 168937.50                    
 returns | 0.00                         
 profit  | -7428.35                     
-RECORD 80------------------------------
 channel | catalog channel              
 id      | catalog_pageAAAAAAAABOABAAAA 
 sales   | 0.00                         
 returns | 756.28                       
 profit  | -521.22                      
-RECORD 81------------------------------
 channel | catalog channel              
 id      | catalog_pageAAAAAAAABOBBAAAA 
 sales   | 0.00                         
 returns | 289.38                       
 profit  | -262.27                      
-RECORD 82------------------------------
 channel | catalog channel              
 id      | catalog_pageAAAAAAAABOCBAAAA 
 sales   | 3380.37                      
 returns | 0.00                         
 profit  | 337.45                       
-RECORD 83------------------------------
 channel | catalog channel              
 id      | catalog_pageAAAAAAAABOIAAAAA 
 sales   | 0.00                         
 returns | 553.08                       
 profit  | -124.33                      
-RECORD 84------------------------------
 channel | catalog channel              
 id      | catalog_pageAAAAAAAABOPAAAAA 
 sales   | 178060.89                    
 returns | 453.33                       
 profit  | -39647.59                    
-RECORD 85------------------------------
 channel | catalog channel              
 id      | catalog_pageAAAAAAAABPCBAAAA 
 sales   | 308.43                       
 returns | 0.00                         
 profit  | -6294.87                     
-RECORD 86------------------------------
 channel | catalog channel              
 id      | catalog_pageAAAAAAAABPPAAAAA 
 sales   | 230886.45                    
 returns | 423.60                       
 profit  | -7979.91                     
-RECORD 87------------------------------
 channel | catalog channel              
 id      | catalog_pageAAAAAAAACAABAAAA 
 sales   | 143217.90                    
 returns | 4739.60                      
 profit  | -14933.90                    
-RECORD 88------------------------------
 channel | catalog channel              
 id      | catalog_pageAAAAAAAACABBAAAA 
 sales   | 0.00                         
 returns | 2902.35                      
 profit  | -421.56                      
-RECORD 89------------------------------
 channel | catalog channel              
 id      | catalog_pageAAAAAAAACACBAAAA 
 sales   | 0.00                         
 returns | 275.93                       
 profit  | -770.61                      
-RECORD 90------------------------------
 channel | catalog channel              
 id      | catalog_pageAAAAAAAACBABAAAA 
 sales   | 82856.21                     
 returns | 0.00                         
 profit  | -33285.95                    
-RECORD 91------------------------------
 channel | catalog channel              
 id      | catalog_pageAAAAAAAACCABAAAA 
 sales   | 87477.08                     
 returns | 0.00                         
 profit  | 818.09                       
-RECORD 92------------------------------
 channel | catalog channel              
 id      | catalog_pageAAAAAAAACDABAAAA 
 sales   | 83602.86                     
 returns | 0.00                         
 profit  | -33313.03                    
-RECORD 93------------------------------
 channel | catalog channel              
 id      | catalog_pageAAAAAAAACDCBAAAA 
 sales   | 58195.74                     
 returns | 0.00                         
 profit  | -16518.32                    
-RECORD 94------------------------------
 channel | catalog channel              
 id      | catalog_pageAAAAAAAACDPAAAAA 
 sales   | 0.00                         
 returns | 317.65                       
 profit  | -658.75                      
-RECORD 95------------------------------
 channel | catalog channel              
 id      | catalog_pageAAAAAAAACEABAAAA 
 sales   | 51882.61                     
 returns | 0.00                         
 profit  | -18201.87                    
-RECORD 96------------------------------
 channel | catalog channel              
 id      | catalog_pageAAAAAAAACECBAAAA 
 sales   | 87686.10                     
 returns | 0.00                         
 profit  | 4983.58                      
-RECORD 97------------------------------
 channel | catalog channel              
 id      | catalog_pageAAAAAAAACEPAAAAA 
 sales   | 0.00                         
 returns | 9419.81                      
 profit  | -3490.18                     
-RECORD 98------------------------------
 channel | catalog channel              
 id      | catalog_pageAAAAAAAACFABAAAA 
 sales   | 100092.31                    
 returns | 0.00                         
 profit  | 2640.22                      
-RECORD 99------------------------------
 channel | catalog channel              
 id      | catalog_pageAAAAAAAACFCBAAAA 
 sales   | 82085.45                     
 returns | 0.00                         
 profit  | -6014.66
             