-- Automatically generated by TpcdsQueries
-RECORD 0----------------------
 item_sk          | 8          
 d_date           | 2000-01-16 
 web_sales        | null       
 store_sales      | 20.83      
 web_cumulative   | 35.36      
 store_cumulative | 20.83      
-RECORD 1----------------------
 item_sk          | 8          
 d_date           | 2000-01-18 
 web_sales        | 83.21      
 store_sales      | null       
 web_cumulative   | 83.21      
 store_cumulative | 20.83      
-RECORD 2----------------------
 item_sk          | 8          
 d_date           | 2000-02-11 
 web_sales        | null       
 store_sales      | 69.88      
 web_cumulative   | 83.21      
 store_cumulative | 69.88      
-RECORD 3----------------------
 item_sk          | 14         
 d_date           | 2000-01-14 
 web_sales        | null       
 store_sales      | 31.65      
 web_cumulative   | 183.58     
 store_cumulative | 31.65      
-RECORD 4----------------------
 item_sk          | 14         
 d_date           | 2000-01-29 
 web_sales        | null       
 store_sales      | 63.92      
 web_cumulative   | 183.58     
 store_cumulative | 63.92      
-RECORD 5----------------------
 item_sk          | 14         
 d_date           | 2000-02-10 
 web_sales        | null       
 store_sales      | 103.12     
 web_cumulative   | 183.58     
 store_cumulative | 103.12     
-RECORD 6----------------------
 item_sk          | 14         
 d_date           | 2000-02-15 
 web_sales        | null       
 store_sales      | 157.03     
 web_cumulative   | 183.58     
 store_cumulative | 157.03     
-RECORD 7----------------------
 item_sk          | 14         
 d_date           | 2000-02-16 
 web_sales        | null       
 store_sales      | 183.40     
 web_cumulative   | 183.58     
 store_cumulative | 183.40     
-RECORD 8----------------------
 item_sk          | 17         
 d_date           | 2000-05-24 
 web_sales        | 439.75     
 store_sales      | null       
 web_cumulative   | 439.75     
 store_cumulative | 398.92     
-RECORD 9----------------------
 item_sk          | 17         
 d_date           | 2000-06-09 
 web_sales        | null       
 store_sales      | 407.77     
 web_cumulative   | 439.75     
 store_cumulative | 407.77     
-RECORD 10---------------------
 item_sk          | 17         
 d_date           | 2000-06-13 
 web_sales        | null       
 store_sales      | 408.53     
 web_cumulative   | 439.75     
 store_cumulative | 408.53     
-RECORD 11---------------------
 item_sk          | 26         
 d_date           | 2000-01-14 
 web_sales        | 124.68     
 store_sales      | null       
 web_cumulative   | 124.68     
 store_cumulative | 61.34      
-RECORD 12---------------------
 item_sk          | 26         
 d_date           | 2000-01-29 
 web_sales        | null       
 store_sales      | 72.77      
 web_cumulative   | 124.68     
 store_cumulative | 72.77      
-RECORD 13---------------------
 item_sk          | 26         
 d_date           | 2000-02-06 
 web_sales        | 126.41     
 store_sales      | null       
 web_cumulative   | 126.41     
 store_cumulative | 72.77      
-RECORD 14---------------------
 item_sk          | 29         
 d_date           | 2000-02-05 
 web_sales        | 160.79     
 store_sales      | null       
 web_cumulative   | 160.79     
 store_cumulative | 141.46     
-RECORD 15---------------------
 item_sk          | 29         
 d_date           | 2000-02-06 
 web_sales        | 167.35     
 store_sales      | null       
 web_cumulative   | 167.35     
 store_cumulative | 141.46     
-RECORD 16---------------------
 item_sk          | 29         
 d_date           | 2000-02-07 
 web_sales        | 214.40     
 store_sales      | null       
 web_cumulative   | 214.40     
 store_cumulative | 141.46     
-RECORD 17---------------------
 item_sk          | 29         
 d_date           | 2000-02-15 
 web_sales        | null       
 store_sales      | 164.35     
 web_cumulative   | 214.40     
 store_cumulative | 164.35     
-RECORD 18---------------------
 item_sk          | 29         
 d_date           | 2000-02-18 
 web_sales        | null       
 store_sales      | 172.82     
 web_cumulative   | 214.40     
 store_cumulative | 172.82     
-RECORD 19---------------------
 item_sk          | 32         
 d_date           | 2000-01-21 
 web_sales        | 59.48      
 store_sales      | null       
 web_cumulative   | 59.48      
 store_cumulative | 6.20       
-RECORD 20---------------------
 item_sk          | 32         
 d_date           | 2000-01-25 
 web_sales        | null       
 store_sales      | 10.50      
 web_cumulative   | 59.48      
 store_cumulative | 10.50      
-RECORD 21---------------------
 item_sk          | 32         
 d_date           | 2000-02-03 
 web_sales        | null       
 store_sales      | 38.01      
 web_cumulative   | 59.48      
 store_cumulative | 38.01      
-RECORD 22---------------------
 item_sk          | 32         
 d_date           | 2000-02-09 
 web_sales        | 109.67     
 store_sales      | null       
 web_cumulative   | 109.67     
 store_cumulative | 38.01      
-RECORD 23---------------------
 item_sk          | 32         
 d_date           | 2000-02-23 
 web_sales        | null       
 store_sales      | 43.04      
 web_cumulative   | 109.67     
 store_cumulative | 43.04      
-RECORD 24---------------------
 item_sk          | 32         
 d_date           | 2000-02-26 
 web_sales        | null       
 store_sales      | 81.08      
 web_cumulative   | 109.67     
 store_cumulative | 81.08      
-RECORD 25---------------------
 item_sk          | 32         
 d_date           | 2000-03-05 
 web_sales        | null       
 store_sales      | 99.43      
 web_cumulative   | 109.67     
 store_cumulative | 99.43      
-RECORD 26---------------------
 item_sk          | 32         
 d_date           | 2000-03-06 
 web_sales        | null       
 store_sales      | 99.43      
 web_cumulative   | 109.67     
 store_cumulative | 99.43      
-RECORD 27---------------------
 item_sk          | 43         
 d_date           | 2000-04-09 
 web_sales        | 172.09     
 store_sales      | null       
 web_cumulative   | 172.09     
 store_cumulative | 169.55     
-RECORD 28---------------------
 item_sk          | 43         
 d_date           | 2000-04-23 
 web_sales        | 257.19     
 store_sales      | null       
 web_cumulative   | 257.19     
 store_cumulative | 207.76     
-RECORD 29---------------------
 item_sk          | 43         
 d_date           | 2000-04-24 
 web_sales        | 272.83     
 store_sales      | null       
 web_cumulative   | 272.83     
 store_cumulative | 207.76     
-RECORD 30---------------------
 item_sk          | 43         
 d_date           | 2000-05-15 
 web_sales        | null       
 store_sales      | 221.70     
 web_cumulative   | 272.83     
 store_cumulative | 221.70     
-RECORD 31---------------------
 item_sk          | 44         
 d_date           | 2000-01-02 
 web_sales        | 75.87      
 store_sales      | 26.58      
 web_cumulative   | 75.87      
 store_cumulative | 26.58      
-RECORD 32---------------------
 item_sk          | 44         
 d_date           | 2000-01-05 
 web_sales        | 125.14     
 store_sales      | null       
 web_cumulative   | 125.14     
 store_cumulative | 26.58      
-RECORD 33---------------------
 item_sk          | 47         
 d_date           | 2000-02-14 
 web_sales        | 148.00     
 store_sales      | null       
 web_cumulative   | 148.00     
 store_cumulative | 74.22      
-RECORD 34---------------------
 item_sk          | 61         
 d_date           | 2000-01-19 
 web_sales        | 140.35     
 store_sales      | 75.64      
 web_cumulative   | 140.35     
 store_cumulative | 75.64      
-RECORD 35---------------------
 item_sk          | 61         
 d_date           | 2000-01-28 
 web_sales        | 231.75     
 store_sales      | null       
 web_cumulative   | 231.75     
 store_cumulative | 75.64      
-RECORD 36---------------------
 item_sk          | 61         
 d_date           | 2000-02-04 
 web_sales        | null       
 store_sales      | 156.79     
 web_cumulative   | 231.75     
 store_cumulative | 156.79     
-RECORD 37---------------------
 item_sk          | 61         
 d_date           | 2000-02-27 
 web_sales        | null       
 store_sales      | 224.70     
 web_cumulative   | 231.75     
 store_cumulative | 224.70     
-RECORD 38---------------------
 item_sk          | 67         
 d_date           | 2000-01-01 
 web_sales        | 88.63      
 store_sales      | 46.38      
 web_cumulative   | 88.63      
 store_cumulative | 46.38      
-RECORD 39---------------------
 item_sk          | 67         
 d_date           | 2000-01-02 
 web_sales        | null       
 store_sales      | 53.21      
 web_cumulative   | 88.63      
 store_cumulative | 53.21      
-RECORD 40---------------------
 item_sk          | 67         
 d_date           | 2000-01-04 
 web_sales        | 185.14     
 store_sales      | 100.85     
 web_cumulative   | 185.14     
 store_cumulative | 100.85     
-RECORD 41---------------------
 item_sk          | 67         
 d_date           | 2000-01-29 
 web_sales        | 309.98     
 store_sales      | null       
 web_cumulative   | 309.98     
 store_cumulative | 100.85     
-RECORD 42---------------------
 item_sk          | 67         
 d_date           | 2000-02-14 
 web_sales        | null       
 store_sales      | 148.29     
 web_cumulative   | 309.98     
 store_cumulative | 148.29     
-RECORD 43---------------------
 item_sk          | 67         
 d_date           | 2000-02-20 
 web_sales        | null       
 store_sales      | 174.01     
 web_cumulative   | 309.98     
 store_cumulative | 174.01     
-RECORD 44---------------------
 item_sk          | 67         
 d_date           | 2000-03-05 
 web_sales        | null       
 store_sales      | 199.85     
 web_cumulative   | 309.98     
 store_cumulative | 199.85     
-RECORD 45---------------------
 item_sk          | 67         
 d_date           | 2000-03-07 
 web_sales        | null       
 store_sales      | 284.98     
 web_cumulative   | 309.98     
 store_cumulative | 284.98     
-RECORD 46---------------------
 item_sk          | 74         
 d_date           | 2000-01-06 
 web_sales        | 71.82      
 store_sales      | null       
 web_cumulative   | 71.82      
 store_cumulative | 9.01       
-RECORD 47---------------------
 item_sk          | 80         
 d_date           | 2000-03-16 
 web_sales        | null       
 store_sales      | 67.38      
 web_cumulative   | 169.88     
 store_cumulative | 67.38      
-RECORD 48---------------------
 item_sk          | 80         
 d_date           | 2000-04-10 
 web_sales        | null       
 store_sales      | 137.63     
 web_cumulative   | 169.88     
 store_cumulative | 137.63     
-RECORD 49---------------------
 item_sk          | 80         
 d_date           | 2000-07-01 
 web_sales        | 309.57     
 store_sales      | null       
 web_cumulative   | 309.57     
 store_cumulative | 273.52     
-RECORD 50---------------------
 item_sk          | 80         
 d_date           | 2000-07-02 
 web_sales        | 455.94     
 store_sales      | null       
 web_cumulative   | 455.94     
 store_cumulative | 273.52     
-RECORD 51---------------------
 item_sk          | 80         
 d_date           | 2000-07-25 
 web_sales        | null       
 store_sales      | 443.48     
 web_cumulative   | 455.94     
 store_cumulative | 443.48     
-RECORD 52---------------------
 item_sk          | 80         
 d_date           | 2000-08-04 
 web_sales        | null       
 store_sales      | 443.48     
 web_cumulative   | 455.94     
 store_cumulative | 443.48     
-RECORD 53---------------------
 item_sk          | 82         
 d_date           | 2000-01-01 
 web_sales        | 85.75      
 store_sales      | 64.27      
 web_cumulative   | 85.75      
 store_cumulative | 64.27      
-RECORD 54---------------------
 item_sk          | 83         
 d_date           | 2000-01-08 
 web_sales        | 134.96     
 store_sales      | null       
 web_cumulative   | 134.96     
 store_cumulative | 8.10       
-RECORD 55---------------------
 item_sk          | 83         
 d_date           | 2000-02-01 
 web_sales        | null       
 store_sales      | 52.54      
 web_cumulative   | 134.96     
 store_cumulative | 52.54      
-RECORD 56---------------------
 item_sk          | 83         
 d_date           | 2000-02-27 
 web_sales        | null       
 store_sales      | 76.22      
 web_cumulative   | 134.96     
 store_cumulative | 76.22      
-RECORD 57---------------------
 item_sk          | 83         
 d_date           | 2000-03-01 
 web_sales        | null       
 store_sales      | 112.53     
 web_cumulative   | 134.96     
 store_cumulative | 112.53     
-RECORD 58---------------------
 item_sk          | 83         
 d_date           | 2000-03-02 
 web_sales        | 248.36     
 store_sales      | null       
 web_cumulative   | 248.36     
 store_cumulative | 112.53     
-RECORD 59---------------------
 item_sk          | 83         
 d_date           | 2000-03-05 
 web_sales        | null       
 store_sales      | 118.07     
 web_cumulative   | 248.36     
 store_cumulative | 118.07     
-RECORD 60---------------------
 item_sk          | 83         
 d_date           | 2000-03-16 
 web_sales        | 250.29     
 store_sales      | null       
 web_cumulative   | 250.29     
 store_cumulative | 118.07     
-RECORD 61---------------------
 item_sk          | 83         
 d_date           | 2000-03-19 
 web_sales        | null       
 store_sales      | 163.65     
 web_cumulative   | 250.29     
 store_cumulative | 163.65     
-RECORD 62---------------------
 item_sk          | 83         
 d_date           | 2000-04-07 
 web_sales        | 289.65     
 store_sales      | null       
 web_cumulative   | 289.65     
 store_cumulative | 163.65     
-RECORD 63---------------------
 item_sk          | 83         
 d_date           | 2000-04-08 
 web_sales        | null       
 store_sales      | 201.68     
 web_cumulative   | 289.65     
 store_cumulative | 201.68     
-RECORD 64---------------------
 item_sk          | 83         
 d_date           | 2000-04-10 
 web_sales        | 357.89     
 store_sales      | null       
 web_cumulative   | 357.89     
 store_cumulative | 201.68     
-RECORD 65---------------------
 item_sk          | 83         
 d_date           | 2000-04-20 
 web_sales        | 364.69     
 store_sales      | null       
 web_cumulative   | 364.69     
 store_cumulative | 201.68     
-RECORD 66---------------------
 item_sk          | 83         
 d_date           | 2000-04-26 
 web_sales        | 371.15     
 store_sales      | null       
 web_cumulative   | 371.15     
 store_cumulative | 201.68     
-RECORD 67---------------------
 item_sk          | 83         
 d_date           | 2000-05-06 
 web_sales        | null       
 store_sales      | 206.29     
 web_cumulative   | 371.15     
 store_cumulative | 206.29     
-RECORD 68---------------------
 item_sk          | 83         
 d_date           | 2000-05-27 
 web_sales        | null       
 store_sales      | 228.07     
 web_cumulative   | 371.15     
 store_cumulative | 228.07     
-RECORD 69---------------------
 item_sk          | 83         
 d_date           | 2000-06-06 
 web_sales        | 393.25     
 store_sales      | null       
 web_cumulative   | 393.25     
 store_cumulative | 228.07     
-RECORD 70---------------------
 item_sk          | 83         
 d_date           | 2000-06-09 
 web_sales        | null       
 store_sales      | 235.88     
 web_cumulative   | 393.25     
 store_cumulative | 235.88     
-RECORD 71---------------------
 item_sk          | 83         
 d_date           | 2000-06-10 
 web_sales        | null       
 store_sales      | 299.68     
 web_cumulative   | 393.25     
 store_cumulative | 299.68     
-RECORD 72---------------------
 item_sk          | 85         
 d_date           | 2000-01-16 
 web_sales        | 48.36      
 store_sales      | null       
 web_cumulative   | 48.36      
 store_cumulative | 42.45      
-RECORD 73---------------------
 item_sk          | 85         
 d_date           | 2000-01-18 
 web_sales        | null       
 store_sales      | 47.47      
 web_cumulative   | 48.36      
 store_cumulative | 47.47      
-RECORD 74---------------------
 item_sk          | 85         
 d_date           | 2000-02-02 
 web_sales        | 126.73     
 store_sales      | null       
 web_cumulative   | 126.73     
 store_cumulative | 47.47      
-RECORD 75---------------------
 item_sk          | 85         
 d_date           | 2000-04-01 
 web_sales        | null       
 store_sales      | 47.47      
 web_cumulative   | 126.73     
 store_cumulative | 47.47      
-RECORD 76---------------------
 item_sk          | 85         
 d_date           | 2000-04-08 
 web_sales        | null       
 store_sales      | 58.91      
 web_cumulative   | 126.73     
 store_cumulative | 58.91      
-RECORD 77---------------------
 item_sk          | 85         
 d_date           | 2000-04-15 
 web_sales        | null       
 store_sales      | 69.74      
 web_cumulative   | 126.73     
 store_cumulative | 69.74      
-RECORD 78---------------------
 item_sk          | 85         
 d_date           | 2000-05-01 
 web_sales        | null       
 store_sales      | 93.80      
 web_cumulative   | 126.73     
 store_cumulative | 93.80      
-RECORD 79---------------------
 item_sk          | 86         
 d_date           | 2000-01-16 
 web_sales        | null       
 store_sales      | 19.92      
 web_cumulative   | 38.25      
 store_cumulative | 19.92      
-RECORD 80---------------------
 item_sk          | 86         
 d_date           | 2000-01-17 
 web_sales        | null       
 store_sales      | 34.32      
 web_cumulative   | 38.25      
 store_cumulative | 34.32      
-RECORD 81---------------------
 item_sk          | 86         
 d_date           | 2000-05-06 
 web_sales        | 257.78     
 store_sales      | null       
 web_cumulative   | 257.78     
 store_cumulative | 204.60     
-RECORD 82---------------------
 item_sk          | 86         
 d_date           | 2000-05-08 
 web_sales        | null       
 store_sales      | 222.06     
 web_cumulative   | 257.78     
 store_cumulative | 222.06     
-RECORD 83---------------------
 item_sk          | 86         
 d_date           | 2000-05-12 
 web_sales        | null       
 store_sales      | 235.00     
 web_cumulative   | 257.78     
 store_cumulative | 235.00     
-RECORD 84---------------------
 item_sk          | 89         
 d_date           | 2000-02-01 
 web_sales        | 143.30     
 store_sales      | null       
 web_cumulative   | 143.30     
 store_cumulative | 125.19     
-RECORD 85---------------------
 item_sk          | 89         
 d_date           | 2000-02-11 
 web_sales        | 273.46     
 store_sales      | null       
 web_cumulative   | 273.46     
 store_cumulative | 125.19     
-RECORD 86---------------------
 item_sk          | 89         
 d_date           | 2000-03-01 
 web_sales        | null       
 store_sales      | 131.53     
 web_cumulative   | 273.46     
 store_cumulative | 131.53     
-RECORD 87---------------------
 item_sk          | 89         
 d_date           | 2000-03-24 
 web_sales        | null       
 store_sales      | 200.30     
 web_cumulative   | 273.46     
 store_cumulative | 200.30     
-RECORD 88---------------------
 item_sk          | 89         
 d_date           | 2000-04-04 
 web_sales        | null       
 store_sales      | 212.25     
 web_cumulative   | 273.46     
 store_cumulative | 212.25     
-RECORD 89---------------------
 item_sk          | 89         
 d_date           | 2000-04-05 
 web_sales        | null       
 store_sales      | 265.57     
 web_cumulative   | 273.46     
 store_cumulative | 265.57     
-RECORD 90---------------------
 item_sk          | 97         
 d_date           | 2000-01-22 
 web_sales        | 114.93     
 store_sales      | null       
 web_cumulative   | 114.93     
 store_cumulative | 55.81      
-RECORD 91---------------------
 item_sk          | 97         
 d_date           | 2000-01-31 
 web_sales        | null       
 store_sales      | 60.35      
 web_cumulative   | 114.93     
 store_cumulative | 60.35      
-RECORD 92---------------------
 item_sk          | 97         
 d_date           | 2000-03-07 
 web_sales        | 263.86     
 store_sales      | null       
 web_cumulative   | 263.86     
 store_cumulative | 220.68     
-RECORD 93---------------------
 item_sk          | 98         
 d_date           | 2000-02-10 
 web_sales        | null       
 store_sales      | 1.04       
 web_cumulative   | 42.10      
 store_cumulative | 1.04       
-RECORD 94---------------------
 item_sk          | 98         
 d_date           | 2000-02-23 
 web_sales        | 44.27      
 store_sales      | null       
 web_cumulative   | 44.27      
 store_cumulative | 1.04       
-RECORD 95---------------------
 item_sk          | 98         
 d_date           | 2000-02-24 
 web_sales        | 274.58     
 store_sales      | null       
 web_cumulative   | 274.58     
 store_cumulative | 1.04       
-RECORD 96---------------------
 item_sk          | 98         
 d_date           | 2000-02-29 
 web_sales        | 301.60     
 store_sales      | null       
 web_cumulative   | 301.60     
 store_cumulative | 1.04       
-RECORD 97---------------------
 item_sk          | 98         
 d_date           | 2000-03-13 
 web_sales        | 309.78     
 store_sales      | null       
 web_cumulative   | 309.78     
 store_cumulative | 1.04       
-RECORD 98---------------------
 item_sk          | 98         
 d_date           | 2000-03-17 
 web_sales        | 335.79     
 store_sales      | null       
 web_cumulative   | 335.79     
 store_cumulative | 1.04       
-RECORD 99---------------------
 item_sk          | 98         
 d_date           | 2000-03-27 
 web_sales        | null       
 store_sales      | 37.67      
 web_cumulative   | 335.79     
 store_cumulative | 37.67
             