-- Automatically generated by TpcdsQueries
-RECORD 0--------------------------
 d_year    | 2000                  
 brand_id  | 1002002               
 brand     | importoamalg #2       
 ext_price | 98247.74              
-RECORD 1--------------------------
 d_year    | 2000                  
 brand_id  | 4001001               
 brand     | amalgedu pack #1      
 ext_price | 97944.74              
-RECORD 2--------------------------
 d_year    | 2000                  
 brand_id  | 2004002               
 brand     | edu packimporto #2    
 ext_price | 90901.39              
-RECORD 3--------------------------
 d_year    | 2000                  
 brand_id  | 2004001               
 brand     | edu packimporto #1    
 ext_price | 89064.36              
-RECORD 4--------------------------
 d_year    | 2000                  
 brand_id  | 9003003               
 brand     | exportimaxi #3        
 ext_price | 67483.21              
-RECORD 5--------------------------
 d_year    | 2000                  
 brand_id  | 4004002               
 brand     | edu packedu pack #2   
 ext_price | 64713.03              
-RECORD 6--------------------------
 d_year    | 2000                  
 brand_id  | 2002002               
 brand     | importoimporto #2     
 ext_price | 61594.80              
-RECORD 7--------------------------
 d_year    | 2000                  
 brand_id  | 2001001               
 brand     | amalgimporto #1       
 ext_price | 57219.92              
-RECORD 8--------------------------
 d_year    | 2000                  
 brand_id  | 10016008              
 brand     | corpamalgamalg #8     
 ext_price | 56274.63              
-RECORD 9--------------------------
 d_year    | 2000                  
 brand_id  | 3002001               
 brand     | importoexporti #1     
 ext_price | 52756.72              
-RECORD 10-------------------------
 d_year    | 2000                  
 brand_id  | 3004001               
 brand     | edu packexporti #1    
 ext_price | 49336.05              
-RECORD 11-------------------------
 d_year    | 2000                  
 brand_id  | 4003001               
 brand     | exportiedu pack #1    
 ext_price | 47889.60              
-RECORD 12-------------------------
 d_year    | 2000                  
 brand_id  | 1004001               
 brand     | edu packbrand #2      
 ext_price | 46738.09              
-RECORD 13-------------------------
 d_year    | 2000                  
 brand_id  | 3003002               
 brand     | exportiexporti #2     
 ext_price | 46024.13              
-RECORD 14-------------------------
 d_year    | 2000                  
 brand_id  | 3004002               
 brand     | edu packexporti #2    
 ext_price | 42712.09              
-RECORD 15-------------------------
 d_year    | 2000                  
 brand_id  | 6003005               
 brand     | edu packmaxi #6       
 ext_price | 42381.36              
-RECORD 16-------------------------
 d_year    | 2000                  
 brand_id  | 9015011               
 brand     | exportibrand #2       
 ext_price | 41249.43              
-RECORD 17-------------------------
 d_year    | 2000                  
 brand_id  | 5001002               
 brand     | amalgscholar #2       
 ext_price | 40525.36              
-RECORD 18-------------------------
 d_year    | 2000                  
 brand_id  | 9003006               
 brand     | exportimaxi #6        
 ext_price | 40252.87              
-RECORD 19-------------------------
 d_year    | 2000                  
 brand_id  | 0                     
 brand     | null                  
 ext_price | 39507.19              
-RECORD 20-------------------------
 d_year    | 2000                  
 brand_id  | 5002001               
 brand     | importoscholar #1     
 ext_price | 38829.75              
-RECORD 21-------------------------
 d_year    | 2000                  
 brand_id  | 3003001               
 brand     | exportiexporti #1     
 ext_price | 36506.92              
-RECORD 22-------------------------
 d_year    | 2000                  
 brand_id  | 4002001               
 brand     | importoedu pack #1    
 ext_price | 35994.46              
-RECORD 23-------------------------
 d_year    | 2000                  
 brand_id  | 9013003               
 brand     | exportiunivamalg #3   
 ext_price | 35549.32              
-RECORD 24-------------------------
 d_year    | 2000                  
 brand_id  | 6003004               
 brand     | exporticorp #4        
 ext_price | 34314.00              
-RECORD 25-------------------------
 d_year    | 2000                  
 brand_id  | 8010002               
 brand     | univmaxi #2           
 ext_price | 32664.31              
-RECORD 26-------------------------
 d_year    | 2000                  
 brand_id  | 6005004               
 brand     | scholarcorp #4        
 ext_price | 32175.90              
-RECORD 27-------------------------
 d_year    | 2000                  
 brand_id  | 7011006               
 brand     | amalgnameless #6      
 ext_price | 30979.02              
-RECORD 28-------------------------
 d_year    | 2000                  
 brand_id  | 10008016              
 brand     | namelessunivamalg #16 
 ext_price | 30424.25              
-RECORD 29-------------------------
 d_year    | 2000                  
 brand_id  | 10014001              
 brand     | edu packamalgamalg #1 
 ext_price | 30406.55              
-RECORD 30-------------------------
 d_year    | 2000                  
 brand_id  | 5003001               
 brand     | exportischolar #1     
 ext_price | 30278.44              
-RECORD 31-------------------------
 d_year    | 2000                  
 brand_id  | 10003008              
 brand     | exportiunivamalg #8   
 ext_price | 30127.51              
-RECORD 32-------------------------
 d_year    | 2000                  
 brand_id  | 7002002               
 brand     | importobrand #2       
 ext_price | 29602.59              
-RECORD 33-------------------------
 d_year    | 2000                  
 brand_id  | 7005006               
 brand     | scholarbrand #6       
 ext_price | 29319.83              
-RECORD 34-------------------------
 d_year    | 2000                  
 brand_id  | 9012009               
 brand     | importounivamalg #9   
 ext_price | 29204.86              
-RECORD 35-------------------------
 d_year    | 2000                  
 brand_id  | 1001001               
 brand     | importoexporti #2     
 ext_price | 28800.60              
-RECORD 36-------------------------
 d_year    | 2000                  
 brand_id  | 7011010               
 brand     | amalgnameless #10     
 ext_price | 28614.32              
-RECORD 37-------------------------
 d_year    | 2000                  
 brand_id  | 10007004              
 brand     | exportiamalg #2       
 ext_price | 28600.67              
-RECORD 38-------------------------
 d_year    | 2000                  
 brand_id  | 4001002               
 brand     | amalgedu pack #2      
 ext_price | 27963.59              
-RECORD 39-------------------------
 d_year    | 2000                  
 brand_id  | 4002001               
 brand     | edu packscholar #2    
 ext_price | 27934.37              
-RECORD 40-------------------------
 d_year    | 2000                  
 brand_id  | 10016002              
 brand     | corpamalgamalg #2     
 ext_price | 27695.20              
-RECORD 41-------------------------
 d_year    | 2000                  
 brand_id  | 7015008               
 brand     | scholarnameless #8    
 ext_price | 27490.44              
-RECORD 42-------------------------
 d_year    | 2000                  
 brand_id  | 8006010               
 brand     | corpnameless #10      
 ext_price | 27390.35              
-RECORD 43-------------------------
 d_year    | 2000                  
 brand_id  | 6008004               
 brand     | namelesscorp #4       
 ext_price | 27296.01              
-RECORD 44-------------------------
 d_year    | 2000                  
 brand_id  | 5002002               
 brand     | importoscholar #2     
 ext_price | 27037.76              
-RECORD 45-------------------------
 d_year    | 2000                  
 brand_id  | 8003006               
 brand     | exportinameless #6    
 ext_price | 26842.25              
-RECORD 46-------------------------
 d_year    | 2000                  
 brand_id  | 1003001               
 brand     | exportiamalg #1       
 ext_price | 26808.25              
-RECORD 47-------------------------
 d_year    | 2000                  
 brand_id  | 10001007              
 brand     | amalgunivamalg #7     
 ext_price | 26031.20              
-RECORD 48-------------------------
 d_year    | 2000                  
 brand_id  | 6011001               
 brand     | amalgbrand #1         
 ext_price | 25567.26              
-RECORD 49-------------------------
 d_year    | 2000                  
 brand_id  | 1001001               
 brand     | amalgamalg #1         
 ext_price | 25210.15              
-RECORD 50-------------------------
 d_year    | 2000                  
 brand_id  | 8002008               
 brand     | importonameless #8    
 ext_price | 24937.40              
-RECORD 51-------------------------
 d_year    | 2000                  
 brand_id  | 5004002               
 brand     | edu packscholar #2    
 ext_price | 24800.08              
-RECORD 52-------------------------
 d_year    | 2000                  
 brand_id  | 9007003               
 brand     | brandmaxi #3          
 ext_price | 24694.06              
-RECORD 53-------------------------
 d_year    | 2000                  
 brand_id  | 4002002               
 brand     | importoedu pack #2    
 ext_price | 23924.37              
-RECORD 54-------------------------
 d_year    | 2000                  
 brand_id  | 9008003               
 brand     | namelessmaxi #3       
 ext_price | 23871.65              
-RECORD 55-------------------------
 d_year    | 2000                  
 brand_id  | 3001001               
 brand     | amalgexporti #1       
 ext_price | 23023.19              
-RECORD 56-------------------------
 d_year    | 2000                  
 brand_id  | 10009002              
 brand     | maxiunivamalg #2      
 ext_price | 22932.13              
-RECORD 57-------------------------
 d_year    | 2000                  
 brand_id  | 8014006               
 brand     | edu packmaxi #6       
 ext_price | 22164.19              
-RECORD 58-------------------------
 d_year    | 2000                  
 brand_id  | 8008006               
 brand     | namelessnameless #6   
 ext_price | 22159.19              
-RECORD 59-------------------------
 d_year    | 2000                  
 brand_id  | 1002001               
 brand     | importoamalg #1       
 ext_price | 21952.87              
-RECORD 60-------------------------
 d_year    | 2000                  
 brand_id  | 10005002              
 brand     | edu packedu pack #2   
 ext_price | 21623.64              
-RECORD 61-------------------------
 d_year    | 2000                  
 brand_id  | 9016008               
 brand     | corpunivamalg #8      
 ext_price | 21503.39              
-RECORD 62-------------------------
 d_year    | 2000                  
 brand_id  | 8002007               
 brand     | importonameless #7    
 ext_price | 21370.99              
-RECORD 63-------------------------
 d_year    | 2000                  
 brand_id  | 7013002               
 brand     | exportinameless #2    
 ext_price | 21315.92              
-RECORD 64-------------------------
 d_year    | 2000                  
 brand_id  | 5003001               
 brand     | importonameless #6    
 ext_price | 21140.49              
-RECORD 65-------------------------
 d_year    | 2000                  
 brand_id  | 1003002               
 brand     | exportiamalg #2       
 ext_price | 20558.37              
-RECORD 66-------------------------
 d_year    | 2000                  
 brand_id  | 7014009               
 brand     | edu packedu pack #2   
 ext_price | 20518.93              
-RECORD 67-------------------------
 d_year    | 2000                  
 brand_id  | 4003001               
 brand     | corpnameless #4       
 ext_price | 20345.42              
-RECORD 68-------------------------
 d_year    | 2000                  
 brand_id  | 3002001               
 brand     | edu packedu pack #2   
 ext_price | 19948.39              
-RECORD 69-------------------------
 d_year    | 2000                  
 brand_id  | 6015004               
 brand     | scholarbrand #4       
 ext_price | 19806.27              
-RECORD 70-------------------------
 d_year    | 2000                  
 brand_id  | 7015004               
 brand     | scholarnameless #4    
 ext_price | 19805.86              
-RECORD 71-------------------------
 d_year    | 2000                  
 brand_id  | 10005002              
 brand     | exportiimporto #2     
 ext_price | 19553.70              
-RECORD 72-------------------------
 d_year    | 2000                  
 brand_id  | 6005003               
 brand     | amalgbrand #2         
 ext_price | 18383.14              
-RECORD 73-------------------------
 d_year    | 2000                  
 brand_id  | 10013010              
 brand     | exportiamalgamalg #10 
 ext_price | 18349.28              
-RECORD 74-------------------------
 d_year    | 2000                  
 brand_id  | 10010002              
 brand     | exportiexporti #2     
 ext_price | 18338.53              
-RECORD 75-------------------------
 d_year    | 2000                  
 brand_id  | 2002001               
 brand     | amalgimporto #2       
 ext_price | 18298.41              
-RECORD 76-------------------------
 d_year    | 2000                  
 brand_id  | 10009016              
 brand     | maxiunivamalg #16     
 ext_price | 17942.21              
-RECORD 77-------------------------
 d_year    | 2000                  
 brand_id  | 2002001               
 brand     | exportiexporti #2     
 ext_price | 17817.83              
-RECORD 78-------------------------
 d_year    | 2000                  
 brand_id  | 4003002               
 brand     | exportiedu pack #2    
 ext_price | 17709.48              
-RECORD 79-------------------------
 d_year    | 2000                  
 brand_id  | 9004008               
 brand     | edu packmaxi #8       
 ext_price | 17660.51              
-RECORD 80-------------------------
 d_year    | 2000                  
 brand_id  | 7006005               
 brand     | corpbrand #5          
 ext_price | 17628.79              
-RECORD 81-------------------------
 d_year    | 2000                  
 brand_id  | 10013006              
 brand     | exportiamalgamalg #6  
 ext_price | 17579.59              
-RECORD 82-------------------------
 d_year    | 2000                  
 brand_id  | 9002011               
 brand     | brandbrand #6         
 ext_price | 17177.90              
-RECORD 83-------------------------
 d_year    | 2000                  
 brand_id  | 2001001               
 brand     | exportiexporti #2     
 ext_price | 16270.97              
-RECORD 84-------------------------
 d_year    | 2000                  
 brand_id  | 6011003               
 brand     | amalgbrand #3         
 ext_price | 16222.01              
-RECORD 85-------------------------
 d_year    | 2000                  
 brand_id  | 8004002               
 brand     | edu packnameless #2   
 ext_price | 16054.52              
-RECORD 86-------------------------
 d_year    | 2000                  
 brand_id  | 10008008              
 brand     | importoexporti #2     
 ext_price | 15563.77              
-RECORD 87-------------------------
 d_year    | 2000                  
 brand_id  | 6002008               
 brand     | importocorp #8        
 ext_price | 15447.93              
-RECORD 88-------------------------
 d_year    | 2000                  
 brand_id  | 4003001               
 brand     | edu packimporto #2    
 ext_price | 15313.51              
-RECORD 89-------------------------
 d_year    | 2000                  
 brand_id  | 8015004               
 brand     | scholarmaxi #4        
 ext_price | 15299.50              
-RECORD 90-------------------------
 d_year    | 2000                  
 brand_id  | 8010001               
 brand     | univmaxi #1           
 ext_price | 15188.28              
-RECORD 91-------------------------
 d_year    | 2000                  
 brand_id  | 7016008               
 brand     | corpnameless #8       
 ext_price | 15123.33              
-RECORD 92-------------------------
 d_year    | 2000                  
 brand_id  | 6008001               
 brand     | namelesscorp #1       
 ext_price | 15096.05              
-RECORD 93-------------------------
 d_year    | 2000                  
 brand_id  | 7009003               
 brand     | maxibrand #3          
 ext_price | 15073.42              
-RECORD 94-------------------------
 d_year    | 2000                  
 brand_id  | 7015007               
 brand     | scholarnameless #7    
 ext_price | 14934.32              
-RECORD 95-------------------------
 d_year    | 2000                  
 brand_id  | 1001002               
 brand     | amalgamalg #2         
 ext_price | 14264.80              
-RECORD 96-------------------------
 d_year    | 2000                  
 brand_id  | 7010005               
 brand     | univnameless #5       
 ext_price | 14247.64              
-RECORD 97-------------------------
 d_year    | 2000                  
 brand_id  | 9005002               
 brand     | scholarmaxi #2        
 ext_price | 14062.39              
-RECORD 98-------------------------
 d_year    | 2000                  
 brand_id  | 7012008               
 brand     | importonameless #8    
 ext_price | 14043.20              
-RECORD 99-------------------------
 d_year    | 2000                  
 brand_id  | 9010002               
 brand     | univunivamalg #2      
 ext_price | 13922.13
             