-- Automatically generated by TpcdsQueries
-RECORD 0-------------------------
 i_manufact_id       | 132        
 sum_sales           | 119.11     
 avg_quarterly_sales | 258.580000 
-RECORD 1-------------------------
 i_manufact_id       | 132        
 sum_sales           | 222.31     
 avg_quarterly_sales | 258.580000 
-RECORD 2-------------------------
 i_manufact_id       | 132        
 sum_sales           | 342.09     
 avg_quarterly_sales | 258.580000 
-RECORD 3-------------------------
 i_manufact_id       | 132        
 sum_sales           | 350.81     
 avg_quarterly_sales | 258.580000 
-RECORD 4-------------------------
 i_manufact_id       | 612        
 sum_sales           | 77.21      
 avg_quarterly_sales | 301.970000 
-RECORD 5-------------------------
 i_manufact_id       | 612        
 sum_sales           | 174.17     
 avg_quarterly_sales | 301.970000 
-RECORD 6-------------------------
 i_manufact_id       | 612        
 sum_sales           | 248.75     
 avg_quarterly_sales | 301.970000 
-RECORD 7-------------------------
 i_manufact_id       | 612        
 sum_sales           | 707.75     
 avg_quarterly_sales | 301.970000 
-RECORD 8-------------------------
 i_manufact_id       | 650        
 sum_sales           | 240.94     
 avg_quarterly_sales | 329.890000 
-RECORD 9-------------------------
 i_manufact_id       | 650        
 sum_sales           | 451.30     
 avg_quarterly_sales | 329.890000 
-RECORD 10------------------------
 i_manufact_id       | 483        
 sum_sales           | 175.17     
 avg_quarterly_sales | 341.280000 
-RECORD 11------------------------
 i_manufact_id       | 483        
 sum_sales           | 284.63     
 avg_quarterly_sales | 341.280000 
-RECORD 12------------------------
 i_manufact_id       | 483        
 sum_sales           | 379.24     
 avg_quarterly_sales | 341.280000 
-RECORD 13------------------------
 i_manufact_id       | 483        
 sum_sales           | 526.08     
 avg_quarterly_sales | 341.280000 
-RECORD 14------------------------
 i_manufact_id       | 39         
 sum_sales           | 83.05      
 avg_quarterly_sales | 347.250000 
-RECORD 15------------------------
 i_manufact_id       | 39         
 sum_sales           | 201.75     
 avg_quarterly_sales | 347.250000 
-RECORD 16------------------------
 i_manufact_id       | 39         
 sum_sales           | 249.20     
 avg_quarterly_sales | 347.250000 
-RECORD 17------------------------
 i_manufact_id       | 39         
 sum_sales           | 855.00     
 avg_quarterly_sales | 347.250000 
-RECORD 18------------------------
 i_manufact_id       | 659        
 sum_sales           | 270.05     
 avg_quarterly_sales | 357.907500 
-RECORD 19------------------------
 i_manufact_id       | 659        
 sum_sales           | 301.12     
 avg_quarterly_sales | 357.907500 
-RECORD 20------------------------
 i_manufact_id       | 659        
 sum_sales           | 521.64     
 avg_quarterly_sales | 357.907500 
-RECORD 21------------------------
 i_manufact_id       | 487        
 sum_sales           | 194.22     
 avg_quarterly_sales | 363.632500 
-RECORD 22------------------------
 i_manufact_id       | 487        
 sum_sales           | 213.65     
 avg_quarterly_sales | 363.632500 
-RECORD 23------------------------
 i_manufact_id       | 487        
 sum_sales           | 489.98     
 avg_quarterly_sales | 363.632500 
-RECORD 24------------------------
 i_manufact_id       | 487        
 sum_sales           | 556.68     
 avg_quarterly_sales | 363.632500 
-RECORD 25------------------------
 i_manufact_id       | 423        
 sum_sales           | 156.29     
 avg_quarterly_sales | 372.700000 
-RECORD 26------------------------
 i_manufact_id       | 423        
 sum_sales           | 323.98     
 avg_quarterly_sales | 372.700000 
-RECORD 27------------------------
 i_manufact_id       | 423        
 sum_sales           | 607.23     
 avg_quarterly_sales | 372.700000 
-RECORD 28------------------------
 i_manufact_id       | 872        
 sum_sales           | 117.67     
 avg_quarterly_sales | 375.220000 
-RECORD 29------------------------
 i_manufact_id       | 872        
 sum_sales           | 118.10     
 avg_quarterly_sales | 375.220000 
-RECORD 30------------------------
 i_manufact_id       | 872        
 sum_sales           | 880.58     
 avg_quarterly_sales | 375.220000 
-RECORD 31------------------------
 i_manufact_id       | 556        
 sum_sales           | 245.39     
 avg_quarterly_sales | 386.777500 
-RECORD 32------------------------
 i_manufact_id       | 556        
 sum_sales           | 311.12     
 avg_quarterly_sales | 386.777500 
-RECORD 33------------------------
 i_manufact_id       | 556        
 sum_sales           | 446.09     
 avg_quarterly_sales | 386.777500 
-RECORD 34------------------------
 i_manufact_id       | 556        
 sum_sales           | 544.51     
 avg_quarterly_sales | 386.777500 
-RECORD 35------------------------
 i_manufact_id       | 179        
 sum_sales           | 308.69     
 avg_quarterly_sales | 388.540000 
-RECORD 36------------------------
 i_manufact_id       | 179        
 sum_sales           | 438.91     
 avg_quarterly_sales | 388.540000 
-RECORD 37------------------------
 i_manufact_id       | 274        
 sum_sales           | 40.68      
 avg_quarterly_sales | 390.370000 
-RECORD 38------------------------
 i_manufact_id       | 274        
 sum_sales           | 140.57     
 avg_quarterly_sales | 390.370000 
-RECORD 39------------------------
 i_manufact_id       | 274        
 sum_sales           | 283.26     
 avg_quarterly_sales | 390.370000 
-RECORD 40------------------------
 i_manufact_id       | 274        
 sum_sales           | 1096.97    
 avg_quarterly_sales | 390.370000 
-RECORD 41------------------------
 i_manufact_id       | 551        
 sum_sales           | 154.35     
 avg_quarterly_sales | 397.355000 
-RECORD 42------------------------
 i_manufact_id       | 551        
 sum_sales           | 327.31     
 avg_quarterly_sales | 397.355000 
-RECORD 43------------------------
 i_manufact_id       | 551        
 sum_sales           | 696.52     
 avg_quarterly_sales | 397.355000 
-RECORD 44------------------------
 i_manufact_id       | 67         
 sum_sales           | 271.97     
 avg_quarterly_sales | 397.382500 
-RECORD 45------------------------
 i_manufact_id       | 67         
 sum_sales           | 305.28     
 avg_quarterly_sales | 397.382500 
-RECORD 46------------------------
 i_manufact_id       | 67         
 sum_sales           | 621.24     
 avg_quarterly_sales | 397.382500 
-RECORD 47------------------------
 i_manufact_id       | 53         
 sum_sales           | 110.01     
 avg_quarterly_sales | 397.517500 
-RECORD 48------------------------
 i_manufact_id       | 53         
 sum_sales           | 250.03     
 avg_quarterly_sales | 397.517500 
-RECORD 49------------------------
 i_manufact_id       | 53         
 sum_sales           | 468.76     
 avg_quarterly_sales | 397.517500 
-RECORD 50------------------------
 i_manufact_id       | 53         
 sum_sales           | 761.27     
 avg_quarterly_sales | 397.517500 
-RECORD 51------------------------
 i_manufact_id       | 172        
 sum_sales           | 154.34     
 avg_quarterly_sales | 398.030000 
-RECORD 52------------------------
 i_manufact_id       | 172        
 sum_sales           | 347.87     
 avg_quarterly_sales | 398.030000 
-RECORD 53------------------------
 i_manufact_id       | 172        
 sum_sales           | 439.68     
 avg_quarterly_sales | 398.030000 
-RECORD 54------------------------
 i_manufact_id       | 172        
 sum_sales           | 650.23     
 avg_quarterly_sales | 398.030000 
-RECORD 55------------------------
 i_manufact_id       | 915        
 sum_sales           | 210.94     
 avg_quarterly_sales | 403.120000 
-RECORD 56------------------------
 i_manufact_id       | 915        
 sum_sales           | 359.81     
 avg_quarterly_sales | 403.120000 
-RECORD 57------------------------
 i_manufact_id       | 915        
 sum_sales           | 678.57     
 avg_quarterly_sales | 403.120000 
-RECORD 58------------------------
 i_manufact_id       | 350        
 sum_sales           | 30.44      
 avg_quarterly_sales | 407.737500 
-RECORD 59------------------------
 i_manufact_id       | 350        
 sum_sales           | 328.11     
 avg_quarterly_sales | 407.737500 
-RECORD 60------------------------
 i_manufact_id       | 350        
 sum_sales           | 339.56     
 avg_quarterly_sales | 407.737500 
-RECORD 61------------------------
 i_manufact_id       | 350        
 sum_sales           | 932.84     
 avg_quarterly_sales | 407.737500 
-RECORD 62------------------------
 i_manufact_id       | 203        
 sum_sales           | 164.68     
 avg_quarterly_sales | 408.595000 
-RECORD 63------------------------
 i_manufact_id       | 203        
 sum_sales           | 305.41     
 avg_quarterly_sales | 408.595000 
-RECORD 64------------------------
 i_manufact_id       | 203        
 sum_sales           | 735.85     
 avg_quarterly_sales | 408.595000 
-RECORD 65------------------------
 i_manufact_id       | 2          
 sum_sales           | 239.50     
 avg_quarterly_sales | 408.602500 
-RECORD 66------------------------
 i_manufact_id       | 2          
 sum_sales           | 289.78     
 avg_quarterly_sales | 408.602500 
-RECORD 67------------------------
 i_manufact_id       | 2          
 sum_sales           | 696.25     
 avg_quarterly_sales | 408.602500 
-RECORD 68------------------------
 i_manufact_id       | 687        
 sum_sales           | 70.08      
 avg_quarterly_sales | 410.057500 
-RECORD 69------------------------
 i_manufact_id       | 687        
 sum_sales           | 80.72      
 avg_quarterly_sales | 410.057500 
-RECORD 70------------------------
 i_manufact_id       | 687        
 sum_sales           | 368.29     
 avg_quarterly_sales | 410.057500 
-RECORD 71------------------------
 i_manufact_id       | 687        
 sum_sales           | 1121.14    
 avg_quarterly_sales | 410.057500 
-RECORD 72------------------------
 i_manufact_id       | 113        
 sum_sales           | 76.68      
 avg_quarterly_sales | 414.170000 
-RECORD 73------------------------
 i_manufact_id       | 113        
 sum_sales           | 268.47     
 avg_quarterly_sales | 414.170000 
-RECORD 74------------------------
 i_manufact_id       | 113        
 sum_sales           | 531.42     
 avg_quarterly_sales | 414.170000 
-RECORD 75------------------------
 i_manufact_id       | 113        
 sum_sales           | 780.11     
 avg_quarterly_sales | 414.170000 
-RECORD 76------------------------
 i_manufact_id       | 161        
 sum_sales           | 224.11     
 avg_quarterly_sales | 416.682500 
-RECORD 77------------------------
 i_manufact_id       | 161        
 sum_sales           | 298.25     
 avg_quarterly_sales | 416.682500 
-RECORD 78------------------------
 i_manufact_id       | 161        
 sum_sales           | 480.46     
 avg_quarterly_sales | 416.682500 
-RECORD 79------------------------
 i_manufact_id       | 161        
 sum_sales           | 663.91     
 avg_quarterly_sales | 416.682500 
-RECORD 80------------------------
 i_manufact_id       | 233        
 sum_sales           | 284.33     
 avg_quarterly_sales | 421.205000 
-RECORD 81------------------------
 i_manufact_id       | 233        
 sum_sales           | 320.60     
 avg_quarterly_sales | 421.205000 
-RECORD 82------------------------
 i_manufact_id       | 233        
 sum_sales           | 322.01     
 avg_quarterly_sales | 421.205000 
-RECORD 83------------------------
 i_manufact_id       | 233        
 sum_sales           | 757.88     
 avg_quarterly_sales | 421.205000 
-RECORD 84------------------------
 i_manufact_id       | 743        
 sum_sales           | 173.26     
 avg_quarterly_sales | 430.360000 
-RECORD 85------------------------
 i_manufact_id       | 743        
 sum_sales           | 198.59     
 avg_quarterly_sales | 430.360000 
-RECORD 86------------------------
 i_manufact_id       | 743        
 sum_sales           | 565.04     
 avg_quarterly_sales | 430.360000 
-RECORD 87------------------------
 i_manufact_id       | 743        
 sum_sales           | 784.55     
 avg_quarterly_sales | 430.360000 
-RECORD 88------------------------
 i_manufact_id       | 581        
 sum_sales           | 51.95      
 avg_quarterly_sales | 432.642500 
-RECORD 89------------------------
 i_manufact_id       | 581        
 sum_sales           | 247.90     
 avg_quarterly_sales | 432.642500 
-RECORD 90------------------------
 i_manufact_id       | 581        
 sum_sales           | 509.07     
 avg_quarterly_sales | 432.642500 
-RECORD 91------------------------
 i_manufact_id       | 581        
 sum_sales           | 921.65     
 avg_quarterly_sales | 432.642500 
-RECORD 92------------------------
 i_manufact_id       | 107        
 sum_sales           | 254.35     
 avg_quarterly_sales | 434.100000 
-RECORD 93------------------------
 i_manufact_id       | 107        
 sum_sales           | 348.41     
 avg_quarterly_sales | 434.100000 
-RECORD 94------------------------
 i_manufact_id       | 107        
 sum_sales           | 388.70     
 avg_quarterly_sales | 434.100000 
-RECORD 95------------------------
 i_manufact_id       | 107        
 sum_sales           | 744.94     
 avg_quarterly_sales | 434.100000 
-RECORD 96------------------------
 i_manufact_id       | 359        
 sum_sales           | 163.98     
 avg_quarterly_sales | 436.225000 
-RECORD 97------------------------
 i_manufact_id       | 359        
 sum_sales           | 215.17     
 avg_quarterly_sales | 436.225000 
-RECORD 98------------------------
 i_manufact_id       | 359        
 sum_sales           | 379.98     
 avg_quarterly_sales | 436.225000 
-RECORD 99------------------------
 i_manufact_id       | 359        
 sum_sales           | 985.77     
 avg_quarterly_sales | 436.225000
             