-- Automatically generated by TpcdsQueries
-RECORD 0---------------------------
 brand_id  | 4002001                
 brand     | importoedu pack #1     
 ext_price | 141955.03              
-RECORD 1---------------------------
 brand_id  | 2001001                
 brand     | amalgimporto #1        
 ext_price | 115066.00              
-RECORD 2---------------------------
 brand_id  | 2003001                
 brand     | exportiimporto #1      
 ext_price | 96597.01               
-RECORD 3---------------------------
 brand_id  | 5003002                
 brand     | exportischolar #2      
 ext_price | 93316.15               
-RECORD 4---------------------------
 brand_id  | 1002001                
 brand     | importoamalg #1        
 ext_price | 85318.86               
-RECORD 5---------------------------
 brand_id  | 2002001                
 brand     | importoimporto #1      
 ext_price | 85035.18               
-RECORD 6---------------------------
 brand_id  | 3003001                
 brand     | exportiexporti #1      
 ext_price | 80017.81               
-RECORD 7---------------------------
 brand_id  | 2004001                
 brand     | edu packimporto #1     
 ext_price | 68604.08               
-RECORD 8---------------------------
 brand_id  | 9001008                
 brand     | amalgmaxi #8           
 ext_price | 60900.34               
-RECORD 9---------------------------
 brand_id  | 4004001                
 brand     | edu packedu pack #1    
 ext_price | 58815.34               
-RECORD 10--------------------------
 brand_id  | 4003002                
 brand     | exportiedu pack #2     
 ext_price | 56587.37               
-RECORD 11--------------------------
 brand_id  | 6012003                
 brand     | importobrand #3        
 ext_price | 55151.38               
-RECORD 12--------------------------
 brand_id  | 1001002                
 brand     | amalgamalg #2          
 ext_price | 54471.07               
-RECORD 13--------------------------
 brand_id  | 3004001                
 brand     | edu packexporti #1     
 ext_price | 54057.61               
-RECORD 14--------------------------
 brand_id  | 3001001                
 brand     | amalgexporti #1        
 ext_price | 52690.20               
-RECORD 15--------------------------
 brand_id  | 4003001                
 brand     | exportiedu pack #1     
 ext_price | 51021.71               
-RECORD 16--------------------------
 brand_id  | 5002002                
 brand     | importoscholar #2      
 ext_price | 46601.52               
-RECORD 17--------------------------
 brand_id  | 8002007                
 brand     | importonameless #7     
 ext_price | 45983.92               
-RECORD 18--------------------------
 brand_id  | 6016003                
 brand     | corpbrand #3           
 ext_price | 44911.30               
-RECORD 19--------------------------
 brand_id  | 1003001                
 brand     | exportiamalg #1        
 ext_price | 44127.51               
-RECORD 20--------------------------
 brand_id  | 6014003                
 brand     | edu packbrand #3       
 ext_price | 41310.31               
-RECORD 21--------------------------
 brand_id  | 7014009                
 brand     | edu packnameless #9    
 ext_price | 40891.96               
-RECORD 22--------------------------
 brand_id  | 7008004                
 brand     | namelessbrand #4       
 ext_price | 36589.35               
-RECORD 23--------------------------
 brand_id  | 10001016               
 brand     | amalgunivamalg #16     
 ext_price | 36270.01               
-RECORD 24--------------------------
 brand_id  | 6016004                
 brand     | corpbrand #4           
 ext_price | 36208.64               
-RECORD 25--------------------------
 brand_id  | 9013011                
 brand     | exportiunivamalg #11   
 ext_price | 35794.13               
-RECORD 26--------------------------
 brand_id  | 1003002                
 brand     | exportiamalg #2        
 ext_price | 35113.55               
-RECORD 27--------------------------
 brand_id  | 1004002                
 brand     | edu packamalg #2       
 ext_price | 34667.61               
-RECORD 28--------------------------
 brand_id  | 7016005                
 brand     | corpnameless #5        
 ext_price | 33397.41               
-RECORD 29--------------------------
 brand_id  | 7014005                
 brand     | edu packnameless #5    
 ext_price | 33313.92               
-RECORD 30--------------------------
 brand_id  | 7012010                
 brand     | importonameless #10    
 ext_price | 32862.88               
-RECORD 31--------------------------
 brand_id  | 7012001                
 brand     | importonameless #1     
 ext_price | 32815.12               
-RECORD 32--------------------------
 brand_id  | 6001007                
 brand     | amalgcorp #7           
 ext_price | 31948.28               
-RECORD 33--------------------------
 brand_id  | 3002001                
 brand     | importoexporti #1      
 ext_price | 31518.29               
-RECORD 34--------------------------
 brand_id  | 8015001                
 brand     | scholarmaxi #1         
 ext_price | 31235.19               
-RECORD 35--------------------------
 brand_id  | 10012006               
 brand     | importoamalgamalg #6   
 ext_price | 31123.11               
-RECORD 36--------------------------
 brand_id  | 6004004                
 brand     | edu packcorp #4        
 ext_price | 29839.27               
-RECORD 37--------------------------
 brand_id  | 10009008               
 brand     | maxiunivamalg #8       
 ext_price | 29180.04               
-RECORD 38--------------------------
 brand_id  | 5004001                
 brand     | edu packscholar #1     
 ext_price | 28912.61               
-RECORD 39--------------------------
 brand_id  | 9006011                
 brand     | corpmaxi #11           
 ext_price | 26493.45               
-RECORD 40--------------------------
 brand_id  | 8014004                
 brand     | edu packmaxi #4        
 ext_price | 26228.69               
-RECORD 41--------------------------
 brand_id  | 9012008                
 brand     | importounivamalg #8    
 ext_price | 25354.49               
-RECORD 42--------------------------
 brand_id  | 8015003                
 brand     | scholarmaxi #3         
 ext_price | 23994.34               
-RECORD 43--------------------------
 brand_id  | 7013009                
 brand     | exportinameless #9     
 ext_price | 23887.30               
-RECORD 44--------------------------
 brand_id  | 2004002                
 brand     | edu packimporto #2     
 ext_price | 23778.49               
-RECORD 45--------------------------
 brand_id  | 6005005                
 brand     | scholarcorp #5         
 ext_price | 23243.88               
-RECORD 46--------------------------
 brand_id  | 5001001                
 brand     | amalgscholar #1        
 ext_price | 23043.20               
-RECORD 47--------------------------
 brand_id  | 8009007                
 brand     | maxinameless #7        
 ext_price | 22910.03               
-RECORD 48--------------------------
 brand_id  | 8004009                
 brand     | edu packnameless #9    
 ext_price | 22679.38               
-RECORD 49--------------------------
 brand_id  | 9016002                
 brand     | corpunivamalg #2       
 ext_price | 21881.94               
-RECORD 50--------------------------
 brand_id  | 8003001                
 brand     | exportinameless #1     
 ext_price | 21655.96               
-RECORD 51--------------------------
 brand_id  | 8004004                
 brand     | edu packnameless #4    
 ext_price | 20920.43               
-RECORD 52--------------------------
 brand_id  | 10010007               
 brand     | univamalgamalg #7      
 ext_price | 20530.11               
-RECORD 53--------------------------
 brand_id  | 8007004                
 brand     | brandnameless #4       
 ext_price | 19973.79               
-RECORD 54--------------------------
 brand_id  | 9015005                
 brand     | scholarunivamalg #5    
 ext_price | 19929.31               
-RECORD 55--------------------------
 brand_id  | 6004002                
 brand     | edu packcorp #2        
 ext_price | 19890.20               
-RECORD 56--------------------------
 brand_id  | 10004005               
 brand     | edu packunivamalg #5   
 ext_price | 19819.04               
-RECORD 57--------------------------
 brand_id  | 9014008                
 brand     | edu packunivamalg #8   
 ext_price | 19700.99               
-RECORD 58--------------------------
 brand_id  | 5003001                
 brand     | exportischolar #1      
 ext_price | 19595.76               
-RECORD 59--------------------------
 brand_id  | 7007006                
 brand     | brandbrand #6          
 ext_price | 19541.72               
-RECORD 60--------------------------
 brand_id  | 8009001                
 brand     | maxinameless #1        
 ext_price | 19474.02               
-RECORD 61--------------------------
 brand_id  | 2002002                
 brand     | importoimporto #2      
 ext_price | 19249.25               
-RECORD 62--------------------------
 brand_id  | 8003002                
 brand     | exportinameless #2     
 ext_price | 18931.96               
-RECORD 63--------------------------
 brand_id  | 9016011                
 brand     | corpunivamalg #11      
 ext_price | 18840.83               
-RECORD 64--------------------------
 brand_id  | 10012011               
 brand     | importoamalgamalg #11  
 ext_price | 18632.17               
-RECORD 65--------------------------
 brand_id  | 9004005                
 brand     | edu packmaxi #5        
 ext_price | 17997.32               
-RECORD 66--------------------------
 brand_id  | 7003003                
 brand     | exportibrand #3        
 ext_price | 16699.26               
-RECORD 67--------------------------
 brand_id  | 9011011                
 brand     | amalgunivamalg #11     
 ext_price | 16656.62               
-RECORD 68--------------------------
 brand_id  | 10008002               
 brand     | namelessunivamalg #2   
 ext_price | 16609.49               
-RECORD 69--------------------------
 brand_id  | 10016015               
 brand     | corpamalgamalg #15     
 ext_price | 16397.21               
-RECORD 70--------------------------
 brand_id  | 8008001                
 brand     | namelessnameless #1    
 ext_price | 15538.37               
-RECORD 71--------------------------
 brand_id  | 6004007                
 brand     | edu packcorp #7        
 ext_price | 15474.56               
-RECORD 72--------------------------
 brand_id  | 7006001                
 brand     | corpbrand #1           
 ext_price | 15365.31               
-RECORD 73--------------------------
 brand_id  | 6010003                
 brand     | univbrand #3           
 ext_price | 15337.21               
-RECORD 74--------------------------
 brand_id  | 1001001                
 brand     | amalgamalg #1          
 ext_price | 14813.15               
-RECORD 75--------------------------
 brand_id  | 9012003                
 brand     | importounivamalg #3    
 ext_price | 14033.76               
-RECORD 76--------------------------
 brand_id  | 8015008                
 brand     | scholarmaxi #8         
 ext_price | 13408.30               
-RECORD 77--------------------------
 brand_id  | 6002005                
 brand     | importocorp #5         
 ext_price | 13393.21               
-RECORD 78--------------------------
 brand_id  | 7010009                
 brand     | univnameless #9        
 ext_price | 13359.47               
-RECORD 79--------------------------
 brand_id  | 10010002               
 brand     | univamalgamalg #2      
 ext_price | 13288.24               
-RECORD 80--------------------------
 brand_id  | 8014003                
 brand     | edu packmaxi #3        
 ext_price | 13137.78               
-RECORD 81--------------------------
 brand_id  | 10001009               
 brand     | amalgunivamalg #9      
 ext_price | 12326.55               
-RECORD 82--------------------------
 brand_id  | 5001002                
 brand     | amalgscholar #2        
 ext_price | 12319.21               
-RECORD 83--------------------------
 brand_id  | 5002001                
 brand     | importoscholar #1      
 ext_price | 12023.80               
-RECORD 84--------------------------
 brand_id  | 8005010                
 brand     | scholarnameless #10    
 ext_price | 12017.53               
-RECORD 85--------------------------
 brand_id  | 6008005                
 brand     | namelesscorp #5        
 ext_price | 11908.45               
-RECORD 86--------------------------
 brand_id  | 3001002                
 brand     | amalgexporti #2        
 ext_price | 11679.83               
-RECORD 87--------------------------
 brand_id  | 10008006               
 brand     | namelessunivamalg #6   
 ext_price | 11503.15               
-RECORD 88--------------------------
 brand_id  | 10014009               
 brand     | edu packamalgamalg #9  
 ext_price | 11462.45               
-RECORD 89--------------------------
 brand_id  | 10007017               
 brand     | brandunivamalg #17     
 ext_price | 11188.38               
-RECORD 90--------------------------
 brand_id  | 7002004                
 brand     | importobrand #4        
 ext_price | 10699.51               
-RECORD 91--------------------------
 brand_id  | 7001006                
 brand     | amalgbrand #6          
 ext_price | 10166.47               
-RECORD 92--------------------------
 brand_id  | 10004009               
 brand     | edu packunivamalg #9   
 ext_price | 9913.46                
-RECORD 93--------------------------
 brand_id  | 10002011               
 brand     | importounivamalg #11   
 ext_price | 9828.64                
-RECORD 94--------------------------
 brand_id  | 3003002                
 brand     | exportiexporti #2      
 ext_price | 9521.40                
-RECORD 95--------------------------
 brand_id  | 10014017               
 brand     | edu packamalgamalg #17 
 ext_price | 9150.09                
-RECORD 96--------------------------
 brand_id  | 6002003                
 brand     | importocorp #3         
 ext_price | 8810.78                
-RECORD 97--------------------------
 brand_id  | 6001005                
 brand     | amalgcorp #5           
 ext_price | 8582.71                
-RECORD 98--------------------------
 brand_id  | 4001001                
 brand     | amalgedu pack #1       
 ext_price | 8362.72                
-RECORD 99--------------------------
 brand_id  | 8004002                
 brand     | edu packnameless #2    
 ext_price | 8010.27
             