-- Automatically generated by TpcdsQueries
-RECORD 0-----------------------
 i_item_id   | AAAAAAAANMMDAAAA 
 total_sales | null             
-RECORD 1-----------------------
 i_item_id   | AAAAAAAAIMPDAAAA 
 total_sales | 0.00             
-RECORD 2-----------------------
 i_item_id   | AAAAAAAAEGJBAAAA 
 total_sales | 0.59             
-RECORD 3-----------------------
 i_item_id   | AAAAAAAAOGIDAAAA 
 total_sales | 3.92             
-RECORD 4-----------------------
 i_item_id   | AAAAAAAAFLGAAAAA 
 total_sales | 17.01            
-RECORD 5-----------------------
 i_item_id   | AAAAAAAAGPEEAAAA 
 total_sales | 21.60            
-RECORD 6-----------------------
 i_item_id   | AAAAAAAACJCDAAAA 
 total_sales | 27.30            
-RECORD 7-----------------------
 i_item_id   | AAAAAAAAAAEDAAAA 
 total_sales | 38.88            
-RECORD 8-----------------------
 i_item_id   | AAAAAAAACPBEAAAA 
 total_sales | 46.20            
-RECORD 9-----------------------
 i_item_id   | AAAAAAAAMGKBAAAA 
 total_sales | 50.79            
-RECORD 10----------------------
 i_item_id   | AAAAAAAACLHAAAAA 
 total_sales | 58.52            
-RECORD 11----------------------
 i_item_id   | AAAAAAAAKJOBAAAA 
 total_sales | 74.48            
-RECORD 12----------------------
 i_item_id   | AAAAAAAAGMEDAAAA 
 total_sales | 78.90            
-RECORD 13----------------------
 i_item_id   | AAAAAAAADGCCAAAA 
 total_sales | 84.81            
-RECORD 14----------------------
 i_item_id   | AAAAAAAALLDAAAAA 
 total_sales | 95.60            
-RECORD 15----------------------
 i_item_id   | AAAAAAAAONEDAAAA 
 total_sales | 100.91           
-RECORD 16----------------------
 i_item_id   | AAAAAAAAAKMAAAAA 
 total_sales | 102.75           
-RECORD 17----------------------
 i_item_id   | AAAAAAAAIJIAAAAA 
 total_sales | 103.53           
-RECORD 18----------------------
 i_item_id   | AAAAAAAAMLFDAAAA 
 total_sales | 112.10           
-RECORD 19----------------------
 i_item_id   | AAAAAAAAHDDAAAAA 
 total_sales | 113.62           
-RECORD 20----------------------
 i_item_id   | AAAAAAAAPBMDAAAA 
 total_sales | 117.80           
-RECORD 21----------------------
 i_item_id   | AAAAAAAAPFCDAAAA 
 total_sales | 119.56           
-RECORD 22----------------------
 i_item_id   | AAAAAAAALICBAAAA 
 total_sales | 119.68           
-RECORD 23----------------------
 i_item_id   | AAAAAAAAKAJAAAAA 
 total_sales | 126.21           
-RECORD 24----------------------
 i_item_id   | AAAAAAAAOIAAAAAA 
 total_sales | 127.82           
-RECORD 25----------------------
 i_item_id   | AAAAAAAAABDEAAAA 
 total_sales | 145.52           
-RECORD 26----------------------
 i_item_id   | AAAAAAAAOCKDAAAA 
 total_sales | 149.00           
-RECORD 27----------------------
 i_item_id   | AAAAAAAAEMECAAAA 
 total_sales | 154.20           
-RECORD 28----------------------
 i_item_id   | AAAAAAAAGOLDAAAA 
 total_sales | 172.12           
-RECORD 29----------------------
 i_item_id   | AAAAAAAAAGLDAAAA 
 total_sales | 173.46           
-RECORD 30----------------------
 i_item_id   | AAAAAAAAGBGEAAAA 
 total_sales | 178.20           
-RECORD 31----------------------
 i_item_id   | AAAAAAAAKOBDAAAA 
 total_sales | 183.60           
-RECORD 32----------------------
 i_item_id   | AAAAAAAAEGGDAAAA 
 total_sales | 187.32           
-RECORD 33----------------------
 i_item_id   | AAAAAAAAHDKCAAAA 
 total_sales | 227.76           
-RECORD 34----------------------
 i_item_id   | AAAAAAAAFDBEAAAA 
 total_sales | 236.91           
-RECORD 35----------------------
 i_item_id   | AAAAAAAAEICCAAAA 
 total_sales | 241.28           
-RECORD 36----------------------
 i_item_id   | AAAAAAAAAKAAAAAA 
 total_sales | 250.16           
-RECORD 37----------------------
 i_item_id   | AAAAAAAAOMBEAAAA 
 total_sales | 310.90           
-RECORD 38----------------------
 i_item_id   | AAAAAAAAANHCAAAA 
 total_sales | 320.32           
-RECORD 39----------------------
 i_item_id   | AAAAAAAAIJGAAAAA 
 total_sales | 336.00           
-RECORD 40----------------------
 i_item_id   | AAAAAAAAAFAAAAAA 
 total_sales | 336.28           
-RECORD 41----------------------
 i_item_id   | AAAAAAAAKFGBAAAA 
 total_sales | 380.37           
-RECORD 42----------------------
 i_item_id   | AAAAAAAAEACCAAAA 
 total_sales | 389.75           
-RECORD 43----------------------
 i_item_id   | AAAAAAAAIOMAAAAA 
 total_sales | 418.92           
-RECORD 44----------------------
 i_item_id   | AAAAAAAAEKODAAAA 
 total_sales | 448.26           
-RECORD 45----------------------
 i_item_id   | AAAAAAAAENDAAAAA 
 total_sales | 456.30           
-RECORD 46----------------------
 i_item_id   | AAAAAAAAAJGBAAAA 
 total_sales | 457.68           
-RECORD 47----------------------
 i_item_id   | AAAAAAAAIBEAAAAA 
 total_sales | 466.74           
-RECORD 48----------------------
 i_item_id   | AAAAAAAAOMEEAAAA 
 total_sales | 469.80           
-RECORD 49----------------------
 i_item_id   | AAAAAAAAMDIDAAAA 
 total_sales | 501.28           
-RECORD 50----------------------
 i_item_id   | AAAAAAAAPANDAAAA 
 total_sales | 519.27           
-RECORD 51----------------------
 i_item_id   | AAAAAAAAKKECAAAA 
 total_sales | 523.27           
-RECORD 52----------------------
 i_item_id   | AAAAAAAAKPABAAAA 
 total_sales | 564.00           
-RECORD 53----------------------
 i_item_id   | AAAAAAAABHMCAAAA 
 total_sales | 566.58           
-RECORD 54----------------------
 i_item_id   | AAAAAAAAGMGBAAAA 
 total_sales | 584.56           
-RECORD 55----------------------
 i_item_id   | AAAAAAAAGKNCAAAA 
 total_sales | 614.00           
-RECORD 56----------------------
 i_item_id   | AAAAAAAAGELBAAAA 
 total_sales | 625.04           
-RECORD 57----------------------
 i_item_id   | AAAAAAAAKGGDAAAA 
 total_sales | 642.63           
-RECORD 58----------------------
 i_item_id   | AAAAAAAAFLPAAAAA 
 total_sales | 680.48           
-RECORD 59----------------------
 i_item_id   | AAAAAAAAGJODAAAA 
 total_sales | 698.32           
-RECORD 60----------------------
 i_item_id   | AAAAAAAAIBDBAAAA 
 total_sales | 702.93           
-RECORD 61----------------------
 i_item_id   | AAAAAAAAGAFAAAAA 
 total_sales | 733.20           
-RECORD 62----------------------
 i_item_id   | AAAAAAAAMPEEAAAA 
 total_sales | 760.16           
-RECORD 63----------------------
 i_item_id   | AAAAAAAAMDFCAAAA 
 total_sales | 776.72           
-RECORD 64----------------------
 i_item_id   | AAAAAAAANPFEAAAA 
 total_sales | 778.00           
-RECORD 65----------------------
 i_item_id   | AAAAAAAAMHEAAAAA 
 total_sales | 778.27           
-RECORD 66----------------------
 i_item_id   | AAAAAAAAOHLDAAAA 
 total_sales | 801.88           
-RECORD 67----------------------
 i_item_id   | AAAAAAAAGIJDAAAA 
 total_sales | 815.74           
-RECORD 68----------------------
 i_item_id   | AAAAAAAAICOCAAAA 
 total_sales | 817.74           
-RECORD 69----------------------
 i_item_id   | AAAAAAAAAICAAAAA 
 total_sales | 823.35           
-RECORD 70----------------------
 i_item_id   | AAAAAAAAKCNAAAAA 
 total_sales | 833.31           
-RECORD 71----------------------
 i_item_id   | AAAAAAAACDGAAAAA 
 total_sales | 836.90           
-RECORD 72----------------------
 i_item_id   | AAAAAAAAAAKDAAAA 
 total_sales | 850.07           
-RECORD 73----------------------
 i_item_id   | AAAAAAAAFOJAAAAA 
 total_sales | 859.28           
-RECORD 74----------------------
 i_item_id   | AAAAAAAAMNLCAAAA 
 total_sales | 865.29           
-RECORD 75----------------------
 i_item_id   | AAAAAAAAOINCAAAA 
 total_sales | 865.60           
-RECORD 76----------------------
 i_item_id   | AAAAAAAAKGOBAAAA 
 total_sales | 875.20           
-RECORD 77----------------------
 i_item_id   | AAAAAAAAOFKAAAAA 
 total_sales | 882.60           
-RECORD 78----------------------
 i_item_id   | AAAAAAAAIGMCAAAA 
 total_sales | 886.89           
-RECORD 79----------------------
 i_item_id   | AAAAAAAAIIOBAAAA 
 total_sales | 892.05           
-RECORD 80----------------------
 i_item_id   | AAAAAAAAGOBBAAAA 
 total_sales | 909.74           
-RECORD 81----------------------
 i_item_id   | AAAAAAAAPNNCAAAA 
 total_sales | 981.72           
-RECORD 82----------------------
 i_item_id   | AAAAAAAAKPAAAAAA 
 total_sales | 1006.11          
-RECORD 83----------------------
 i_item_id   | AAAAAAAANDBCAAAA 
 total_sales | 1028.34          
-RECORD 84----------------------
 i_item_id   | AAAAAAAAABCCAAAA 
 total_sales | 1051.08          
-RECORD 85----------------------
 i_item_id   | AAAAAAAACJCEAAAA 
 total_sales | 1055.78          
-RECORD 86----------------------
 i_item_id   | AAAAAAAACEPCAAAA 
 total_sales | 1064.00          
-RECORD 87----------------------
 i_item_id   | AAAAAAAACGFEAAAA 
 total_sales | 1067.78          
-RECORD 88----------------------
 i_item_id   | AAAAAAAAMOIAAAAA 
 total_sales | 1073.80          
-RECORD 89----------------------
 i_item_id   | AAAAAAAAMIFDAAAA 
 total_sales | 1104.17          
-RECORD 90----------------------
 i_item_id   | AAAAAAAAAOHBAAAA 
 total_sales | 1104.40          
-RECORD 91----------------------
 i_item_id   | AAAAAAAAMGJBAAAA 
 total_sales | 1124.12          
-RECORD 92----------------------
 i_item_id   | AAAAAAAAAEFCAAAA 
 total_sales | 1134.68          
-RECORD 93----------------------
 i_item_id   | AAAAAAAAAJIDAAAA 
 total_sales | 1153.92          
-RECORD 94----------------------
 i_item_id   | AAAAAAAAFEKDAAAA 
 total_sales | 1156.54          
-RECORD 95----------------------
 i_item_id   | AAAAAAAAGIBEAAAA 
 total_sales | 1165.02          
-RECORD 96----------------------
 i_item_id   | AAAAAAAAKLBBAAAA 
 total_sales | 1181.93          
-RECORD 97----------------------
 i_item_id   | AAAAAAAAOBBAAAAA 
 total_sales | 1183.08          
-RECORD 98----------------------
 i_item_id   | AAAAAAAABEEEAAAA 
 total_sales | 1190.91          
-RECORD 99----------------------
 i_item_id   | AAAAAAAADHJAAAAA 
 total_sales | 1202.11
             