-- Automatically generated by TpcdsQueries
-RECORD 0-----
 state | VT   
 cnt   | 10   
-RECORD 1-----
 state | NH   
 cnt   | 11   
-RECORD 2-----
 state | MA   
 cnt   | 11   
-RECORD 3-----
 state | NJ   
 cnt   | 14   
-RECORD 4-----
 state | OR   
 cnt   | 16   
-RECORD 5-----
 state | WY   
 cnt   | 16   
-RECORD 6-----
 state | NV   
 cnt   | 16   
-RECORD 7-----
 state | AK   
 cnt   | 20   
-RECORD 8-----
 state | ME   
 cnt   | 22   
-RECORD 9-----
 state | MD   
 cnt   | 26   
-RECORD 10----
 state | WA   
 cnt   | 29   
-RECORD 11----
 state | ID   
 cnt   | 31   
-RECORD 12----
 state | NM   
 cnt   | 31   
-RECORD 13----
 state | UT   
 cnt   | 36   
-RECORD 14----
 state | ND   
 cnt   | 38   
-RECORD 15----
 state | SC   
 cnt   | 41   
-RECORD 16----
 state | SD   
 cnt   | 43   
-RECORD 17----
 state | WV   
 cnt   | 44   
-RECORD 18----
 state | CA   
 cnt   | 52   
-RECORD 19----
 state | FL   
 cnt   | 53   
-RECORD 20----
 state | LA   
 cnt   | 56   
-RECORD 21----
 state | PA   
 cnt   | 57   
-RECORD 22----
 state | NY   
 cnt   | 59   
-RECORD 23----
 state | WI   
 cnt   | 61   
-RECORD 24----
 state | CO   
 cnt   | 61   
-RECORD 25----
 state | AR   
 cnt   | 61   
-RECORD 26----
 state | MT   
 cnt   | 66   
-RECORD 27----
 state | MS   
 cnt   | 68   
-RECORD 28----
 state | OK   
 cnt   | 68   
-RECORD 29----
 state | MN   
 cnt   | 71   
-RECORD 30----
 state | OH   
 cnt   | 75   
-RECORD 31----
 state | MO   
 cnt   | 79   
-RECORD 32----
 state | IL   
 cnt   | 80   
-RECORD 33----
 state | NC   
 cnt   | 81   
-RECORD 34----
 state | AL   
 cnt   | 81   
-RECORD 35----
 state | IA   
 cnt   | 82   
-RECORD 36----
 state | MI   
 cnt   | 84   
-RECORD 37----
 state | NE   
 cnt   | 86   
-RECORD 38----
 state | KS   
 cnt   | 86   
-RECORD 39----
 state | null 
 cnt   | 88   
-RECORD 40----
 state | IN   
 cnt   | 94   
-RECORD 41----
 state | TN   
 cnt   | 108  
-RECORD 42----
 state | KY   
 cnt   | 110  
-RECORD 43----
 state | VA   
 cnt   | 128  
-RECORD 44----
 state | GA   
 cnt   | 138  
-RECORD 45----
 state | TX   
 cnt   | 250
             