-- Automatically generated by TpcdsQueries
-RECORD 0-----------------------
 i_item_id   | AAAAAAAAAABAAAAA 
 total_sales | 6334.66          
-RECORD 1-----------------------
 i_item_id   | AAAAAAAAAACCAAAA 
 total_sales | 5389.16          
-RECORD 2-----------------------
 i_item_id   | AAAAAAAAAADBAAAA 
 total_sales | 11655.98         
-RECORD 3-----------------------
 i_item_id   | AAAAAAAAAAHAAAAA 
 total_sales | 5388.00          
-RECORD 4-----------------------
 i_item_id   | AAAAAAAAAAHDAAAA 
 total_sales | 12685.87         
-RECORD 5-----------------------
 i_item_id   | AAAAAAAAAAIAAAAA 
 total_sales | 8916.30          
-RECORD 6-----------------------
 i_item_id   | AAAAAAAAAAKBAAAA 
 total_sales | 2140.04          
-RECORD 7-----------------------
 i_item_id   | AAAAAAAAAAMBAAAA 
 total_sales | 22048.17         
-RECORD 8-----------------------
 i_item_id   | AAAAAAAAAAPBAAAA 
 total_sales | 13195.87         
-RECORD 9-----------------------
 i_item_id   | AAAAAAAAABAEAAAA 
 total_sales | 1071.67          
-RECORD 10----------------------
 i_item_id   | AAAAAAAAABBCAAAA 
 total_sales | 7064.02          
-RECORD 11----------------------
 i_item_id   | AAAAAAAAABEAAAAA 
 total_sales | 13239.06         
-RECORD 12----------------------
 i_item_id   | AAAAAAAAABFBAAAA 
 total_sales | 1877.72          
-RECORD 13----------------------
 i_item_id   | AAAAAAAAABFEAAAA 
 total_sales | 699.95           
-RECORD 14----------------------
 i_item_id   | AAAAAAAAABGAAAAA 
 total_sales | 8169.00          
-RECORD 15----------------------
 i_item_id   | AAAAAAAAABJAAAAA 
 total_sales | 10752.87         
-RECORD 16----------------------
 i_item_id   | AAAAAAAAABLBAAAA 
 total_sales | 5962.43          
-RECORD 17----------------------
 i_item_id   | AAAAAAAAABLCAAAA 
 total_sales | 18131.46         
-RECORD 18----------------------
 i_item_id   | AAAAAAAAABMBAAAA 
 total_sales | 12049.00         
-RECORD 19----------------------
 i_item_id   | AAAAAAAAABMDAAAA 
 total_sales | 18947.93         
-RECORD 20----------------------
 i_item_id   | AAAAAAAAABNDAAAA 
 total_sales | 8479.29          
-RECORD 21----------------------
 i_item_id   | AAAAAAAAACDCAAAA 
 total_sales | 13466.87         
-RECORD 22----------------------
 i_item_id   | AAAAAAAAACEEAAAA 
 total_sales | 7634.65          
-RECORD 23----------------------
 i_item_id   | AAAAAAAAACJCAAAA 
 total_sales | 51774.63         
-RECORD 24----------------------
 i_item_id   | AAAAAAAAACKBAAAA 
 total_sales | 18766.24         
-RECORD 25----------------------
 i_item_id   | AAAAAAAAACLBAAAA 
 total_sales | 16002.89         
-RECORD 26----------------------
 i_item_id   | AAAAAAAAACLDAAAA 
 total_sales | 12302.68         
-RECORD 27----------------------
 i_item_id   | AAAAAAAAACOBAAAA 
 total_sales | 2707.13          
-RECORD 28----------------------
 i_item_id   | AAAAAAAAADABAAAA 
 total_sales | 6234.38          
-RECORD 29----------------------
 i_item_id   | AAAAAAAAADBDAAAA 
 total_sales | 27724.30         
-RECORD 30----------------------
 i_item_id   | AAAAAAAAADEAAAAA 
 total_sales | 2867.87          
-RECORD 31----------------------
 i_item_id   | AAAAAAAAADFAAAAA 
 total_sales | 10667.94         
-RECORD 32----------------------
 i_item_id   | AAAAAAAAADFDAAAA 
 total_sales | 9051.70          
-RECORD 33----------------------
 i_item_id   | AAAAAAAAADGBAAAA 
 total_sales | 6502.68          
-RECORD 34----------------------
 i_item_id   | AAAAAAAAADGCAAAA 
 total_sales | 1174.33          
-RECORD 35----------------------
 i_item_id   | AAAAAAAAADHDAAAA 
 total_sales | 18882.96         
-RECORD 36----------------------
 i_item_id   | AAAAAAAAADNBAAAA 
 total_sales | 11526.41         
-RECORD 37----------------------
 i_item_id   | AAAAAAAAADPBAAAA 
 total_sales | 1026.20          
-RECORD 38----------------------
 i_item_id   | AAAAAAAAAEADAAAA 
 total_sales | 3582.21          
-RECORD 39----------------------
 i_item_id   | AAAAAAAAAECBAAAA 
 total_sales | 12360.25         
-RECORD 40----------------------
 i_item_id   | AAAAAAAAAECCAAAA 
 total_sales | 20954.85         
-RECORD 41----------------------
 i_item_id   | AAAAAAAAAEDAAAAA 
 total_sales | 8537.71          
-RECORD 42----------------------
 i_item_id   | AAAAAAAAAEECAAAA 
 total_sales | 10513.50         
-RECORD 43----------------------
 i_item_id   | AAAAAAAAAEEDAAAA 
 total_sales | 2561.17          
-RECORD 44----------------------
 i_item_id   | AAAAAAAAAEGAAAAA 
 total_sales | 7836.96          
-RECORD 45----------------------
 i_item_id   | AAAAAAAAAEGDAAAA 
 total_sales | 638.36           
-RECORD 46----------------------
 i_item_id   | AAAAAAAAAEJBAAAA 
 total_sales | 11429.14         
-RECORD 47----------------------
 i_item_id   | AAAAAAAAAELBAAAA 
 total_sales | 6543.86          
-RECORD 48----------------------
 i_item_id   | AAAAAAAAAEMDAAAA 
 total_sales | 13797.32         
-RECORD 49----------------------
 i_item_id   | AAAAAAAAAEOBAAAA 
 total_sales | 6699.66          
-RECORD 50----------------------
 i_item_id   | AAAAAAAAAFAAAAAA 
 total_sales | 1979.04          
-RECORD 51----------------------
 i_item_id   | AAAAAAAAAFCBAAAA 
 total_sales | 6157.90          
-RECORD 52----------------------
 i_item_id   | AAAAAAAAAFDAAAAA 
 total_sales | 14494.27         
-RECORD 53----------------------
 i_item_id   | AAAAAAAAAFEBAAAA 
 total_sales | 11552.54         
-RECORD 54----------------------
 i_item_id   | AAAAAAAAAFGAAAAA 
 total_sales | 13218.28         
-RECORD 55----------------------
 i_item_id   | AAAAAAAAAFGCAAAA 
 total_sales | 10293.39         
-RECORD 56----------------------
 i_item_id   | AAAAAAAAAFGDAAAA 
 total_sales | 6078.36          
-RECORD 57----------------------
 i_item_id   | AAAAAAAAAFJDAAAA 
 total_sales | 21440.62         
-RECORD 58----------------------
 i_item_id   | AAAAAAAAAFLBAAAA 
 total_sales | 11714.63         
-RECORD 59----------------------
 i_item_id   | AAAAAAAAAFNCAAAA 
 total_sales | 17910.15         
-RECORD 60----------------------
 i_item_id   | AAAAAAAAAGACAAAA 
 total_sales | 12212.53         
-RECORD 61----------------------
 i_item_id   | AAAAAAAAAGAEAAAA 
 total_sales | 17187.86         
-RECORD 62----------------------
 i_item_id   | AAAAAAAAAGBAAAAA 
 total_sales | 2753.50          
-RECORD 63----------------------
 i_item_id   | AAAAAAAAAGDBAAAA 
 total_sales | 5244.60          
-RECORD 64----------------------
 i_item_id   | AAAAAAAAAGDEAAAA 
 total_sales | 466.32           
-RECORD 65----------------------
 i_item_id   | AAAAAAAAAGEAAAAA 
 total_sales | 2030.78          
-RECORD 66----------------------
 i_item_id   | AAAAAAAAAGEBAAAA 
 total_sales | 673.70           
-RECORD 67----------------------
 i_item_id   | AAAAAAAAAGEDAAAA 
 total_sales | 4861.80          
-RECORD 68----------------------
 i_item_id   | AAAAAAAAAGIAAAAA 
 total_sales | 20717.88         
-RECORD 69----------------------
 i_item_id   | AAAAAAAAAGKAAAAA 
 total_sales | 4481.54          
-RECORD 70----------------------
 i_item_id   | AAAAAAAAAGLAAAAA 
 total_sales | 259.22           
-RECORD 71----------------------
 i_item_id   | AAAAAAAAAGNDAAAA 
 total_sales | 9371.85          
-RECORD 72----------------------
 i_item_id   | AAAAAAAAAGOAAAAA 
 total_sales | 12624.61         
-RECORD 73----------------------
 i_item_id   | AAAAAAAAAGODAAAA 
 total_sales | 15071.99         
-RECORD 74----------------------
 i_item_id   | AAAAAAAAAHBDAAAA 
 total_sales | 6674.73          
-RECORD 75----------------------
 i_item_id   | AAAAAAAAAHCCAAAA 
 total_sales | 4327.67          
-RECORD 76----------------------
 i_item_id   | AAAAAAAAAHECAAAA 
 total_sales | 13309.93         
-RECORD 77----------------------
 i_item_id   | AAAAAAAAAHGAAAAA 
 total_sales | 8277.89          
-RECORD 78----------------------
 i_item_id   | AAAAAAAAAHIBAAAA 
 total_sales | 6574.61          
-RECORD 79----------------------
 i_item_id   | AAAAAAAAAHICAAAA 
 total_sales | 4810.18          
-RECORD 80----------------------
 i_item_id   | AAAAAAAAAHJDAAAA 
 total_sales | 9151.90          
-RECORD 81----------------------
 i_item_id   | AAAAAAAAAHKAAAAA 
 total_sales | 424.72           
-RECORD 82----------------------
 i_item_id   | AAAAAAAAAHKCAAAA 
 total_sales | 23702.30         
-RECORD 83----------------------
 i_item_id   | AAAAAAAAAHKDAAAA 
 total_sales | 8747.48          
-RECORD 84----------------------
 i_item_id   | AAAAAAAAAHMBAAAA 
 total_sales | 17707.03         
-RECORD 85----------------------
 i_item_id   | AAAAAAAAAHMDAAAA 
 total_sales | 5608.89          
-RECORD 86----------------------
 i_item_id   | AAAAAAAAAHNAAAAA 
 total_sales | 9929.30          
-RECORD 87----------------------
 i_item_id   | AAAAAAAAAHOCAAAA 
 total_sales | 21257.55         
-RECORD 88----------------------
 i_item_id   | AAAAAAAAAIAAAAAA 
 total_sales | 36659.16         
-RECORD 89----------------------
 i_item_id   | AAAAAAAAAICEAAAA 
 total_sales | 23564.63         
-RECORD 90----------------------
 i_item_id   | AAAAAAAAAIDCAAAA 
 total_sales | 7648.02          
-RECORD 91----------------------
 i_item_id   | AAAAAAAAAIEBAAAA 
 total_sales | 6151.13          
-RECORD 92----------------------
 i_item_id   | AAAAAAAAAIEEAAAA 
 total_sales | 1406.98          
-RECORD 93----------------------
 i_item_id   | AAAAAAAAAIFBAAAA 
 total_sales | 2088.56          
-RECORD 94----------------------
 i_item_id   | AAAAAAAAAIGAAAAA 
 total_sales | 2468.08          
-RECORD 95----------------------
 i_item_id   | AAAAAAAAAIGCAAAA 
 total_sales | 1834.76          
-RECORD 96----------------------
 i_item_id   | AAAAAAAAAIGDAAAA 
 total_sales | 558.00           
-RECORD 97----------------------
 i_item_id   | AAAAAAAAAIIBAAAA 
 total_sales | 5422.03          
-RECORD 98----------------------
 i_item_id   | AAAAAAAAAILDAAAA 
 total_sales | 4833.43          
-RECORD 99----------------------
 i_item_id   | AAAAAAAAAIOAAAAA 
 total_sales | 8317.81
             