-- Automatically generated by TpcdsQueries
-RECORD 0---------------------------------------------
 substring(w_warehouse_name, 1, 20) | Just good amou  
 sm_type                            | EXPRESS         
 web_name                           | site_0          
 30 days                            | 270             
 31 - 60 days                       | 248             
 61 - 90 days                       | 280             
 91 - 120 days                      | 287             
 >120 days                          | 0               
-RECORD 1---------------------------------------------
 substring(w_warehouse_name, 1, 20) | Just good amou  
 sm_type                            | EXPRESS         
 web_name                           | site_1          
 30 days                            | 290             
 31 - 60 days                       | 327             
 61 - 90 days                       | 288             
 91 - 120 days                      | 262             
 >120 days                          | 0               
-RECORD 2---------------------------------------------
 substring(w_warehouse_name, 1, 20) | Just good amou  
 sm_type                            | EXPRESS         
 web_name                           | site_2          
 30 days                            | 314             
 31 - 60 days                       | 295             
 61 - 90 days                       | 311             
 91 - 120 days                      | 299             
 >120 days                          | 0               
-RECORD 3---------------------------------------------
 substring(w_warehouse_name, 1, 20) | Just good amou  
 sm_type                            | EXPRESS         
 web_name                           | site_3          
 30 days                            | 309             
 31 - 60 days                       | 300             
 61 - 90 days                       | 299             
 91 - 120 days                      | 267             
 >120 days                          | 0               
-RECORD 4---------------------------------------------
 substring(w_warehouse_name, 1, 20) | Just good amou  
 sm_type                            | EXPRESS         
 web_name                           | site_4          
 30 days                            | 224             
 31 - 60 days                       | 250             
 61 - 90 days                       | 297             
 91 - 120 days                      | 273             
 >120 days                          | 0               
-RECORD 5---------------------------------------------
 substring(w_warehouse_name, 1, 20) | Just good amou  
 sm_type                            | LIBRARY         
 web_name                           | site_0          
 30 days                            | 217             
 31 - 60 days                       | 192             
 61 - 90 days                       | 210             
 91 - 120 days                      | 225             
 >120 days                          | 0               
-RECORD 6---------------------------------------------
 substring(w_warehouse_name, 1, 20) | Just good amou  
 sm_type                            | LIBRARY         
 web_name                           | site_1          
 30 days                            | 163             
 31 - 60 days                       | 207             
 61 - 90 days                       | 172             
 91 - 120 days                      | 205             
 >120 days                          | 0               
-RECORD 7---------------------------------------------
 substring(w_warehouse_name, 1, 20) | Just good amou  
 sm_type                            | LIBRARY         
 web_name                           | site_2          
 30 days                            | 176             
 31 - 60 days                       | 204             
 61 - 90 days                       | 208             
 91 - 120 days                      | 190             
 >120 days                          | 0               
-RECORD 8---------------------------------------------
 substring(w_warehouse_name, 1, 20) | Just good amou  
 sm_type                            | LIBRARY         
 web_name                           | site_3          
 30 days                            | 222             
 31 - 60 days                       | 220             
 61 - 90 days                       | 240             
 91 - 120 days                      | 240             
 >120 days                          | 0               
-RECORD 9---------------------------------------------
 substring(w_warehouse_name, 1, 20) | Just good amou  
 sm_type                            | LIBRARY         
 web_name                           | site_4          
 30 days                            | 254             
 31 - 60 days                       | 230             
 61 - 90 days                       | 241             
 91 - 120 days                      | 263             
 >120 days                          | 0               
-RECORD 10--------------------------------------------
 substring(w_warehouse_name, 1, 20) | Just good amou  
 sm_type                            | NEXT DAY        
 web_name                           | site_0          
 30 days                            | 311             
 31 - 60 days                       | 275             
 61 - 90 days                       | 303             
 91 - 120 days                      | 291             
 >120 days                          | 0               
-RECORD 11--------------------------------------------
 substring(w_warehouse_name, 1, 20) | Just good amou  
 sm_type                            | NEXT DAY        
 web_name                           | site_1          
 30 days                            | 291             
 31 - 60 days                       | 307             
 61 - 90 days                       | 284             
 91 - 120 days                      | 289             
 >120 days                          | 0               
-RECORD 12--------------------------------------------
 substring(w_warehouse_name, 1, 20) | Just good amou  
 sm_type                            | NEXT DAY        
 web_name                           | site_2          
 30 days                            | 275             
 31 - 60 days                       | 299             
 61 - 90 days                       | 323             
 91 - 120 days                      | 279             
 >120 days                          | 0               
-RECORD 13--------------------------------------------
 substring(w_warehouse_name, 1, 20) | Just good amou  
 sm_type                            | NEXT DAY        
 web_name                           | site_3          
 30 days                            | 260             
 31 - 60 days                       | 290             
 61 - 90 days                       | 242             
 91 - 120 days                      | 248             
 >120 days                          | 0               
-RECORD 14--------------------------------------------
 substring(w_warehouse_name, 1, 20) | Just good amou  
 sm_type                            | NEXT DAY        
 web_name                           | site_4          
 30 days                            | 233             
 31 - 60 days                       | 285             
 61 - 90 days                       | 271             
 91 - 120 days                      | 281             
 >120 days                          | 0               
-RECORD 15--------------------------------------------
 substring(w_warehouse_name, 1, 20) | Just good amou  
 sm_type                            | OVERNIGHT       
 web_name                           | site_0          
 30 days                            | 242             
 31 - 60 days                       | 262             
 61 - 90 days                       | 221             
 91 - 120 days                      | 248             
 >120 days                          | 0               
-RECORD 16--------------------------------------------
 substring(w_warehouse_name, 1, 20) | Just good amou  
 sm_type                            | OVERNIGHT       
 web_name                           | site_1          
 30 days                            | 251             
 31 - 60 days                       | 245             
 61 - 90 days                       | 249             
 91 - 120 days                      | 233             
 >120 days                          | 0               
-RECORD 17--------------------------------------------
 substring(w_warehouse_name, 1, 20) | Just good amou  
 sm_type                            | OVERNIGHT       
 web_name                           | site_2          
 30 days                            | 198             
 31 - 60 days                       | 226             
 61 - 90 days                       | 209             
 91 - 120 days                      | 204             
 >120 days                          | 0               
-RECORD 18--------------------------------------------
 substring(w_warehouse_name, 1, 20) | Just good amou  
 sm_type                            | OVERNIGHT       
 web_name                           | site_3          
 30 days                            | 168             
 31 - 60 days                       | 199             
 61 - 90 days                       | 184             
 91 - 120 days                      | 175             
 >120 days                          | 0               
-RECORD 19--------------------------------------------
 substring(w_warehouse_name, 1, 20) | Just good amou  
 sm_type                            | OVERNIGHT       
 web_name                           | site_4          
 30 days                            | 237             
 31 - 60 days                       | 231             
 61 - 90 days                       | 193             
 91 - 120 days                      | 207             
 >120 days                          | 0               
-RECORD 20--------------------------------------------
 substring(w_warehouse_name, 1, 20) | Just good amou  
 sm_type                            | REGULAR         
 web_name                           | site_0          
 30 days                            | 140             
 31 - 60 days                       | 236             
 61 - 90 days                       | 154             
 91 - 120 days                      | 190             
 >120 days                          | 0               
-RECORD 21--------------------------------------------
 substring(w_warehouse_name, 1, 20) | Just good amou  
 sm_type                            | REGULAR         
 web_name                           | site_1          
 30 days                            | 189             
 31 - 60 days                       | 190             
 61 - 90 days                       | 205             
 91 - 120 days                      | 194             
 >120 days                          | 0               
-RECORD 22--------------------------------------------
 substring(w_warehouse_name, 1, 20) | Just good amou  
 sm_type                            | REGULAR         
 web_name                           | site_2          
 30 days                            | 234             
 31 - 60 days                       | 251             
 61 - 90 days                       | 264             
 91 - 120 days                      | 235             
 >120 days                          | 0               
-RECORD 23--------------------------------------------
 substring(w_warehouse_name, 1, 20) | Just good amou  
 sm_type                            | REGULAR         
 web_name                           | site_3          
 30 days                            | 229             
 31 - 60 days                       | 251             
 61 - 90 days                       | 244             
 91 - 120 days                      | 243             
 >120 days                          | 0               
-RECORD 24--------------------------------------------
 substring(w_warehouse_name, 1, 20) | Just good amou  
 sm_type                            | REGULAR         
 web_name                           | site_4          
 30 days                            | 198             
 31 - 60 days                       | 209             
 61 - 90 days                       | 188             
 91 - 120 days                      | 216             
 >120 days                          | 0               
-RECORD 25--------------------------------------------
 substring(w_warehouse_name, 1, 20) | Just good amou  
 sm_type                            | TWO DAY         
 web_name                           | site_0          
 30 days                            | 256             
 31 - 60 days                       | 258             
 61 - 90 days                       | 218             
 91 - 120 days                      | 235             
 >120 days                          | 0               
-RECORD 26--------------------------------------------
 substring(w_warehouse_name, 1, 20) | Just good amou  
 sm_type                            | TWO DAY         
 web_name                           | site_1          
 30 days                            | 217             
 31 - 60 days                       | 226             
 61 - 90 days                       | 195             
 91 - 120 days                      | 198             
 >120 days                          | 0               
-RECORD 27--------------------------------------------
 substring(w_warehouse_name, 1, 20) | Just good amou  
 sm_type                            | TWO DAY         
 web_name                           | site_2          
 30 days                            | 176             
 31 - 60 days                       | 151             
 61 - 90 days                       | 186             
 91 - 120 days                      | 202             
 >120 days                          | 0               
-RECORD 28--------------------------------------------
 substring(w_warehouse_name, 1, 20) | Just good amou  
 sm_type                            | TWO DAY         
 web_name                           | site_3          
 30 days                            | 221             
 31 - 60 days                       | 225             
 61 - 90 days                       | 236             
 91 - 120 days                      | 190             
 >120 days                          | 0               
-RECORD 29--------------------------------------------
 substring(w_warehouse_name, 1, 20) | Just good amou  
 sm_type                            | TWO DAY         
 web_name                           | site_4          
 30 days                            | 239             
 31 - 60 days                       | 240             
 61 - 90 days                       | 219             
 91 - 120 days                      | 252             
 >120 days                          | 0               
-RECORD 30--------------------------------------------
 substring(w_warehouse_name, 1, 20) | Matches produce 
 sm_type                            | EXPRESS         
 web_name                           | site_0          
 30 days                            | 330             
 31 - 60 days                       | 277             
 61 - 90 days                       | 239             
 91 - 120 days                      | 314             
 >120 days                          | 0               
-RECORD 31--------------------------------------------
 substring(w_warehouse_name, 1, 20) | Matches produce 
 sm_type                            | EXPRESS         
 web_name                           | site_1          
 30 days                            | 296             
 31 - 60 days                       | 336             
 61 - 90 days                       | 288             
 91 - 120 days                      | 307             
 >120 days                          | 0               
-RECORD 32--------------------------------------------
 substring(w_warehouse_name, 1, 20) | Matches produce 
 sm_type                            | EXPRESS         
 web_name                           | site_2          
 30 days                            | 262             
 31 - 60 days                       | 307             
 61 - 90 days                       | 273             
 91 - 120 days                      | 305             
 >120 days                          | 0               
-RECORD 33--------------------------------------------
 substring(w_warehouse_name, 1, 20) | Matches produce 
 sm_type                            | EXPRESS         
 web_name                           | site_3          
 30 days                            | 284             
 31 - 60 days                       | 253             
 61 - 90 days                       | 253             
 91 - 120 days                      | 256             
 >120 days                          | 0               
-RECORD 34--------------------------------------------
 substring(w_warehouse_name, 1, 20) | Matches produce 
 sm_type                            | EXPRESS         
 web_name                           | site_4          
 30 days                            | 260             
 31 - 60 days                       | 309             
 61 - 90 days                       | 252             
 91 - 120 days                      | 296             
 >120 days                          | 0               
-RECORD 35--------------------------------------------
 substring(w_warehouse_name, 1, 20) | Matches produce 
 sm_type                            | LIBRARY         
 web_name                           | site_0          
 30 days                            | 188             
 31 - 60 days                       | 181             
 61 - 90 days                       | 179             
 91 - 120 days                      | 170             
 >120 days                          | 0               
-RECORD 36--------------------------------------------
 substring(w_warehouse_name, 1, 20) | Matches produce 
 sm_type                            | LIBRARY         
 web_name                           | site_1          
 30 days                            | 189             
 31 - 60 days                       | 211             
 61 - 90 days                       | 193             
 91 - 120 days                      | 181             
 >120 days                          | 0               
-RECORD 37--------------------------------------------
 substring(w_warehouse_name, 1, 20) | Matches produce 
 sm_type                            | LIBRARY         
 web_name                           | site_2          
 30 days                            | 253             
 31 - 60 days                       | 230             
 61 - 90 days                       | 207             
 91 - 120 days                      | 248             
 >120 days                          | 0               
-RECORD 38--------------------------------------------
 substring(w_warehouse_name, 1, 20) | Matches produce 
 sm_type                            | LIBRARY         
 web_name                           | site_3          
 30 days                            | 225             
 31 - 60 days                       | 230             
 61 - 90 days                       | 217             
 91 - 120 days                      | 214             
 >120 days                          | 0               
-RECORD 39--------------------------------------------
 substring(w_warehouse_name, 1, 20) | Matches produce 
 sm_type                            | LIBRARY         
 web_name                           | site_4          
 30 days                            | 220             
 31 - 60 days                       | 218             
 61 - 90 days                       | 208             
 91 - 120 days                      | 213             
 >120 days                          | 0               
-RECORD 40--------------------------------------------
 substring(w_warehouse_name, 1, 20) | Matches produce 
 sm_type                            | NEXT DAY        
 web_name                           | site_0          
 30 days                            | 296             
 31 - 60 days                       | 286             
 61 - 90 days                       | 328             
 91 - 120 days                      | 316             
 >120 days                          | 0               
-RECORD 41--------------------------------------------
 substring(w_warehouse_name, 1, 20) | Matches produce 
 sm_type                            | NEXT DAY        
 web_name                           | site_1          
 30 days                            | 303             
 31 - 60 days                       | 303             
 61 - 90 days                       | 307             
 91 - 120 days                      | 281             
 >120 days                          | 0               
-RECORD 42--------------------------------------------
 substring(w_warehouse_name, 1, 20) | Matches produce 
 sm_type                            | NEXT DAY        
 web_name                           | site_2          
 30 days                            | 271             
 31 - 60 days                       | 258             
 61 - 90 days                       | 253             
 91 - 120 days                      | 256             
 >120 days                          | 0               
-RECORD 43--------------------------------------------
 substring(w_warehouse_name, 1, 20) | Matches produce 
 sm_type                            | NEXT DAY        
 web_name                           | site_3          
 30 days                            | 265             
 31 - 60 days                       | 263             
 61 - 90 days                       | 290             
 91 - 120 days                      | 296             
 >120 days                          | 0               
-RECORD 44--------------------------------------------
 substring(w_warehouse_name, 1, 20) | Matches produce 
 sm_type                            | NEXT DAY        
 web_name                           | site_4          
 30 days                            | 312             
 31 - 60 days                       | 312             
 61 - 90 days                       | 291             
 91 - 120 days                      | 311             
 >120 days                          | 0               
-RECORD 45--------------------------------------------
 substring(w_warehouse_name, 1, 20) | Matches produce 
 sm_type                            | OVERNIGHT       
 web_name                           | site_0          
 30 days                            | 217             
 31 - 60 days                       | 254             
 61 - 90 days                       | 216             
 91 - 120 days                      | 258             
 >120 days                          | 0               
-RECORD 46--------------------------------------------
 substring(w_warehouse_name, 1, 20) | Matches produce 
 sm_type                            | OVERNIGHT       
 web_name                           | site_1          
 30 days                            | 214             
 31 - 60 days                       | 187             
 61 - 90 days                       | 229             
 91 - 120 days                      | 230             
 >120 days                          | 0               
-RECORD 47--------------------------------------------
 substring(w_warehouse_name, 1, 20) | Matches produce 
 sm_type                            | OVERNIGHT       
 web_name                           | site_2          
 30 days                            | 171             
 31 - 60 days                       | 176             
 61 - 90 days                       | 188             
 91 - 120 days                      | 174             
 >120 days                          | 0               
-RECORD 48--------------------------------------------
 substring(w_warehouse_name, 1, 20) | Matches produce 
 sm_type                            | OVERNIGHT       
 web_name                           | site_3          
 30 days                            | 181             
 31 - 60 days                       | 218             
 61 - 90 days                       | 193             
 91 - 120 days                      | 219             
 >120 days                          | 0               
-RECORD 49--------------------------------------------
 substring(w_warehouse_name, 1, 20) | Matches produce 
 sm_type                            | OVERNIGHT       
 web_name                           | site_4          
 30 days                            | 244             
 31 - 60 days                       | 216             
 61 - 90 days                       | 237             
 91 - 120 days                      | 234             
 >120 days                          | 0               
-RECORD 50--------------------------------------------
 substring(w_warehouse_name, 1, 20) | Matches produce 
 sm_type                            | REGULAR         
 web_name                           | site_0          
 30 days                            | 205             
 31 - 60 days                       | 216             
 61 - 90 days                       | 204             
 91 - 120 days                      | 229             
 >120 days                          | 0               
-RECORD 51--------------------------------------------
 substring(w_warehouse_name, 1, 20) | Matches produce 
 sm_type                            | REGULAR         
 web_name                           | site_1          
 30 days                            | 230             
 31 - 60 days                       | 232             
 61 - 90 days                       | 229             
 91 - 120 days                      | 244             
 >120 days                          | 0               
-RECORD 52--------------------------------------------
 substring(w_warehouse_name, 1, 20) | Matches produce 
 sm_type                            | REGULAR         
 web_name                           | site_2          
 30 days                            | 225             
 31 - 60 days                       | 250             
 61 - 90 days                       | 209             
 91 - 120 days                      | 254             
 >120 days                          | 0               
-RECORD 53--------------------------------------------
 substring(w_warehouse_name, 1, 20) | Matches produce 
 sm_type                            | REGULAR         
 web_name                           | site_3          
 30 days                            | 230             
 31 - 60 days                       | 212             
 61 - 90 days                       | 212             
 91 - 120 days                      | 195             
 >120 days                          | 0               
-RECORD 54--------------------------------------------
 substring(w_warehouse_name, 1, 20) | Matches produce 
 sm_type                            | REGULAR         
 web_name                           | site_4          
 30 days                            | 207             
 31 - 60 days                       | 167             
 61 - 90 days                       | 180             
 91 - 120 days                      | 172             
 >120 days                          | 0               
-RECORD 55--------------------------------------------
 substring(w_warehouse_name, 1, 20) | Matches produce 
 sm_type                            | TWO DAY         
 web_name                           | site_0          
 30 days                            | 228             
 31 - 60 days                       | 195             
 61 - 90 days                       | 222             
 91 - 120 days                      | 198             
 >120 days                          | 0               
-RECORD 56--------------------------------------------
 substring(w_warehouse_name, 1, 20) | Matches produce 
 sm_type                            | TWO DAY         
 web_name                           | site_1          
 30 days                            | 169             
 31 - 60 days                       | 154             
 61 - 90 days                       | 170             
 91 - 120 days                      | 146             
 >120 days                          | 0               
-RECORD 57--------------------------------------------
 substring(w_warehouse_name, 1, 20) | Matches produce 
 sm_type                            | TWO DAY         
 web_name                           | site_2          
 30 days                            | 197             
 31 - 60 days                       | 215             
 61 - 90 days                       | 201             
 91 - 120 days                      | 210             
 >120 days                          | 0               
-RECORD 58--------------------------------------------
 substring(w_warehouse_name, 1, 20) | Matches produce 
 sm_type                            | TWO DAY         
 web_name                           | site_3          
 30 days                            | 247             
 31 - 60 days                       | 236             
 61 - 90 days                       | 234             
 91 - 120 days                      | 237             
 >120 days                          | 0               
-RECORD 59--------------------------------------------
 substring(w_warehouse_name, 1, 20) | Matches produce 
 sm_type                            | TWO DAY         
 web_name                           | site_4          
 30 days                            | 242             
 31 - 60 days                       | 259             
 61 - 90 days                       | 245             
 91 - 120 days                      | 247             
 >120 days                          | 0               
-RECORD 60--------------------------------------------
 substring(w_warehouse_name, 1, 20) | Operations      
 sm_type                            | EXPRESS         
 web_name                           | site_0          
 30 days                            | 270             
 31 - 60 days                       | 284             
 61 - 90 days                       | 268             
 91 - 120 days                      | 286             
 >120 days                          | 0               
-RECORD 61--------------------------------------------
 substring(w_warehouse_name, 1, 20) | Operations      
 sm_type                            | EXPRESS         
 web_name                           | site_1          
 30 days                            | 274             
 31 - 60 days                       | 251             
 61 - 90 days                       | 245             
 91 - 120 days                      | 275             
 >120 days                          | 0               
-RECORD 62--------------------------------------------
 substring(w_warehouse_name, 1, 20) | Operations      
 sm_type                            | EXPRESS         
 web_name                           | site_2          
 30 days                            | 287             
 31 - 60 days                       | 337             
 61 - 90 days                       | 296             
 91 - 120 days                      | 310             
 >120 days                          | 0               
-RECORD 63--------------------------------------------
 substring(w_warehouse_name, 1, 20) | Operations      
 sm_type                            | EXPRESS         
 web_name                           | site_3          
 30 days                            | 349             
 31 - 60 days                       | 307             
 61 - 90 days                       | 322             
 91 - 120 days                      | 286             
 >120 days                          | 0               
-RECORD 64--------------------------------------------
 substring(w_warehouse_name, 1, 20) | Operations      
 sm_type                            | EXPRESS         
 web_name                           | site_4          
 30 days                            | 284             
 31 - 60 days                       | 287             
 61 - 90 days                       | 285             
 91 - 120 days                      | 271             
 >120 days                          | 0               
-RECORD 65--------------------------------------------
 substring(w_warehouse_name, 1, 20) | Operations      
 sm_type                            | LIBRARY         
 web_name                           | site_0          
 30 days                            | 266             
 31 - 60 days                       | 227             
 61 - 90 days                       | 229             
 91 - 120 days                      | 237             
 >120 days                          | 0               
-RECORD 66--------------------------------------------
 substring(w_warehouse_name, 1, 20) | Operations      
 sm_type                            | LIBRARY         
 web_name                           | site_1          
 30 days                            | 201             
 31 - 60 days                       | 228             
 61 - 90 days                       | 190             
 91 - 120 days                      | 200             
 >120 days                          | 0               
-RECORD 67--------------------------------------------
 substring(w_warehouse_name, 1, 20) | Operations      
 sm_type                            | LIBRARY         
 web_name                           | site_2          
 30 days                            | 177             
 31 - 60 days                       | 170             
 61 - 90 days                       | 182             
 91 - 120 days                      | 171             
 >120 days                          | 0               
-RECORD 68--------------------------------------------
 substring(w_warehouse_name, 1, 20) | Operations      
 sm_type                            | LIBRARY         
 web_name                           | site_3          
 30 days                            | 227             
 31 - 60 days                       | 217             
 61 - 90 days                       | 214             
 91 - 120 days                      | 226             
 >120 days                          | 0               
-RECORD 69--------------------------------------------
 substring(w_warehouse_name, 1, 20) | Operations      
 sm_type                            | LIBRARY         
 web_name                           | site_4          
 30 days                            | 268             
 31 - 60 days                       | 258             
 61 - 90 days                       | 242             
 91 - 120 days                      | 242             
 >120 days                          | 0               
-RECORD 70--------------------------------------------
 substring(w_warehouse_name, 1, 20) | Operations      
 sm_type                            | NEXT DAY        
 web_name                           | site_0          
 30 days                            | 269             
 31 - 60 days                       | 255             
 61 - 90 days                       | 273             
 91 - 120 days                      | 257             
 >120 days                          | 0               
-RECORD 71--------------------------------------------
 substring(w_warehouse_name, 1, 20) | Operations      
 sm_type                            | NEXT DAY        
 web_name                           | site_1          
 30 days                            | 292             
 31 - 60 days                       | 295             
 61 - 90 days                       | 258             
 91 - 120 days                      | 291             
 >120 days                          | 0               
-RECORD 72--------------------------------------------
 substring(w_warehouse_name, 1, 20) | Operations      
 sm_type                            | NEXT DAY        
 web_name                           | site_2          
 30 days                            | 296             
 31 - 60 days                       | 327             
 61 - 90 days                       | 305             
 91 - 120 days                      | 294             
 >120 days                          | 0               
-RECORD 73--------------------------------------------
 substring(w_warehouse_name, 1, 20) | Operations      
 sm_type                            | NEXT DAY        
 web_name                           | site_3          
 30 days                            | 274             
 31 - 60 days                       | 286             
 61 - 90 days                       | 322             
 91 - 120 days                      | 289             
 >120 days                          | 0               
-RECORD 74--------------------------------------------
 substring(w_warehouse_name, 1, 20) | Operations      
 sm_type                            | NEXT DAY        
 web_name                           | site_4          
 30 days                            | 311             
 31 - 60 days                       | 270             
 61 - 90 days                       | 243             
 91 - 120 days                      | 255             
 >120 days                          | 0               
-RECORD 75--------------------------------------------
 substring(w_warehouse_name, 1, 20) | Operations      
 sm_type                            | OVERNIGHT       
 web_name                           | site_0          
 30 days                            | 217             
 31 - 60 days                       | 205             
 61 - 90 days                       | 193             
 91 - 120 days                      | 227             
 >120 days                          | 0               
-RECORD 76--------------------------------------------
 substring(w_warehouse_name, 1, 20) | Operations      
 sm_type                            | OVERNIGHT       
 web_name                           | site_1          
 30 days                            | 221             
 31 - 60 days                       | 243             
 61 - 90 days                       | 232             
 91 - 120 days                      | 237             
 >120 days                          | 0               
-RECORD 77--------------------------------------------
 substring(w_warehouse_name, 1, 20) | Operations      
 sm_type                            | OVERNIGHT       
 web_name                           | site_2          
 30 days                            | 247             
 31 - 60 days                       | 243             
 61 - 90 days                       | 235             
 91 - 120 days                      | 238             
 >120 days                          | 0               
-RECORD 78--------------------------------------------
 substring(w_warehouse_name, 1, 20) | Operations      
 sm_type                            | OVERNIGHT       
 web_name                           | site_3          
 30 days                            | 242             
 31 - 60 days                       | 218             
 61 - 90 days                       | 205             
 91 - 120 days                      | 223             
 >120 days                          | 0               
-RECORD 79--------------------------------------------
 substring(w_warehouse_name, 1, 20) | Operations      
 sm_type                            | OVERNIGHT       
 web_name                           | site_4          
 30 days                            | 181             
 31 - 60 days                       | 172             
 61 - 90 days                       | 192             
 91 - 120 days                      | 186             
 >120 days                          | 0               
-RECORD 80--------------------------------------------
 substring(w_warehouse_name, 1, 20) | Operations      
 sm_type                            | REGULAR         
 web_name                           | site_0          
 30 days                            | 190             
 31 - 60 days                       | 211             
 61 - 90 days                       | 206             
 91 - 120 days                      | 195             
 >120 days                          | 0               
-RECORD 81--------------------------------------------
 substring(w_warehouse_name, 1, 20) | Operations      
 sm_type                            | REGULAR         
 web_name                           | site_1          
 30 days                            | 166             
 31 - 60 days                       | 173             
 61 - 90 days                       | 173             
 91 - 120 days                      | 174             
 >120 days                          | 0               
-RECORD 82--------------------------------------------
 substring(w_warehouse_name, 1, 20) | Operations      
 sm_type                            | REGULAR         
 web_name                           | site_2          
 30 days                            | 198             
 31 - 60 days                       | 219             
 61 - 90 days                       | 215             
 91 - 120 days                      | 226             
 >120 days                          | 0               
-RECORD 83--------------------------------------------
 substring(w_warehouse_name, 1, 20) | Operations      
 sm_type                            | REGULAR         
 web_name                           | site_3          
 30 days                            | 255             
 31 - 60 days                       | 234             
 61 - 90 days                       | 239             
 91 - 120 days                      | 215             
 >120 days                          | 0               
-RECORD 84--------------------------------------------
 substring(w_warehouse_name, 1, 20) | Operations      
 sm_type                            | REGULAR         
 web_name                           | site_4          
 30 days                            | 246             
 31 - 60 days                       | 231             
 61 - 90 days                       | 266             
 91 - 120 days                      | 208             
 >120 days                          | 0               
-RECORD 85--------------------------------------------
 substring(w_warehouse_name, 1, 20) | Operations      
 sm_type                            | TWO DAY         
 web_name                           | site_0          
 30 days                            | 247             
 31 - 60 days                       | 232             
 61 - 90 days                       | 246             
 91 - 120 days                      | 240             
 >120 days                          | 0               
-RECORD 86--------------------------------------------
 substring(w_warehouse_name, 1, 20) | Operations      
 sm_type                            | TWO DAY         
 web_name                           | site_1          
 30 days                            | 244             
 31 - 60 days                       | 240             
 61 - 90 days                       | 259             
 91 - 120 days                      | 234             
 >120 days                          | 0               
-RECORD 87--------------------------------------------
 substring(w_warehouse_name, 1, 20) | Operations      
 sm_type                            | TWO DAY         
 web_name                           | site_2          
 30 days                            | 210             
 31 - 60 days                       | 214             
 61 - 90 days                       | 200             
 91 - 120 days                      | 190             
 >120 days                          | 0               
-RECORD 88--------------------------------------------
 substring(w_warehouse_name, 1, 20) | Operations      
 sm_type                            | TWO DAY         
 web_name                           | site_3          
 30 days                            | 166             
 31 - 60 days                       | 181             
 61 - 90 days                       | 174             
 91 - 120 days                      | 184             
 >120 days                          | 0               
-RECORD 89--------------------------------------------
 substring(w_warehouse_name, 1, 20) | Operations      
 sm_type                            | TWO DAY         
 web_name                           | site_4          
 30 days                            | 194             
 31 - 60 days                       | 197             
 61 - 90 days                       | 224             
 91 - 120 days                      | 211             
 >120 days                          | 0               
-RECORD 90--------------------------------------------
 substring(w_warehouse_name, 1, 20) | Selective,      
 sm_type                            | EXPRESS         
 web_name                           | site_0          
 30 days                            | 290             
 31 - 60 days                       | 275             
 61 - 90 days                       | 273             
 91 - 120 days                      | 332             
 >120 days                          | 0               
-RECORD 91--------------------------------------------
 substring(w_warehouse_name, 1, 20) | Selective,      
 sm_type                            | EXPRESS         
 web_name                           | site_1          
 30 days                            | 303             
 31 - 60 days                       | 319             
 61 - 90 days                       | 311             
 91 - 120 days                      | 299             
 >120 days                          | 0               
-RECORD 92--------------------------------------------
 substring(w_warehouse_name, 1, 20) | Selective,      
 sm_type                            | EXPRESS         
 web_name                           | site_2          
 30 days                            | 299             
 31 - 60 days                       | 238             
 61 - 90 days                       | 268             
 91 - 120 days                      | 261             
 >120 days                          | 0               
-RECORD 93--------------------------------------------
 substring(w_warehouse_name, 1, 20) | Selective,      
 sm_type                            | EXPRESS         
 web_name                           | site_3          
 30 days                            | 262             
 31 - 60 days                       | 273             
 61 - 90 days                       | 281             
 91 - 120 days                      | 300             
 >120 days                          | 0               
-RECORD 94--------------------------------------------
 substring(w_warehouse_name, 1, 20) | Selective,      
 sm_type                            | EXPRESS         
 web_name                           | site_4          
 30 days                            | 285             
 31 - 60 days                       | 298             
 61 - 90 days                       | 291             
 91 - 120 days                      | 300             
 >120 days                          | 0               
-RECORD 95--------------------------------------------
 substring(w_warehouse_name, 1, 20) | Selective,      
 sm_type                            | LIBRARY         
 web_name                           | site_0          
 30 days                            | 215             
 31 - 60 days                       | 204             
 61 - 90 days                       | 202             
 91 - 120 days                      | 211             
 >120 days                          | 0               
-RECORD 96--------------------------------------------
 substring(w_warehouse_name, 1, 20) | Selective,      
 sm_type                            | LIBRARY         
 web_name                           | site_1          
 30 days                            | 221             
 31 - 60 days                       | 253             
 61 - 90 days                       | 243             
 91 - 120 days                      | 240             
 >120 days                          | 0               
-RECORD 97--------------------------------------------
 substring(w_warehouse_name, 1, 20) | Selective,      
 sm_type                            | LIBRARY         
 web_name                           | site_2          
 30 days                            | 218             
 31 - 60 days                       | 261             
 61 - 90 days                       | 226             
 91 - 120 days                      | 234             
 >120 days                          | 0               
-RECORD 98--------------------------------------------
 substring(w_warehouse_name, 1, 20) | Selective,      
 sm_type                            | LIBRARY         
 web_name                           | site_3          
 30 days                            | 178             
 31 - 60 days                       | 189             
 61 - 90 days                       | 233             
 91 - 120 days                      | 217             
 >120 days                          | 0               
-RECORD 99--------------------------------------------
 substring(w_warehouse_name, 1, 20) | Selective,      
 sm_type                            | LIBRARY         
 web_name                           | site_4          
 30 days                            | 159             
 31 - 60 days                       | 186             
 61 - 90 days                       | 194             
 91 - 120 days                      | 199             
 >120 days                          | 0
             