-- Automatically generated by TpcdsQueries
-RECORD 0------------------------
 i_manager_id      | 1           
 sum_sales         | 175.21      
 avg_monthly_sales | 726.555833  
-RECORD 1------------------------
 i_manager_id      | 1           
 sum_sales         | 231.64      
 avg_monthly_sales | 726.555833  
-RECORD 2------------------------
 i_manager_id      | 1           
 sum_sales         | 400.27      
 avg_monthly_sales | 726.555833  
-RECORD 3------------------------
 i_manager_id      | 1           
 sum_sales         | 409.69      
 avg_monthly_sales | 726.555833  
-RECORD 4------------------------
 i_manager_id      | 1           
 sum_sales         | 468.02      
 avg_monthly_sales | 726.555833  
-RECORD 5------------------------
 i_manager_id      | 1           
 sum_sales         | 530.63      
 avg_monthly_sales | 726.555833  
-RECORD 6------------------------
 i_manager_id      | 1           
 sum_sales         | 880.08      
 avg_monthly_sales | 726.555833  
-RECORD 7------------------------
 i_manager_id      | 1           
 sum_sales         | 972.96      
 avg_monthly_sales | 726.555833  
-RECORD 8------------------------
 i_manager_id      | 1           
 sum_sales         | 1028.83     
 avg_monthly_sales | 726.555833  
-RECORD 9------------------------
 i_manager_id      | 1           
 sum_sales         | 1038.59     
 avg_monthly_sales | 726.555833  
-RECORD 10-----------------------
 i_manager_id      | 1           
 sum_sales         | 1820.16     
 avg_monthly_sales | 726.555833  
-RECORD 11-----------------------
 i_manager_id      | 2           
 sum_sales         | 392.91      
 avg_monthly_sales | 1124.957500 
-RECORD 12-----------------------
 i_manager_id      | 2           
 sum_sales         | 469.26      
 avg_monthly_sales | 1124.957500 
-RECORD 13-----------------------
 i_manager_id      | 2           
 sum_sales         | 654.97      
 avg_monthly_sales | 1124.957500 
-RECORD 14-----------------------
 i_manager_id      | 2           
 sum_sales         | 703.18      
 avg_monthly_sales | 1124.957500 
-RECORD 15-----------------------
 i_manager_id      | 2           
 sum_sales         | 726.27      
 avg_monthly_sales | 1124.957500 
-RECORD 16-----------------------
 i_manager_id      | 2           
 sum_sales         | 813.75      
 avg_monthly_sales | 1124.957500 
-RECORD 17-----------------------
 i_manager_id      | 2           
 sum_sales         | 819.59      
 avg_monthly_sales | 1124.957500 
-RECORD 18-----------------------
 i_manager_id      | 2           
 sum_sales         | 1248.04     
 avg_monthly_sales | 1124.957500 
-RECORD 19-----------------------
 i_manager_id      | 2           
 sum_sales         | 1253.65     
 avg_monthly_sales | 1124.957500 
-RECORD 20-----------------------
 i_manager_id      | 2           
 sum_sales         | 1690.71     
 avg_monthly_sales | 1124.957500 
-RECORD 21-----------------------
 i_manager_id      | 2           
 sum_sales         | 1961.13     
 avg_monthly_sales | 1124.957500 
-RECORD 22-----------------------
 i_manager_id      | 2           
 sum_sales         | 2766.03     
 avg_monthly_sales | 1124.957500 
-RECORD 23-----------------------
 i_manager_id      | 3           
 sum_sales         | 259.59      
 avg_monthly_sales | 1110.663333 
-RECORD 24-----------------------
 i_manager_id      | 3           
 sum_sales         | 530.95      
 avg_monthly_sales | 1110.663333 
-RECORD 25-----------------------
 i_manager_id      | 3           
 sum_sales         | 639.03      
 avg_monthly_sales | 1110.663333 
-RECORD 26-----------------------
 i_manager_id      | 3           
 sum_sales         | 727.70      
 avg_monthly_sales | 1110.663333 
-RECORD 27-----------------------
 i_manager_id      | 3           
 sum_sales         | 822.22      
 avg_monthly_sales | 1110.663333 
-RECORD 28-----------------------
 i_manager_id      | 3           
 sum_sales         | 853.58      
 avg_monthly_sales | 1110.663333 
-RECORD 29-----------------------
 i_manager_id      | 3           
 sum_sales         | 910.78      
 avg_monthly_sales | 1110.663333 
-RECORD 30-----------------------
 i_manager_id      | 3           
 sum_sales         | 1455.11     
 avg_monthly_sales | 1110.663333 
-RECORD 31-----------------------
 i_manager_id      | 3           
 sum_sales         | 1615.68     
 avg_monthly_sales | 1110.663333 
-RECORD 32-----------------------
 i_manager_id      | 3           
 sum_sales         | 1741.42     
 avg_monthly_sales | 1110.663333 
-RECORD 33-----------------------
 i_manager_id      | 3           
 sum_sales         | 2618.11     
 avg_monthly_sales | 1110.663333 
-RECORD 34-----------------------
 i_manager_id      | 4           
 sum_sales         | 465.88      
 avg_monthly_sales | 1333.585833 
-RECORD 35-----------------------
 i_manager_id      | 4           
 sum_sales         | 472.55      
 avg_monthly_sales | 1333.585833 
-RECORD 36-----------------------
 i_manager_id      | 4           
 sum_sales         | 685.93      
 avg_monthly_sales | 1333.585833 
-RECORD 37-----------------------
 i_manager_id      | 4           
 sum_sales         | 703.90      
 avg_monthly_sales | 1333.585833 
-RECORD 38-----------------------
 i_manager_id      | 4           
 sum_sales         | 773.55      
 avg_monthly_sales | 1333.585833 
-RECORD 39-----------------------
 i_manager_id      | 4           
 sum_sales         | 1535.08     
 avg_monthly_sales | 1333.585833 
-RECORD 40-----------------------
 i_manager_id      | 4           
 sum_sales         | 1900.09     
 avg_monthly_sales | 1333.585833 
-RECORD 41-----------------------
 i_manager_id      | 4           
 sum_sales         | 2557.73     
 avg_monthly_sales | 1333.585833 
-RECORD 42-----------------------
 i_manager_id      | 4           
 sum_sales         | 2842.07     
 avg_monthly_sales | 1333.585833 
-RECORD 43-----------------------
 i_manager_id      | 5           
 sum_sales         | 507.40      
 avg_monthly_sales | 1378.418333 
-RECORD 44-----------------------
 i_manager_id      | 5           
 sum_sales         | 604.37      
 avg_monthly_sales | 1378.418333 
-RECORD 45-----------------------
 i_manager_id      | 5           
 sum_sales         | 633.93      
 avg_monthly_sales | 1378.418333 
-RECORD 46-----------------------
 i_manager_id      | 5           
 sum_sales         | 830.17      
 avg_monthly_sales | 1378.418333 
-RECORD 47-----------------------
 i_manager_id      | 5           
 sum_sales         | 1013.51     
 avg_monthly_sales | 1378.418333 
-RECORD 48-----------------------
 i_manager_id      | 5           
 sum_sales         | 1093.85     
 avg_monthly_sales | 1378.418333 
-RECORD 49-----------------------
 i_manager_id      | 5           
 sum_sales         | 1223.10     
 avg_monthly_sales | 1378.418333 
-RECORD 50-----------------------
 i_manager_id      | 5           
 sum_sales         | 1735.77     
 avg_monthly_sales | 1378.418333 
-RECORD 51-----------------------
 i_manager_id      | 5           
 sum_sales         | 2024.74     
 avg_monthly_sales | 1378.418333 
-RECORD 52-----------------------
 i_manager_id      | 5           
 sum_sales         | 2065.17     
 avg_monthly_sales | 1378.418333 
-RECORD 53-----------------------
 i_manager_id      | 5           
 sum_sales         | 2319.65     
 avg_monthly_sales | 1378.418333 
-RECORD 54-----------------------
 i_manager_id      | 5           
 sum_sales         | 2489.36     
 avg_monthly_sales | 1378.418333 
-RECORD 55-----------------------
 i_manager_id      | 6           
 sum_sales         | 852.04      
 avg_monthly_sales | 1879.384167 
-RECORD 56-----------------------
 i_manager_id      | 6           
 sum_sales         | 975.86      
 avg_monthly_sales | 1879.384167 
-RECORD 57-----------------------
 i_manager_id      | 6           
 sum_sales         | 1082.92     
 avg_monthly_sales | 1879.384167 
-RECORD 58-----------------------
 i_manager_id      | 6           
 sum_sales         | 1121.29     
 avg_monthly_sales | 1879.384167 
-RECORD 59-----------------------
 i_manager_id      | 6           
 sum_sales         | 1133.12     
 avg_monthly_sales | 1879.384167 
-RECORD 60-----------------------
 i_manager_id      | 6           
 sum_sales         | 1558.44     
 avg_monthly_sales | 1879.384167 
-RECORD 61-----------------------
 i_manager_id      | 6           
 sum_sales         | 1581.26     
 avg_monthly_sales | 1879.384167 
-RECORD 62-----------------------
 i_manager_id      | 6           
 sum_sales         | 1654.62     
 avg_monthly_sales | 1879.384167 
-RECORD 63-----------------------
 i_manager_id      | 6           
 sum_sales         | 2408.41     
 avg_monthly_sales | 1879.384167 
-RECORD 64-----------------------
 i_manager_id      | 6           
 sum_sales         | 3334.37     
 avg_monthly_sales | 1879.384167 
-RECORD 65-----------------------
 i_manager_id      | 6           
 sum_sales         | 4855.76     
 avg_monthly_sales | 1879.384167 
-RECORD 66-----------------------
 i_manager_id      | 7           
 sum_sales         | 655.33      
 avg_monthly_sales | 1433.785833 
-RECORD 67-----------------------
 i_manager_id      | 7           
 sum_sales         | 691.77      
 avg_monthly_sales | 1433.785833 
-RECORD 68-----------------------
 i_manager_id      | 7           
 sum_sales         | 750.55      
 avg_monthly_sales | 1433.785833 
-RECORD 69-----------------------
 i_manager_id      | 7           
 sum_sales         | 862.94      
 avg_monthly_sales | 1433.785833 
-RECORD 70-----------------------
 i_manager_id      | 7           
 sum_sales         | 868.32      
 avg_monthly_sales | 1433.785833 
-RECORD 71-----------------------
 i_manager_id      | 7           
 sum_sales         | 992.39      
 avg_monthly_sales | 1433.785833 
-RECORD 72-----------------------
 i_manager_id      | 7           
 sum_sales         | 1209.78     
 avg_monthly_sales | 1433.785833 
-RECORD 73-----------------------
 i_manager_id      | 7           
 sum_sales         | 1694.72     
 avg_monthly_sales | 1433.785833 
-RECORD 74-----------------------
 i_manager_id      | 7           
 sum_sales         | 2081.47     
 avg_monthly_sales | 1433.785833 
-RECORD 75-----------------------
 i_manager_id      | 7           
 sum_sales         | 2257.98     
 avg_monthly_sales | 1433.785833 
-RECORD 76-----------------------
 i_manager_id      | 7           
 sum_sales         | 2383.35     
 avg_monthly_sales | 1433.785833 
-RECORD 77-----------------------
 i_manager_id      | 7           
 sum_sales         | 2756.83     
 avg_monthly_sales | 1433.785833 
-RECORD 78-----------------------
 i_manager_id      | 8           
 sum_sales         | 54.86       
 avg_monthly_sales | 410.067500  
-RECORD 79-----------------------
 i_manager_id      | 8           
 sum_sales         | 183.63      
 avg_monthly_sales | 410.067500  
-RECORD 80-----------------------
 i_manager_id      | 8           
 sum_sales         | 192.44      
 avg_monthly_sales | 410.067500  
-RECORD 81-----------------------
 i_manager_id      | 8           
 sum_sales         | 271.04      
 avg_monthly_sales | 410.067500  
-RECORD 82-----------------------
 i_manager_id      | 8           
 sum_sales         | 472.18      
 avg_monthly_sales | 410.067500  
-RECORD 83-----------------------
 i_manager_id      | 8           
 sum_sales         | 492.97      
 avg_monthly_sales | 410.067500  
-RECORD 84-----------------------
 i_manager_id      | 8           
 sum_sales         | 644.56      
 avg_monthly_sales | 410.067500  
-RECORD 85-----------------------
 i_manager_id      | 8           
 sum_sales         | 669.81      
 avg_monthly_sales | 410.067500  
-RECORD 86-----------------------
 i_manager_id      | 8           
 sum_sales         | 676.94      
 avg_monthly_sales | 410.067500  
-RECORD 87-----------------------
 i_manager_id      | 9           
 sum_sales         | 479.27      
 avg_monthly_sales | 1306.207500 
-RECORD 88-----------------------
 i_manager_id      | 9           
 sum_sales         | 572.00      
 avg_monthly_sales | 1306.207500 
-RECORD 89-----------------------
 i_manager_id      | 9           
 sum_sales         | 742.40      
 avg_monthly_sales | 1306.207500 
-RECORD 90-----------------------
 i_manager_id      | 9           
 sum_sales         | 759.92      
 avg_monthly_sales | 1306.207500 
-RECORD 91-----------------------
 i_manager_id      | 9           
 sum_sales         | 805.90      
 avg_monthly_sales | 1306.207500 
-RECORD 92-----------------------
 i_manager_id      | 9           
 sum_sales         | 993.12      
 avg_monthly_sales | 1306.207500 
-RECORD 93-----------------------
 i_manager_id      | 9           
 sum_sales         | 1030.85     
 avg_monthly_sales | 1306.207500 
-RECORD 94-----------------------
 i_manager_id      | 9           
 sum_sales         | 1764.83     
 avg_monthly_sales | 1306.207500 
-RECORD 95-----------------------
 i_manager_id      | 9           
 sum_sales         | 1826.50     
 avg_monthly_sales | 1306.207500 
-RECORD 96-----------------------
 i_manager_id      | 9           
 sum_sales         | 2065.07     
 avg_monthly_sales | 1306.207500 
-RECORD 97-----------------------
 i_manager_id      | 9           
 sum_sales         | 2158.76     
 avg_monthly_sales | 1306.207500 
-RECORD 98-----------------------
 i_manager_id      | 9           
 sum_sales         | 2475.87     
 avg_monthly_sales | 1306.207500 
-RECORD 99-----------------------
 i_manager_id      | 10          
 sum_sales         | 475.18      
 avg_monthly_sales | 1442.284167
             