-- Automatically generated by TpcdsQueries
-RECORD 0-----------------------
 i_item_id | AAAAAAAAAAACAAAA   
 agg1      | 60.0               
 agg2      | 52.450000          
 agg3      | 0.000000           
 agg4      | 13.630000          
-RECORD 1-----------------------
 i_item_id | AAAAAAAAAAAEAAAA   
 agg1      | 96.0               
 agg2      | 51.560000          
 agg3      | 0.000000           
 agg4      | 46.400000          
-RECORD 2-----------------------
 i_item_id | AAAAAAAAAABEAAAA   
 agg1      | 8.0                
 agg2      | 135.430000         
 agg3      | 0.000000           
 agg4      | 105.630000         
-RECORD 3-----------------------
 i_item_id | AAAAAAAAAACAAAAA   
 agg1      | 43.0               
 agg2      | 90.780000          
 agg3      | 0.000000           
 agg4      | 17.240000          
-RECORD 4-----------------------
 i_item_id | AAAAAAAAAACCAAAA   
 agg1      | 31.0               
 agg2      | 80.140000          
 agg3      | 0.000000           
 agg4      | 74.530000          
-RECORD 5-----------------------
 i_item_id | AAAAAAAAAADBAAAA   
 agg1      | 79.0               
 agg2      | 99.440000          
 agg3      | 2573.530000        
 agg4      | 90.490000          
-RECORD 6-----------------------
 i_item_id | AAAAAAAAAADCAAAA   
 agg1      | 68.0               
 agg2      | 115.045000         
 agg3      | 0.000000           
 agg4      | 72.910000          
-RECORD 7-----------------------
 i_item_id | AAAAAAAAAAEAAAAA   
 agg1      | 42.0               
 agg2      | 16.800000          
 agg3      | 0.000000           
 agg4      | 13.770000          
-RECORD 8-----------------------
 i_item_id | AAAAAAAAAAEDAAAA   
 agg1      | 42.5               
 agg2      | 52.175000          
 agg3      | 0.000000           
 agg4      | 21.300000          
-RECORD 9-----------------------
 i_item_id | AAAAAAAAAAFAAAAA   
 agg1      | 32.0               
 agg2      | 24.750000          
 agg3      | 0.000000           
 agg4      | 23.510000          
-RECORD 10----------------------
 i_item_id | AAAAAAAAAAGBAAAA   
 agg1      | 48.0               
 agg2      | 119.350000         
 agg3      | 0.000000           
 agg4      | 59.670000          
-RECORD 11----------------------
 i_item_id | AAAAAAAAAAGCAAAA   
 agg1      | 54.0               
 agg2      | 39.420000          
 agg3      | 964.260000         
 agg4      | 30.305000          
-RECORD 12----------------------
 i_item_id | AAAAAAAAAAHBAAAA   
 agg1      | 59.333333333333336 
 agg2      | 86.790000          
 agg3      | 198.126667         
 agg4      | 47.576667          
-RECORD 13----------------------
 i_item_id | AAAAAAAAAAHDAAAA   
 agg1      | 82.0               
 agg2      | 26.030000          
 agg3      | 981.850000         
 agg4      | 26.030000          
-RECORD 14----------------------
 i_item_id | AAAAAAAAAAKAAAAA   
 agg1      | 51.666666666666664 
 agg2      | 47.246667          
 agg3      | 0.000000           
 agg4      | 5.333333           
-RECORD 15----------------------
 i_item_id | AAAAAAAAAAKBAAAA   
 agg1      | 11.0               
 agg2      | 114.560000         
 agg3      | 0.000000           
 agg4      | 90.500000          
-RECORD 16----------------------
 i_item_id | AAAAAAAAAAKDAAAA   
 agg1      | 27.0               
 agg2      | 23.140000          
 agg3      | 0.000000           
 agg4      | 20.820000          
-RECORD 17----------------------
 i_item_id | AAAAAAAAAALAAAAA   
 agg1      | 38.0               
 agg2      | 83.580000          
 agg3      | 0.000000           
 agg4      | 51.810000          
-RECORD 18----------------------
 i_item_id | AAAAAAAAAALCAAAA   
 agg1      | 51.0               
 agg2      | 26.610000          
 agg3      | 0.000000           
 agg4      | 19.950000          
-RECORD 19----------------------
 i_item_id | AAAAAAAAAAMBAAAA   
 agg1      | 79.0               
 agg2      | 41.660000          
 agg3      | 0.000000           
 agg4      | 38.740000          
-RECORD 20----------------------
 i_item_id | AAAAAAAAAAMCAAAA   
 agg1      | 70.0               
 agg2      | 83.210000          
 agg3      | 0.000000           
 agg4      | 49.090000          
-RECORD 21----------------------
 i_item_id | AAAAAAAAAANAAAAA   
 agg1      | 2.5                
 agg2      | 97.780000          
 agg3      | 0.000000           
 agg4      | 77.765000          
-RECORD 22----------------------
 i_item_id | AAAAAAAAAAOAAAAA   
 agg1      | 60.0               
 agg2      | 101.410000         
 agg3      | 1674.240000        
 agg4      | 43.600000          
-RECORD 23----------------------
 i_item_id | AAAAAAAAAAOCAAAA   
 agg1      | 7.0                
 agg2      | 185.510000         
 agg3      | 0.000000           
 agg4      | 109.450000         
-RECORD 24----------------------
 i_item_id | AAAAAAAAAAPBAAAA   
 agg1      | 51.5               
 agg2      | 57.890000          
 agg3      | 839.850000         
 agg4      | 52.465000          
-RECORD 25----------------------
 i_item_id | AAAAAAAAABABAAAA   
 agg1      | 20.0               
 agg2      | 19.300000          
 agg3      | 0.000000           
 agg4      | 0.770000           
-RECORD 26----------------------
 i_item_id | AAAAAAAAABADAAAA   
 agg1      | 95.0               
 agg2      | 100.800000         
 agg3      | 0.000000           
 agg4      | 35.280000          
-RECORD 27----------------------
 i_item_id | AAAAAAAAABAEAAAA   
 agg1      | 55.0               
 agg2      | 2.220000           
 agg3      | 0.000000           
 agg4      | 2.080000           
-RECORD 28----------------------
 i_item_id | AAAAAAAAABBAAAAA   
 agg1      | 46.0               
 agg2      | 61.386667          
 agg3      | 0.000000           
 agg4      | 27.306667          
-RECORD 29----------------------
 i_item_id | AAAAAAAAABBDAAAA   
 agg1      | 35.0               
 agg2      | 166.510000         
 agg3      | 166.080000         
 agg4      | 158.180000         
-RECORD 30----------------------
 i_item_id | AAAAAAAAABCBAAAA   
 agg1      | 32.0               
 agg2      | 33.820000          
 agg3      | 175.495000         
 agg4      | 13.025000          
-RECORD 31----------------------
 i_item_id | AAAAAAAAABDDAAAA   
 agg1      | 38.666666666666664 
 agg2      | 48.240000          
 agg3      | 1.143333           
 agg4      | 27.163333          
-RECORD 32----------------------
 i_item_id | AAAAAAAAABDEAAAA   
 agg1      | 8.0                
 agg2      | 135.240000         
 agg3      | 38.095000          
 agg4      | 18.845000          
-RECORD 33----------------------
 i_item_id | AAAAAAAAABECAAAA   
 agg1      | 13.0               
 agg2      | 73.870000          
 agg3      | 0.000000           
 agg4      | 64.260000          
-RECORD 34----------------------
 i_item_id | AAAAAAAAABEDAAAA   
 agg1      | 98.0               
 agg2      | 76.895000          
 agg3      | 0.000000           
 agg4      | 25.375000          
-RECORD 35----------------------
 i_item_id | AAAAAAAAABGAAAAA   
 agg1      | 81.0               
 agg2      | 46.320000          
 agg3      | 0.000000           
 agg4      | 26.580000          
-RECORD 36----------------------
 i_item_id | AAAAAAAAABGDAAAA   
 agg1      | 88.0               
 agg2      | 81.150000          
 agg3      | 0.000000           
 agg4      | 43.820000          
-RECORD 37----------------------
 i_item_id | AAAAAAAAABGEAAAA   
 agg1      | 81.0               
 agg2      | 18.760000          
 agg3      | 0.000000           
 agg4      | 7.310000           
-RECORD 38----------------------
 i_item_id | AAAAAAAAABHAAAAA   
 agg1      | 61.5               
 agg2      | 101.695000         
 agg3      | 224.313333         
 agg4      | 33.520000          
-RECORD 39----------------------
 i_item_id | AAAAAAAAABHDAAAA   
 agg1      | 51.0               
 agg2      | 128.445000         
 agg3      | 0.000000           
 agg4      | 83.725000          
-RECORD 40----------------------
 i_item_id | AAAAAAAAABIBAAAA   
 agg1      | 51.0               
 agg2      | 20.940000          
 agg3      | 0.000000           
 agg4      | 6.490000           
-RECORD 41----------------------
 i_item_id | AAAAAAAAABICAAAA   
 agg1      | 82.5               
 agg2      | 62.635000          
 agg3      | 0.860000           
 agg4      | 27.015000          
-RECORD 42----------------------
 i_item_id | AAAAAAAAABJAAAAA   
 agg1      | 18.333333333333332 
 agg2      | 76.346667          
 agg3      | 167.953333         
 agg4      | 44.930000          
-RECORD 43----------------------
 i_item_id | AAAAAAAAABKAAAAA   
 agg1      | 77.0               
 agg2      | 122.740000         
 agg3      | 0.000000           
 agg4      | 98.190000          
-RECORD 44----------------------
 i_item_id | AAAAAAAAABKDAAAA   
 agg1      | 42.0               
 agg2      | 125.690000         
 agg3      | 1504.230000        
 agg4      | 37.700000          
-RECORD 45----------------------
 i_item_id | AAAAAAAAABLBAAAA   
 agg1      | 59.0               
 agg2      | 118.240000         
 agg3      | 72.480000          
 agg4      | 9.450000           
-RECORD 46----------------------
 i_item_id | AAAAAAAAABMBAAAA   
 agg1      | 97.5               
 agg2      | 91.465000          
 agg3      | 0.000000           
 agg4      | 60.660000          
-RECORD 47----------------------
 i_item_id | AAAAAAAAABMDAAAA   
 agg1      | 46.0               
 agg2      | 171.290000         
 agg3      | 0.000000           
 agg4      | 92.490000          
-RECORD 48----------------------
 i_item_id | AAAAAAAAABNCAAAA   
 agg1      | 20.0               
 agg2      | 109.530000         
 agg3      | 0.000000           
 agg4      | 97.480000          
-RECORD 49----------------------
 i_item_id | AAAAAAAAABPAAAAA   
 agg1      | 59.25              
 agg2      | 47.130000          
 agg3      | 62.827500          
 agg4      | 29.995000          
-RECORD 50----------------------
 i_item_id | AAAAAAAAABPBAAAA   
 agg1      | 66.0               
 agg2      | 53.950000          
 agg3      | 30.970000          
 agg4      | 46.930000          
-RECORD 51----------------------
 i_item_id | AAAAAAAAABPDAAAA   
 agg1      | 66.5               
 agg2      | 52.420000          
 agg3      | 0.000000           
 agg4      | 30.925000          
-RECORD 52----------------------
 i_item_id | AAAAAAAAACAAAAAA   
 agg1      | 45.0               
 agg2      | 75.860000          
 agg3      | 0.000000           
 agg4      | 22.750000          
-RECORD 53----------------------
 i_item_id | AAAAAAAAACBBAAAA   
 agg1      | 64.5               
 agg2      | 27.585000          
 agg3      | 0.000000           
 agg4      | 16.820000          
-RECORD 54----------------------
 i_item_id | AAAAAAAAACBCAAAA   
 agg1      | 71.0               
 agg2      | 47.330000          
 agg3      | 0.000000           
 agg4      | 18.450000          
-RECORD 55----------------------
 i_item_id | AAAAAAAAACCDAAAA   
 agg1      | 68.0               
 agg2      | 92.350000          
 agg3      | 0.000000           
 agg4      | 41.550000          
-RECORD 56----------------------
 i_item_id | AAAAAAAAACDAAAAA   
 agg1      | 21.0               
 agg2      | 64.390000          
 agg3      | 59.620000          
 agg4      | 13.520000          
-RECORD 57----------------------
 i_item_id | AAAAAAAAACDDAAAA   
 agg1      | 65.66666666666667  
 agg2      | 34.473333          
 agg3      | 23.316667          
 agg4      | 14.916667          
-RECORD 58----------------------
 i_item_id | AAAAAAAAACEBAAAA   
 agg1      | 48.0               
 agg2      | 111.330000         
 agg3      | 0.000000           
 agg4      | 12.240000          
-RECORD 59----------------------
 i_item_id | AAAAAAAAACECAAAA   
 agg1      | 67.5               
 agg2      | 36.365000          
 agg3      | 373.635000         
 agg4      | 26.500000          
-RECORD 60----------------------
 i_item_id | AAAAAAAAACFBAAAA   
 agg1      | 9.0                
 agg2      | 19.600000          
 agg3      | 0.000000           
 agg4      | 1.370000           
-RECORD 61----------------------
 i_item_id | AAAAAAAAACFDAAAA   
 agg1      | 26.0               
 agg2      | 18.350000          
 agg3      | 0.000000           
 agg4      | 13.390000          
-RECORD 62----------------------
 i_item_id | AAAAAAAAACGCAAAA   
 agg1      | 60.5               
 agg2      | 100.270000         
 agg3      | 0.000000           
 agg4      | 45.862500          
-RECORD 63----------------------
 i_item_id | AAAAAAAAACGDAAAA   
 agg1      | 58.5               
 agg2      | 32.805000          
 agg3      | 396.170000         
 agg4      | 12.550000          
-RECORD 64----------------------
 i_item_id | AAAAAAAAACHBAAAA   
 agg1      | 97.0               
 agg2      | 5.380000           
 agg3      | 27.470000          
 agg4      | 0.480000           
-RECORD 65----------------------
 i_item_id | AAAAAAAAACIAAAAA   
 agg1      | 57.0               
 agg2      | 56.880000          
 agg3      | 0.000000           
 agg4      | 52.750000          
-RECORD 66----------------------
 i_item_id | AAAAAAAAACIBAAAA   
 agg1      | 58.0               
 agg2      | 26.060000          
 agg3      | 152.250000         
 agg4      | 12.500000          
-RECORD 67----------------------
 i_item_id | AAAAAAAAACIDAAAA   
 agg1      | 71.0               
 agg2      | 4.020000           
 agg3      | 0.000000           
 agg4      | 2.210000           
-RECORD 68----------------------
 i_item_id | AAAAAAAAACJAAAAA   
 agg1      | 30.0               
 agg2      | 46.910000          
 agg3      | 0.000000           
 agg4      | 8.910000           
-RECORD 69----------------------
 i_item_id | AAAAAAAAACJDAAAA   
 agg1      | 63.5               
 agg2      | 112.305000         
 agg3      | 0.000000           
 agg4      | 30.610000          
-RECORD 70----------------------
 i_item_id | AAAAAAAAACKCAAAA   
 agg1      | 50.666666666666664 
 agg2      | 63.280000          
 agg3      | 0.000000           
 agg4      | 26.126667          
-RECORD 71----------------------
 i_item_id | AAAAAAAAACLAAAAA   
 agg1      | 95.0               
 agg2      | 22.310000          
 agg3      | 0.000000           
 agg4      | 0.000000           
-RECORD 72----------------------
 i_item_id | AAAAAAAAACLBAAAA   
 agg1      | 88.0               
 agg2      | 27.450000          
 agg3      | 0.000000           
 agg4      | 23.880000          
-RECORD 73----------------------
 i_item_id | AAAAAAAAACMAAAAA   
 agg1      | 86.0               
 agg2      | 90.600000          
 agg3      | 1511.530000        
 agg4      | 87.880000          
-RECORD 74----------------------
 i_item_id | AAAAAAAAACNBAAAA   
 agg1      | 44.666666666666664 
 agg2      | 73.076667          
 agg3      | 52.400000          
 agg4      | 54.546667          
-RECORD 75----------------------
 i_item_id | AAAAAAAAACNCAAAA   
 agg1      | 62.0               
 agg2      | 105.380000         
 agg3      | 0.000000           
 agg4      | 70.600000          
-RECORD 76----------------------
 i_item_id | AAAAAAAAACOAAAAA   
 agg1      | 41.0               
 agg2      | 42.810000          
 agg3      | 412.370000         
 agg4      | 10.700000          
-RECORD 77----------------------
 i_item_id | AAAAAAAAACOBAAAA   
 agg1      | 36.5               
 agg2      | 66.735000          
 agg3      | 14.770000          
 agg4      | 33.725000          
-RECORD 78----------------------
 i_item_id | AAAAAAAAACODAAAA   
 agg1      | 25.0               
 agg2      | 65.280000          
 agg3      | 238.920000         
 agg4      | 39.820000          
-RECORD 79----------------------
 i_item_id | AAAAAAAAACPAAAAA   
 agg1      | 88.0               
 agg2      | 164.900000         
 agg3      | 104.470000         
 agg4      | 14.840000          
-RECORD 80----------------------
 i_item_id | AAAAAAAAACPDAAAA   
 agg1      | 10.0               
 agg2      | 78.550000          
 agg3      | 0.000000           
 agg4      | 10.990000          
-RECORD 81----------------------
 i_item_id | AAAAAAAAADABAAAA   
 agg1      | 81.0               
 agg2      | 60.225000          
 agg3      | 0.000000           
 agg4      | 43.775000          
-RECORD 82----------------------
 i_item_id | AAAAAAAAADBDAAAA   
 agg1      | 2.0                
 agg2      | 94.600000          
 agg3      | 0.000000           
 agg4      | 59.590000          
-RECORD 83----------------------
 i_item_id | AAAAAAAAADCAAAAA   
 agg1      | 52.0               
 agg2      | 72.480000          
 agg3      | 98.720000          
 agg4      | 15.350000          
-RECORD 84----------------------
 i_item_id | AAAAAAAAADCCAAAA   
 agg1      | 89.0               
 agg2      | 61.690000          
 agg3      | 0.000000           
 agg4      | 59.220000          
-RECORD 85----------------------
 i_item_id | AAAAAAAAADCDAAAA   
 agg1      | 27.5               
 agg2      | 126.585000         
 agg3      | 0.000000           
 agg4      | 61.340000          
-RECORD 86----------------------
 i_item_id | AAAAAAAAADDBAAAA   
 agg1      | 64.0               
 agg2      | 19.570000          
 agg3      | 934.160000         
 agg4      | 16.040000          
-RECORD 87----------------------
 i_item_id | AAAAAAAAADDEAAAA   
 agg1      | 65.0               
 agg2      | 78.255000          
 agg3      | 348.165000         
 agg4      | 49.595000          
-RECORD 88----------------------
 i_item_id | AAAAAAAAADEAAAAA   
 agg1      | 65.0               
 agg2      | 108.640000         
 agg3      | 0.000000           
 agg4      | 91.250000          
-RECORD 89----------------------
 i_item_id | AAAAAAAAADEBAAAA   
 agg1      | 70.0               
 agg2      | 104.400000         
 agg3      | 1189.580000        
 agg4      | 45.930000          
-RECORD 90----------------------
 i_item_id | AAAAAAAAADEDAAAA   
 agg1      | 31.0               
 agg2      | 130.200000         
 agg3      | 0.000000           
 agg4      | 76.810000          
-RECORD 91----------------------
 i_item_id | AAAAAAAAADFAAAAA   
 agg1      | 80.0               
 agg2      | 5.240000           
 agg3      | 0.000000           
 agg4      | 1.310000           
-RECORD 92----------------------
 i_item_id | AAAAAAAAADFCAAAA   
 agg1      | 14.0               
 agg2      | 9.110000           
 agg3      | 0.000000           
 agg4      | 6.650000           
-RECORD 93----------------------
 i_item_id | AAAAAAAAADGCAAAA   
 agg1      | 10.0               
 agg2      | 84.260000          
 agg3      | 0.000000           
 agg4      | 9.260000           
-RECORD 94----------------------
 i_item_id | AAAAAAAAADGEAAAA   
 agg1      | 37.333333333333336 
 agg2      | 34.403333          
 agg3      | 101.936667         
 agg4      | 17.150000          
-RECORD 95----------------------
 i_item_id | AAAAAAAAADHBAAAA   
 agg1      | 32.333333333333336 
 agg2      | 65.606667          
 agg3      | 751.803333         
 agg4      | 54.530000          
-RECORD 96----------------------
 i_item_id | AAAAAAAAADJBAAAA   
 agg1      | 57.0               
 agg2      | 63.110000          
 agg3      | 0.000000           
 agg4      | 47.960000          
-RECORD 97----------------------
 i_item_id | AAAAAAAAADKBAAAA   
 agg1      | 44.0               
 agg2      | 44.980000          
 agg3      | 0.000000           
 agg4      | 3.590000           
-RECORD 98----------------------
 i_item_id | AAAAAAAAADLAAAAA   
 agg1      | 21.0               
 agg2      | 17.740000          
 agg3      | 0.000000           
 agg4      | 9.930000           
-RECORD 99----------------------
 i_item_id | AAAAAAAAADMBAAAA   
 agg1      | 29.0               
 agg2      | 102.770000         
 agg3      | 2052.360000        
 agg4      | 72.960000
             