-- Automatically generated by TpcdsQueries
-RECORD 0---------------------------
 c_last_name           | Ransom     
 c_first_name          | Thomas     
 c_salutation          | Sir        
 c_preferred_cust_flag | N          
 ss_ticket_number      | 872        
 cnt                   | 5          
-RECORD 1---------------------------
 c_last_name           | Valle      
 c_first_name          | Chandra    
 c_salutation          | Dr.        
 c_preferred_cust_flag | N          
 ss_ticket_number      | 45338      
 cnt                   | 5          
-RECORD 2---------------------------
 c_last_name           | Sauer      
 c_first_name          | Larry      
 c_salutation          | Mr.        
 c_preferred_cust_flag | N          
 ss_ticket_number      | 215795     
 cnt                   | 5          
-RECORD 3---------------------------
 c_last_name           | Richardson 
 c_first_name          | Harry      
 c_salutation          | Mr.        
 c_preferred_cust_flag | Y          
 ss_ticket_number      | 85055      
 cnt                   | 5
             