-- Automatically generated by TpcdsQueries
-RECORD 0-------------------------------
 customer_id         | AAAAAAAAAAECBAAA 
 customer_first_name | Frank            
 customer_last_name  | Wenzel           
-RECORD 1-------------------------------
 customer_id         | AAAAAAAAABGKAAAA 
 customer_first_name | Jonna            
 customer_last_name  | King             
-RECORD 2-------------------------------
 customer_id         | AAAAAAAAAFAGAAAA 
 customer_first_name | Robert           
 customer_last_name  | Chang            
-RECORD 3-------------------------------
 customer_id         | AAAAAAAAAFBNAAAA 
 customer_first_name | Robert           
 customer_last_name  | Baines           
-RECORD 4-------------------------------
 customer_id         | AAAAAAAAAGLPAAAA 
 customer_first_name | Charlene         
 customer_last_name  | Marcus           
-RECORD 5-------------------------------
 customer_id         | AAAAAAAAAHKEAAAA 
 customer_first_name | William          
 customer_last_name  | Stafford         
-RECORD 6-------------------------------
 customer_id         | AAAAAAAABAAGAAAA 
 customer_first_name | Luis             
 customer_last_name  | James            
-RECORD 7-------------------------------
 customer_id         | AAAAAAAABBEAAAAA 
 customer_first_name | Jason            
 customer_last_name  | Gallegos         
-RECORD 8-------------------------------
 customer_id         | AAAAAAAABGMHBAAA 
 customer_first_name | Michael          
 customer_last_name  | Gillespie        
-RECORD 9-------------------------------
 customer_id         | AAAAAAAABIABAAAA 
 customer_first_name | Letha            
 customer_last_name  | Stone            
-RECORD 10------------------------------
 customer_id         | AAAAAAAABIIHAAAA 
 customer_first_name | Charles          
 customer_last_name  | Quarles          
-RECORD 11------------------------------
 customer_id         | AAAAAAAABILCAAAA 
 customer_first_name | Theresa          
 customer_last_name  | Mullins          
-RECORD 12------------------------------
 customer_id         | AAAAAAAABJEDBAAA 
 customer_first_name | Arthur           
 customer_last_name  | Bryan            
-RECORD 13------------------------------
 customer_id         | AAAAAAAACEMIAAAA 
 customer_first_name | James            
 customer_last_name  | Hernandez        
-RECORD 14------------------------------
 customer_id         | AAAAAAAACGLDAAAA 
 customer_first_name | Angelo           
 customer_last_name  | Sloan            
-RECORD 15------------------------------
 customer_id         | AAAAAAAACOEHBAAA 
 customer_first_name | Christine        
 customer_last_name  | Gonzalez         
-RECORD 16------------------------------
 customer_id         | AAAAAAAACPDFBAAA 
 customer_first_name | Cheryl           
 customer_last_name  | Barry            
-RECORD 17------------------------------
 customer_id         | AAAAAAAADFJBBAAA 
 customer_first_name | Patrick          
 customer_last_name  | Jones            
-RECORD 18------------------------------
 customer_id         | AAAAAAAADHCBAAAA 
 customer_first_name | Therese          
 customer_last_name  | Perez            
-RECORD 19------------------------------
 customer_id         | AAAAAAAADHNHBAAA 
 customer_first_name | Patrick          
 customer_last_name  | Cooper           
-RECORD 20------------------------------
 customer_id         | AAAAAAAADKMBAAAA 
 customer_first_name | Donald           
 customer_last_name  | Nelson           
-RECORD 21------------------------------
 customer_id         | AAAAAAAAEBFHAAAA 
 customer_first_name | Esther           
 customer_last_name  | Merrill          
-RECORD 22------------------------------
 customer_id         | AAAAAAAAEFCEBAAA 
 customer_first_name | Cornelius        
 customer_last_name  | Martino          
-RECORD 23------------------------------
 customer_id         | AAAAAAAAEIAHAAAA 
 customer_first_name | Henry            
 customer_last_name  | Desantis         
-RECORD 24------------------------------
 customer_id         | AAAAAAAAEIPIAAAA 
 customer_first_name | Luke             
 customer_last_name  | Rios             
-RECORD 25------------------------------
 customer_id         | AAAAAAAAFAIEAAAA 
 customer_first_name | Betty            
 customer_last_name  | Gipson           
-RECORD 26------------------------------
 customer_id         | AAAAAAAAFDIMAAAA 
 customer_first_name | Stephanie        
 customer_last_name  | Cowan            
-RECORD 27------------------------------
 customer_id         | AAAAAAAAFGMHBAAA 
 customer_first_name | Donald           
 customer_last_name  | Coleman          
-RECORD 28------------------------------
 customer_id         | AAAAAAAAFGNEAAAA 
 customer_first_name | Andrew           
 customer_last_name  | Silva            
-RECORD 29------------------------------
 customer_id         | AAAAAAAAFHNDAAAA 
 customer_first_name | Virgil           
 customer_last_name  | Mcdonald         
-RECORD 30------------------------------
 customer_id         | AAAAAAAAFMOKAAAA 
 customer_first_name | Harry            
 customer_last_name  | Brown            
-RECORD 31------------------------------
 customer_id         | AAAAAAAAFMPPAAAA 
 customer_first_name | Manuel           
 customer_last_name  | Bryant           
-RECORD 32------------------------------
 customer_id         | AAAAAAAAFOEDAAAA 
 customer_first_name | Lori             
 customer_last_name  | Erwin            
-RECORD 33------------------------------
 customer_id         | AAAAAAAAGCGIAAAA 
 customer_first_name | Mae              
 customer_last_name  | Williams         
-RECORD 34------------------------------
 customer_id         | AAAAAAAAGEKLAAAA 
 customer_first_name | Jerilyn          
 customer_last_name  | Walker           
-RECORD 35------------------------------
 customer_id         | AAAAAAAAGGMHAAAA 
 customer_first_name | Julia            
 customer_last_name  | Fisher           
-RECORD 36------------------------------
 customer_id         | AAAAAAAAGLDMAAAA 
 customer_first_name | Alex             
 customer_last_name  | Norris           
-RECORD 37------------------------------
 customer_id         | AAAAAAAAGMFHAAAA 
 customer_first_name | Bruce            
 customer_last_name  | Howe             
-RECORD 38------------------------------
 customer_id         | AAAAAAAAGMGEBAAA 
 customer_first_name | Tamika           
 customer_last_name  | Potts            
-RECORD 39------------------------------
 customer_id         | AAAAAAAAHEIFBAAA 
 customer_first_name | null             
 customer_last_name  | Jones            
-RECORD 40------------------------------
 customer_id         | AAAAAAAAHEPFBAAA 
 customer_first_name | Kathryn          
 customer_last_name  | Kinney           
-RECORD 41------------------------------
 customer_id         | AAAAAAAAHGKLAAAA 
 customer_first_name | Arthur           
 customer_last_name  | Christensen      
-RECORD 42------------------------------
 customer_id         | AAAAAAAAHIEIAAAA 
 customer_first_name | William          
 customer_last_name  | Roberts          
-RECORD 43------------------------------
 customer_id         | AAAAAAAAHLEAAAAA 
 customer_first_name | Geneva           
 customer_last_name  | Sims             
-RECORD 44------------------------------
 customer_id         | AAAAAAAAHLJCAAAA 
 customer_first_name | Marlene          
 customer_last_name  | Grover           
-RECORD 45------------------------------
 customer_id         | AAAAAAAAIANDAAAA 
 customer_first_name | Elva             
 customer_last_name  | Wade             
-RECORD 46------------------------------
 customer_id         | AAAAAAAAIBBFBAAA 
 customer_first_name | James            
 customer_last_name  | Compton          
-RECORD 47------------------------------
 customer_id         | AAAAAAAAIBHHBAAA 
 customer_first_name | Vennie           
 customer_last_name  | Loya             
-RECORD 48------------------------------
 customer_id         | AAAAAAAAIBJDBAAA 
 customer_first_name | Dean             
 customer_last_name  | Velez            
-RECORD 49------------------------------
 customer_id         | AAAAAAAAILLJAAAA 
 customer_first_name | Billy            
 customer_last_name  | Ortiz            
-RECORD 50------------------------------
 customer_id         | AAAAAAAAIODCBAAA 
 customer_first_name | Jennifer         
 customer_last_name  | Crane            
-RECORD 51------------------------------
 customer_id         | AAAAAAAAIPGJAAAA 
 customer_first_name | Michael          
 customer_last_name  | null             
-RECORD 52------------------------------
 customer_id         | AAAAAAAAIPKJAAAA 
 customer_first_name | Charles          
 customer_last_name  | Jones            
-RECORD 53------------------------------
 customer_id         | AAAAAAAAJADIAAAA 
 customer_first_name | Margaret         
 customer_last_name  | Roberts          
-RECORD 54------------------------------
 customer_id         | AAAAAAAAJBELAAAA 
 customer_first_name | Sean             
 customer_last_name  | Busby            
-RECORD 55------------------------------
 customer_id         | AAAAAAAAJCNBBAAA 
 customer_first_name | Johnnie          
 customer_last_name  | Cox              
-RECORD 56------------------------------
 customer_id         | AAAAAAAAJDEFAAAA 
 customer_first_name | Loretta          
 customer_last_name  | Serrano          
-RECORD 57------------------------------
 customer_id         | AAAAAAAAJGDLAAAA 
 customer_first_name | Fredrick         
 customer_last_name  | Davis            
-RECORD 58------------------------------
 customer_id         | AAAAAAAAJHGFAAAA 
 customer_first_name | Pamela           
 customer_last_name  | Gannon           
-RECORD 59------------------------------
 customer_id         | AAAAAAAAJIAHAAAA 
 customer_first_name | Shawna           
 customer_last_name  | Delgado          
-RECORD 60------------------------------
 customer_id         | AAAAAAAAJINGAAAA 
 customer_first_name | Ella             
 customer_last_name  | Moore            
-RECORD 61------------------------------
 customer_id         | AAAAAAAAJMIDAAAA 
 customer_first_name | Sally            
 customer_last_name  | Thurman          
-RECORD 62------------------------------
 customer_id         | AAAAAAAAKAKPAAAA 
 customer_first_name | Carolann         
 customer_last_name  | Royer            
-RECORD 63------------------------------
 customer_id         | AAAAAAAAKMHPAAAA 
 customer_first_name | Robert           
 customer_last_name  | Jones            
-RECORD 64------------------------------
 customer_id         | AAAAAAAAKNMEBAAA 
 customer_first_name | Amber            
 customer_last_name  | Gonzalez         
-RECORD 65------------------------------
 customer_id         | AAAAAAAALEAHBAAA 
 customer_first_name | Eddie            
 customer_last_name  | Pena             
-RECORD 66------------------------------
 customer_id         | AAAAAAAALMAJAAAA 
 customer_first_name | Ileen            
 customer_last_name  | Linn             
-RECORD 67------------------------------
 customer_id         | AAAAAAAALMGGBAAA 
 customer_first_name | Dedra            
 customer_last_name  | Rainey           
-RECORD 68------------------------------
 customer_id         | AAAAAAAALNLABAAA 
 customer_first_name | Janie            
 customer_last_name  | Garcia           
-RECORD 69------------------------------
 customer_id         | AAAAAAAALPHGBAAA 
 customer_first_name | Dorothy          
 customer_last_name  | Heller           
-RECORD 70------------------------------
 customer_id         | AAAAAAAAMFMKAAAA 
 customer_first_name | John             
 customer_last_name  | Sanders          
-RECORD 71------------------------------
 customer_id         | AAAAAAAAMHOLAAAA 
 customer_first_name | Terri            
 customer_last_name  | Cook             
-RECORD 72------------------------------
 customer_id         | AAAAAAAAMJFAAAAA 
 customer_first_name | Marcus           
 customer_last_name  | Espinal          
-RECORD 73------------------------------
 customer_id         | AAAAAAAAMLOEAAAA 
 customer_first_name | Miguel           
 customer_last_name  | Jackson          
-RECORD 74------------------------------
 customer_id         | AAAAAAAANBECBAAA 
 customer_first_name | Michael          
 customer_last_name  | Lombardi         
-RECORD 75------------------------------
 customer_id         | AAAAAAAANKBBAAAA 
 customer_first_name | Diann            
 customer_last_name  | Saunders         
-RECORD 76------------------------------
 customer_id         | AAAAAAAAOCDCAAAA 
 customer_first_name | Armando          
 customer_last_name  | Jackson          
-RECORD 77------------------------------
 customer_id         | AAAAAAAAOCFLAAAA 
 customer_first_name | Bill             
 customer_last_name  | Freeman          
-RECORD 78------------------------------
 customer_id         | AAAAAAAAOEDIAAAA 
 customer_first_name | Alexander        
 customer_last_name  | Rich             
-RECORD 79------------------------------
 customer_id         | AAAAAAAAOJBPAAAA 
 customer_first_name | Jonathan         
 customer_last_name  | Mcbride          
-RECORD 80------------------------------
 customer_id         | AAAAAAAAOMOKAAAA 
 customer_first_name | Laurette         
 customer_last_name  | Gary             
-RECORD 81------------------------------
 customer_id         | AAAAAAAAOOKKAAAA 
 customer_first_name | Deborah          
 customer_last_name  | Early            
-RECORD 82------------------------------
 customer_id         | AAAAAAAAOPMDAAAA 
 customer_first_name | Peggy            
 customer_last_name  | Smith            
-RECORD 83------------------------------
 customer_id         | AAAAAAAAPAEEBAAA 
 customer_first_name | Audria           
 customer_last_name  | Mattson          
-RECORD 84------------------------------
 customer_id         | AAAAAAAAPBIGBAAA 
 customer_first_name | Susie            
 customer_last_name  | Zavala           
-RECORD 85------------------------------
 customer_id         | AAAAAAAAPEFLAAAA 
 customer_first_name | David            
 customer_last_name  | Martinez         
-RECORD 86------------------------------
 customer_id         | AAAAAAAAPFKDAAAA 
 customer_first_name | Linda            
 customer_last_name  | Simmons          
-RECORD 87------------------------------
 customer_id         | AAAAAAAAPIGBBAAA 
 customer_first_name | Charles          
 customer_last_name  | Welch            
-RECORD 88------------------------------
 customer_id         | AAAAAAAAPNMGAAAA 
 customer_first_name | Christine        
 customer_last_name  | Olds
             