-- Automatically generated by TpcdsQueries
-RECORD 0--------------------
 prev_year      | 2001       
 year           | 2002       
 i_brand_id     | 7009003    
 i_class_id     | 16         
 i_category_id  | 9          
 i_manufact_id  | 545        
 prev_yr_cnt    | 6720       
 curr_yr_cnt    | 3891       
 sales_cnt_diff | -2829      
 sales_amt_diff | -117008.58 
-RECORD 1--------------------
 prev_year      | 2001       
 year           | 2002       
 i_brand_id     | 8005007    
 i_class_id     | 5          
 i_category_id  | 9          
 i_manufact_id  | 512        
 prev_yr_cnt    | 6454       
 curr_yr_cnt    | 4227       
 sales_cnt_diff | -2227      
 sales_amt_diff | -135735.94 
-RECORD 2--------------------
 prev_year      | 2001       
 year           | 2002       
 i_brand_id     | 9001010    
 i_class_id     | 1          
 i_category_id  | 9          
 i_manufact_id  | 456        
 prev_yr_cnt    | 5643       
 curr_yr_cnt    | 3436       
 sales_cnt_diff | -2207      
 sales_amt_diff | -93617.05  
-RECORD 3--------------------
 prev_year      | 2001       
 year           | 2002       
 i_brand_id     | 10013015   
 i_class_id     | 3          
 i_category_id  | 9          
 i_manufact_id  | 127        
 prev_yr_cnt    | 6225       
 curr_yr_cnt    | 4143       
 sales_cnt_diff | -2082      
 sales_amt_diff | -14567.99  
-RECORD 4--------------------
 prev_year      | 2001       
 year           | 2002       
 i_brand_id     | 9015004    
 i_class_id     | 10         
 i_category_id  | 9          
 i_manufact_id  | 118        
 prev_yr_cnt    | 7332       
 curr_yr_cnt    | 5259       
 sales_cnt_diff | -2073      
 sales_amt_diff | -77291.51  
-RECORD 5--------------------
 prev_year      | 2001       
 year           | 2002       
 i_brand_id     | 9004002    
 i_class_id     | 4          
 i_category_id  | 9          
 i_manufact_id  | 435        
 prev_yr_cnt    | 6625       
 curr_yr_cnt    | 4581       
 sales_cnt_diff | -2044      
 sales_amt_diff | -122670.86 
-RECORD 6--------------------
 prev_year      | 2001       
 year           | 2002       
 i_brand_id     | 9014004    
 i_class_id     | 3          
 i_category_id  | 9          
 i_manufact_id  | 306        
 prev_yr_cnt    | 5855       
 curr_yr_cnt    | 3858       
 sales_cnt_diff | -1997      
 sales_amt_diff | -73620.65  
-RECORD 7--------------------
 prev_year      | 2001       
 year           | 2002       
 i_brand_id     | 5002001    
 i_class_id     | 5          
 i_category_id  | 9          
 i_manufact_id  | 170        
 prev_yr_cnt    | 5700       
 curr_yr_cnt    | 3736       
 sales_cnt_diff | -1964      
 sales_amt_diff | -109018.53 
-RECORD 8--------------------
 prev_year      | 2001       
 year           | 2002       
 i_brand_id     | 9014010    
 i_class_id     | 1          
 i_category_id  | 9          
 i_manufact_id  | 987        
 prev_yr_cnt    | 6970       
 curr_yr_cnt    | 5148       
 sales_cnt_diff | -1822      
 sales_amt_diff | -75086.23  
-RECORD 9--------------------
 prev_year      | 2001       
 year           | 2002       
 i_brand_id     | 9015008    
 i_class_id     | 15         
 i_category_id  | 9          
 i_manufact_id  | 327        
 prev_yr_cnt    | 6526       
 curr_yr_cnt    | 4739       
 sales_cnt_diff | -1787      
 sales_amt_diff | -93540.56  
-RECORD 10-------------------
 prev_year      | 2001       
 year           | 2002       
 i_brand_id     | 9016002    
 i_class_id     | 16         
 i_category_id  | 9          
 i_manufact_id  | 197        
 prev_yr_cnt    | 6053       
 curr_yr_cnt    | 4343       
 sales_cnt_diff | -1710      
 sales_amt_diff | -97667.31  
-RECORD 11-------------------
 prev_year      | 2001       
 year           | 2002       
 i_brand_id     | 9015002    
 i_class_id     | 15         
 i_category_id  | 9          
 i_manufact_id  | 856        
 prev_yr_cnt    | 10449      
 curr_yr_cnt    | 8783       
 sales_cnt_diff | -1666      
 sales_amt_diff | -20233.37  
-RECORD 12-------------------
 prev_year      | 2001       
 year           | 2002       
 i_brand_id     | 3001001    
 i_class_id     | 1          
 i_category_id  | 9          
 i_manufact_id  | 380        
 prev_yr_cnt    | 6554       
 curr_yr_cnt    | 4895       
 sales_cnt_diff | -1659      
 sales_amt_diff | -71747.73  
-RECORD 13-------------------
 prev_year      | 2001       
 year           | 2002       
 i_brand_id     | 5002001    
 i_class_id     | 14         
 i_category_id  | 9          
 i_manufact_id  | 75         
 prev_yr_cnt    | 6649       
 curr_yr_cnt    | 5024       
 sales_cnt_diff | -1625      
 sales_amt_diff | -114258.52 
-RECORD 14-------------------
 prev_year      | 2001       
 year           | 2002       
 i_brand_id     | 9004008    
 i_class_id     | 4          
 i_category_id  | 9          
 i_manufact_id  | 787        
 prev_yr_cnt    | 6493       
 curr_yr_cnt    | 4911       
 sales_cnt_diff | -1582      
 sales_amt_diff | -133842.63 
-RECORD 15-------------------
 prev_year      | 2001       
 year           | 2002       
 i_brand_id     | 3001001    
 i_class_id     | 4          
 i_category_id  | 9          
 i_manufact_id  | 652        
 prev_yr_cnt    | 6331       
 curr_yr_cnt    | 4766       
 sales_cnt_diff | -1565      
 sales_amt_diff | -74417.45  
-RECORD 16-------------------
 prev_year      | 2001       
 year           | 2002       
 i_brand_id     | 5004001    
 i_class_id     | 11         
 i_category_id  | 9          
 i_manufact_id  | 963        
 prev_yr_cnt    | 6179       
 curr_yr_cnt    | 4628       
 sales_cnt_diff | -1551      
 sales_amt_diff | -85648.92  
-RECORD 17-------------------
 prev_year      | 2001       
 year           | 2002       
 i_brand_id     | 3004001    
 i_class_id     | 7          
 i_category_id  | 9          
 i_manufact_id  | 237        
 prev_yr_cnt    | 6097       
 curr_yr_cnt    | 4560       
 sales_cnt_diff | -1537      
 sales_amt_diff | -118933.63 
-RECORD 18-------------------
 prev_year      | 2001       
 year           | 2002       
 i_brand_id     | 1001001    
 i_class_id     | 8          
 i_category_id  | 9          
 i_manufact_id  | 271        
 prev_yr_cnt    | 5623       
 curr_yr_cnt    | 4128       
 sales_cnt_diff | -1495      
 sales_amt_diff | -50180.45  
-RECORD 19-------------------
 prev_year      | 2001       
 year           | 2002       
 i_brand_id     | 10004009   
 i_class_id     | 4          
 i_category_id  | 9          
 i_manufact_id  | 513        
 prev_yr_cnt    | 6500       
 curr_yr_cnt    | 5024       
 sales_cnt_diff | -1476      
 sales_amt_diff | -67288.17  
-RECORD 20-------------------
 prev_year      | 2001       
 year           | 2002       
 i_brand_id     | 4004001    
 i_class_id     | 10         
 i_category_id  | 9          
 i_manufact_id  | 126        
 prev_yr_cnt    | 5667       
 curr_yr_cnt    | 4194       
 sales_cnt_diff | -1473      
 sales_amt_diff | -88247.10  
-RECORD 21-------------------
 prev_year      | 2001       
 year           | 2002       
 i_brand_id     | 9007002    
 i_class_id     | 7          
 i_category_id  | 9          
 i_manufact_id  | 144        
 prev_yr_cnt    | 5474       
 curr_yr_cnt    | 4020       
 sales_cnt_diff | -1454      
 sales_amt_diff | -42908.70  
-RECORD 22-------------------
 prev_year      | 2001       
 year           | 2002       
 i_brand_id     | 9016008    
 i_class_id     | 16         
 i_category_id  | 9          
 i_manufact_id  | 53         
 prev_yr_cnt    | 6099       
 curr_yr_cnt    | 4671       
 sales_cnt_diff | -1428      
 sales_amt_diff | -67851.70  
-RECORD 23-------------------
 prev_year      | 2001       
 year           | 2002       
 i_brand_id     | 9007008    
 i_class_id     | 7          
 i_category_id  | 9          
 i_manufact_id  | 110        
 prev_yr_cnt    | 5655       
 curr_yr_cnt    | 4230       
 sales_cnt_diff | -1425      
 sales_amt_diff | -28768.95  
-RECORD 24-------------------
 prev_year      | 2001       
 year           | 2002       
 i_brand_id     | 9002008    
 i_class_id     | 2          
 i_category_id  | 9          
 i_manufact_id  | 97         
 prev_yr_cnt    | 5979       
 curr_yr_cnt    | 4581       
 sales_cnt_diff | -1398      
 sales_amt_diff | -101148.97 
-RECORD 25-------------------
 prev_year      | 2001       
 year           | 2002       
 i_brand_id     | 9008004    
 i_class_id     | 8          
 i_category_id  | 9          
 i_manufact_id  | 171        
 prev_yr_cnt    | 5952       
 curr_yr_cnt    | 4559       
 sales_cnt_diff | -1393      
 sales_amt_diff | -41622.99  
-RECORD 26-------------------
 prev_year      | 2001       
 year           | 2002       
 i_brand_id     | 10010001   
 i_class_id     | 10         
 i_category_id  | 9          
 i_manufact_id  | 368        
 prev_yr_cnt    | 5714       
 curr_yr_cnt    | 4353       
 sales_cnt_diff | -1361      
 sales_amt_diff | -78871.35  
-RECORD 27-------------------
 prev_year      | 2001       
 year           | 2002       
 i_brand_id     | 3003001    
 i_class_id     | 8          
 i_category_id  | 9          
 i_manufact_id  | 266        
 prev_yr_cnt    | 5785       
 curr_yr_cnt    | 4431       
 sales_cnt_diff | -1354      
 sales_amt_diff | -99666.06  
-RECORD 28-------------------
 prev_year      | 2001       
 year           | 2002       
 i_brand_id     | 9011002    
 i_class_id     | 11         
 i_category_id  | 9          
 i_manufact_id  | 581        
 prev_yr_cnt    | 6045       
 curr_yr_cnt    | 4721       
 sales_cnt_diff | -1324      
 sales_amt_diff | -61169.99  
-RECORD 29-------------------
 prev_year      | 2001       
 year           | 2002       
 i_brand_id     | 9012004    
 i_class_id     | 12         
 i_category_id  | 9          
 i_manufact_id  | 233        
 prev_yr_cnt    | 5370       
 curr_yr_cnt    | 4050       
 sales_cnt_diff | -1320      
 sales_amt_diff | -135207.43 
-RECORD 30-------------------
 prev_year      | 2001       
 year           | 2002       
 i_brand_id     | 9008008    
 i_class_id     | 8          
 i_category_id  | 9          
 i_manufact_id  | 84         
 prev_yr_cnt    | 5431       
 curr_yr_cnt    | 4114       
 sales_cnt_diff | -1317      
 sales_amt_diff | -48625.72  
-RECORD 31-------------------
 prev_year      | 2001       
 year           | 2002       
 i_brand_id     | 9010010    
 i_class_id     | 7          
 i_category_id  | 9          
 i_manufact_id  | 962        
 prev_yr_cnt    | 6123       
 curr_yr_cnt    | 4819       
 sales_cnt_diff | -1304      
 sales_amt_diff | -34943.08  
-RECORD 32-------------------
 prev_year      | 2001       
 year           | 2002       
 i_brand_id     | 9009008    
 i_class_id     | 9          
 i_category_id  | 9          
 i_manufact_id  | 135        
 prev_yr_cnt    | 5984       
 curr_yr_cnt    | 4698       
 sales_cnt_diff | -1286      
 sales_amt_diff | -53184.41  
-RECORD 33-------------------
 prev_year      | 2001       
 year           | 2002       
 i_brand_id     | 9014008    
 i_class_id     | 14         
 i_category_id  | 9          
 i_manufact_id  | 52         
 prev_yr_cnt    | 5835       
 curr_yr_cnt    | 4555       
 sales_cnt_diff | -1280      
 sales_amt_diff | -47886.49  
-RECORD 34-------------------
 prev_year      | 2001       
 year           | 2002       
 i_brand_id     | 9011002    
 i_class_id     | 11         
 i_category_id  | 9          
 i_manufact_id  | 806        
 prev_yr_cnt    | 5487       
 curr_yr_cnt    | 4208       
 sales_cnt_diff | -1279      
 sales_amt_diff | -34285.63  
-RECORD 35-------------------
 prev_year      | 2001       
 year           | 2002       
 i_brand_id     | 9005008    
 i_class_id     | 5          
 i_category_id  | 9          
 i_manufact_id  | 326        
 prev_yr_cnt    | 5773       
 curr_yr_cnt    | 4494       
 sales_cnt_diff | -1279      
 sales_amt_diff | -47219.15  
-RECORD 36-------------------
 prev_year      | 2001       
 year           | 2002       
 i_brand_id     | 1003001    
 i_class_id     | 3          
 i_category_id  | 9          
 i_manufact_id  | 57         
 prev_yr_cnt    | 5893       
 curr_yr_cnt    | 4631       
 sales_cnt_diff | -1262      
 sales_amt_diff | -24156.11  
-RECORD 37-------------------
 prev_year      | 2001       
 year           | 2002       
 i_brand_id     | 5003001    
 i_class_id     | 3          
 i_category_id  | 9          
 i_manufact_id  | 456        
 prev_yr_cnt    | 5617       
 curr_yr_cnt    | 4359       
 sales_cnt_diff | -1258      
 sales_amt_diff | -46563.26  
-RECORD 38-------------------
 prev_year      | 2001       
 year           | 2002       
 i_brand_id     | 9015008    
 i_class_id     | 15         
 i_category_id  | 9          
 i_manufact_id  | 829        
 prev_yr_cnt    | 4998       
 curr_yr_cnt    | 3781       
 sales_cnt_diff | -1217      
 sales_amt_diff | 15209.89   
-RECORD 39-------------------
 prev_year      | 2001       
 year           | 2002       
 i_brand_id     | 7007001    
 i_class_id     | 7          
 i_category_id  | 9          
 i_manufact_id  | 211        
 prev_yr_cnt    | 6277       
 curr_yr_cnt    | 5071       
 sales_cnt_diff | -1206      
 sales_amt_diff | -74262.01  
-RECORD 40-------------------
 prev_year      | 2001       
 year           | 2002       
 i_brand_id     | 9011008    
 i_class_id     | 11         
 i_category_id  | 9          
 i_manufact_id  | 541        
 prev_yr_cnt    | 5654       
 curr_yr_cnt    | 4449       
 sales_cnt_diff | -1205      
 sales_amt_diff | -50137.27  
-RECORD 41-------------------
 prev_year      | 2001       
 year           | 2002       
 i_brand_id     | 6010001    
 i_class_id     | 4          
 i_category_id  | 9          
 i_manufact_id  | 91         
 prev_yr_cnt    | 6373       
 curr_yr_cnt    | 5169       
 sales_cnt_diff | -1204      
 sales_amt_diff | -40582.11  
-RECORD 42-------------------
 prev_year      | 2001       
 year           | 2002       
 i_brand_id     | 4003001    
 i_class_id     | 3          
 i_category_id  | 9          
 i_manufact_id  | 175        
 prev_yr_cnt    | 6106       
 curr_yr_cnt    | 4907       
 sales_cnt_diff | -1199      
 sales_amt_diff | -84819.82  
-RECORD 43-------------------
 prev_year      | 2001       
 year           | 2002       
 i_brand_id     | 9009008    
 i_class_id     | 9          
 i_category_id  | 9          
 i_manufact_id  | 83         
 prev_yr_cnt    | 5880       
 curr_yr_cnt    | 4689       
 sales_cnt_diff | -1191      
 sales_amt_diff | -54463.08  
-RECORD 44-------------------
 prev_year      | 2001       
 year           | 2002       
 i_brand_id     | 9014010    
 i_class_id     | 14         
 i_category_id  | 9          
 i_manufact_id  | 201        
 prev_yr_cnt    | 6106       
 curr_yr_cnt    | 4919       
 sales_cnt_diff | -1187      
 sales_amt_diff | -5741.72   
-RECORD 45-------------------
 prev_year      | 2001       
 year           | 2002       
 i_brand_id     | 9012010    
 i_class_id     | 16         
 i_category_id  | 9          
 i_manufact_id  | 173        
 prev_yr_cnt    | 6576       
 curr_yr_cnt    | 5390       
 sales_cnt_diff | -1186      
 sales_amt_diff | -57504.67  
-RECORD 46-------------------
 prev_year      | 2001       
 year           | 2002       
 i_brand_id     | 9014002    
 i_class_id     | 14         
 i_category_id  | 9          
 i_manufact_id  | 966        
 prev_yr_cnt    | 6066       
 curr_yr_cnt    | 4915       
 sales_cnt_diff | -1151      
 sales_amt_diff | -31274.42  
-RECORD 47-------------------
 prev_year      | 2001       
 year           | 2002       
 i_brand_id     | 9003004    
 i_class_id     | 2          
 i_category_id  | 9          
 i_manufact_id  | 29         
 prev_yr_cnt    | 5232       
 curr_yr_cnt    | 4084       
 sales_cnt_diff | -1148      
 sales_amt_diff | -85408.38  
-RECORD 48-------------------
 prev_year      | 2001       
 year           | 2002       
 i_brand_id     | 9008002    
 i_class_id     | 8          
 i_category_id  | 9          
 i_manufact_id  | 586        
 prev_yr_cnt    | 6212       
 curr_yr_cnt    | 5079       
 sales_cnt_diff | -1133      
 sales_amt_diff | -45166.64  
-RECORD 49-------------------
 prev_year      | 2001       
 year           | 2002       
 i_brand_id     | 9004010    
 i_class_id     | 4          
 i_category_id  | 9          
 i_manufact_id  | 87         
 prev_yr_cnt    | 5551       
 curr_yr_cnt    | 4428       
 sales_cnt_diff | -1123      
 sales_amt_diff | -104064.28 
-RECORD 50-------------------
 prev_year      | 2001       
 year           | 2002       
 i_brand_id     | 9013002    
 i_class_id     | 13         
 i_category_id  | 9          
 i_manufact_id  | 18         
 prev_yr_cnt    | 5087       
 curr_yr_cnt    | 3977       
 sales_cnt_diff | -1110      
 sales_amt_diff | 34375.04   
-RECORD 51-------------------
 prev_year      | 2001       
 year           | 2002       
 i_brand_id     | 9001008    
 i_class_id     | 1          
 i_category_id  | 9          
 i_manufact_id  | 65         
 prev_yr_cnt    | 5429       
 curr_yr_cnt    | 4333       
 sales_cnt_diff | -1096      
 sales_amt_diff | -112773.38 
-RECORD 52-------------------
 prev_year      | 2001       
 year           | 2002       
 i_brand_id     | 8007003    
 i_class_id     | 4          
 i_category_id  | 9          
 i_manufact_id  | 290        
 prev_yr_cnt    | 6148       
 curr_yr_cnt    | 5075       
 sales_cnt_diff | -1073      
 sales_amt_diff | -48541.94  
-RECORD 53-------------------
 prev_year      | 2001       
 year           | 2002       
 i_brand_id     | 9004002    
 i_class_id     | 4          
 i_category_id  | 9          
 i_manufact_id  | 506        
 prev_yr_cnt    | 5503       
 curr_yr_cnt    | 4432       
 sales_cnt_diff | -1071      
 sales_amt_diff | -47389.52  
-RECORD 54-------------------
 prev_year      | 2001       
 year           | 2002       
 i_brand_id     | 9001009    
 i_class_id     | 1          
 i_category_id  | 9          
 i_manufact_id  | 73         
 prev_yr_cnt    | 5116       
 curr_yr_cnt    | 4053       
 sales_cnt_diff | -1063      
 sales_amt_diff | -12805.29  
-RECORD 55-------------------
 prev_year      | 2001       
 year           | 2002       
 i_brand_id     | 9003008    
 i_class_id     | 3          
 i_category_id  | 9          
 i_manufact_id  | 156        
 prev_yr_cnt    | 5719       
 curr_yr_cnt    | 4665       
 sales_cnt_diff | -1054      
 sales_amt_diff | -27241.44  
-RECORD 56-------------------
 prev_year      | 2001       
 year           | 2002       
 i_brand_id     | 9011008    
 i_class_id     | 11         
 i_category_id  | 9          
 i_manufact_id  | 324        
 prev_yr_cnt    | 5293       
 curr_yr_cnt    | 4253       
 sales_cnt_diff | -1040      
 sales_amt_diff | -78455.59  
-RECORD 57-------------------
 prev_year      | 2001       
 year           | 2002       
 i_brand_id     | 9011008    
 i_class_id     | 11         
 i_category_id  | 9          
 i_manufact_id  | 525        
 prev_yr_cnt    | 5269       
 curr_yr_cnt    | 4243       
 sales_cnt_diff | -1026      
 sales_amt_diff | -8416.01   
-RECORD 58-------------------
 prev_year      | 2001       
 year           | 2002       
 i_brand_id     | 9009004    
 i_class_id     | 9          
 i_category_id  | 9          
 i_manufact_id  | 599        
 prev_yr_cnt    | 5642       
 curr_yr_cnt    | 4622       
 sales_cnt_diff | -1020      
 sales_amt_diff | -7244.59   
-RECORD 59-------------------
 prev_year      | 2001       
 year           | 2002       
 i_brand_id     | 9004010    
 i_class_id     | 4          
 i_category_id  | 9          
 i_manufact_id  | 146        
 prev_yr_cnt    | 5387       
 curr_yr_cnt    | 4373       
 sales_cnt_diff | -1014      
 sales_amt_diff | -96437.31  
-RECORD 60-------------------
 prev_year      | 2001       
 year           | 2002       
 i_brand_id     | 9002010    
 i_class_id     | 2          
 i_category_id  | 9          
 i_manufact_id  | 64         
 prev_yr_cnt    | 4911       
 curr_yr_cnt    | 3898       
 sales_cnt_diff | -1013      
 sales_amt_diff | -70357.40  
-RECORD 61-------------------
 prev_year      | 2001       
 year           | 2002       
 i_brand_id     | 2003001    
 i_class_id     | 3          
 i_category_id  | 9          
 i_manufact_id  | 4          
 prev_yr_cnt    | 6089       
 curr_yr_cnt    | 5078       
 sales_cnt_diff | -1011      
 sales_amt_diff | -14326.99  
-RECORD 62-------------------
 prev_year      | 2001       
 year           | 2002       
 i_brand_id     | 9015002    
 i_class_id     | 15         
 i_category_id  | 9          
 i_manufact_id  | 120        
 prev_yr_cnt    | 5419       
 curr_yr_cnt    | 4409       
 sales_cnt_diff | -1010      
 sales_amt_diff | -25557.35  
-RECORD 63-------------------
 prev_year      | 2001       
 year           | 2002       
 i_brand_id     | 9008002    
 i_class_id     | 8          
 i_category_id  | 9          
 i_manufact_id  | 433        
 prev_yr_cnt    | 5707       
 curr_yr_cnt    | 4697       
 sales_cnt_diff | -1010      
 sales_amt_diff | -59856.93  
-RECORD 64-------------------
 prev_year      | 2001       
 year           | 2002       
 i_brand_id     | 9008010    
 i_class_id     | 3          
 i_category_id  | 9          
 i_manufact_id  | 64         
 prev_yr_cnt    | 6024       
 curr_yr_cnt    | 5020       
 sales_cnt_diff | -1004      
 sales_amt_diff | 15466.29   
-RECORD 65-------------------
 prev_year      | 2001       
 year           | 2002       
 i_brand_id     | 1003001    
 i_class_id     | 5          
 i_category_id  | 9          
 i_manufact_id  | 139        
 prev_yr_cnt    | 6059       
 curr_yr_cnt    | 5060       
 sales_cnt_diff | -999       
 sales_amt_diff | -23720.17  
-RECORD 66-------------------
 prev_year      | 2001       
 year           | 2002       
 i_brand_id     | 9013008    
 i_class_id     | 13         
 i_category_id  | 9          
 i_manufact_id  | 660        
 prev_yr_cnt    | 5400       
 curr_yr_cnt    | 4411       
 sales_cnt_diff | -989       
 sales_amt_diff | -6728.84   
-RECORD 67-------------------
 prev_year      | 2001       
 year           | 2002       
 i_brand_id     | 9003002    
 i_class_id     | 3          
 i_category_id  | 9          
 i_manufact_id  | 281        
 prev_yr_cnt    | 5640       
 curr_yr_cnt    | 4651       
 sales_cnt_diff | -989       
 sales_amt_diff | -62224.16  
-RECORD 68-------------------
 prev_year      | 2001       
 year           | 2002       
 i_brand_id     | 9013002    
 i_class_id     | 13         
 i_category_id  | 9          
 i_manufact_id  | 30         
 prev_yr_cnt    | 4967       
 curr_yr_cnt    | 3997       
 sales_cnt_diff | -970       
 sales_amt_diff | -74733.18  
-RECORD 69-------------------
 prev_year      | 2001       
 year           | 2002       
 i_brand_id     | 6014001    
 i_class_id     | 14         
 i_category_id  | 9          
 i_manufact_id  | 977        
 prev_yr_cnt    | 5339       
 curr_yr_cnt    | 4369       
 sales_cnt_diff | -970       
 sales_amt_diff | -34999.44  
-RECORD 70-------------------
 prev_year      | 2001       
 year           | 2002       
 i_brand_id     | 8012009    
 i_class_id     | 12         
 i_category_id  | 9          
 i_manufact_id  | 149        
 prev_yr_cnt    | 5872       
 curr_yr_cnt    | 4905       
 sales_cnt_diff | -967       
 sales_amt_diff | -25425.45  
-RECORD 71-------------------
 prev_year      | 2001       
 year           | 2002       
 i_brand_id     | 9004009    
 i_class_id     | 4          
 i_category_id  | 9          
 i_manufact_id  | 618        
 prev_yr_cnt    | 5522       
 curr_yr_cnt    | 4576       
 sales_cnt_diff | -946       
 sales_amt_diff | -59306.75  
-RECORD 72-------------------
 prev_year      | 2001       
 year           | 2002       
 i_brand_id     | 7006009    
 i_class_id     | 8          
 i_category_id  | 9          
 i_manufact_id  | 116        
 prev_yr_cnt    | 5471       
 curr_yr_cnt    | 4528       
 sales_cnt_diff | -943       
 sales_amt_diff | -65664.87  
-RECORD 73-------------------
 prev_year      | 2001       
 year           | 2002       
 i_brand_id     | 9014010    
 i_class_id     | 15         
 i_category_id  | 9          
 i_manufact_id  | 151        
 prev_yr_cnt    | 5633       
 curr_yr_cnt    | 4701       
 sales_cnt_diff | -932       
 sales_amt_diff | 7429.42    
-RECORD 74-------------------
 prev_year      | 2001       
 year           | 2002       
 i_brand_id     | 9003002    
 i_class_id     | 3          
 i_category_id  | 9          
 i_manufact_id  | 877        
 prev_yr_cnt    | 6303       
 curr_yr_cnt    | 5379       
 sales_cnt_diff | -924       
 sales_amt_diff | -45324.79  
-RECORD 75-------------------
 prev_year      | 2001       
 year           | 2002       
 i_brand_id     | 9006008    
 i_class_id     | 6          
 i_category_id  | 9          
 i_manufact_id  | 162        
 prev_yr_cnt    | 5169       
 curr_yr_cnt    | 4251       
 sales_cnt_diff | -918       
 sales_amt_diff | -69642.81  
-RECORD 76-------------------
 prev_year      | 2001       
 year           | 2002       
 i_brand_id     | 9008010    
 i_class_id     | 8          
 i_category_id  | 9          
 i_manufact_id  | 503        
 prev_yr_cnt    | 5526       
 curr_yr_cnt    | 4608       
 sales_cnt_diff | -918       
 sales_amt_diff | -49021.02  
-RECORD 77-------------------
 prev_year      | 2001       
 year           | 2002       
 i_brand_id     | 9005002    
 i_class_id     | 5          
 i_category_id  | 9          
 i_manufact_id  | 530        
 prev_yr_cnt    | 4962       
 curr_yr_cnt    | 4049       
 sales_cnt_diff | -913       
 sales_amt_diff | -51406.91  
-RECORD 78-------------------
 prev_year      | 2001       
 year           | 2002       
 i_brand_id     | 9010002    
 i_class_id     | 10         
 i_category_id  | 9          
 i_manufact_id  | 236        
 prev_yr_cnt    | 5107       
 curr_yr_cnt    | 4195       
 sales_cnt_diff | -912       
 sales_amt_diff | -68196.83  
-RECORD 79-------------------
 prev_year      | 2001       
 year           | 2002       
 i_brand_id     | 9015004    
 i_class_id     | 15         
 i_category_id  | 9          
 i_manufact_id  | 134        
 prev_yr_cnt    | 4996       
 curr_yr_cnt    | 4092       
 sales_cnt_diff | -904       
 sales_amt_diff | -20839.46  
-RECORD 80-------------------
 prev_year      | 2001       
 year           | 2002       
 i_brand_id     | 9009009    
 i_class_id     | 6          
 i_category_id  | 9          
 i_manufact_id  | 181        
 prev_yr_cnt    | 5283       
 curr_yr_cnt    | 4380       
 sales_cnt_diff | -903       
 sales_amt_diff | -50577.89  
-RECORD 81-------------------
 prev_year      | 2001       
 year           | 2002       
 i_brand_id     | 9009010    
 i_class_id     | 16         
 i_category_id  | 9          
 i_manufact_id  | 590        
 prev_yr_cnt    | 4684       
 curr_yr_cnt    | 3787       
 sales_cnt_diff | -897       
 sales_amt_diff | -42032.78  
-RECORD 82-------------------
 prev_year      | 2001       
 year           | 2002       
 i_brand_id     | 9006008    
 i_class_id     | 6          
 i_category_id  | 9          
 i_manufact_id  | 221        
 prev_yr_cnt    | 5238       
 curr_yr_cnt    | 4347       
 sales_cnt_diff | -891       
 sales_amt_diff | -110703.28 
-RECORD 83-------------------
 prev_year      | 2001       
 year           | 2002       
 i_brand_id     | 10009017   
 i_class_id     | 9          
 i_category_id  | 9          
 i_manufact_id  | 640        
 prev_yr_cnt    | 5562       
 curr_yr_cnt    | 4682       
 sales_cnt_diff | -880       
 sales_amt_diff | -91021.88  
-RECORD 84-------------------
 prev_year      | 2001       
 year           | 2002       
 i_brand_id     | 7013003    
 i_class_id     | 13         
 i_category_id  | 9          
 i_manufact_id  | 313        
 prev_yr_cnt    | 5161       
 curr_yr_cnt    | 4284       
 sales_cnt_diff | -877       
 sales_amt_diff | -55538.42  
-RECORD 85-------------------
 prev_year      | 2001       
 year           | 2002       
 i_brand_id     | 3004001    
 i_class_id     | 12         
 i_category_id  | 9          
 i_manufact_id  | 570        
 prev_yr_cnt    | 5053       
 curr_yr_cnt    | 4181       
 sales_cnt_diff | -872       
 sales_amt_diff | -81469.82  
-RECORD 86-------------------
 prev_year      | 2001       
 year           | 2002       
 i_brand_id     | 9009004    
 i_class_id     | 9          
 i_category_id  | 9          
 i_manufact_id  | 587        
 prev_yr_cnt    | 5131       
 curr_yr_cnt    | 4262       
 sales_cnt_diff | -869       
 sales_amt_diff | -31202.41  
-RECORD 87-------------------
 prev_year      | 2001       
 year           | 2002       
 i_brand_id     | 9010008    
 i_class_id     | 10         
 i_category_id  | 9          
 i_manufact_id  | 86         
 prev_yr_cnt    | 5074       
 curr_yr_cnt    | 4211       
 sales_cnt_diff | -863       
 sales_amt_diff | -31897.54  
-RECORD 88-------------------
 prev_year      | 2001       
 year           | 2002       
 i_brand_id     | 9006002    
 i_class_id     | 6          
 i_category_id  | 9          
 i_manufact_id  | 230        
 prev_yr_cnt    | 5616       
 curr_yr_cnt    | 4756       
 sales_cnt_diff | -860       
 sales_amt_diff | -39142.42  
-RECORD 89-------------------
 prev_year      | 2001       
 year           | 2002       
 i_brand_id     | 9001008    
 i_class_id     | 1          
 i_category_id  | 9          
 i_manufact_id  | 533        
 prev_yr_cnt    | 6196       
 curr_yr_cnt    | 5337       
 sales_cnt_diff | -859       
 sales_amt_diff | -70174.46  
-RECORD 90-------------------
 prev_year      | 2001       
 year           | 2002       
 i_brand_id     | 9004010    
 i_class_id     | 4          
 i_category_id  | 9          
 i_manufact_id  | 102        
 prev_yr_cnt    | 6146       
 curr_yr_cnt    | 5291       
 sales_cnt_diff | -855       
 sales_amt_diff | -66567.87  
-RECORD 91-------------------
 prev_year      | 2001       
 year           | 2002       
 i_brand_id     | 9002004    
 i_class_id     | 2          
 i_category_id  | 9          
 i_manufact_id  | 179        
 prev_yr_cnt    | 5203       
 curr_yr_cnt    | 4351       
 sales_cnt_diff | -852       
 sales_amt_diff | -26624.64  
-RECORD 92-------------------
 prev_year      | 2001       
 year           | 2002       
 i_brand_id     | 9016008    
 i_class_id     | 16         
 i_category_id  | 9          
 i_manufact_id  | 69         
 prev_yr_cnt    | 5922       
 curr_yr_cnt    | 5072       
 sales_cnt_diff | -850       
 sales_amt_diff | -31016.10  
-RECORD 93-------------------
 prev_year      | 2001       
 year           | 2002       
 i_brand_id     | 9008010    
 i_class_id     | 8          
 i_category_id  | 9          
 i_manufact_id  | 81         
 prev_yr_cnt    | 5520       
 curr_yr_cnt    | 4672       
 sales_cnt_diff | -848       
 sales_amt_diff | -44217.60  
-RECORD 94-------------------
 prev_year      | 2001       
 year           | 2002       
 i_brand_id     | 9001002    
 i_class_id     | 1          
 i_category_id  | 9          
 i_manufact_id  | 927        
 prev_yr_cnt    | 5858       
 curr_yr_cnt    | 5013       
 sales_cnt_diff | -845       
 sales_amt_diff | 8179.45    
-RECORD 95-------------------
 prev_year      | 2001       
 year           | 2002       
 i_brand_id     | 1001001    
 i_class_id     | 1          
 i_category_id  | 9          
 i_manufact_id  | 116        
 prev_yr_cnt    | 5773       
 curr_yr_cnt    | 4930       
 sales_cnt_diff | -843       
 sales_amt_diff | 700.02     
-RECORD 96-------------------
 prev_year      | 2001       
 year           | 2002       
 i_brand_id     | 9012008    
 i_class_id     | 12         
 i_category_id  | 9          
 i_manufact_id  | 274        
 prev_yr_cnt    | 6154       
 curr_yr_cnt    | 5316       
 sales_cnt_diff | -838       
 sales_amt_diff | -85490.33  
-RECORD 97-------------------
 prev_year      | 2001       
 year           | 2002       
 i_brand_id     | 6008007    
 i_class_id     | 8          
 i_category_id  | 9          
 i_manufact_id  | 22         
 prev_yr_cnt    | 5439       
 curr_yr_cnt    | 4605       
 sales_cnt_diff | -834       
 sales_amt_diff | -25617.83  
-RECORD 98-------------------
 prev_year      | 2001       
 year           | 2002       
 i_brand_id     | 9016008    
 i_class_id     | 16         
 i_category_id  | 9          
 i_manufact_id  | 601        
 prev_yr_cnt    | 6463       
 curr_yr_cnt    | 5633       
 sales_cnt_diff | -830       
 sales_amt_diff | 22715.94   
-RECORD 99-------------------
 prev_year      | 2001       
 year           | 2002       
 i_brand_id     | 9001008    
 i_class_id     | 1          
 i_category_id  | 9          
 i_manufact_id  | 170        
 prev_yr_cnt    | 5970       
 curr_yr_cnt    | 5142       
 sales_cnt_diff | -828       
 sales_amt_diff | -2265.18
             