-- Automatically generated by TpcdsQueries
-RECORD 0-----------------
 channel    | catalog     
 col_name   | 0           
 d_year     | 1998        
 d_qoy      | 1           
 i_category | Books       
 sales_cnt  | 8           
 sales_amt  | 9808.66     
-RECORD 1-----------------
 channel    | catalog     
 col_name   | 0           
 d_year     | 1998        
 d_qoy      | 1           
 i_category | Children    
 sales_cnt  | 11          
 sales_amt  | 14843.15    
-RECORD 2-----------------
 channel    | catalog     
 col_name   | 0           
 d_year     | 1998        
 d_qoy      | 1           
 i_category | Electronics 
 sales_cnt  | 12          
 sales_amt  | 34659.85    
-RECORD 3-----------------
 channel    | catalog     
 col_name   | 0           
 d_year     | 1998        
 d_qoy      | 1           
 i_category | Home        
 sales_cnt  | 4           
 sales_amt  | 1149.06     
-RECORD 4-----------------
 channel    | catalog     
 col_name   | 0           
 d_year     | 1998        
 d_qoy      | 1           
 i_category | Jewelry     
 sales_cnt  | 7           
 sales_amt  | 16037.86    
-RECORD 5-----------------
 channel    | catalog     
 col_name   | 0           
 d_year     | 1998        
 d_qoy      | 1           
 i_category | Men         
 sales_cnt  | 17          
 sales_amt  | 30340.73    
-RECORD 6-----------------
 channel    | catalog     
 col_name   | 0           
 d_year     | 1998        
 d_qoy      | 1           
 i_category | Music       
 sales_cnt  | 14          
 sales_amt  | 20075.63    
-RECORD 7-----------------
 channel    | catalog     
 col_name   | 0           
 d_year     | 1998        
 d_qoy      | 1           
 i_category | Shoes       
 sales_cnt  | 10          
 sales_amt  | 15432.10    
-RECORD 8-----------------
 channel    | catalog     
 col_name   | 0           
 d_year     | 1998        
 d_qoy      | 1           
 i_category | Sports      
 sales_cnt  | 4           
 sales_amt  | 2660.73     
-RECORD 9-----------------
 channel    | catalog     
 col_name   | 0           
 d_year     | 1998        
 d_qoy      | 1           
 i_category | Women       
 sales_cnt  | 14          
 sales_amt  | 32287.07    
-RECORD 10----------------
 channel    | catalog     
 col_name   | 0           
 d_year     | 1998        
 d_qoy      | 2           
 i_category | Books       
 sales_cnt  | 8           
 sales_amt  | 27523.09    
-RECORD 11----------------
 channel    | catalog     
 col_name   | 0           
 d_year     | 1998        
 d_qoy      | 2           
 i_category | Children    
 sales_cnt  | 11          
 sales_amt  | 33106.16    
-RECORD 12----------------
 channel    | catalog     
 col_name   | 0           
 d_year     | 1998        
 d_qoy      | 2           
 i_category | Electronics 
 sales_cnt  | 16          
 sales_amt  | 24105.87    
-RECORD 13----------------
 channel    | catalog     
 col_name   | 0           
 d_year     | 1998        
 d_qoy      | 2           
 i_category | Home        
 sales_cnt  | 14          
 sales_amt  | 14282.44    
-RECORD 14----------------
 channel    | catalog     
 col_name   | 0           
 d_year     | 1998        
 d_qoy      | 2           
 i_category | Jewelry     
 sales_cnt  | 10          
 sales_amt  | 6120.92     
-RECORD 15----------------
 channel    | catalog     
 col_name   | 0           
 d_year     | 1998        
 d_qoy      | 2           
 i_category | Men         
 sales_cnt  | 13          
 sales_amt  | 25776.26    
-RECORD 16----------------
 channel    | catalog     
 col_name   | 0           
 d_year     | 1998        
 d_qoy      | 2           
 i_category | Music       
 sales_cnt  | 11          
 sales_amt  | 11113.26    
-RECORD 17----------------
 channel    | catalog     
 col_name   | 0           
 d_year     | 1998        
 d_qoy      | 2           
 i_category | Shoes       
 sales_cnt  | 10          
 sales_amt  | 5887.74     
-RECORD 18----------------
 channel    | catalog     
 col_name   | 0           
 d_year     | 1998        
 d_qoy      | 2           
 i_category | Sports      
 sales_cnt  | 9           
 sales_amt  | 15135.88    
-RECORD 19----------------
 channel    | catalog     
 col_name   | 0           
 d_year     | 1998        
 d_qoy      | 2           
 i_category | Women       
 sales_cnt  | 7           
 sales_amt  | 2373.08     
-RECORD 20----------------
 channel    | catalog     
 col_name   | 0           
 d_year     | 1998        
 d_qoy      | 3           
 i_category | Books       
 sales_cnt  | 13          
 sales_amt  | 5452.76     
-RECORD 21----------------
 channel    | catalog     
 col_name   | 0           
 d_year     | 1998        
 d_qoy      | 3           
 i_category | Children    
 sales_cnt  | 18          
 sales_amt  | 32298.89    
-RECORD 22----------------
 channel    | catalog     
 col_name   | 0           
 d_year     | 1998        
 d_qoy      | 3           
 i_category | Electronics 
 sales_cnt  | 21          
 sales_amt  | 49769.09    
-RECORD 23----------------
 channel    | catalog     
 col_name   | 0           
 d_year     | 1998        
 d_qoy      | 3           
 i_category | Home        
 sales_cnt  | 17          
 sales_amt  | 14007.10    
-RECORD 24----------------
 channel    | catalog     
 col_name   | 0           
 d_year     | 1998        
 d_qoy      | 3           
 i_category | Jewelry     
 sales_cnt  | 23          
 sales_amt  | 25680.05    
-RECORD 25----------------
 channel    | catalog     
 col_name   | 0           
 d_year     | 1998        
 d_qoy      | 3           
 i_category | Men         
 sales_cnt  | 20          
 sales_amt  | 45022.03    
-RECORD 26----------------
 channel    | catalog     
 col_name   | 0           
 d_year     | 1998        
 d_qoy      | 3           
 i_category | Music       
 sales_cnt  | 14          
 sales_amt  | 20882.65    
-RECORD 27----------------
 channel    | catalog     
 col_name   | 0           
 d_year     | 1998        
 d_qoy      | 3           
 i_category | Shoes       
 sales_cnt  | 19          
 sales_amt  | 11602.79    
-RECORD 28----------------
 channel    | catalog     
 col_name   | 0           
 d_year     | 1998        
 d_qoy      | 3           
 i_category | Sports      
 sales_cnt  | 18          
 sales_amt  | 17526.27    
-RECORD 29----------------
 channel    | catalog     
 col_name   | 0           
 d_year     | 1998        
 d_qoy      | 3           
 i_category | Women       
 sales_cnt  | 17          
 sales_amt  | 20129.34    
-RECORD 30----------------
 channel    | catalog     
 col_name   | 0           
 d_year     | 1998        
 d_qoy      | 4           
 i_category | null        
 sales_cnt  | 2           
 sales_amt  | 607.00      
-RECORD 31----------------
 channel    | catalog     
 col_name   | 0           
 d_year     | 1998        
 d_qoy      | 4           
 i_category | Books       
 sales_cnt  | 33          
 sales_amt  | 57441.77    
-RECORD 32----------------
 channel    | catalog     
 col_name   | 0           
 d_year     | 1998        
 d_qoy      | 4           
 i_category | Children    
 sales_cnt  | 35          
 sales_amt  | 53915.78    
-RECORD 33----------------
 channel    | catalog     
 col_name   | 0           
 d_year     | 1998        
 d_qoy      | 4           
 i_category | Electronics 
 sales_cnt  | 39          
 sales_amt  | 40769.87    
-RECORD 34----------------
 channel    | catalog     
 col_name   | 0           
 d_year     | 1998        
 d_qoy      | 4           
 i_category | Home        
 sales_cnt  | 28          
 sales_amt  | 40240.88    
-RECORD 35----------------
 channel    | catalog     
 col_name   | 0           
 d_year     | 1998        
 d_qoy      | 4           
 i_category | Jewelry     
 sales_cnt  | 38          
 sales_amt  | 58972.54    
-RECORD 36----------------
 channel    | catalog     
 col_name   | 0           
 d_year     | 1998        
 d_qoy      | 4           
 i_category | Men         
 sales_cnt  | 30          
 sales_amt  | 39765.00    
-RECORD 37----------------
 channel    | catalog     
 col_name   | 0           
 d_year     | 1998        
 d_qoy      | 4           
 i_category | Music       
 sales_cnt  | 32          
 sales_amt  | 70931.52    
-RECORD 38----------------
 channel    | catalog     
 col_name   | 0           
 d_year     | 1998        
 d_qoy      | 4           
 i_category | Shoes       
 sales_cnt  | 33          
 sales_amt  | 65217.73    
-RECORD 39----------------
 channel    | catalog     
 col_name   | 0           
 d_year     | 1998        
 d_qoy      | 4           
 i_category | Sports      
 sales_cnt  | 31          
 sales_amt  | 45867.98    
-RECORD 40----------------
 channel    | catalog     
 col_name   | 0           
 d_year     | 1998        
 d_qoy      | 4           
 i_category | Women       
 sales_cnt  | 32          
 sales_amt  | 33059.29    
-RECORD 41----------------
 channel    | catalog     
 col_name   | 0           
 d_year     | 1999        
 d_qoy      | 1           
 i_category | Books       
 sales_cnt  | 11          
 sales_amt  | 13083.10    
-RECORD 42----------------
 channel    | catalog     
 col_name   | 0           
 d_year     | 1999        
 d_qoy      | 1           
 i_category | Children    
 sales_cnt  | 10          
 sales_amt  | 6952.44     
-RECORD 43----------------
 channel    | catalog     
 col_name   | 0           
 d_year     | 1999        
 d_qoy      | 1           
 i_category | Electronics 
 sales_cnt  | 10          
 sales_amt  | 3112.96     
-RECORD 44----------------
 channel    | catalog     
 col_name   | 0           
 d_year     | 1999        
 d_qoy      | 1           
 i_category | Home        
 sales_cnt  | 9           
 sales_amt  | 4768.55     
-RECORD 45----------------
 channel    | catalog     
 col_name   | 0           
 d_year     | 1999        
 d_qoy      | 1           
 i_category | Jewelry     
 sales_cnt  | 6           
 sales_amt  | 7143.30     
-RECORD 46----------------
 channel    | catalog     
 col_name   | 0           
 d_year     | 1999        
 d_qoy      | 1           
 i_category | Men         
 sales_cnt  | 10          
 sales_amt  | 21187.82    
-RECORD 47----------------
 channel    | catalog     
 col_name   | 0           
 d_year     | 1999        
 d_qoy      | 1           
 i_category | Music       
 sales_cnt  | 6           
 sales_amt  | 265.20      
-RECORD 48----------------
 channel    | catalog     
 col_name   | 0           
 d_year     | 1999        
 d_qoy      | 1           
 i_category | Shoes       
 sales_cnt  | 19          
 sales_amt  | 24625.11    
-RECORD 49----------------
 channel    | catalog     
 col_name   | 0           
 d_year     | 1999        
 d_qoy      | 1           
 i_category | Sports      
 sales_cnt  | 12          
 sales_amt  | 15481.90    
-RECORD 50----------------
 channel    | catalog     
 col_name   | 0           
 d_year     | 1999        
 d_qoy      | 1           
 i_category | Women       
 sales_cnt  | 15          
 sales_amt  | 25291.30    
-RECORD 51----------------
 channel    | catalog     
 col_name   | 0           
 d_year     | 1999        
 d_qoy      | 2           
 i_category | Books       
 sales_cnt  | 17          
 sales_amt  | 14284.73    
-RECORD 52----------------
 channel    | catalog     
 col_name   | 0           
 d_year     | 1999        
 d_qoy      | 2           
 i_category | Children    
 sales_cnt  | 8           
 sales_amt  | 4453.70     
-RECORD 53----------------
 channel    | catalog     
 col_name   | 0           
 d_year     | 1999        
 d_qoy      | 2           
 i_category | Electronics 
 sales_cnt  | 14          
 sales_amt  | 7808.53     
-RECORD 54----------------
 channel    | catalog     
 col_name   | 0           
 d_year     | 1999        
 d_qoy      | 2           
 i_category | Home        
 sales_cnt  | 7           
 sales_amt  | 7418.42     
-RECORD 55----------------
 channel    | catalog     
 col_name   | 0           
 d_year     | 1999        
 d_qoy      | 2           
 i_category | Jewelry     
 sales_cnt  | 13          
 sales_amt  | 11931.85    
-RECORD 56----------------
 channel    | catalog     
 col_name   | 0           
 d_year     | 1999        
 d_qoy      | 2           
 i_category | Men         
 sales_cnt  | 8           
 sales_amt  | 1730.92     
-RECORD 57----------------
 channel    | catalog     
 col_name   | 0           
 d_year     | 1999        
 d_qoy      | 2           
 i_category | Music       
 sales_cnt  | 11          
 sales_amt  | 14585.34    
-RECORD 58----------------
 channel    | catalog     
 col_name   | 0           
 d_year     | 1999        
 d_qoy      | 2           
 i_category | Shoes       
 sales_cnt  | 10          
 sales_amt  | 16267.47    
-RECORD 59----------------
 channel    | catalog     
 col_name   | 0           
 d_year     | 1999        
 d_qoy      | 2           
 i_category | Sports      
 sales_cnt  | 7           
 sales_amt  | 1058.62     
-RECORD 60----------------
 channel    | catalog     
 col_name   | 0           
 d_year     | 1999        
 d_qoy      | 2           
 i_category | Women       
 sales_cnt  | 17          
 sales_amt  | 17451.00    
-RECORD 61----------------
 channel    | catalog     
 col_name   | 0           
 d_year     | 1999        
 d_qoy      | 3           
 i_category | Books       
 sales_cnt  | 21          
 sales_amt  | 34033.74    
-RECORD 62----------------
 channel    | catalog     
 col_name   | 0           
 d_year     | 1999        
 d_qoy      | 3           
 i_category | Children    
 sales_cnt  | 15          
 sales_amt  | 28755.03    
-RECORD 63----------------
 channel    | catalog     
 col_name   | 0           
 d_year     | 1999        
 d_qoy      | 3           
 i_category | Electronics 
 sales_cnt  | 24          
 sales_amt  | 41518.93    
-RECORD 64----------------
 channel    | catalog     
 col_name   | 0           
 d_year     | 1999        
 d_qoy      | 3           
 i_category | Home        
 sales_cnt  | 20          
 sales_amt  | 39919.72    
-RECORD 65----------------
 channel    | catalog     
 col_name   | 0           
 d_year     | 1999        
 d_qoy      | 3           
 i_category | Jewelry     
 sales_cnt  | 22          
 sales_amt  | 15372.42    
-RECORD 66----------------
 channel    | catalog     
 col_name   | 0           
 d_year     | 1999        
 d_qoy      | 3           
 i_category | Men         
 sales_cnt  | 26          
 sales_amt  | 49692.31    
-RECORD 67----------------
 channel    | catalog     
 col_name   | 0           
 d_year     | 1999        
 d_qoy      | 3           
 i_category | Music       
 sales_cnt  | 23          
 sales_amt  | 6840.77     
-RECORD 68----------------
 channel    | catalog     
 col_name   | 0           
 d_year     | 1999        
 d_qoy      | 3           
 i_category | Shoes       
 sales_cnt  | 19          
 sales_amt  | 21542.78    
-RECORD 69----------------
 channel    | catalog     
 col_name   | 0           
 d_year     | 1999        
 d_qoy      | 3           
 i_category | Sports      
 sales_cnt  | 17          
 sales_amt  | 15957.19    
-RECORD 70----------------
 channel    | catalog     
 col_name   | 0           
 d_year     | 1999        
 d_qoy      | 3           
 i_category | Women       
 sales_cnt  | 27          
 sales_amt  | 30416.44    
-RECORD 71----------------
 channel    | catalog     
 col_name   | 0           
 d_year     | 1999        
 d_qoy      | 4           
 i_category | null        
 sales_cnt  | 1           
 sales_amt  | 9077.75     
-RECORD 72----------------
 channel    | catalog     
 col_name   | 0           
 d_year     | 1999        
 d_qoy      | 4           
 i_category | Books       
 sales_cnt  | 36          
 sales_amt  | 60721.76    
-RECORD 73----------------
 channel    | catalog     
 col_name   | 0           
 d_year     | 1999        
 d_qoy      | 4           
 i_category | Children    
 sales_cnt  | 22          
 sales_amt  | 21641.02    
-RECORD 74----------------
 channel    | catalog     
 col_name   | 0           
 d_year     | 1999        
 d_qoy      | 4           
 i_category | Electronics 
 sales_cnt  | 37          
 sales_amt  | 30157.36    
-RECORD 75----------------
 channel    | catalog     
 col_name   | 0           
 d_year     | 1999        
 d_qoy      | 4           
 i_category | Home        
 sales_cnt  | 34          
 sales_amt  | 42467.56    
-RECORD 76----------------
 channel    | catalog     
 col_name   | 0           
 d_year     | 1999        
 d_qoy      | 4           
 i_category | Jewelry     
 sales_cnt  | 35          
 sales_amt  | 38566.86    
-RECORD 77----------------
 channel    | catalog     
 col_name   | 0           
 d_year     | 1999        
 d_qoy      | 4           
 i_category | Men         
 sales_cnt  | 26          
 sales_amt  | 28008.47    
-RECORD 78----------------
 channel    | catalog     
 col_name   | 0           
 d_year     | 1999        
 d_qoy      | 4           
 i_category | Music       
 sales_cnt  | 26          
 sales_amt  | 31237.65    
-RECORD 79----------------
 channel    | catalog     
 col_name   | 0           
 d_year     | 1999        
 d_qoy      | 4           
 i_category | Shoes       
 sales_cnt  | 27          
 sales_amt  | 45175.99    
-RECORD 80----------------
 channel    | catalog     
 col_name   | 0           
 d_year     | 1999        
 d_qoy      | 4           
 i_category | Sports      
 sales_cnt  | 39          
 sales_amt  | 68801.24    
-RECORD 81----------------
 channel    | catalog     
 col_name   | 0           
 d_year     | 1999        
 d_qoy      | 4           
 i_category | Women       
 sales_cnt  | 38          
 sales_amt  | 55600.11    
-RECORD 82----------------
 channel    | catalog     
 col_name   | 0           
 d_year     | 2000        
 d_qoy      | 1           
 i_category | Books       
 sales_cnt  | 12          
 sales_amt  | 14558.48    
-RECORD 83----------------
 channel    | catalog     
 col_name   | 0           
 d_year     | 2000        
 d_qoy      | 1           
 i_category | Children    
 sales_cnt  | 11          
 sales_amt  | 10218.22    
-RECORD 84----------------
 channel    | catalog     
 col_name   | 0           
 d_year     | 2000        
 d_qoy      | 1           
 i_category | Electronics 
 sales_cnt  | 6           
 sales_amt  | 13621.14    
-RECORD 85----------------
 channel    | catalog     
 col_name   | 0           
 d_year     | 2000        
 d_qoy      | 1           
 i_category | Home        
 sales_cnt  | 11          
 sales_amt  | 13460.77    
-RECORD 86----------------
 channel    | catalog     
 col_name   | 0           
 d_year     | 2000        
 d_qoy      | 1           
 i_category | Jewelry     
 sales_cnt  | 10          
 sales_amt  | 8071.78     
-RECORD 87----------------
 channel    | catalog     
 col_name   | 0           
 d_year     | 2000        
 d_qoy      | 1           
 i_category | Men         
 sales_cnt  | 10          
 sales_amt  | 14579.76    
-RECORD 88----------------
 channel    | catalog     
 col_name   | 0           
 d_year     | 2000        
 d_qoy      | 1           
 i_category | Music       
 sales_cnt  | 9           
 sales_amt  | 23840.61    
-RECORD 89----------------
 channel    | catalog     
 col_name   | 0           
 d_year     | 2000        
 d_qoy      | 1           
 i_category | Shoes       
 sales_cnt  | 15          
 sales_amt  | 38230.31    
-RECORD 90----------------
 channel    | catalog     
 col_name   | 0           
 d_year     | 2000        
 d_qoy      | 1           
 i_category | Sports      
 sales_cnt  | 13          
 sales_amt  | 5259.09     
-RECORD 91----------------
 channel    | catalog     
 col_name   | 0           
 d_year     | 2000        
 d_qoy      | 1           
 i_category | Women       
 sales_cnt  | 10          
 sales_amt  | 6568.10     
-RECORD 92----------------
 channel    | catalog     
 col_name   | 0           
 d_year     | 2000        
 d_qoy      | 2           
 i_category | null        
 sales_cnt  | 1           
 sales_amt  | null        
-RECORD 93----------------
 channel    | catalog     
 col_name   | 0           
 d_year     | 2000        
 d_qoy      | 2           
 i_category | Books       
 sales_cnt  | 15          
 sales_amt  | 27517.21    
-RECORD 94----------------
 channel    | catalog     
 col_name   | 0           
 d_year     | 2000        
 d_qoy      | 2           
 i_category | Children    
 sales_cnt  | 9           
 sales_amt  | 4430.92     
-RECORD 95----------------
 channel    | catalog     
 col_name   | 0           
 d_year     | 2000        
 d_qoy      | 2           
 i_category | Electronics 
 sales_cnt  | 9           
 sales_amt  | 7435.41     
-RECORD 96----------------
 channel    | catalog     
 col_name   | 0           
 d_year     | 2000        
 d_qoy      | 2           
 i_category | Home        
 sales_cnt  | 10          
 sales_amt  | 12542.28    
-RECORD 97----------------
 channel    | catalog     
 col_name   | 0           
 d_year     | 2000        
 d_qoy      | 2           
 i_category | Jewelry     
 sales_cnt  | 8           
 sales_amt  | 4325.38     
-RECORD 98----------------
 channel    | catalog     
 col_name   | 0           
 d_year     | 2000        
 d_qoy      | 2           
 i_category | Men         
 sales_cnt  | 12          
 sales_amt  | 5896.08     
-RECORD 99----------------
 channel    | catalog     
 col_name   | 0           
 d_year     | 2000        
 d_qoy      | 2           
 i_category | Music       
 sales_cnt  | 11          
 sales_amt  | 2962.75
             