-- Automatically generated by TpcdsQueries
-RECORD 0------------------
 channel | null            
 id      | 0               
 sales   | 238379361.39    
 returns | 11949589.80     
 profit  | -69066318.65    
-RECORD 1------------------
 channel | catalog channel 
 id      | 0               
 sales   | 116209.49       
 returns | 1989207.49      
 profit  | -1103184.43     
-RECORD 2------------------
 channel | catalog channel 
 id      | 0               
 sales   | 81893158.01     
 returns | 7956829.96      
 profit  | -13266843.17    
-RECORD 3------------------
 channel | catalog channel 
 id      | 1               
 sales   | 26819348.55     
 returns | 1989207.49      
 profit  | -4169636.96     
-RECORD 4------------------
 channel | catalog channel 
 id      | 2               
 sales   | 27454600.50     
 returns | 1989207.49      
 profit  | -3825432.73     
-RECORD 5------------------
 channel | catalog channel 
 id      | 5               
 sales   | 27502999.47     
 returns | 1989207.49      
 profit  | -4168589.05     
-RECORD 6------------------
 channel | store channel   
 id      | 0               
 sales   | 114945147.06    
 returns | 2805428.32      
 profit  | -51038302.63    
-RECORD 7------------------
 channel | store channel   
 id      | 1               
 sales   | 19743223.74     
 returns | 437906.57       
 profit  | -8831106.92     
-RECORD 8------------------
 channel | store channel   
 id      | 2               
 sales   | 18272722.14     
 returns | 522196.16       
 profit  | -8183951.59     
-RECORD 9------------------
 channel | store channel   
 id      | 4               
 sales   | 19720603.73     
 returns | 449683.19       
 profit  | -8686183.94     
-RECORD 10-----------------
 channel | store channel   
 id      | 7               
 sales   | 19275817.79     
 returns | 456008.74       
 profit  | -8633897.32     
-RECORD 11-----------------
 channel | store channel   
 id      | 8               
 sales   | 19342554.44     
 returns | 467014.66       
 profit  | -8767463.34     
-RECORD 12-----------------
 channel | store channel   
 id      | 10              
 sales   | 18590225.22     
 returns | 472619.00       
 profit  | -7935699.52     
-RECORD 13-----------------
 channel | web channel     
 id      | 0               
 sales   | 41541056.32     
 returns | 1187331.52      
 profit  | -4761172.85     
-RECORD 14-----------------
 channel | web channel     
 id      | 1               
 sales   | 1228578.03      
 returns | 47675.10        
 profit  | -188274.21      
-RECORD 15-----------------
 channel | web channel     
 id      | 2               
 sales   | 1343477.51      
 returns | 44041.96        
 profit  | -110450.27      
-RECORD 16-----------------
 channel | web channel     
 id      | 5               
 sales   | 1355045.09      
 returns | 11417.70        
 profit  | -99307.08       
-RECORD 17-----------------
 channel | web channel     
 id      | 7               
 sales   | 1439105.65      
 returns | 44505.99        
 profit  | -131740.09      
-RECORD 18-----------------
 channel | web channel     
 id      | 8               
 sales   | 1222672.59      
 returns | 64741.73        
 profit  | -137947.41      
-RECORD 19-----------------
 channel | web channel     
 id      | 11              
 sales   | 1380233.43      
 returns | 12631.13        
 profit  | -89907.09       
-RECORD 20-----------------
 channel | web channel     
 id      | 13              
 sales   | 1380503.10      
 returns | 66341.09        
 profit  | -190038.15      
-RECORD 21-----------------
 channel | web channel     
 id      | 14              
 sales   | 1322143.80      
 returns | 66841.97        
 profit  | -172945.60      
-RECORD 22-----------------
 channel | web channel     
 id      | 17              
 sales   | 1640923.76      
 returns | 6485.63         
 profit  | -15639.73       
-RECORD 23-----------------
 channel | web channel     
 id      | 19              
 sales   | 1258408.09      
 returns | 43554.94        
 profit  | -95271.34       
-RECORD 24-----------------
 channel | web channel     
 id      | 20              
 sales   | 1413076.47      
 returns | 25716.55        
 profit  | -176644.94      
-RECORD 25-----------------
 channel | web channel     
 id      | 23              
 sales   | 1522205.18      
 returns | 26405.14        
 profit  | -102673.55      
-RECORD 26-----------------
 channel | web channel     
 id      | 25              
 sales   | 1435872.54      
 returns | 58108.85        
 profit  | -141661.85      
-RECORD 27-----------------
 channel | web channel     
 id      | 26              
 sales   | 1364954.66      
 returns | 41289.03        
 profit  | -226994.92      
-RECORD 28-----------------
 channel | web channel     
 id      | 29              
 sales   | 1456398.83      
 returns | 23148.07        
 profit  | -127320.23      
-RECORD 29-----------------
 channel | web channel     
 id      | 31              
 sales   | 1331158.19      
 returns | 58914.20        
 profit  | -259972.34      
-RECORD 30-----------------
 channel | web channel     
 id      | 32              
 sales   | 1430016.29      
 returns | 68634.13        
 profit  | -216355.06      
-RECORD 31-----------------
 channel | web channel     
 id      | 35              
 sales   | 1275017.69      
 returns | 9253.48         
 profit  | -86568.79       
-RECORD 32-----------------
 channel | web channel     
 id      | 37              
 sales   | 1527487.12      
 returns | 34512.52        
 profit  | -145699.04      
-RECORD 33-----------------
 channel | web channel     
 id      | 38              
 sales   | 1459100.39      
 returns | 77580.83        
 profit  | -145709.91      
-RECORD 34-----------------
 channel | web channel     
 id      | 41              
 sales   | 1542741.42      
 returns | 22802.83        
 profit  | -126554.81      
-RECORD 35-----------------
 channel | web channel     
 id      | 43              
 sales   | 1556206.93      
 returns | 43143.17        
 profit  | -170251.07      
-RECORD 36-----------------
 channel | web channel     
 id      | 44              
 sales   | 1197577.68      
 returns | 47675.73        
 profit  | -232746.02      
-RECORD 37-----------------
 channel | web channel     
 id      | 47              
 sales   | 1311689.48      
 returns | 14426.63        
 profit  | -151021.48      
-RECORD 38-----------------
 channel | web channel     
 id      | 49              
 sales   | 1487129.22      
 returns | 38844.09        
 profit  | -129263.73      
-RECORD 39-----------------
 channel | web channel     
 id      | 50              
 sales   | 1404935.78      
 returns | 52795.27        
 profit  | -203592.12      
-RECORD 40-----------------
 channel | web channel     
 id      | 53              
 sales   | 1308281.20      
 returns | 25132.82        
 profit  | -234014.24      
-RECORD 41-----------------
 channel | web channel     
 id      | 55              
 sales   | 1348261.69      
 returns | 34116.67        
 profit  | -208865.51      
-RECORD 42-----------------
 channel | web channel     
 id      | 56              
 sales   | 1223987.10      
 returns | 55188.28        
 profit  | -252201.97      
-RECORD 43-----------------
 channel | web channel     
 id      | 59              
 sales   | 1373867.41      
 returns | 21405.99        
 profit  | -191540.30
             