-- Automatically generated by TpcdsQueries
-RECORD 0-----------------------------
 c_last_name              | null      
 c_first_name             | null      
 substring(s_city, 1, 30) | Fairview  
 ss_ticket_number         | 198070    
 amt                      | 3414.76   
 profit                   | -28275.11 
-RECORD 1-----------------------------
 c_last_name              | null      
 c_first_name             | null      
 substring(s_city, 1, 30) | Fairview  
 ss_ticket_number         | 178356    
 amt                      | 4636.16   
 profit                   | -24754.68 
-RECORD 2-----------------------------
 c_last_name              | null      
 c_first_name             | null      
 substring(s_city, 1, 30) | Fairview  
 ss_ticket_number         | 4561      
 amt                      | 38.97     
 profit                   | -17858.20 
-RECORD 3-----------------------------
 c_last_name              | null      
 c_first_name             | null      
 substring(s_city, 1, 30) | Fairview  
 ss_ticket_number         | 227170    
 amt                      | 4972.68   
 profit                   | -17709.46 
-RECORD 4-----------------------------
 c_last_name              | null      
 c_first_name             | null      
 substring(s_city, 1, 30) | Fairview  
 ss_ticket_number         | 78433     
 amt                      | 689.97    
 profit                   | -16192.40 
-RECORD 5-----------------------------
 c_last_name              | null      
 c_first_name             | null      
 substring(s_city, 1, 30) | Fairview  
 ss_ticket_number         | 150646    
 amt                      | 3348.61   
 profit                   | -15819.67 
-RECORD 6-----------------------------
 c_last_name              | null      
 c_first_name             | null      
 substring(s_city, 1, 30) | Fairview  
 ss_ticket_number         | 15261     
 amt                      | 2836.87   
 profit                   | -15688.87 
-RECORD 7-----------------------------
 c_last_name              | null      
 c_first_name             | null      
 substring(s_city, 1, 30) | Fairview  
 ss_ticket_number         | 226126    
 amt                      | 651.62    
 profit                   | -14052.62 
-RECORD 8-----------------------------
 c_last_name              | null      
 c_first_name             | null      
 substring(s_city, 1, 30) | Fairview  
 ss_ticket_number         | 36397     
 amt                      | 2615.22   
 profit                   | -13738.93 
-RECORD 9-----------------------------
 c_last_name              | null      
 c_first_name             | null      
 substring(s_city, 1, 30) | Fairview  
 ss_ticket_number         | 40        
 amt                      | 532.59    
 profit                   | -12157.64 
-RECORD 10----------------------------
 c_last_name              | null      
 c_first_name             | null      
 substring(s_city, 1, 30) | Fairview  
 ss_ticket_number         | 237656    
 amt                      | 9409.20   
 profit                   | -12036.60 
-RECORD 11----------------------------
 c_last_name              | null      
 c_first_name             | null      
 substring(s_city, 1, 30) | Fairview  
 ss_ticket_number         | 178664    
 amt                      | 0.00      
 profit                   | -11859.96 
-RECORD 12----------------------------
 c_last_name              | null      
 c_first_name             | null      
 substring(s_city, 1, 30) | Fairview  
 ss_ticket_number         | 60434     
 amt                      | 7214.21   
 profit                   | -11468.85 
-RECORD 13----------------------------
 c_last_name              | null      
 c_first_name             | null      
 substring(s_city, 1, 30) | Fairview  
 ss_ticket_number         | 23163     
 amt                      | 1270.90   
 profit                   | -11127.55 
-RECORD 14----------------------------
 c_last_name              | null      
 c_first_name             | null      
 substring(s_city, 1, 30) | Fairview  
 ss_ticket_number         | 36041     
 amt                      | 7796.51   
 profit                   | -11067.35 
-RECORD 15----------------------------
 c_last_name              | null      
 c_first_name             | null      
 substring(s_city, 1, 30) | Fairview  
 ss_ticket_number         | 35679     
 amt                      | 5305.03   
 profit                   | -10515.13 
-RECORD 16----------------------------
 c_last_name              | null      
 c_first_name             | null      
 substring(s_city, 1, 30) | Fairview  
 ss_ticket_number         | 233081    
 amt                      | 361.69    
 profit                   | -9831.11  
-RECORD 17----------------------------
 c_last_name              | null      
 c_first_name             | null      
 substring(s_city, 1, 30) | Fairview  
 ss_ticket_number         | 65032     
 amt                      | 3442.33   
 profit                   | -9620.20  
-RECORD 18----------------------------
 c_last_name              | null      
 c_first_name             | null      
 substring(s_city, 1, 30) | Fairview  
 ss_ticket_number         | 162505    
 amt                      | 7179.34   
 profit                   | -8572.34  
-RECORD 19----------------------------
 c_last_name              | null      
 c_first_name             | null      
 substring(s_city, 1, 30) | Fairview  
 ss_ticket_number         | 142857    
 amt                      | 8377.25   
 profit                   | -8392.77  
-RECORD 20----------------------------
 c_last_name              | null      
 c_first_name             | null      
 substring(s_city, 1, 30) | Fairview  
 ss_ticket_number         | 193575    
 amt                      | 1828.27   
 profit                   | -6805.77  
-RECORD 21----------------------------
 c_last_name              | null      
 c_first_name             | null      
 substring(s_city, 1, 30) | Fairview  
 ss_ticket_number         | 49934     
 amt                      | 228.47    
 profit                   | -5430.28  
-RECORD 22----------------------------
 c_last_name              | null      
 c_first_name             | null      
 substring(s_city, 1, 30) | Fairview  
 ss_ticket_number         | 67999     
 amt                      | 621.15    
 profit                   | -5031.30  
-RECORD 23----------------------------
 c_last_name              | null      
 c_first_name             | null      
 substring(s_city, 1, 30) | Fairview  
 ss_ticket_number         | 223653    
 amt                      | 3570.27   
 profit                   | -4327.27  
-RECORD 24----------------------------
 c_last_name              | null      
 c_first_name             | null      
 substring(s_city, 1, 30) | Fairview  
 ss_ticket_number         | 6384      
 amt                      | 0.00      
 profit                   | -3987.67  
-RECORD 25----------------------------
 c_last_name              | null      
 c_first_name             | null      
 substring(s_city, 1, 30) | Fairview  
 ss_ticket_number         | 168833    
 amt                      | 1894.07   
 profit                   | -3677.23  
-RECORD 26----------------------------
 c_last_name              | null      
 c_first_name             | null      
 substring(s_city, 1, 30) | Fairview  
 ss_ticket_number         | 93344     
 amt                      | 0.00      
 profit                   | -1599.51  
-RECORD 27----------------------------
 c_last_name              | null      
 c_first_name             | null      
 substring(s_city, 1, 30) | Fairview  
 ss_ticket_number         | 53781     
 amt                      | 16.91     
 profit                   | 764.24    
-RECORD 28----------------------------
 c_last_name              | null      
 c_first_name             | null      
 substring(s_city, 1, 30) | Fairview  
 ss_ticket_number         | 175529    
 amt                      | 1252.60   
 profit                   | 1017.06   
-RECORD 29----------------------------
 c_last_name              | null      
 c_first_name             | null      
 substring(s_city, 1, 30) | Fairview  
 ss_ticket_number         | 197495    
 amt                      | 373.09    
 profit                   | 2365.53   
-RECORD 30----------------------------
 c_last_name              | null      
 c_first_name             | null      
 substring(s_city, 1, 30) | Fairview  
 ss_ticket_number         | 4047      
 amt                      | 3121.19   
 profit                   | 2715.67   
-RECORD 31----------------------------
 c_last_name              | null      
 c_first_name             | null      
 substring(s_city, 1, 30) | Midway    
 ss_ticket_number         | 48072     
 amt                      | 11113.87  
 profit                   | -29510.66 
-RECORD 32----------------------------
 c_last_name              | null      
 c_first_name             | null      
 substring(s_city, 1, 30) | Midway    
 ss_ticket_number         | 11394     
 amt                      | 5172.08   
 profit                   | -25597.50 
-RECORD 33----------------------------
 c_last_name              | null      
 c_first_name             | null      
 substring(s_city, 1, 30) | Midway    
 ss_ticket_number         | 207040    
 amt                      | 2008.73   
 profit                   | -25394.40 
-RECORD 34----------------------------
 c_last_name              | null      
 c_first_name             | null      
 substring(s_city, 1, 30) | Midway    
 ss_ticket_number         | 222765    
 amt                      | 7629.39   
 profit                   | -25247.34 
-RECORD 35----------------------------
 c_last_name              | null      
 c_first_name             | null      
 substring(s_city, 1, 30) | Midway    
 ss_ticket_number         | 217712    
 amt                      | 4349.03   
 profit                   | -24697.82 
-RECORD 36----------------------------
 c_last_name              | null      
 c_first_name             | null      
 substring(s_city, 1, 30) | Midway    
 ss_ticket_number         | 45131     
 amt                      | 5788.09   
 profit                   | -24158.43 
-RECORD 37----------------------------
 c_last_name              | null      
 c_first_name             | null      
 substring(s_city, 1, 30) | Midway    
 ss_ticket_number         | 164632    
 amt                      | 1394.75   
 profit                   | -23255.21 
-RECORD 38----------------------------
 c_last_name              | null      
 c_first_name             | null      
 substring(s_city, 1, 30) | Midway    
 ss_ticket_number         | 127656    
 amt                      | 5021.65   
 profit                   | -22989.97 
-RECORD 39----------------------------
 c_last_name              | null      
 c_first_name             | null      
 substring(s_city, 1, 30) | Midway    
 ss_ticket_number         | 83311     
 amt                      | 7875.67   
 profit                   | -22914.32 
-RECORD 40----------------------------
 c_last_name              | null      
 c_first_name             | null      
 substring(s_city, 1, 30) | Midway    
 ss_ticket_number         | 56977     
 amt                      | 3159.77   
 profit                   | -20447.95 
-RECORD 41----------------------------
 c_last_name              | null      
 c_first_name             | null      
 substring(s_city, 1, 30) | Midway    
 ss_ticket_number         | 215293    
 amt                      | 0.00      
 profit                   | -19925.34 
-RECORD 42----------------------------
 c_last_name              | null      
 c_first_name             | null      
 substring(s_city, 1, 30) | Midway    
 ss_ticket_number         | 140002    
 amt                      | 905.08    
 profit                   | -18610.09 
-RECORD 43----------------------------
 c_last_name              | null      
 c_first_name             | null      
 substring(s_city, 1, 30) | Midway    
 ss_ticket_number         | 173634    
 amt                      | 9179.91   
 profit                   | -17739.01 
-RECORD 44----------------------------
 c_last_name              | null      
 c_first_name             | null      
 substring(s_city, 1, 30) | Midway    
 ss_ticket_number         | 23863     
 amt                      | 152.72    
 profit                   | -17463.88 
-RECORD 45----------------------------
 c_last_name              | null      
 c_first_name             | null      
 substring(s_city, 1, 30) | Midway    
 ss_ticket_number         | 160686    
 amt                      | 5769.52   
 profit                   | -17219.86 
-RECORD 46----------------------------
 c_last_name              | null      
 c_first_name             | null      
 substring(s_city, 1, 30) | Midway    
 ss_ticket_number         | 82279     
 amt                      | 1835.82   
 profit                   | -17174.21 
-RECORD 47----------------------------
 c_last_name              | null      
 c_first_name             | null      
 substring(s_city, 1, 30) | Midway    
 ss_ticket_number         | 112924    
 amt                      | 10990.60  
 profit                   | -16901.50 
-RECORD 48----------------------------
 c_last_name              | null      
 c_first_name             | null      
 substring(s_city, 1, 30) | Midway    
 ss_ticket_number         | 166267    
 amt                      | 653.18    
 profit                   | -16156.26 
-RECORD 49----------------------------
 c_last_name              | null      
 c_first_name             | null      
 substring(s_city, 1, 30) | Midway    
 ss_ticket_number         | 213647    
 amt                      | 1924.30   
 profit                   | -16123.38 
-RECORD 50----------------------------
 c_last_name              | null      
 c_first_name             | null      
 substring(s_city, 1, 30) | Midway    
 ss_ticket_number         | 204741    
 amt                      | 2259.86   
 profit                   | -15336.56 
-RECORD 51----------------------------
 c_last_name              | null      
 c_first_name             | null      
 substring(s_city, 1, 30) | Midway    
 ss_ticket_number         | 122738    
 amt                      | 12543.65  
 profit                   | -15281.12 
-RECORD 52----------------------------
 c_last_name              | null      
 c_first_name             | null      
 substring(s_city, 1, 30) | Midway    
 ss_ticket_number         | 173203    
 amt                      | 4314.45   
 profit                   | -14126.67 
-RECORD 53----------------------------
 c_last_name              | null      
 c_first_name             | null      
 substring(s_city, 1, 30) | Midway    
 ss_ticket_number         | 147660    
 amt                      | 3460.04   
 profit                   | -14088.14 
-RECORD 54----------------------------
 c_last_name              | null      
 c_first_name             | null      
 substring(s_city, 1, 30) | Midway    
 ss_ticket_number         | 204175    
 amt                      | 1442.30   
 profit                   | -13954.82 
-RECORD 55----------------------------
 c_last_name              | null      
 c_first_name             | null      
 substring(s_city, 1, 30) | Midway    
 ss_ticket_number         | 124093    
 amt                      | 3122.91   
 profit                   | -13873.66 
-RECORD 56----------------------------
 c_last_name              | null      
 c_first_name             | null      
 substring(s_city, 1, 30) | Midway    
 ss_ticket_number         | 230300    
 amt                      | 1956.43   
 profit                   | -13769.94 
-RECORD 57----------------------------
 c_last_name              | null      
 c_first_name             | null      
 substring(s_city, 1, 30) | Midway    
 ss_ticket_number         | 217344    
 amt                      | 0.00      
 profit                   | -13534.82 
-RECORD 58----------------------------
 c_last_name              | null      
 c_first_name             | null      
 substring(s_city, 1, 30) | Midway    
 ss_ticket_number         | 91656     
 amt                      | 2427.25   
 profit                   | -13507.46 
-RECORD 59----------------------------
 c_last_name              | null      
 c_first_name             | null      
 substring(s_city, 1, 30) | Midway    
 ss_ticket_number         | 148611    
 amt                      | 5844.43   
 profit                   | -13212.15 
-RECORD 60----------------------------
 c_last_name              | null      
 c_first_name             | null      
 substring(s_city, 1, 30) | Midway    
 ss_ticket_number         | 234650    
 amt                      | 2836.85   
 profit                   | -12426.80 
-RECORD 61----------------------------
 c_last_name              | null      
 c_first_name             | null      
 substring(s_city, 1, 30) | Midway    
 ss_ticket_number         | 170455    
 amt                      | 3175.00   
 profit                   | -11962.07 
-RECORD 62----------------------------
 c_last_name              | null      
 c_first_name             | null      
 substring(s_city, 1, 30) | Midway    
 ss_ticket_number         | 26663     
 amt                      | 264.59    
 profit                   | -11479.46 
-RECORD 63----------------------------
 c_last_name              | null      
 c_first_name             | null      
 substring(s_city, 1, 30) | Midway    
 ss_ticket_number         | 75387     
 amt                      | 5918.43   
 profit                   | -11406.83 
-RECORD 64----------------------------
 c_last_name              | null      
 c_first_name             | null      
 substring(s_city, 1, 30) | Midway    
 ss_ticket_number         | 77944     
 amt                      | 788.27    
 profit                   | -11329.12 
-RECORD 65----------------------------
 c_last_name              | null      
 c_first_name             | null      
 substring(s_city, 1, 30) | Midway    
 ss_ticket_number         | 135318    
 amt                      | 805.73    
 profit                   | -11284.26 
-RECORD 66----------------------------
 c_last_name              | null      
 c_first_name             | null      
 substring(s_city, 1, 30) | Midway    
 ss_ticket_number         | 2896      
 amt                      | 12623.23  
 profit                   | -11061.86 
-RECORD 67----------------------------
 c_last_name              | null      
 c_first_name             | null      
 substring(s_city, 1, 30) | Midway    
 ss_ticket_number         | 158461    
 amt                      | 29.32     
 profit                   | -10931.38 
-RECORD 68----------------------------
 c_last_name              | null      
 c_first_name             | null      
 substring(s_city, 1, 30) | Midway    
 ss_ticket_number         | 1333      
 amt                      | 1390.53   
 profit                   | -10865.55 
-RECORD 69----------------------------
 c_last_name              | null      
 c_first_name             | null      
 substring(s_city, 1, 30) | Midway    
 ss_ticket_number         | 116866    
 amt                      | 3621.69   
 profit                   | -10822.24 
-RECORD 70----------------------------
 c_last_name              | null      
 c_first_name             | null      
 substring(s_city, 1, 30) | Midway    
 ss_ticket_number         | 194993    
 amt                      | 3401.82   
 profit                   | -10654.47 
-RECORD 71----------------------------
 c_last_name              | null      
 c_first_name             | null      
 substring(s_city, 1, 30) | Midway    
 ss_ticket_number         | 187290    
 amt                      | 6137.11   
 profit                   | -10592.41 
-RECORD 72----------------------------
 c_last_name              | null      
 c_first_name             | null      
 substring(s_city, 1, 30) | Midway    
 ss_ticket_number         | 151959    
 amt                      | 8548.17   
 profit                   | -10204.65 
-RECORD 73----------------------------
 c_last_name              | null      
 c_first_name             | null      
 substring(s_city, 1, 30) | Midway    
 ss_ticket_number         | 149775    
 amt                      | 15.18     
 profit                   | -10113.87 
-RECORD 74----------------------------
 c_last_name              | null      
 c_first_name             | null      
 substring(s_city, 1, 30) | Midway    
 ss_ticket_number         | 157401    
 amt                      | 1094.24   
 profit                   | -10070.65 
-RECORD 75----------------------------
 c_last_name              | null      
 c_first_name             | null      
 substring(s_city, 1, 30) | Midway    
 ss_ticket_number         | 210606    
 amt                      | 2098.02   
 profit                   | -9961.51  
-RECORD 76----------------------------
 c_last_name              | null      
 c_first_name             | null      
 substring(s_city, 1, 30) | Midway    
 ss_ticket_number         | 118130    
 amt                      | 182.41    
 profit                   | -9901.81  
-RECORD 77----------------------------
 c_last_name              | null      
 c_first_name             | null      
 substring(s_city, 1, 30) | Midway    
 ss_ticket_number         | 7439      
 amt                      | 2125.08   
 profit                   | -9595.87  
-RECORD 78----------------------------
 c_last_name              | null      
 c_first_name             | null      
 substring(s_city, 1, 30) | Midway    
 ss_ticket_number         | 19796     
 amt                      | 1532.38   
 profit                   | -9553.82  
-RECORD 79----------------------------
 c_last_name              | null      
 c_first_name             | null      
 substring(s_city, 1, 30) | Midway    
 ss_ticket_number         | 222335    
 amt                      | 0.00      
 profit                   | -9523.98  
-RECORD 80----------------------------
 c_last_name              | null      
 c_first_name             | null      
 substring(s_city, 1, 30) | Midway    
 ss_ticket_number         | 208688    
 amt                      | 1211.17   
 profit                   | -9220.71  
-RECORD 81----------------------------
 c_last_name              | null      
 c_first_name             | null      
 substring(s_city, 1, 30) | Midway    
 ss_ticket_number         | 32396     
 amt                      | 2191.49   
 profit                   | -9201.97  
-RECORD 82----------------------------
 c_last_name              | null      
 c_first_name             | null      
 substring(s_city, 1, 30) | Midway    
 ss_ticket_number         | 111809    
 amt                      | 4648.48   
 profit                   | -9170.68  
-RECORD 83----------------------------
 c_last_name              | null      
 c_first_name             | null      
 substring(s_city, 1, 30) | Midway    
 ss_ticket_number         | 12549     
 amt                      | 1306.17   
 profit                   | -8842.14  
-RECORD 84----------------------------
 c_last_name              | null      
 c_first_name             | null      
 substring(s_city, 1, 30) | Midway    
 ss_ticket_number         | 6762      
 amt                      | 2278.78   
 profit                   | -8696.20  
-RECORD 85----------------------------
 c_last_name              | null      
 c_first_name             | null      
 substring(s_city, 1, 30) | Midway    
 ss_ticket_number         | 12892     
 amt                      | 2172.51   
 profit                   | -8615.80  
-RECORD 86----------------------------
 c_last_name              | null      
 c_first_name             | null      
 substring(s_city, 1, 30) | Midway    
 ss_ticket_number         | 133874    
 amt                      | 0.00      
 profit                   | -8601.78  
-RECORD 87----------------------------
 c_last_name              | null      
 c_first_name             | null      
 substring(s_city, 1, 30) | Midway    
 ss_ticket_number         | 86109     
 amt                      | 161.95    
 profit                   | -8348.77  
-RECORD 88----------------------------
 c_last_name              | null      
 c_first_name             | null      
 substring(s_city, 1, 30) | Midway    
 ss_ticket_number         | 58015     
 amt                      | 5671.25   
 profit                   | -8231.58  
-RECORD 89----------------------------
 c_last_name              | null      
 c_first_name             | null      
 substring(s_city, 1, 30) | Midway    
 ss_ticket_number         | 173045    
 amt                      | 0.00      
 profit                   | -8004.30  
-RECORD 90----------------------------
 c_last_name              | null      
 c_first_name             | null      
 substring(s_city, 1, 30) | Midway    
 ss_ticket_number         | 221481    
 amt                      | 315.96    
 profit                   | -7893.04  
-RECORD 91----------------------------
 c_last_name              | null      
 c_first_name             | null      
 substring(s_city, 1, 30) | Midway    
 ss_ticket_number         | 4682      
 amt                      | 0.00      
 profit                   | -7769.63  
-RECORD 92----------------------------
 c_last_name              | null      
 c_first_name             | null      
 substring(s_city, 1, 30) | Midway    
 ss_ticket_number         | 155285    
 amt                      | 0.00      
 profit                   | -7757.04  
-RECORD 93----------------------------
 c_last_name              | null      
 c_first_name             | null      
 substring(s_city, 1, 30) | Midway    
 ss_ticket_number         | 194931    
 amt                      | 1315.23   
 profit                   | -7705.13  
-RECORD 94----------------------------
 c_last_name              | null      
 c_first_name             | null      
 substring(s_city, 1, 30) | Midway    
 ss_ticket_number         | 208424    
 amt                      | 878.43    
 profit                   | -7702.00  
-RECORD 95----------------------------
 c_last_name              | null      
 c_first_name             | null      
 substring(s_city, 1, 30) | Midway    
 ss_ticket_number         | 199504    
 amt                      | 2052.21   
 profit                   | -7662.62  
-RECORD 96----------------------------
 c_last_name              | null      
 c_first_name             | null      
 substring(s_city, 1, 30) | Midway    
 ss_ticket_number         | 73227     
 amt                      | 2869.94   
 profit                   | -7484.05  
-RECORD 97----------------------------
 c_last_name              | null      
 c_first_name             | null      
 substring(s_city, 1, 30) | Midway    
 ss_ticket_number         | 12578     
 amt                      | 3486.23   
 profit                   | -7447.58  
-RECORD 98----------------------------
 c_last_name              | null      
 c_first_name             | null      
 substring(s_city, 1, 30) | Midway    
 ss_ticket_number         | 160835    
 amt                      | 3133.37   
 profit                   | -7258.48  
-RECORD 99----------------------------
 c_last_name              | null      
 c_first_name             | null      
 substring(s_city, 1, 30) | Midway    
 ss_ticket_number         | 164697    
 amt                      | 6050.09   
 profit                   | -7208.84
             