-- Automatically generated by TpcdsQueries
-RECORD 0-------------------------------
 channel | null                         
 id      | null                         
 sales   | 13553636.71                  
 returns | 630819.07                    
 profit  | -3876883.14                  
-RECORD 1-------------------------------
 channel | catalog channel              
 id      | null                         
 sales   | 4818809.23                   
 returns | 250952.51                    
 profit  | -519182.04                   
-RECORD 2-------------------------------
 channel | catalog channel              
 id      | catalog_pageAAAAAAAAAAABAAAA 
 sales   | 18407.14                     
 returns | 67.62                        
 profit  | 4548.90                      
-RECORD 3-------------------------------
 channel | catalog channel              
 id      | catalog_pageAAAAAAAAABABAAAA 
 sales   | 1837.52                      
 returns | 0.00                         
 profit  | -3388.65                     
-RECORD 4-------------------------------
 channel | catalog channel              
 id      | catalog_pageAAAAAAAAACABAAAA 
 sales   | 18390.60                     
 returns | 0.00                         
 profit  | 9578.02                      
-RECORD 5-------------------------------
 channel | catalog channel              
 id      | catalog_pageAAAAAAAAADABAAAA 
 sales   | 1404.55                      
 returns | 27.58                        
 profit  | -3703.26                     
-RECORD 6-------------------------------
 channel | catalog channel              
 id      | catalog_pageAAAAAAAAADCBAAAA 
 sales   | 2868.85                      
 returns | 0.00                         
 profit  | 826.15                       
-RECORD 7-------------------------------
 channel | catalog channel              
 id      | catalog_pageAAAAAAAAAEABAAAA 
 sales   | 5039.78                      
 returns | 0.00                         
 profit  | -3701.62                     
-RECORD 8-------------------------------
 channel | catalog channel              
 id      | catalog_pageAAAAAAAAAECBAAAA 
 sales   | 3971.05                      
 returns | 0.00                         
 profit  | 1757.41                      
-RECORD 9-------------------------------
 channel | catalog channel              
 id      | catalog_pageAAAAAAAAAFABAAAA 
 sales   | 2316.00                      
 returns | 0.00                         
 profit  | -1002.65                     
-RECORD 10------------------------------
 channel | catalog channel              
 id      | catalog_pageAAAAAAAAAFCBAAAA 
 sales   | 7015.40                      
 returns | 0.00                         
 profit  | 915.49                       
-RECORD 11------------------------------
 channel | catalog channel              
 id      | catalog_pageAAAAAAAAAGABAAAA 
 sales   | 23067.38                     
 returns | 0.00                         
 profit  | 10478.19                     
-RECORD 12------------------------------
 channel | catalog channel              
 id      | catalog_pageAAAAAAAAAGCBAAAA 
 sales   | 27364.22                     
 returns | 0.00                         
 profit  | 8607.28                      
-RECORD 13------------------------------
 channel | catalog channel              
 id      | catalog_pageAAAAAAAAAHABAAAA 
 sales   | 12794.77                     
 returns | 0.00                         
 profit  | -7812.73                     
-RECORD 14------------------------------
 channel | catalog channel              
 id      | catalog_pageAAAAAAAAAHCBAAAA 
 sales   | 2640.87                      
 returns | 63.18                        
 profit  | -2334.42                     
-RECORD 15------------------------------
 channel | catalog channel              
 id      | catalog_pageAAAAAAAAAICBAAAA 
 sales   | 1845.15                      
 returns | 0.00                         
 profit  | -4629.81                     
-RECORD 16------------------------------
 channel | catalog channel              
 id      | catalog_pageAAAAAAAAAJCBAAAA 
 sales   | 1555.72                      
 returns | 0.00                         
 profit  | -5039.18                     
-RECORD 17------------------------------
 channel | catalog channel              
 id      | catalog_pageAAAAAAAAAKPAAAAA 
 sales   | 42070.02                     
 returns | 0.00                         
 profit  | 6567.19                      
-RECORD 18------------------------------
 channel | catalog channel              
 id      | catalog_pageAAAAAAAAALCBAAAA 
 sales   | 8772.47                      
 returns | 0.00                         
 profit  | 479.78                       
-RECORD 19------------------------------
 channel | catalog channel              
 id      | catalog_pageAAAAAAAAALPAAAAA 
 sales   | 20380.13                     
 returns | 0.00                         
 profit  | 2437.83                      
-RECORD 20------------------------------
 channel | catalog channel              
 id      | catalog_pageAAAAAAAAAMCBAAAA 
 sales   | 15549.59                     
 returns | 5438.72                      
 profit  | -7150.88                     
-RECORD 21------------------------------
 channel | catalog channel              
 id      | catalog_pageAAAAAAAAAMPAAAAA 
 sales   | 11607.07                     
 returns | 0.00                         
 profit  | -7275.33                     
-RECORD 22------------------------------
 channel | catalog channel              
 id      | catalog_pageAAAAAAAAANCBAAAA 
 sales   | 21588.37                     
 returns | 0.00                         
 profit  | 4221.36                      
-RECORD 23------------------------------
 channel | catalog channel              
 id      | catalog_pageAAAAAAAAANPAAAAA 
 sales   | 21638.94                     
 returns | 0.00                         
 profit  | 4905.57                      
-RECORD 24------------------------------
 channel | catalog channel              
 id      | catalog_pageAAAAAAAAAOCBAAAA 
 sales   | 521.86                       
 returns | 0.00                         
 profit  | 160.52                       
-RECORD 25------------------------------
 channel | catalog channel              
 id      | catalog_pageAAAAAAAAAOPAAAAA 
 sales   | 38265.71                     
 returns | 0.00                         
 profit  | -15751.13                    
-RECORD 26------------------------------
 channel | catalog channel              
 id      | catalog_pageAAAAAAAAAPCBAAAA 
 sales   | 4872.72                      
 returns | 0.00                         
 profit  | 2322.60                      
-RECORD 27------------------------------
 channel | catalog channel              
 id      | catalog_pageAAAAAAAAAPPAAAAA 
 sales   | 16581.43                     
 returns | 5140.00                      
 profit  | -3778.70                     
-RECORD 28------------------------------
 channel | catalog channel              
 id      | catalog_pageAAAAAAAABAABAAAA 
 sales   | 6642.83                      
 returns | 0.00                         
 profit  | 768.98                       
-RECORD 29------------------------------
 channel | catalog channel              
 id      | catalog_pageAAAAAAAABBABAAAA 
 sales   | 280.96                       
 returns | 0.00                         
 profit  | -50.56                       
-RECORD 30------------------------------
 channel | catalog channel              
 id      | catalog_pageAAAAAAAABCABAAAA 
 sales   | 1048.56                      
 returns | 0.00                         
 profit  | -600.26                      
-RECORD 31------------------------------
 channel | catalog channel              
 id      | catalog_pageAAAAAAAABDABAAAA 
 sales   | 17545.67                     
 returns | 0.00                         
 profit  | -9838.60                     
-RECORD 32------------------------------
 channel | catalog channel              
 id      | catalog_pageAAAAAAAABDCBAAAA 
 sales   | 9090.78                      
 returns | 0.00                         
 profit  | -572.50                      
-RECORD 33------------------------------
 channel | catalog channel              
 id      | catalog_pageAAAAAAAABEABAAAA 
 sales   | 17525.88                     
 returns | 232.32                       
 profit  | -2410.45                     
-RECORD 34------------------------------
 channel | catalog channel              
 id      | catalog_pageAAAAAAAABECBAAAA 
 sales   | 18693.14                     
 returns | 0.00                         
 profit  | -3538.78                     
-RECORD 35------------------------------
 channel | catalog channel              
 id      | catalog_pageAAAAAAAABFABAAAA 
 sales   | 17175.44                     
 returns | 61.36                        
 profit  | 2821.53                      
-RECORD 36------------------------------
 channel | catalog channel              
 id      | catalog_pageAAAAAAAABFCBAAAA 
 sales   | 140.82                       
 returns | 0.00                         
 profit  | -569.12                      
-RECORD 37------------------------------
 channel | catalog channel              
 id      | catalog_pageAAAAAAAABGABAAAA 
 sales   | 384.55                       
 returns | 0.00                         
 profit  | -619.85                      
-RECORD 38------------------------------
 channel | catalog channel              
 id      | catalog_pageAAAAAAAABGCBAAAA 
 sales   | 3166.40                      
 returns | 1590.00                      
 profit  | -9892.69                     
-RECORD 39------------------------------
 channel | catalog channel              
 id      | catalog_pageAAAAAAAABHABAAAA 
 sales   | 14266.65                     
 returns | 0.00                         
 profit  | -4959.21                     
-RECORD 40------------------------------
 channel | catalog channel              
 id      | catalog_pageAAAAAAAABHCBAAAA 
 sales   | 1741.48                      
 returns | 0.00                         
 profit  | 403.78                       
-RECORD 41------------------------------
 channel | catalog channel              
 id      | catalog_pageAAAAAAAABICBAAAA 
 sales   | 1413.03                      
 returns | 0.00                         
 profit  | -789.20                      
-RECORD 42------------------------------
 channel | catalog channel              
 id      | catalog_pageAAAAAAAABJCBAAAA 
 sales   | 17473.29                     
 returns | 18.29                        
 profit  | 2514.85                      
-RECORD 43------------------------------
 channel | catalog channel              
 id      | catalog_pageAAAAAAAABKCBAAAA 
 sales   | 415.15                       
 returns | 0.00                         
 profit  | -1.90                        
-RECORD 44------------------------------
 channel | catalog channel              
 id      | catalog_pageAAAAAAAABKPAAAAA 
 sales   | 2724.27                      
 returns | 0.00                         
 profit  | -8394.13                     
-RECORD 45------------------------------
 channel | catalog channel              
 id      | catalog_pageAAAAAAAABLCBAAAA 
 sales   | 15422.53                     
 returns | 0.00                         
 profit  | 7523.39                      
-RECORD 46------------------------------
 channel | catalog channel              
 id      | catalog_pageAAAAAAAABLPAAAAA 
 sales   | 20440.65                     
 returns | 0.00                         
 profit  | -6095.43                     
-RECORD 47------------------------------
 channel | catalog channel              
 id      | catalog_pageAAAAAAAABMCBAAAA 
 sales   | 2324.92                      
 returns | 0.00                         
 profit  | 1256.32                      
-RECORD 48------------------------------
 channel | catalog channel              
 id      | catalog_pageAAAAAAAABMPAAAAA 
 sales   | 2322.14                      
 returns | 0.00                         
 profit  | -4465.41                     
-RECORD 49------------------------------
 channel | catalog channel              
 id      | catalog_pageAAAAAAAABNCBAAAA 
 sales   | 10606.89                     
 returns | 0.00                         
 profit  | -4039.08                     
-RECORD 50------------------------------
 channel | catalog channel              
 id      | catalog_pageAAAAAAAABNPAAAAA 
 sales   | 5671.18                      
 returns | 0.00                         
 profit  | -6038.20                     
-RECORD 51------------------------------
 channel | catalog channel              
 id      | catalog_pageAAAAAAAABOCBAAAA 
 sales   | 7494.52                      
 returns | 0.00                         
 profit  | 2578.36                      
-RECORD 52------------------------------
 channel | catalog channel              
 id      | catalog_pageAAAAAAAABOPAAAAA 
 sales   | 19163.74                     
 returns | 0.00                         
 profit  | 2677.78                      
-RECORD 53------------------------------
 channel | catalog channel              
 id      | catalog_pageAAAAAAAABPCBAAAA 
 sales   | 48.42                        
 returns | 0.00                         
 profit  | -92.80                       
-RECORD 54------------------------------
 channel | catalog channel              
 id      | catalog_pageAAAAAAAABPPAAAAA 
 sales   | 65484.56                     
 returns | 8188.50                      
 profit  | 16714.73                     
-RECORD 55------------------------------
 channel | catalog channel              
 id      | catalog_pageAAAAAAAACAABAAAA 
 sales   | 34936.59                     
 returns | 0.00                         
 profit  | 6574.55                      
-RECORD 56------------------------------
 channel | catalog channel              
 id      | catalog_pageAAAAAAAACBABAAAA 
 sales   | 8178.17                      
 returns | 0.00                         
 profit  | 1370.92                      
-RECORD 57------------------------------
 channel | catalog channel              
 id      | catalog_pageAAAAAAAACCABAAAA 
 sales   | 24428.99                     
 returns | 0.00                         
 profit  | 7616.93                      
-RECORD 58------------------------------
 channel | catalog channel              
 id      | catalog_pageAAAAAAAACDABAAAA 
 sales   | 17628.32                     
 returns | 1503.67                      
 profit  | -2086.58                     
-RECORD 59------------------------------
 channel | catalog channel              
 id      | catalog_pageAAAAAAAACDCBAAAA 
 sales   | 222.09                       
 returns | 0.00                         
 profit  | 108.57                       
-RECORD 60------------------------------
 channel | catalog channel              
 id      | catalog_pageAAAAAAAACEABAAAA 
 sales   | 9898.50                      
 returns | 491.66                       
 profit  | -4581.91                     
-RECORD 61------------------------------
 channel | catalog channel              
 id      | catalog_pageAAAAAAAACECBAAAA 
 sales   | 11493.96                     
 returns | 0.00                         
 profit  | -7027.70                     
-RECORD 62------------------------------
 channel | catalog channel              
 id      | catalog_pageAAAAAAAACFABAAAA 
 sales   | 25027.83                     
 returns | 11283.47                     
 profit  | 4064.93                      
-RECORD 63------------------------------
 channel | catalog channel              
 id      | catalog_pageAAAAAAAACFCBAAAA 
 sales   | 618.24                       
 returns | 0.00                         
 profit  | -1316.28                     
-RECORD 64------------------------------
 channel | catalog channel              
 id      | catalog_pageAAAAAAAACGABAAAA 
 sales   | 1830.05                      
 returns | 0.00                         
 profit  | -3073.99                     
-RECORD 65------------------------------
 channel | catalog channel              
 id      | catalog_pageAAAAAAAACHABAAAA 
 sales   | 1121.15                      
 returns | 275.52                       
 profit  | -5850.52                     
-RECORD 66------------------------------
 channel | catalog channel              
 id      | catalog_pageAAAAAAAACHCBAAAA 
 sales   | 13108.45                     
 returns | 0.00                         
 profit  | -786.42                      
-RECORD 67------------------------------
 channel | catalog channel              
 id      | catalog_pageAAAAAAAACICBAAAA 
 sales   | 1755.49                      
 returns | 0.00                         
 profit  | 146.98                       
-RECORD 68------------------------------
 channel | catalog channel              
 id      | catalog_pageAAAAAAAACJCBAAAA 
 sales   | 2982.05                      
 returns | 0.00                         
 profit  | -196.21                      
-RECORD 69------------------------------
 channel | catalog channel              
 id      | catalog_pageAAAAAAAACKCBAAAA 
 sales   | 13658.88                     
 returns | 0.00                         
 profit  | 5924.52                      
-RECORD 70------------------------------
 channel | catalog channel              
 id      | catalog_pageAAAAAAAACKPAAAAA 
 sales   | 26319.77                     
 returns | 162.81                       
 profit  | -8423.49                     
-RECORD 71------------------------------
 channel | catalog channel              
 id      | catalog_pageAAAAAAAACLCBAAAA 
 sales   | 6469.97                      
 returns | 0.00                         
 profit  | -5067.48                     
-RECORD 72------------------------------
 channel | catalog channel              
 id      | catalog_pageAAAAAAAACLPAAAAA 
 sales   | 43938.15                     
 returns | 7021.98                      
 profit  | -4638.29                     
-RECORD 73------------------------------
 channel | catalog channel              
 id      | catalog_pageAAAAAAAACMCBAAAA 
 sales   | 9332.13                      
 returns | 0.00                         
 profit  | -5421.54                     
-RECORD 74------------------------------
 channel | catalog channel              
 id      | catalog_pageAAAAAAAACMPAAAAA 
 sales   | 13306.48                     
 returns | 0.00                         
 profit  | -6449.30                     
-RECORD 75------------------------------
 channel | catalog channel              
 id      | catalog_pageAAAAAAAACNPAAAAA 
 sales   | 18488.66                     
 returns | 0.00                         
 profit  | 186.37                       
-RECORD 76------------------------------
 channel | catalog channel              
 id      | catalog_pageAAAAAAAACOCBAAAA 
 sales   | 1220.46                      
 returns | 451.26                       
 profit  | -6770.17                     
-RECORD 77------------------------------
 channel | catalog channel              
 id      | catalog_pageAAAAAAAACOPAAAAA 
 sales   | 27469.76                     
 returns | 1091.48                      
 profit  | 7443.78                      
-RECORD 78------------------------------
 channel | catalog channel              
 id      | catalog_pageAAAAAAAACPCBAAAA 
 sales   | 117.48                       
 returns | 0.00                         
 profit  | 30.19                        
-RECORD 79------------------------------
 channel | catalog channel              
 id      | catalog_pageAAAAAAAACPPAAAAA 
 sales   | 19041.61                     
 returns | 172.22                       
 profit  | 380.68                       
-RECORD 80------------------------------
 channel | catalog channel              
 id      | catalog_pageAAAAAAAADAABAAAA 
 sales   | 12391.42                     
 returns | 953.40                       
 profit  | -7032.35                     
-RECORD 81------------------------------
 channel | catalog channel              
 id      | catalog_pageAAAAAAAADBABAAAA 
 sales   | 1495.00                      
 returns | 0.00                         
 profit  | -9772.65                     
-RECORD 82------------------------------
 channel | catalog channel              
 id      | catalog_pageAAAAAAAADCABAAAA 
 sales   | 0.00                         
 returns | 0.00                         
 profit  | -3388.10                     
-RECORD 83------------------------------
 channel | catalog channel              
 id      | catalog_pageAAAAAAAADDABAAAA 
 sales   | 15917.59                     
 returns | 0.00                         
 profit  | 4459.43                      
-RECORD 84------------------------------
 channel | catalog channel              
 id      | catalog_pageAAAAAAAADDCBAAAA 
 sales   | 4409.76                      
 returns | 733.12                       
 profit  | 912.46                       
-RECORD 85------------------------------
 channel | catalog channel              
 id      | catalog_pageAAAAAAAADEABAAAA 
 sales   | 14545.59                     
 returns | 10419.31                     
 profit  | -2030.01                     
-RECORD 86------------------------------
 channel | catalog channel              
 id      | catalog_pageAAAAAAAADFABAAAA 
 sales   | 5222.68                      
 returns | 0.00                         
 profit  | -3306.65                     
-RECORD 87------------------------------
 channel | catalog channel              
 id      | catalog_pageAAAAAAAADFCBAAAA 
 sales   | 2442.96                      
 returns | 0.00                         
 profit  | -758.68                      
-RECORD 88------------------------------
 channel | catalog channel              
 id      | catalog_pageAAAAAAAADGABAAAA 
 sales   | 14604.59                     
 returns | 0.00                         
 profit  | -3980.39                     
-RECORD 89------------------------------
 channel | catalog channel              
 id      | catalog_pageAAAAAAAADHABAAAA 
 sales   | 19078.94                     
 returns | 12277.75                     
 profit  | 6448.20                      
-RECORD 90------------------------------
 channel | catalog channel              
 id      | catalog_pageAAAAAAAADHCBAAAA 
 sales   | 12207.03                     
 returns | 0.00                         
 profit  | 1895.71                      
-RECORD 91------------------------------
 channel | catalog channel              
 id      | catalog_pageAAAAAAAADICBAAAA 
 sales   | 12548.28                     
 returns | 0.00                         
 profit  | 407.59                       
-RECORD 92------------------------------
 channel | catalog channel              
 id      | catalog_pageAAAAAAAADJCBAAAA 
 sales   | 3526.74                      
 returns | 0.00                         
 profit  | 2014.47                      
-RECORD 93------------------------------
 channel | catalog channel              
 id      | catalog_pageAAAAAAAADKCBAAAA 
 sales   | 3071.53                      
 returns | 0.00                         
 profit  | -5979.53                     
-RECORD 94------------------------------
 channel | catalog channel              
 id      | catalog_pageAAAAAAAADKPAAAAA 
 sales   | 52608.41                     
 returns | 1959.75                      
 profit  | 20557.42                     
-RECORD 95------------------------------
 channel | catalog channel              
 id      | catalog_pageAAAAAAAADLCBAAAA 
 sales   | 386.12                       
 returns | 0.00                         
 profit  | -1094.08                     
-RECORD 96------------------------------
 channel | catalog channel              
 id      | catalog_pageAAAAAAAADLPAAAAA 
 sales   | 22380.47                     
 returns | 230.88                       
 profit  | 611.66                       
-RECORD 97------------------------------
 channel | catalog channel              
 id      | catalog_pageAAAAAAAADMCBAAAA 
 sales   | 4943.75                      
 returns | 0.00                         
 profit  | 2158.10                      
-RECORD 98------------------------------
 channel | catalog channel              
 id      | catalog_pageAAAAAAAADMPAAAAA 
 sales   | 17113.94                     
 returns | 0.00                         
 profit  | 4231.57                      
-RECORD 99------------------------------
 channel | catalog channel              
 id      | catalog_pageAAAAAAAADNCBAAAA 
 sales   | 982.53                       
 returns | 0.00                         
 profit  | -4098.99
             