-- Automatically generated by TpcdsQueries
-RECORD 0-----------------------------
 c_customer_id    | AAAAAAAAAAGOAAAA  
 c_salutation     | Mrs.              
 c_first_name     | Melissa           
 c_last_name      | Barton            
 ca_street_number | 761               
 ca_street_name   | Lincoln           
 ca_street_type   | Drive             
 ca_suite_number  | Suite 440         
 ca_city          | Marion            
 ca_county        | Cobb County       
 ca_state         | GA                
 ca_zip           | 30399             
 ca_country       | United States     
 ca_gmt_offset    | -5.00             
 ca_location_type | condo             
 ctr_total_return | 2053.35           
-RECORD 1-----------------------------
 c_customer_id    | AAAAAAAAACCMAAAA  
 c_salutation     | Mr.               
 c_first_name     | Craig             
 c_last_name      | Thompson          
 ca_street_number | 607               
 ca_street_name   | Lakeview Laurel   
 ca_street_type   | Lane              
 ca_suite_number  | Suite 140         
 ca_city          | Hillcrest         
 ca_county        | Floyd County      
 ca_state         | GA                
 ca_zip           | 33003             
 ca_country       | United States     
 ca_gmt_offset    | -5.00             
 ca_location_type | apartment         
 ctr_total_return | 2314.62           
-RECORD 2-----------------------------
 c_customer_id    | AAAAAAAAADBBAAAA  
 c_salutation     | Dr.               
 c_first_name     | Robert            
 c_last_name      | Willis            
 ca_street_number | 48                
 ca_street_name   | Ninth West        
 ca_street_type   | Lane              
 ca_suite_number  | Suite 370         
 ca_city          | Oak Grove         
 ca_county        | Cook County       
 ca_state         | GA                
 ca_zip           | 38370             
 ca_country       | United States     
 ca_gmt_offset    | -5.00             
 ca_location_type | single family     
 ctr_total_return | 2232.39           
-RECORD 3-----------------------------
 c_customer_id    | AAAAAAAAAELEAAAA  
 c_salutation     | Miss              
 c_first_name     | null              
 c_last_name      | Werner            
 ca_street_number | 800               
 ca_street_name   | 11th              
 ca_street_type   | Avenue            
 ca_suite_number  | Suite M           
 ca_city          | Harmony           
 ca_county        | Echols County     
 ca_state         | GA                
 ca_zip           | 35804             
 ca_country       | United States     
 ca_gmt_offset    | -5.00             
 ca_location_type | condo             
 ctr_total_return | 2312.04           
-RECORD 4-----------------------------
 c_customer_id    | AAAAAAAAAFIHBAAA  
 c_salutation     | Sir               
 c_first_name     | Chadwick          
 c_last_name      | Stevens           
 ca_street_number | 679               
 ca_street_name   | Forest Central    
 ca_street_type   | Avenue            
 ca_suite_number  | Suite 60          
 ca_city          | Sulphur Springs   
 ca_county        | Gordon County     
 ca_state         | GA                
 ca_zip           | 38354             
 ca_country       | United States     
 ca_gmt_offset    | -5.00             
 ca_location_type | condo             
 ctr_total_return | 2282.39           
-RECORD 5-----------------------------
 c_customer_id    | AAAAAAAAAHDGAAAA  
 c_salutation     | Mr.               
 c_first_name     | Justin            
 c_last_name      | Garcia            
 ca_street_number | 281               
 ca_street_name   | Spring            
 ca_street_type   | Way               
 ca_suite_number  | Suite 320         
 ca_city          | Shiloh            
 ca_county        | Fannin County     
 ca_state         | GA                
 ca_zip           | 39275             
 ca_country       | United States     
 ca_gmt_offset    | -5.00             
 ca_location_type | single family     
 ctr_total_return | 4185.32           
-RECORD 6-----------------------------
 c_customer_id    | AAAAAAAAAICMAAAA  
 c_salutation     | Sir               
 c_first_name     | Willie            
 c_last_name      | Maldonado         
 ca_street_number | 492               
 ca_street_name   | Park              
 ca_street_type   | Street            
 ca_suite_number  | Suite C           
 ca_city          | Shady Grove       
 ca_county        | Chatham County    
 ca_state         | GA                
 ca_zip           | 32812             
 ca_country       | United States     
 ca_gmt_offset    | -5.00             
 ca_location_type | apartment         
 ctr_total_return | 2428.92           
-RECORD 7-----------------------------
 c_customer_id    | AAAAAAAAALPABAAA  
 c_salutation     | Dr.               
 c_first_name     | John              
 c_last_name      | Wang              
 ca_street_number | 724               
 ca_street_name   | Oak               
 ca_street_type   | Ave               
 ca_suite_number  | Suite 70          
 ca_city          | Maple Grove       
 ca_county        | Newton County     
 ca_state         | GA                
 ca_zip           | 38252             
 ca_country       | United States     
 ca_gmt_offset    | -5.00             
 ca_location_type | single family     
 ctr_total_return | 1727.64           
-RECORD 8-----------------------------
 c_customer_id    | AAAAAAAAAMJAAAAA  
 c_salutation     | Sir               
 c_first_name     | Roy               
 c_last_name      | Mark              
 ca_street_number | 92                
 ca_street_name   | Cedar Sycamore    
 ca_street_type   | Way               
 ca_suite_number  | Suite 30          
 ca_city          | Union Hill        
 ca_county        | Jenkins County    
 ca_state         | GA                
 ca_zip           | 37746             
 ca_country       | United States     
 ca_gmt_offset    | -5.00             
 ca_location_type | single family     
 ctr_total_return | 1825.38           
-RECORD 9-----------------------------
 c_customer_id    | AAAAAAAAAMKFBAAA  
 c_salutation     | Dr.               
 c_first_name     | Lamar             
 c_last_name      | Jones             
 ca_street_number | 194               
 ca_street_name   | Maple             
 ca_street_type   | Cir.              
 ca_suite_number  | Suite 80          
 ca_city          | Oakwood           
 ca_county        | Jefferson County  
 ca_state         | GA                
 ca_zip           | 30169             
 ca_country       | United States     
 ca_gmt_offset    | -5.00             
 ca_location_type | single family     
 ctr_total_return | 3977.04           
-RECORD 10----------------------------
 c_customer_id    | AAAAAAAAAMLOAAAA  
 c_salutation     | Ms.               
 c_first_name     | Brooke            
 c_last_name      | Garcia            
 ca_street_number | 914               
 ca_street_name   | Hillcrest Cedar   
 ca_street_type   | Drive             
 ca_suite_number  | Suite 210         
 ca_city          | Stringtown        
 ca_county        | Jasper County     
 ca_state         | GA                
 ca_zip           | 30162             
 ca_country       | United States     
 ca_gmt_offset    | -5.00             
 ca_location_type | condo             
 ctr_total_return | 4133.35           
-RECORD 11----------------------------
 c_customer_id    | AAAAAAAAAMODAAAA  
 c_salutation     | Mrs.              
 c_first_name     | Lori              
 c_last_name      | Campos            
 ca_street_number | 728               
 ca_street_name   | Pine Walnut       
 ca_street_type   | Cir.              
 ca_suite_number  | Suite M           
 ca_city          | Woodlawn          
 ca_county        | Worth County      
 ca_state         | GA                
 ca_zip           | 34098             
 ca_country       | United States     
 ca_gmt_offset    | -5.00             
 ca_location_type | condo             
 ctr_total_return | 4182.98           
-RECORD 12----------------------------
 c_customer_id    | AAAAAAAAANJOAAAA  
 c_salutation     | Ms.               
 c_first_name     | Allen             
 c_last_name      | Rodriguez         
 ca_street_number | 156               
 ca_street_name   | Ash Seventh       
 ca_street_type   | Way               
 ca_suite_number  | Suite 100         
 ca_city          | Pleasant Valley   
 ca_county        | Sumter County     
 ca_state         | GA                
 ca_zip           | 32477             
 ca_country       | United States     
 ca_gmt_offset    | -5.00             
 ca_location_type | apartment         
 ctr_total_return | 2710.46           
-RECORD 13----------------------------
 c_customer_id    | AAAAAAAAAODABAAA  
 c_salutation     | Dr.               
 c_first_name     | Oscar             
 c_last_name      | Miller            
 ca_street_number | 651               
 ca_street_name   | Smith West        
 ca_street_type   | Dr.               
 ca_suite_number  | Suite E           
 ca_city          | Antioch           
 ca_county        | Evans County      
 ca_state         | GA                
 ca_zip           | 38605             
 ca_country       | United States     
 ca_gmt_offset    | -5.00             
 ca_location_type | condo             
 ctr_total_return | 7234.29           
-RECORD 14----------------------------
 c_customer_id    | AAAAAAAAAODIAAAA  
 c_salutation     | Mr.               
 c_first_name     | Julio             
 c_last_name      | Gamble            
 ca_street_number | 211               
 ca_street_name   | View              
 ca_street_type   | Cir.              
 ca_suite_number  | Suite Y           
 ca_city          | Summit            
 ca_county        | Bulloch County    
 ca_state         | GA                
 ca_zip           | 30499             
 ca_country       | United States     
 ca_gmt_offset    | -5.00             
 ca_location_type | single family     
 ctr_total_return | 3291.69           
-RECORD 15----------------------------
 c_customer_id    | AAAAAAAABBAGAAAA  
 c_salutation     | Dr.               
 c_first_name     | Charles           
 c_last_name      | Butts             
 ca_street_number | null              
 ca_street_name   | Park Hickory      
 ca_street_type   | RD                
 ca_suite_number  | null              
 ca_city          | null              
 ca_county        | null              
 ca_state         | GA                
 ca_zip           | 38605             
 ca_country       | null              
 ca_gmt_offset    | -5.00             
 ca_location_type | null              
 ctr_total_return | 3291.71           
-RECORD 16----------------------------
 c_customer_id    | AAAAAAAABBCJAAAA  
 c_salutation     | Sir               
 c_first_name     | Doyle             
 c_last_name      | Shaffer           
 ca_street_number | 401               
 ca_street_name   | Johnson Main      
 ca_street_type   | Boulevard         
 ca_suite_number  | Suite 150         
 ca_city          | Shiloh            
 ca_county        | Worth County      
 ca_state         | GA                
 ca_zip           | 39275             
 ca_country       | United States     
 ca_gmt_offset    | -5.00             
 ca_location_type | single family     
 ctr_total_return | 4027.79           
-RECORD 17----------------------------
 c_customer_id    | AAAAAAAABBJKAAAA  
 c_salutation     | Dr.               
 c_first_name     | Mildred           
 c_last_name      | Hogan             
 ca_street_number | 174               
 ca_street_name   | Birch             
 ca_street_type   | Pkwy              
 ca_suite_number  | Suite Q           
 ca_city          | Enterprise        
 ca_county        | Webster County    
 ca_state         | GA                
 ca_zip           | 31757             
 ca_country       | United States     
 ca_gmt_offset    | -5.00             
 ca_location_type | condo             
 ctr_total_return | 4006.97           
-RECORD 18----------------------------
 c_customer_id    | AAAAAAAABCCEAAAA  
 c_salutation     | Mrs.              
 c_first_name     | Linda             
 c_last_name      | Worth             
 ca_street_number | 283               
 ca_street_name   | 2nd               
 ca_street_type   | Pkwy              
 ca_suite_number  | Suite 230         
 ca_city          | Fairfield         
 ca_county        | Chattooga County  
 ca_state         | GA                
 ca_zip           | 36192             
 ca_country       | United States     
 ca_gmt_offset    | -5.00             
 ca_location_type | condo             
 ctr_total_return | 5047.24           
-RECORD 19----------------------------
 c_customer_id    | AAAAAAAABCEFBAAA  
 c_salutation     | Dr.               
 c_first_name     | William           
 c_last_name      | Parks             
 ca_street_number | 19                
 ca_street_name   | Meadow            
 ca_street_type   | Circle            
 ca_suite_number  | Suite P           
 ca_city          | Providence        
 ca_county        | Gwinnett County   
 ca_state         | GA                
 ca_zip           | 36614             
 ca_country       | United States     
 ca_gmt_offset    | -5.00             
 ca_location_type | apartment         
 ctr_total_return | 4262.30           
-RECORD 20----------------------------
 c_customer_id    | AAAAAAAABCFKAAAA  
 c_salutation     | null              
 c_first_name     | Shawn             
 c_last_name      | Peterson          
 ca_street_number | 220               
 ca_street_name   | Johnson First     
 ca_street_type   | Ct.               
 ca_suite_number  | Suite F           
 ca_city          | Kingston          
 ca_county        | Randolph County   
 ca_state         | GA                
 ca_zip           | 34975             
 ca_country       | United States     
 ca_gmt_offset    | -5.00             
 ca_location_type | condo             
 ctr_total_return | 2786.80           
-RECORD 21----------------------------
 c_customer_id    | AAAAAAAABCGEAAAA  
 c_salutation     | Miss              
 c_first_name     | Margaret          
 c_last_name      | Wright            
 ca_street_number | 314               
 ca_street_name   | 5th Washington    
 ca_street_type   | Street            
 ca_suite_number  | Suite S           
 ca_city          | Forest Hills      
 ca_county        | Dougherty County  
 ca_state         | GA                
 ca_zip           | 39237             
 ca_country       | United States     
 ca_gmt_offset    | -5.00             
 ca_location_type | single family     
 ctr_total_return | 2049.52           
-RECORD 22----------------------------
 c_customer_id    | AAAAAAAABDKOAAAA  
 c_salutation     | Dr.               
 c_first_name     | Vernita           
 c_last_name      | Bennett           
 ca_street_number | 763               
 ca_street_name   | 13th              
 ca_street_type   | Court             
 ca_suite_number  | Suite 60          
 ca_city          | Maple Hill        
 ca_county        | Rabun County      
 ca_state         | GA                
 ca_zip           | 38095             
 ca_country       | United States     
 ca_gmt_offset    | -5.00             
 ca_location_type | single family     
 ctr_total_return | 18570.61          
-RECORD 23----------------------------
 c_customer_id    | AAAAAAAABEIKAAAA  
 c_salutation     | Miss              
 c_first_name     | Nena              
 c_last_name      | August            
 ca_street_number | 297               
 ca_street_name   | Lee               
 ca_street_type   | Lane              
 ca_suite_number  | Suite 240         
 ca_city          | Cedar             
 ca_county        | Henry County      
 ca_state         | GA                
 ca_zip           | 31229             
 ca_country       | United States     
 ca_gmt_offset    | -5.00             
 ca_location_type | condo             
 ctr_total_return | 2094.88           
-RECORD 24----------------------------
 c_customer_id    | AAAAAAAABEJLAAAA  
 c_salutation     | Mr.               
 c_first_name     | Abel              
 c_last_name      | Lucero            
 ca_street_number | 382               
 ca_street_name   | Ash North         
 ca_street_type   | Parkway           
 ca_suite_number  | Suite J           
 ca_city          | Plainview         
 ca_county        | Catoosa County    
 ca_state         | GA                
 ca_zip           | 33683             
 ca_country       | United States     
 ca_gmt_offset    | -5.00             
 ca_location_type | single family     
 ctr_total_return | 3530.52           
-RECORD 25----------------------------
 c_customer_id    | AAAAAAAABIDEAAAA  
 c_salutation     | Dr.               
 c_first_name     | Marcus            
 c_last_name      | Holder            
 ca_street_number | 724               
 ca_street_name   | Oak               
 ca_street_type   | Ave               
 ca_suite_number  | Suite 70          
 ca_city          | Maple Grove       
 ca_county        | Newton County     
 ca_state         | GA                
 ca_zip           | 38252             
 ca_country       | United States     
 ca_gmt_offset    | -5.00             
 ca_location_type | single family     
 ctr_total_return | 1927.32           
-RECORD 26----------------------------
 c_customer_id    | AAAAAAAABIGIAAAA  
 c_salutation     | Mrs.              
 c_first_name     | Caprice           
 c_last_name      | Espinoza          
 ca_street_number | 527               
 ca_street_name   | Church Second     
 ca_street_type   | Court             
 ca_suite_number  | Suite M           
 ca_city          | Derby             
 ca_county        | Taylor County     
 ca_state         | GA                
 ca_zip           | 37702             
 ca_country       | United States     
 ca_gmt_offset    | -5.00             
 ca_location_type | condo             
 ctr_total_return | 6808.21           
-RECORD 27----------------------------
 c_customer_id    | AAAAAAAABJEEAAAA  
 c_salutation     | Dr.               
 c_first_name     | Clarence          
 c_last_name      | Swanson           
 ca_street_number | null              
 ca_street_name   | null              
 ca_street_type   | Ct.               
 ca_suite_number  | Suite 110         
 ca_city          | null              
 ca_county        | Fannin County     
 ca_state         | GA                
 ca_zip           | null              
 ca_country       | United States     
 ca_gmt_offset    | -5.00             
 ca_location_type | condo             
 ctr_total_return | 1676.20           
-RECORD 28----------------------------
 c_customer_id    | AAAAAAAABJHJAAAA  
 c_salutation     | Sir               
 c_first_name     | James             
 c_last_name      | Culpepper         
 ca_street_number | 16                
 ca_street_name   | Park              
 ca_street_type   | Way               
 ca_suite_number  | Suite 460         
 ca_city          | Freeman           
 ca_county        | Charlton County   
 ca_state         | GA                
 ca_zip           | 32297             
 ca_country       | United States     
 ca_gmt_offset    | -5.00             
 ca_location_type | single family     
 ctr_total_return | 2096.68           
-RECORD 29----------------------------
 c_customer_id    | AAAAAAAABKKAAAAA  
 c_salutation     | Sir               
 c_first_name     | Jeffrey           
 c_last_name      | Young             
 ca_street_number | 379               
 ca_street_name   | 7th               
 ca_street_type   | Lane              
 ca_suite_number  | Suite 90          
 ca_city          | Plainville        
 ca_county        | Brantley County   
 ca_state         | GA                
 ca_zip           | 36115             
 ca_country       | United States     
 ca_gmt_offset    | -5.00             
 ca_location_type | apartment         
 ctr_total_return | 2161.20           
-RECORD 30----------------------------
 c_customer_id    | AAAAAAAABLIBAAAA  
 c_salutation     | Dr.               
 c_first_name     | Charles           
 c_last_name      | Hawkins           
 ca_street_number | 939               
 ca_street_name   | Jackson Forest    
 ca_street_type   | Boulevard         
 ca_suite_number  | Suite Y           
 ca_city          | Bunker Hill       
 ca_county        | Candler County    
 ca_state         | GA                
 ca_zip           | 30150             
 ca_country       | United States     
 ca_gmt_offset    | -5.00             
 ca_location_type | condo             
 ctr_total_return | 4396.68           
-RECORD 31----------------------------
 c_customer_id    | AAAAAAAABLPJAAAA  
 c_salutation     | null              
 c_first_name     | null              
 c_last_name      | Gibson            
 ca_street_number | 458               
 ca_street_name   | Second            
 ca_street_type   | Boulevard         
 ca_suite_number  | Suite 480         
 ca_city          | Plainview         
 ca_county        | Liberty County    
 ca_state         | GA                
 ca_zip           | 33683             
 ca_country       | United States     
 ca_gmt_offset    | -5.00             
 ca_location_type | single family     
 ctr_total_return | 1513.94           
-RECORD 32----------------------------
 c_customer_id    | AAAAAAAABLPNAAAA  
 c_salutation     | Mr.               
 c_first_name     | Eric              
 c_last_name      | Durham            
 ca_street_number | 917               
 ca_street_name   | Second Park       
 ca_street_type   | Wy                
 ca_suite_number  | Suite 180         
 ca_city          | Friendship        
 ca_county        | Marion County     
 ca_state         | GA                
 ca_zip           | 34536             
 ca_country       | United States     
 ca_gmt_offset    | -5.00             
 ca_location_type | condo             
 ctr_total_return | 2166.25           
-RECORD 33----------------------------
 c_customer_id    | AAAAAAAABMCOAAAA  
 c_salutation     | Sir               
 c_first_name     | Warren            
 c_last_name      | Skinner           
 ca_street_number | 934               
 ca_street_name   | Walnut Hickory    
 ca_street_type   | Court             
 ca_suite_number  | Suite 310         
 ca_city          | Riverview         
 ca_county        | Long County       
 ca_state         | GA                
 ca_zip           | 39003             
 ca_country       | United States     
 ca_gmt_offset    | -5.00             
 ca_location_type | condo             
 ctr_total_return | 5699.34           
-RECORD 34----------------------------
 c_customer_id    | AAAAAAAABNJBAAAA  
 c_salutation     | Miss              
 c_first_name     | Santa             
 c_last_name      | Richmond          
 ca_street_number | 859               
 ca_street_name   | 4th Maple         
 ca_street_type   | ST                
 ca_suite_number  | Suite 60          
 ca_city          | Antioch           
 ca_county        | Toombs County     
 ca_state         | GA                
 ca_zip           | 38605             
 ca_country       | United States     
 ca_gmt_offset    | -5.00             
 ca_location_type | single family     
 ctr_total_return | 2136.92           
-RECORD 35----------------------------
 c_customer_id    | AAAAAAAABPGJAAAA  
 c_salutation     | Dr.               
 c_first_name     | June              
 c_last_name      | Hill              
 ca_street_number | 480               
 ca_street_name   | Second 15th       
 ca_street_type   | ST                
 ca_suite_number  | Suite T           
 ca_city          | Woodlawn          
 ca_county        | Atkinson County   
 ca_state         | GA                
 ca_zip           | 34098             
 ca_country       | United States     
 ca_gmt_offset    | -5.00             
 ca_location_type | condo             
 ctr_total_return | 3081.42           
-RECORD 36----------------------------
 c_customer_id    | AAAAAAAABPKOAAAA  
 c_salutation     | Mr.               
 c_first_name     | Robert            
 c_last_name      | Tanner            
 ca_street_number | 676               
 ca_street_name   | Sixth Walnut      
 ca_street_type   | Road              
 ca_suite_number  | Suite L           
 ca_city          | Cumberland        
 ca_county        | Oglethorpe County 
 ca_state         | GA                
 ca_zip           | 38971             
 ca_country       | United States     
 ca_gmt_offset    | -5.00             
 ca_location_type | condo             
 ctr_total_return | 3966.42           
-RECORD 37----------------------------
 c_customer_id    | AAAAAAAACAINAAAA  
 c_salutation     | Dr.               
 c_first_name     | Donald            
 c_last_name      | Beebe             
 ca_street_number | 960               
 ca_street_name   | Railroad Davis    
 ca_street_type   | Ln                
 ca_suite_number  | Suite Y           
 ca_city          | Silver Springs    
 ca_county        | Clay County       
 ca_state         | GA                
 ca_zip           | 34843             
 ca_country       | United States     
 ca_gmt_offset    | -5.00             
 ca_location_type | apartment         
 ctr_total_return | 4925.75           
-RECORD 38----------------------------
 c_customer_id    | AAAAAAAACBEPAAAA  
 c_salutation     | Sir               
 c_first_name     | Otis              
 c_last_name      | Hartman           
 ca_street_number | 939               
 ca_street_name   | Third             
 ca_street_type   | Lane              
 ca_suite_number  | Suite R           
 ca_city          | Forest Hills      
 ca_county        | Polk County       
 ca_state         | GA                
 ca_zip           | 39237             
 ca_country       | United States     
 ca_gmt_offset    | -5.00             
 ca_location_type | single family     
 ctr_total_return | 4904.39           
-RECORD 39----------------------------
 c_customer_id    | AAAAAAAACCBGBAAA  
 c_salutation     | Ms.               
 c_first_name     | Judy              
 c_last_name      | Williams          
 ca_street_number | 283               
 ca_street_name   | Center            
 ca_street_type   | Cir.              
 ca_suite_number  | Suite Q           
 ca_city          | Farmington        
 ca_county        | Dade County       
 ca_state         | GA                
 ca_zip           | 39145             
 ca_country       | United States     
 ca_gmt_offset    | -5.00             
 ca_location_type | single family     
 ctr_total_return | 3655.41           
-RECORD 40----------------------------
 c_customer_id    | AAAAAAAACCOFAAAA  
 c_salutation     | Sir               
 c_first_name     | John              
 c_last_name      | Bower             
 ca_street_number | 970               
 ca_street_name   | Johnson Franklin  
 ca_street_type   | ST                
 ca_suite_number  | Suite 20          
 ca_city          | Walnut Grove      
 ca_county        | Union County      
 ca_state         | GA                
 ca_zip           | 37752             
 ca_country       | United States     
 ca_gmt_offset    | -5.00             
 ca_location_type | single family     
 ctr_total_return | 5456.48           
-RECORD 41----------------------------
 c_customer_id    | AAAAAAAACDNAAAAA  
 c_salutation     | Miss              
 c_first_name     | Beatriz           
 c_last_name      | Rome              
 ca_street_number | 947               
 ca_street_name   | Elm               
 ca_street_type   | Ln                
 ca_suite_number  | Suite 210         
 ca_city          | Wilson            
 ca_county        | Lanier County     
 ca_state         | GA                
 ca_zip           | 36971             
 ca_country       | United States     
 ca_gmt_offset    | -5.00             
 ca_location_type | apartment         
 ctr_total_return | 3994.62           
-RECORD 42----------------------------
 c_customer_id    | AAAAAAAACEKEBAAA  
 c_salutation     | Mr.               
 c_first_name     | Gregory           
 c_last_name      | Maynard           
 ca_street_number | 214               
 ca_street_name   | Park Forest       
 ca_street_type   | Wy                
 ca_suite_number  | Suite 90          
 ca_city          | Lakewood          
 ca_county        | Jones County      
 ca_state         | GA                
 ca_zip           | 38877             
 ca_country       | United States     
 ca_gmt_offset    | -5.00             
 ca_location_type | apartment         
 ctr_total_return | 3840.02           
-RECORD 43----------------------------
 c_customer_id    | AAAAAAAACGIBBAAA  
 c_salutation     | Dr.               
 c_first_name     | Pamela            
 c_last_name      | Taylor            
 ca_street_number | 364               
 ca_street_name   | Cherry            
 ca_street_type   | Pkwy              
 ca_suite_number  | Suite 430         
 ca_city          | Rolling Hills     
 ca_county        | Glascock County   
 ca_state         | GA                
 ca_zip           | 37272             
 ca_country       | United States     
 ca_gmt_offset    | -5.00             
 ca_location_type | apartment         
 ctr_total_return | 2025.02           
-RECORD 44----------------------------
 c_customer_id    | AAAAAAAACIDCBAAA  
 c_salutation     | Dr.               
 c_first_name     | Andre             
 c_last_name      | Worth             
 ca_street_number | 307               
 ca_street_name   | 10th 6th          
 ca_street_type   | Parkway           
 ca_suite_number  | Suite I           
 ca_city          | Five Forks        
 ca_county        | Haralson County   
 ca_state         | GA                
 ca_zip           | 32293             
 ca_country       | United States     
 ca_gmt_offset    | -5.00             
 ca_location_type | single family     
 ctr_total_return | 1947.99           
-RECORD 45----------------------------
 c_customer_id    | AAAAAAAACJLAAAAA  
 c_salutation     | Sir               
 c_first_name     | Kevin             
 c_last_name      | Ellis             
 ca_street_number | 291               
 ca_street_name   | 7th Valley        
 ca_street_type   | Circle            
 ca_suite_number  | Suite H           
 ca_city          | Hartland          
 ca_county        | Marion County     
 ca_state         | GA                
 ca_zip           | 36594             
 ca_country       | United States     
 ca_gmt_offset    | -5.00             
 ca_location_type | apartment         
 ctr_total_return | 5655.03           
-RECORD 46----------------------------
 c_customer_id    | AAAAAAAACKDGAAAA  
 c_salutation     | Ms.               
 c_first_name     | Catherine         
 c_last_name      | Anderson          
 ca_street_number | 875               
 ca_street_name   | Walnut Lake       
 ca_street_type   | Ct.               
 ca_suite_number  | Suite 410         
 ca_city          | Taft              
 ca_county        | Telfair County    
 ca_state         | GA                
 ca_zip           | 30589             
 ca_country       | United States     
 ca_gmt_offset    | -5.00             
 ca_location_type | condo             
 ctr_total_return | 1701.58           
-RECORD 47----------------------------
 c_customer_id    | AAAAAAAACKIOAAAA  
 c_salutation     | Mr.               
 c_first_name     | Francisco         
 c_last_name      | Davis             
 ca_street_number | 394               
 ca_street_name   | Spruce            
 ca_street_type   | Dr.               
 ca_suite_number  | Suite 250         
 ca_city          | Smith             
 ca_county        | Warren County     
 ca_state         | GA                
 ca_zip           | 37317             
 ca_country       | United States     
 ca_gmt_offset    | -5.00             
 ca_location_type | condo             
 ctr_total_return | 4471.40           
-RECORD 48----------------------------
 c_customer_id    | AAAAAAAACNIEBAAA  
 c_salutation     | Dr.               
 c_first_name     | Andrea            
 c_last_name      | Lyon              
 ca_street_number | 700               
 ca_street_name   | Fifth Center      
 ca_street_type   | Cir.              
 ca_suite_number  | Suite P           
 ca_city          | Franklin          
 ca_county        | Putnam County     
 ca_state         | GA                
 ca_zip           | 39101             
 ca_country       | United States     
 ca_gmt_offset    | -5.00             
 ca_location_type | condo             
 ctr_total_return | 1725.43           
-RECORD 49----------------------------
 c_customer_id    | AAAAAAAACNOHAAAA  
 c_salutation     | Ms.               
 c_first_name     | Jessica           
 c_last_name      | Pitman            
 ca_street_number | 11                
 ca_street_name   | Spring East       
 ca_street_type   | Street            
 ca_suite_number  | Suite 470         
 ca_city          | Glenwood          
 ca_county        | Columbia County   
 ca_state         | GA                
 ca_zip           | 33511             
 ca_country       | United States     
 ca_gmt_offset    | -5.00             
 ca_location_type | condo             
 ctr_total_return | 3469.20           
-RECORD 50----------------------------
 c_customer_id    | AAAAAAAACOOKAAAA  
 c_salutation     | Miss              
 c_first_name     | Rebecca           
 c_last_name      | Morris            
 ca_street_number | null              
 ca_street_name   | Park Pine         
 ca_street_type   | null              
 ca_suite_number  | null              
 ca_city          | null              
 ca_county        | null              
 ca_state         | GA                
 ca_zip           | null              
 ca_country       | United States     
 ca_gmt_offset    | -5.00             
 ca_location_type | null              
 ctr_total_return | 1834.52           
-RECORD 51----------------------------
 c_customer_id    | AAAAAAAADAFIBAAA  
 c_salutation     | Dr.               
 c_first_name     | Todd              
 c_last_name      | Alexander         
 ca_street_number | 371               
 ca_street_name   | East              
 ca_street_type   | Pkwy              
 ca_suite_number  | Suite Y           
 ca_city          | Jackson           
 ca_county        | Long County       
 ca_state         | GA                
 ca_zip           | 39583             
 ca_country       | United States     
 ca_gmt_offset    | -5.00             
 ca_location_type | single family     
 ctr_total_return | 3081.99           
-RECORD 52----------------------------
 c_customer_id    | AAAAAAAADBAABAAA  
 c_salutation     | Dr.               
 c_first_name     | Martha            
 c_last_name      | Valenti           
 ca_street_number | 605               
 ca_street_name   | 13th Lake         
 ca_street_type   | Ave               
 ca_suite_number  | Suite 100         
 ca_city          | Mount Pleasant    
 ca_county        | Pickens County    
 ca_state         | GA                
 ca_zip           | 31933             
 ca_country       | United States     
 ca_gmt_offset    | -5.00             
 ca_location_type | single family     
 ctr_total_return | 2721.38           
-RECORD 53----------------------------
 c_customer_id    | AAAAAAAADBNCAAAA  
 c_salutation     | Mrs.              
 c_first_name     | Katie             
 c_last_name      | Novak             
 ca_street_number | 352               
 ca_street_name   | Jackson Hill      
 ca_street_type   | Street            
 ca_suite_number  | Suite 360         
 ca_city          | Liberty           
 ca_county        | Jeff Davis County 
 ca_state         | GA                
 ca_zip           | 33451             
 ca_country       | United States     
 ca_gmt_offset    | -5.00             
 ca_location_type | apartment         
 ctr_total_return | 2970.22           
-RECORD 54----------------------------
 c_customer_id    | AAAAAAAADCCHBAAA  
 c_salutation     | Dr.               
 c_first_name     | Harley            
 c_last_name      | Kohl              
 ca_street_number | 116               
 ca_street_name   | Center Park       
 ca_street_type   | Cir.              
 ca_suite_number  | Suite 300         
 ca_city          | White Oak         
 ca_county        | Cook County       
 ca_state         | GA                
 ca_zip           | 36668             
 ca_country       | United States     
 ca_gmt_offset    | -5.00             
 ca_location_type | single family     
 ctr_total_return | 5818.25           
-RECORD 55----------------------------
 c_customer_id    | AAAAAAAADCICAAAA  
 c_salutation     | Mrs.              
 c_first_name     | Bonnie            
 c_last_name      | Harden            
 ca_street_number | 375               
 ca_street_name   | Railroad 3rd      
 ca_street_type   | Road              
 ca_suite_number  | Suite A           
 ca_city          | Greenwood         
 ca_county        | Glynn County      
 ca_state         | GA                
 ca_zip           | 38828             
 ca_country       | United States     
 ca_gmt_offset    | -5.00             
 ca_location_type | single family     
 ctr_total_return | 2770.41           
-RECORD 56----------------------------
 c_customer_id    | AAAAAAAADDJPAAAA  
 c_salutation     | Sir               
 c_first_name     | Rick              
 c_last_name      | Lindstrom         
 ca_street_number | 994               
 ca_street_name   | Jefferson View    
 ca_street_type   | Road              
 ca_suite_number  | Suite R           
 ca_city          | Spring Valley     
 ca_county        | Barrow County     
 ca_state         | GA                
 ca_zip           | 36060             
 ca_country       | United States     
 ca_gmt_offset    | -5.00             
 ca_location_type | apartment         
 ctr_total_return | 8135.54           
-RECORD 57----------------------------
 c_customer_id    | AAAAAAAADDKOAAAA  
 c_salutation     | Sir               
 c_first_name     | Derek             
 c_last_name      | Watkins           
 ca_street_number | 344               
 ca_street_name   | View Cedar        
 ca_street_type   | Boulevard         
 ca_suite_number  | Suite 280         
 ca_city          | Fairfield         
 ca_county        | Gordon County     
 ca_state         | GA                
 ca_zip           | 36192             
 ca_country       | United States     
 ca_gmt_offset    | -5.00             
 ca_location_type | single family     
 ctr_total_return | 1699.26           
-RECORD 58----------------------------
 c_customer_id    | AAAAAAAADDLMAAAA  
 c_salutation     | Mr.               
 c_first_name     | Alan              
 c_last_name      | Meredith          
 ca_street_number | 994               
 ca_street_name   | Jefferson View    
 ca_street_type   | Road              
 ca_suite_number  | Suite R           
 ca_city          | Spring Valley     
 ca_county        | Barrow County     
 ca_state         | GA                
 ca_zip           | 36060             
 ca_country       | United States     
 ca_gmt_offset    | -5.00             
 ca_location_type | apartment         
 ctr_total_return | 2784.48           
-RECORD 59----------------------------
 c_customer_id    | AAAAAAAADGDBBAAA  
 c_salutation     | Sir               
 c_first_name     | Walter            
 c_last_name      | Barron            
 ca_street_number | 728               
 ca_street_name   | River             
 ca_street_type   | Court             
 ca_suite_number  | Suite 110         
 ca_city          | Walnut Grove      
 ca_county        | Paulding County   
 ca_state         | GA                
 ca_zip           | 37752             
 ca_country       | United States     
 ca_gmt_offset    | -5.00             
 ca_location_type | condo             
 ctr_total_return | 4128.19           
-RECORD 60----------------------------
 c_customer_id    | AAAAAAAADGGCBAAA  
 c_salutation     | Ms.               
 c_first_name     | Anna              
 c_last_name      | Maynard           
 ca_street_number | 956               
 ca_street_name   | Hill              
 ca_street_type   | Blvd              
 ca_suite_number  | Suite N           
 ca_city          | Macedonia         
 ca_county        | Emanuel County    
 ca_state         | GA                
 ca_zip           | 31087             
 ca_country       | United States     
 ca_gmt_offset    | -5.00             
 ca_location_type | condo             
 ctr_total_return | 6425.51           
-RECORD 61----------------------------
 c_customer_id    | AAAAAAAADGPLAAAA  
 c_salutation     | Mrs.              
 c_first_name     | Colleen           
 c_last_name      | Rogers            
 ca_street_number | 633               
 ca_street_name   | 6th               
 ca_street_type   | Dr.               
 ca_suite_number  | Suite I           
 ca_city          | Bridgeport        
 ca_county        | Harris County     
 ca_state         | GA                
 ca_zip           | 35817             
 ca_country       | United States     
 ca_gmt_offset    | -5.00             
 ca_location_type | apartment         
 ctr_total_return | 3184.68           
-RECORD 62----------------------------
 c_customer_id    | AAAAAAAADHBGAAAA  
 c_salutation     | Miss              
 c_first_name     | null              
 c_last_name      | null              
 ca_street_number | 862               
 ca_street_name   | Locust            
 ca_street_type   | Circle            
 ca_suite_number  | Suite 430         
 ca_city          | Greenfield        
 ca_county        | Liberty County    
 ca_state         | GA                
 ca_zip           | 35038             
 ca_country       | United States     
 ca_gmt_offset    | -5.00             
 ca_location_type | single family     
 ctr_total_return | 14758.14          
-RECORD 63----------------------------
 c_customer_id    | AAAAAAAADJICBAAA  
 c_salutation     | Dr.               
 c_first_name     | Julian            
 c_last_name      | Olivares          
 ca_street_number | 56                
 ca_street_name   | 1st Washington    
 ca_street_type   | Parkway           
 ca_suite_number  | Suite 190         
 ca_city          | Friendship        
 ca_county        | Jeff Davis County 
 ca_state         | GA                
 ca_zip           | 34536             
 ca_country       | United States     
 ca_gmt_offset    | -5.00             
 ca_location_type | single family     
 ctr_total_return | 3078.43           
-RECORD 64----------------------------
 c_customer_id    | AAAAAAAADKOLAAAA  
 c_salutation     | Dr.               
 c_first_name     | Matthew           
 c_last_name      | Goodman           
 ca_street_number | 385               
 ca_street_name   | Oak               
 ca_street_type   | RD                
 ca_suite_number  | Suite D           
 ca_city          | New Hope          
 ca_county        | Jefferson County  
 ca_state         | GA                
 ca_zip           | 39431             
 ca_country       | United States     
 ca_gmt_offset    | -5.00             
 ca_location_type | apartment         
 ctr_total_return | 4047.82           
-RECORD 65----------------------------
 c_customer_id    | AAAAAAAADLEHAAAA  
 c_salutation     | Dr.               
 c_first_name     | Robert            
 c_last_name      | Lilley            
 ca_street_number | 926               
 ca_street_name   | Davis First       
 ca_street_type   | Road              
 ca_suite_number  | Suite 360         
 ca_city          | Salem             
 ca_county        | Chattooga County  
 ca_state         | GA                
 ca_zip           | 38048             
 ca_country       | United States     
 ca_gmt_offset    | -5.00             
 ca_location_type | apartment         
 ctr_total_return | 2256.31           
-RECORD 66----------------------------
 c_customer_id    | AAAAAAAADLEHAAAA  
 c_salutation     | Dr.               
 c_first_name     | Robert            
 c_last_name      | Lilley            
 ca_street_number | 926               
 ca_street_name   | Davis First       
 ca_street_type   | Road              
 ca_suite_number  | Suite 360         
 ca_city          | Salem             
 ca_county        | Chattooga County  
 ca_state         | GA                
 ca_zip           | 38048             
 ca_country       | United States     
 ca_gmt_offset    | -5.00             
 ca_location_type | apartment         
 ctr_total_return | 2298.55           
-RECORD 67----------------------------
 c_customer_id    | AAAAAAAADMOOAAAA  
 c_salutation     | Sir               
 c_first_name     | Eddie             
 c_last_name      | Craig             
 ca_street_number | 788               
 ca_street_name   | Lake              
 ca_street_type   | Dr.               
 ca_suite_number  | Suite F           
 ca_city          | Buena Vista       
 ca_county        | Marion County     
 ca_state         | GA                
 ca_zip           | 35752             
 ca_country       | United States     
 ca_gmt_offset    | -5.00             
 ca_location_type | single family     
 ctr_total_return | 5585.06           
-RECORD 68----------------------------
 c_customer_id    | AAAAAAAADNCKAAAA  
 c_salutation     | Dr.               
 c_first_name     | Scott             
 c_last_name      | Whitehurst        
 ca_street_number | 481               
 ca_street_name   | 4th               
 ca_street_type   | Wy                
 ca_suite_number  | Suite U           
 ca_city          | Sugar Hill        
 ca_county        | Effingham County  
 ca_state         | GA                
 ca_zip           | 35114             
 ca_country       | United States     
 ca_gmt_offset    | -5.00             
 ca_location_type | condo             
 ctr_total_return | 3355.64           
-RECORD 69----------------------------
 c_customer_id    | AAAAAAAADNHFBAAA  
 c_salutation     | Dr.               
 c_first_name     | Gerald            
 c_last_name      | Hayden            
 ca_street_number | 884               
 ca_street_name   | 1st Smith         
 ca_street_type   | Court             
 ca_suite_number  | Suite 390         
 ca_city          | Highland          
 ca_county        | Towns County      
 ca_state         | GA                
 ca_zip           | 39454             
 ca_country       | United States     
 ca_gmt_offset    | -5.00             
 ca_location_type | single family     
 ctr_total_return | 3481.60           
-RECORD 70----------------------------
 c_customer_id    | AAAAAAAADONFBAAA  
 c_salutation     | Dr.               
 c_first_name     | Jane              
 c_last_name      | Williams          
 ca_street_number | 527               
 ca_street_name   | Cedar South       
 ca_street_type   | Street            
 ca_suite_number  | Suite 310         
 ca_city          | Fairview          
 ca_county        | Twiggs County     
 ca_state         | GA                
 ca_zip           | 35709             
 ca_country       | United States     
 ca_gmt_offset    | -5.00             
 ca_location_type | condo             
 ctr_total_return | 2304.16           
-RECORD 71----------------------------
 c_customer_id    | AAAAAAAADPLEAAAA  
 c_salutation     | Mr.               
 c_first_name     | Michael           
 c_last_name      | Powell            
 ca_street_number | 616               
 ca_street_name   | 6th               
 ca_street_type   | Pkwy              
 ca_suite_number  | Suite G           
 ca_city          | Glendale          
 ca_county        | Dougherty County  
 ca_state         | GA                
 ca_zip           | 33951             
 ca_country       | United States     
 ca_gmt_offset    | -5.00             
 ca_location_type | single family     
 ctr_total_return | 2061.25           
-RECORD 72----------------------------
 c_customer_id    | AAAAAAAAECBEAAAA  
 c_salutation     | Ms.               
 c_first_name     | Megan             
 c_last_name      | Wilson            
 ca_street_number | 93                
 ca_street_name   | 13th              
 ca_street_type   | Drive             
 ca_suite_number  | Suite X           
 ca_city          | Riverdale         
 ca_county        | Clarke County     
 ca_state         | GA                
 ca_zip           | 39391             
 ca_country       | United States     
 ca_gmt_offset    | -5.00             
 ca_location_type | single family     
 ctr_total_return | 5256.96           
-RECORD 73----------------------------
 c_customer_id    | AAAAAAAAECBMAAAA  
 c_salutation     | Mrs.              
 c_first_name     | Paula             
 c_last_name      | Clark             
 ca_street_number | 145               
 ca_street_name   | Locust            
 ca_street_type   | Drive             
 ca_suite_number  | Suite M           
 ca_city          | Mount Vernon      
 ca_county        | Wilcox County     
 ca_state         | GA                
 ca_zip           | 38482             
 ca_country       | United States     
 ca_gmt_offset    | -5.00             
 ca_location_type | condo             
 ctr_total_return | 3445.05           
-RECORD 74----------------------------
 c_customer_id    | AAAAAAAAECIEAAAA  
 c_salutation     | Miss              
 c_first_name     | Danille           
 c_last_name      | Sanders           
 ca_street_number | 825               
 ca_street_name   | Jackson South     
 ca_street_type   | Boulevard         
 ca_suite_number  | Suite 480         
 ca_city          | Riverdale         
 ca_county        | Clarke County     
 ca_state         | GA                
 ca_zip           | 39391             
 ca_country       | United States     
 ca_gmt_offset    | -5.00             
 ca_location_type | single family     
 ctr_total_return | 2897.72           
-RECORD 75----------------------------
 c_customer_id    | AAAAAAAAEDDFAAAA  
 c_salutation     | Dr.               
 c_first_name     | Michelle          
 c_last_name      | Louis             
 ca_street_number | 375               
 ca_street_name   | Highland East     
 ca_street_type   | Avenue            
 ca_suite_number  | Suite L           
 ca_city          | Oakdale           
 ca_county        | Haralson County   
 ca_state         | GA                
 ca_zip           | 39584             
 ca_country       | United States     
 ca_gmt_offset    | -5.00             
 ca_location_type | apartment         
 ctr_total_return | 2301.53           
-RECORD 76----------------------------
 c_customer_id    | AAAAAAAAEGJBAAAA  
 c_salutation     | Mrs.              
 c_first_name     | Manuela           
 c_last_name      | Roche             
 ca_street_number | 935               
 ca_street_name   | 10th Davis        
 ca_street_type   | Way               
 ca_suite_number  | Suite O           
 ca_city          | Oakwood           
 ca_county        | Worth County      
 ca_state         | GA                
 ca_zip           | 30169             
 ca_country       | United States     
 ca_gmt_offset    | -5.00             
 ca_location_type | apartment         
 ctr_total_return | 6416.92           
-RECORD 77----------------------------
 c_customer_id    | AAAAAAAAEGMCBAAA  
 c_salutation     | Mr.               
 c_first_name     | Christopher       
 c_last_name      | Saunders          
 ca_street_number | 476               
 ca_street_name   | West              
 ca_street_type   | Lane              
 ca_suite_number  | Suite J           
 ca_city          | Plainview         
 ca_county        | Gilmer County     
 ca_state         | GA                
 ca_zip           | 33683             
 ca_country       | United States     
 ca_gmt_offset    | -5.00             
 ca_location_type | single family     
 ctr_total_return | 3623.76           
-RECORD 78----------------------------
 c_customer_id    | AAAAAAAAEGOCBAAA  
 c_salutation     | Mrs.              
 c_first_name     | Elise             
 c_last_name      | Huff              
 ca_street_number | 40                
 ca_street_name   | Central           
 ca_street_type   | Court             
 ca_suite_number  | Suite P           
 ca_city          | Farmington        
 ca_county        | Coffee County     
 ca_state         | GA                
 ca_zip           | 39145             
 ca_country       | United States     
 ca_gmt_offset    | -5.00             
 ca_location_type | condo             
 ctr_total_return | 2518.63           
-RECORD 79----------------------------
 c_customer_id    | AAAAAAAAEGOMAAAA  
 c_salutation     | Sir               
 c_first_name     | James             
 c_last_name      | Handy             
 ca_street_number | 316               
 ca_street_name   | Washington        
 ca_street_type   | Lane              
 ca_suite_number  | Suite 480         
 ca_city          | Oakland           
 ca_county        | Richmond County   
 ca_state         | GA                
 ca_zip           | 39843             
 ca_country       | United States     
 ca_gmt_offset    | -5.00             
 ca_location_type | single family     
 ctr_total_return | 3035.76           
-RECORD 80----------------------------
 c_customer_id    | AAAAAAAAEHIJAAAA  
 c_salutation     | null              
 c_first_name     | null              
 c_last_name      | Boggs             
 ca_street_number | 721               
 ca_street_name   | 2nd 5th           
 ca_street_type   | Ave               
 ca_suite_number  | Suite C           
 ca_city          | Greenwood         
 ca_county        | Wilkes County     
 ca_state         | GA                
 ca_zip           | 38828             
 ca_country       | United States     
 ca_gmt_offset    | -5.00             
 ca_location_type | apartment         
 ctr_total_return | 2623.44           
-RECORD 81----------------------------
 c_customer_id    | AAAAAAAAEICDBAAA  
 c_salutation     | Ms.               
 c_first_name     | Alice             
 c_last_name      | Garrett           
 ca_street_number | 157               
 ca_street_name   | West Smith        
 ca_street_type   | Drive             
 ca_suite_number  | Suite 20          
 ca_city          | River Oaks        
 ca_county        | Hancock County    
 ca_state         | GA                
 ca_zip           | 38075             
 ca_country       | United States     
 ca_gmt_offset    | -5.00             
 ca_location_type | single family     
 ctr_total_return | 16853.44          
-RECORD 82----------------------------
 c_customer_id    | AAAAAAAAEIINAAAA  
 c_salutation     | Mrs.              
 c_first_name     | Marie             
 c_last_name      | Coffey            
 ca_street_number | 539               
 ca_street_name   | Hill Walnut       
 ca_street_type   | Road              
 ca_suite_number  | Suite F           
 ca_city          | Marion            
 ca_county        | Dade County       
 ca_state         | GA                
 ca_zip           | 30399             
 ca_country       | United States     
 ca_gmt_offset    | -5.00             
 ca_location_type | apartment         
 ctr_total_return | 3608.02           
-RECORD 83----------------------------
 c_customer_id    | AAAAAAAAEIINAAAA  
 c_salutation     | Mrs.              
 c_first_name     | Marie             
 c_last_name      | Coffey            
 ca_street_number | 539               
 ca_street_name   | Hill Walnut       
 ca_street_type   | Road              
 ca_suite_number  | Suite F           
 ca_city          | Marion            
 ca_county        | Dade County       
 ca_state         | GA                
 ca_zip           | 30399             
 ca_country       | United States     
 ca_gmt_offset    | -5.00             
 ca_location_type | apartment         
 ctr_total_return | 7928.23           
-RECORD 84----------------------------
 c_customer_id    | AAAAAAAAEJCKAAAA  
 c_salutation     | Mr.               
 c_first_name     | Bryan             
 c_last_name      | Simpson           
 ca_street_number | 313               
 ca_street_name   | Seventh 7th       
 ca_street_type   | Ln                
 ca_suite_number  | Suite B           
 ca_city          | Belmont           
 ca_county        | Washington County 
 ca_state         | GA                
 ca_zip           | 30191             
 ca_country       | United States     
 ca_gmt_offset    | -5.00             
 ca_location_type | condo             
 ctr_total_return | 2094.14           
-RECORD 85----------------------------
 c_customer_id    | AAAAAAAAELCCBAAA  
 c_salutation     | Ms.               
 c_first_name     | Robyn             
 c_last_name      | Martinez          
 ca_street_number | 274               
 ca_street_name   | Willow Birch      
 ca_street_type   | Parkway           
 ca_suite_number  | Suite O           
 ca_city          | Pleasant Valley   
 ca_county        | Burke County      
 ca_state         | GA                
 ca_zip           | 32477             
 ca_country       | United States     
 ca_gmt_offset    | -5.00             
 ca_location_type | condo             
 ctr_total_return | 3081.88           
-RECORD 86----------------------------
 c_customer_id    | AAAAAAAAEMFEAAAA  
 c_salutation     | Sir               
 c_first_name     | Dan               
 c_last_name      | Porter            
 ca_street_number | 110               
 ca_street_name   | North West        
 ca_street_type   | Ave               
 ca_suite_number  | Suite 270         
 ca_city          | Farmington        
 ca_county        | Calhoun County    
 ca_state         | GA                
 ca_zip           | 39145             
 ca_country       | United States     
 ca_gmt_offset    | -5.00             
 ca_location_type | single family     
 ctr_total_return | 5717.10           
-RECORD 87----------------------------
 c_customer_id    | AAAAAAAAENCEBAAA  
 c_salutation     | Mrs.              
 c_first_name     | Latonya           
 c_last_name      | Doyle             
 ca_street_number | 634               
 ca_street_name   | Railroad Park     
 ca_street_type   | Ln                
 ca_suite_number  | Suite S           
 ca_city          | Oak Hill          
 ca_county        | Dade County       
 ca_state         | GA                
 ca_zip           | 37838             
 ca_country       | United States     
 ca_gmt_offset    | -5.00             
 ca_location_type | single family     
 ctr_total_return | 4450.56           
-RECORD 88----------------------------
 c_customer_id    | AAAAAAAAEPHFBAAA  
 c_salutation     | Mrs.              
 c_first_name     | Charlotte         
 c_last_name      | Matthews          
 ca_street_number | 368               
 ca_street_name   | Center 4th        
 ca_street_type   | ST                
 ca_suite_number  | Suite L           
 ca_city          | Martinsville      
 ca_county        | Baldwin County    
 ca_state         | GA                
 ca_zip           | 30419             
 ca_country       | United States     
 ca_gmt_offset    | -5.00             
 ca_location_type | apartment         
 ctr_total_return | 2301.95           
-RECORD 89----------------------------
 c_customer_id    | AAAAAAAAFACDAAAA  
 c_salutation     | Mr.               
 c_first_name     | William           
 c_last_name      | Marquez           
 ca_street_number | 724               
 ca_street_name   | 1st Walnut        
 ca_street_type   | Dr.               
 ca_suite_number  | Suite X           
 ca_city          | Oak Hill          
 ca_county        | Appling County    
 ca_state         | GA                
 ca_zip           | 37838             
 ca_country       | United States     
 ca_gmt_offset    | -5.00             
 ca_location_type | apartment         
 ctr_total_return | 5728.95           
-RECORD 90----------------------------
 c_customer_id    | AAAAAAAAFADGAAAA  
 c_salutation     | Ms.               
 c_first_name     | Edna              
 c_last_name      | Brown             
 ca_street_number | 871               
 ca_street_name   | 11th Third        
 ca_street_type   | Cir.              
 ca_suite_number  | Suite 380         
 ca_city          | Waterloo          
 ca_county        | Quitman County    
 ca_state         | GA                
 ca_zip           | 31675             
 ca_country       | United States     
 ca_gmt_offset    | -5.00             
 ca_location_type | condo             
 ctr_total_return | 3552.69           
-RECORD 91----------------------------
 c_customer_id    | AAAAAAAAFANIAAAA  
 c_salutation     | Dr.               
 c_first_name     | Jeanette          
 c_last_name      | Mccormick         
 ca_street_number | 89                
 ca_street_name   | Jackson Birch     
 ca_street_type   | RD                
 ca_suite_number  | Suite 440         
 ca_city          | Lakeview          
 ca_county        | Coweta County     
 ca_state         | GA                
 ca_zip           | 38579             
 ca_country       | United States     
 ca_gmt_offset    | -5.00             
 ca_location_type | condo             
 ctr_total_return | 9022.24           
-RECORD 92----------------------------
 c_customer_id    | AAAAAAAAFCPCAAAA  
 c_salutation     | Dr.               
 c_first_name     | Christine         
 c_last_name      | Smith             
 ca_street_number | 820               
 ca_street_name   | Park Lincoln      
 ca_street_type   | Cir.              
 ca_suite_number  | Suite 60          
 ca_city          | Springfield       
 ca_county        | Irwin County      
 ca_state         | GA                
 ca_zip           | 39303             
 ca_country       | United States     
 ca_gmt_offset    | -5.00             
 ca_location_type | apartment         
 ctr_total_return | 1916.99           
-RECORD 93----------------------------
 c_customer_id    | AAAAAAAAFFAPAAAA  
 c_salutation     | Sir               
 c_first_name     | Donald            
 c_last_name      | Wright            
 ca_street_number | 35                
 ca_street_name   | Jefferson         
 ca_street_type   | Parkway           
 ca_suite_number  | Suite A           
 ca_city          | Buena Vista       
 ca_county        | Marion County     
 ca_state         | GA                
 ca_zip           | 35752             
 ca_country       | United States     
 ca_gmt_offset    | -5.00             
 ca_location_type | single family     
 ctr_total_return | 3434.76           
-RECORD 94----------------------------
 c_customer_id    | AAAAAAAAFFFDAAAA  
 c_salutation     | Mr.               
 c_first_name     | Nathan            
 c_last_name      | Pratt             
 ca_street_number | 317               
 ca_street_name   | Main Second       
 ca_street_type   | Dr.               
 ca_suite_number  | Suite J           
 ca_city          | Shaw              
 ca_county        | Madison County    
 ca_state         | GA                
 ca_zip           | 30618             
 ca_country       | United States     
 ca_gmt_offset    | -5.00             
 ca_location_type | condo             
 ctr_total_return | 3953.10           
-RECORD 95----------------------------
 c_customer_id    | AAAAAAAAFGJHAAAA  
 c_salutation     | null              
 c_first_name     | null              
 c_last_name      | Carey             
 ca_street_number | 605               
 ca_street_name   | 13th Lake         
 ca_street_type   | Ave               
 ca_suite_number  | Suite 100         
 ca_city          | Mount Pleasant    
 ca_county        | Pickens County    
 ca_state         | GA                
 ca_zip           | 31933             
 ca_country       | United States     
 ca_gmt_offset    | -5.00             
 ca_location_type | single family     
 ctr_total_return | 3349.63           
-RECORD 96----------------------------
 c_customer_id    | AAAAAAAAFGMKAAAA  
 c_salutation     | Mrs.              
 c_first_name     | Albert            
 c_last_name      | Bradshaw          
 ca_street_number | 774               
 ca_street_name   | 15th 9th          
 ca_street_type   | Blvd              
 ca_suite_number  | Suite I           
 ca_city          | White Oak         
 ca_county        | Peach County      
 ca_state         | GA                
 ca_zip           | 36668             
 ca_country       | United States     
 ca_gmt_offset    | -5.00             
 ca_location_type | single family     
 ctr_total_return | 1695.86           
-RECORD 97----------------------------
 c_customer_id    | AAAAAAAAFKDJAAAA  
 c_salutation     | null              
 c_first_name     | null              
 c_last_name      | null              
 ca_street_number | 186               
 ca_street_name   | Spring            
 ca_street_type   | Road              
 ca_suite_number  | Suite 290         
 ca_city          | Buena Vista       
 ca_county        | Johnson County    
 ca_state         | GA                
 ca_zip           | 35752             
 ca_country       | United States     
 ca_gmt_offset    | -5.00             
 ca_location_type | condo             
 ctr_total_return | 1919.82           
-RECORD 98----------------------------
 c_customer_id    | AAAAAAAAFLFNAAAA  
 c_salutation     | Mrs.              
 c_first_name     | Scarlet           
 c_last_name      | Cook              
 ca_street_number | 127               
 ca_street_name   | 2nd               
 ca_street_type   | Blvd              
 ca_suite_number  | Suite U           
 ca_city          | Lebanon           
 ca_county        | Columbia County   
 ca_state         | GA                
 ca_zip           | 32898             
 ca_country       | United States     
 ca_gmt_offset    | -5.00             
 ca_location_type | condo             
 ctr_total_return | 2722.78           
-RECORD 99----------------------------
 c_customer_id    | AAAAAAAAFLHCAAAA  
 c_salutation     | Sir               
 c_first_name     | Patrick           
 c_last_name      | Taylor            
 ca_street_number | 635               
 ca_street_name   | Third             
 ca_street_type   | Ave               
 ca_suite_number  | Suite H           
 ca_city          | Kingston          
 ca_county        | Wayne County      
 ca_state         | GA                
 ca_zip           | 34975             
 ca_country       | United States     
 ca_gmt_offset    | -5.00             
 ca_location_type | apartment         
 ctr_total_return | 3413.14
             