-- Automatically generated by TpcdsQueries
-RECORD 0--------------------------
 item_id     | AAAAAAAAAEFEAAAA    
 sr_item_qty | 35                  
 sr_dev      | 9.04392764857881    
 cr_item_qty | 4                   
 cr_dev      | 1.03359173126615    
 wr_item_qty | 90                  
 wr_dev      | 23.25581395348837   
 average     | 43.000000           
-RECORD 1--------------------------
 item_id     | AAAAAAAAAFDDAAAA    
 sr_item_qty | 11                  
 sr_dev      | 8.94308943089431    
 cr_item_qty | 21                  
 cr_dev      | 17.073170731707318  
 wr_item_qty | 9                   
 wr_dev      | 7.317073170731707   
 average     | 13.666667           
-RECORD 2--------------------------
 item_id     | AAAAAAAAAFKBAAAA    
 sr_item_qty | 2                   
 sr_dev      | 1.5151515151515151  
 cr_item_qty | 3                   
 cr_dev      | 2.2727272727272725  
 wr_item_qty | 39                  
 wr_dev      | 29.545454545454547  
 average     | 14.666667           
-RECORD 3--------------------------
 item_id     | AAAAAAAABGOBAAAA    
 sr_item_qty | 37                  
 sr_dev      | 17.129629629629626  
 cr_item_qty | 31                  
 cr_dev      | 14.351851851851851  
 wr_item_qty | 4                   
 wr_dev      | 1.8518518518518516  
 average     | 24.000000           
-RECORD 4--------------------------
 item_id     | AAAAAAAACIEAAAAA    
 sr_item_qty | 34                  
 sr_dev      | 26.35658914728682   
 cr_item_qty | 6                   
 cr_dev      | 4.651162790697675   
 wr_item_qty | 3                   
 wr_dev      | 2.3255813953488373  
 average     | 14.333333           
-RECORD 5--------------------------
 item_id     | AAAAAAAACLLBAAAA    
 sr_item_qty | 63                  
 sr_dev      | 23.863636363636363  
 cr_item_qty | 16                  
 cr_dev      | 6.0606060606060606  
 wr_item_qty | 9                   
 wr_dev      | 3.4090909090909096  
 average     | 29.333333           
-RECORD 6--------------------------
 item_id     | AAAAAAAADHDAAAAA    
 sr_item_qty | 4                   
 sr_dev      | 8.88888888888889    
 cr_item_qty | 2                   
 cr_dev      | 4.444444444444445   
 wr_item_qty | 9                   
 wr_dev      | 20.0                
 average     | 5.000000            
-RECORD 7--------------------------
 item_id     | AAAAAAAADKNCAAAA    
 sr_item_qty | 6                   
 sr_dev      | 0.0                 
 cr_item_qty | 41                  
 cr_dev      | 0.0                 
 wr_item_qty | 0                   
 wr_dev      | 0.0                 
 average     | null                
-RECORD 8--------------------------
 item_id     | AAAAAAAAEIABAAAA    
 sr_item_qty | 56                  
 sr_dev      | 13.82716049382716   
 cr_item_qty | 27                  
 cr_dev      | 6.666666666666667   
 wr_item_qty | 52                  
 wr_dev      | 12.839506172839506  
 average     | 45.000000           
-RECORD 9--------------------------
 item_id     | AAAAAAAAFKICAAAA    
 sr_item_qty | 73                  
 sr_dev      | 15.904139433551197  
 cr_item_qty | 29                  
 cr_dev      | 6.318082788671024   
 wr_item_qty | 51                  
 wr_dev      | 11.11111111111111   
 average     | 51.000000           
-RECORD 10-------------------------
 item_id     | AAAAAAAAGDHAAAAA    
 sr_item_qty | 79                  
 sr_dev      | 21.236559139784948  
 cr_item_qty | 3                   
 cr_dev      | 0.8064516129032258  
 wr_item_qty | 42                  
 wr_dev      | 11.29032258064516   
 average     | 41.333333           
-RECORD 11-------------------------
 item_id     | AAAAAAAAGJEAAAAA    
 sr_item_qty | 94                  
 sr_dev      | 23.55889724310777   
 cr_item_qty | 4                   
 cr_dev      | 1.0025062656641603  
 wr_item_qty | 35                  
 wr_dev      | 8.771929824561402   
 average     | 44.333333           
-RECORD 12-------------------------
 item_id     | AAAAAAAAHKEBAAAA    
 sr_item_qty | 12                  
 sr_dev      | 7.4074074074074066  
 cr_item_qty | 10                  
 cr_dev      | 6.172839506172839   
 wr_item_qty | 32                  
 wr_dev      | 19.753086419753085  
 average     | 18.000000           
-RECORD 13-------------------------
 item_id     | AAAAAAAAICPBAAAA    
 sr_item_qty | 19                  
 sr_dev      | 13.768115942028986  
 cr_item_qty | 20                  
 cr_dev      | 14.492753623188406  
 wr_item_qty | 7                   
 wr_dev      | 5.072463768115942   
 average     | 15.333333           
-RECORD 14-------------------------
 item_id     | AAAAAAAAJICAAAAA    
 sr_item_qty | 15                  
 sr_dev      | 5.319148936170213   
 cr_item_qty | 49                  
 cr_dev      | 17.375886524822697  
 wr_item_qty | 30                  
 wr_dev      | 10.638297872340425  
 average     | 31.333333           
-RECORD 15-------------------------
 item_id     | AAAAAAAAKDMBAAAA    
 sr_item_qty | 7                   
 sr_dev      | 11.666666666666666  
 cr_item_qty | 9                   
 cr_dev      | 15.0                
 wr_item_qty | 4                   
 wr_dev      | 6.666666666666667   
 average     | 6.666667            
-RECORD 16-------------------------
 item_id     | AAAAAAAAKEEBAAAA    
 sr_item_qty | 18                  
 sr_dev      | 6.382978723404255   
 cr_item_qty | 29                  
 cr_dev      | 10.28368794326241   
 wr_item_qty | 47                  
 wr_dev      | 16.666666666666664  
 average     | 31.333333           
-RECORD 17-------------------------
 item_id     | AAAAAAAALJIAAAAA    
 sr_item_qty | 1                   
 sr_dev      | 0.32362459546925565 
 cr_item_qty | 9                   
 cr_dev      | 2.912621359223301   
 wr_item_qty | 93                  
 wr_dev      | 30.09708737864078   
 average     | 34.333333           
-RECORD 18-------------------------
 item_id     | AAAAAAAALLJAAAAA    
 sr_item_qty | 53                  
 sr_dev      | 16.358024691358025  
 cr_item_qty | 25                  
 cr_dev      | 7.716049382716049   
 wr_item_qty | 30                  
 wr_dev      | 9.25925925925926    
 average     | 36.000000           
-RECORD 19-------------------------
 item_id     | AAAAAAAALMDCAAAA    
 sr_item_qty | 103                 
 sr_dev      | 21.458333333333336  
 cr_item_qty | 46                  
 cr_dev      | 9.583333333333332   
 wr_item_qty | 11                  
 wr_dev      | 2.291666666666667   
 average     | 53.333333           
-RECORD 20-------------------------
 item_id     | AAAAAAAALNDBAAAA    
 sr_item_qty | 31                  
 sr_dev      | 10.99290780141844   
 cr_item_qty | 29                  
 cr_dev      | 10.28368794326241   
 wr_item_qty | 34                  
 wr_dev      | 12.056737588652483  
 average     | 31.333333           
-RECORD 21-------------------------
 item_id     | AAAAAAAAMLDDAAAA    
 sr_item_qty | 1                   
 sr_dev      | 0.32051282051282054 
 cr_item_qty | 22                  
 cr_dev      | 7.051282051282051   
 wr_item_qty | 81                  
 wr_dev      | 25.961538461538463  
 average     | 34.666667           
-RECORD 22-------------------------
 item_id     | AAAAAAAANAFEAAAA    
 sr_item_qty | 12                  
 sr_dev      | 10.0                
 cr_item_qty | 21                  
 cr_dev      | 17.5                
 wr_item_qty | 7                   
 wr_dev      | 5.833333333333333   
 average     | 13.333333           
-RECORD 23-------------------------
 item_id     | AAAAAAAANFNAAAAA    
 sr_item_qty | 10                  
 sr_dev      | 2.849002849002849   
 cr_item_qty | 82                  
 cr_dev      | 23.36182336182336   
 wr_item_qty | 25                  
 wr_dev      | 7.122507122507122   
 average     | 39.000000           
-RECORD 24-------------------------
 item_id     | AAAAAAAANIDEAAAA    
 sr_item_qty | 18                  
 sr_dev      | 5.172413793103448   
 cr_item_qty | 14                  
 cr_dev      | 4.022988505747127   
 wr_item_qty | 84                  
 wr_dev      | 24.137931034482758  
 average     | 38.666667           
-RECORD 25-------------------------
 item_id     | AAAAAAAAPDAEAAAA    
 sr_item_qty | 61                  
 sr_dev      | 29.04761904761905   
 cr_item_qty | 7                   
 cr_dev      | 3.3333333333333335  
 wr_item_qty | 2                   
 wr_dev      | 0.9523809523809523  
 average     | 23.333333           
-RECORD 26-------------------------
 item_id     | AAAAAAAAPDFCAAAA    
 sr_item_qty | 7                   
 sr_dev      | 4.861111111111112   
 cr_item_qty | 20                  
 cr_dev      | 13.88888888888889   
 wr_item_qty | 21                  
 wr_dev      | 14.583333333333334  
 average     | 16.000000
             