-- Automatically generated by TpcdsQueries
-RECORD 0-------------------------
 customer_id  | AAAAAAAAAAAKAAAA  
 customername | Perry, Lori       
-RECORD 1-------------------------
 customer_id  | AAAAAAAAANFABAAA  
 customername | Harris, Alexander 
-RECORD 2-------------------------
 customer_id  | AAAAAAAACHLDAAAA  
 customername | Phipps, Charles   
-RECORD 3-------------------------
 customer_id  | AAAAAAAACIHPAAAA  
 customername | Nelson, Timothy   
-RECORD 4-------------------------
 customer_id  | AAAAAAAACJOJAAAA  
 customername | Mata, Eva         
-RECORD 5-------------------------
 customer_id  | AAAAAAAADEANAAAA  
 customername | Gaines, David     
-RECORD 6-------------------------
 customer_id  | AAAAAAAAEJPOAAAA  
 customername | Wesley, Paul      
-RECORD 7-------------------------
 customer_id  | AAAAAAAAFFKBAAAA  
 customername | Duncan, Diana     
-RECORD 8-------------------------
 customer_id  | AAAAAAAAFOBCAAAA  
 customername | Null, Thomas      
-RECORD 9-------------------------
 customer_id  | AAAAAAAAJFBBAAAA  
 customername | Jacob, Ross       
-RECORD 10------------------------
 customer_id  | AAAAAAAAJGFBBAAA  
 customername | Johnson, Windy    
-RECORD 11------------------------
 customer_id  | AAAAAAAALBGPAAAA  
 customername | Porter, Veronica  
-RECORD 12------------------------
 customer_id  | AAAAAAAANJBHAAAA  
 customername | Thompson, Kenneth 
-RECORD 13------------------------
 customer_id  | AAAAAAAANOLKAAAA  
 customername | Thomas, Billy     
-RECORD 14------------------------
 customer_id  | AAAAAAAAONJOAAAA  
 customername | Floyd, Janette    
-RECORD 15------------------------
 customer_id  | AAAAAAAAONLJAAAA  
 customername | Howard, Tommy
             