-- Automatically generated by TpcdsQueries
-RECORD 0-----------------------------
 total_sum          | 329088997.80    
 i_category         | null            
 i_class            | null            
 lochierarchy       | unknown         
 rank_within_parent | 1               
-RECORD 1-----------------------------
 total_sum          | 35430664.91     
 i_category         | Books           
 i_class            | null            
 lochierarchy       | unknown         
 rank_within_parent | 1               
-RECORD 2-----------------------------
 total_sum          | 34918777.34     
 i_category         | Men             
 i_class            | null            
 lochierarchy       | unknown         
 rank_within_parent | 2               
-RECORD 3-----------------------------
 total_sum          | 33760378.41     
 i_category         | Children        
 i_class            | null            
 lochierarchy       | unknown         
 rank_within_parent | 3               
-RECORD 4-----------------------------
 total_sum          | 33243530.17     
 i_category         | Electronics     
 i_class            | null            
 lochierarchy       | unknown         
 rank_within_parent | 4               
-RECORD 5-----------------------------
 total_sum          | 33145164.93     
 i_category         | Home            
 i_class            | null            
 lochierarchy       | unknown         
 rank_within_parent | 5               
-RECORD 6-----------------------------
 total_sum          | 32756827.42     
 i_category         | Shoes           
 i_class            | null            
 lochierarchy       | unknown         
 rank_within_parent | 6               
-RECORD 7-----------------------------
 total_sum          | 32285995.12     
 i_category         | Music           
 i_class            | null            
 lochierarchy       | unknown         
 rank_within_parent | 7               
-RECORD 8-----------------------------
 total_sum          | 31712254.78     
 i_category         | Sports          
 i_class            | null            
 lochierarchy       | unknown         
 rank_within_parent | 8               
-RECORD 9-----------------------------
 total_sum          | 30795989.18     
 i_category         | Women           
 i_class            | null            
 lochierarchy       | unknown         
 rank_within_parent | 9               
-RECORD 10----------------------------
 total_sum          | 30076030.73     
 i_category         | Jewelry         
 i_class            | null            
 lochierarchy       | unknown         
 rank_within_parent | 10              
-RECORD 11----------------------------
 total_sum          | 963384.81       
 i_category         | null            
 i_class            | null            
 lochierarchy       | unknown         
 rank_within_parent | 11              
-RECORD 12----------------------------
 total_sum          | 615989.10       
 i_category         | null            
 i_class            | null            
 lochierarchy       | unknown         
 rank_within_parent | 1               
-RECORD 13----------------------------
 total_sum          | 65752.25        
 i_category         | null            
 i_class            | dresses         
 lochierarchy       | unknown         
 rank_within_parent | 2               
-RECORD 14----------------------------
 total_sum          | 54445.48        
 i_category         | null            
 i_class            | lighting        
 lochierarchy       | unknown         
 rank_within_parent | 3               
-RECORD 15----------------------------
 total_sum          | 40391.44        
 i_category         | null            
 i_class            | infants         
 lochierarchy       | unknown         
 rank_within_parent | 4               
-RECORD 16----------------------------
 total_sum          | 35471.06        
 i_category         | null            
 i_class            | mens            
 lochierarchy       | unknown         
 rank_within_parent | 5               
-RECORD 17----------------------------
 total_sum          | 34067.03        
 i_category         | null            
 i_class            | country         
 lochierarchy       | unknown         
 rank_within_parent | 6               
-RECORD 18----------------------------
 total_sum          | 34046.70        
 i_category         | null            
 i_class            | accessories     
 lochierarchy       | unknown         
 rank_within_parent | 7               
-RECORD 19----------------------------
 total_sum          | 27537.73        
 i_category         | null            
 i_class            | baseball        
 lochierarchy       | unknown         
 rank_within_parent | 8               
-RECORD 20----------------------------
 total_sum          | 26174.29        
 i_category         | null            
 i_class            | guns            
 lochierarchy       | unknown         
 rank_within_parent | 9               
-RECORD 21----------------------------
 total_sum          | 17743.12        
 i_category         | null            
 i_class            | athletic        
 lochierarchy       | unknown         
 rank_within_parent | 10              
-RECORD 22----------------------------
 total_sum          | 11766.61        
 i_category         | null            
 i_class            | shirts          
 lochierarchy       | unknown         
 rank_within_parent | 11              
-RECORD 23----------------------------
 total_sum          | 2662546.58      
 i_category         | Books           
 i_class            | computers       
 lochierarchy       | unknown         
 rank_within_parent | 1               
-RECORD 24----------------------------
 total_sum          | 2495626.03      
 i_category         | Books           
 i_class            | parenting       
 lochierarchy       | unknown         
 rank_within_parent | 2               
-RECORD 25----------------------------
 total_sum          | 2425647.20      
 i_category         | Books           
 i_class            | fiction         
 lochierarchy       | unknown         
 rank_within_parent | 3               
-RECORD 26----------------------------
 total_sum          | 2401196.81      
 i_category         | Books           
 i_class            | sports          
 lochierarchy       | unknown         
 rank_within_parent | 4               
-RECORD 27----------------------------
 total_sum          | 2346704.09      
 i_category         | Books           
 i_class            | history         
 lochierarchy       | unknown         
 rank_within_parent | 5               
-RECORD 28----------------------------
 total_sum          | 2302719.16      
 i_category         | Books           
 i_class            | science         
 lochierarchy       | unknown         
 rank_within_parent | 6               
-RECORD 29----------------------------
 total_sum          | 2276270.78      
 i_category         | Books           
 i_class            | self-help       
 lochierarchy       | unknown         
 rank_within_parent | 7               
-RECORD 30----------------------------
 total_sum          | 2257444.51      
 i_category         | Books           
 i_class            | business        
 lochierarchy       | unknown         
 rank_within_parent | 8               
-RECORD 31----------------------------
 total_sum          | 2216374.08      
 i_category         | Books           
 i_class            | home repair     
 lochierarchy       | unknown         
 rank_within_parent | 9               
-RECORD 32----------------------------
 total_sum          | 2206720.90      
 i_category         | Books           
 i_class            | reference       
 lochierarchy       | unknown         
 rank_within_parent | 10              
-RECORD 33----------------------------
 total_sum          | 2149203.74      
 i_category         | Books           
 i_class            | mystery         
 lochierarchy       | unknown         
 rank_within_parent | 11              
-RECORD 34----------------------------
 total_sum          | 2140640.32      
 i_category         | Books           
 i_class            | travel          
 lochierarchy       | unknown         
 rank_within_parent | 12              
-RECORD 35----------------------------
 total_sum          | 2048647.89      
 i_category         | Books           
 i_class            | romance         
 lochierarchy       | unknown         
 rank_within_parent | 13              
-RECORD 36----------------------------
 total_sum          | 1956865.76      
 i_category         | Books           
 i_class            | cooking         
 lochierarchy       | unknown         
 rank_within_parent | 14              
-RECORD 37----------------------------
 total_sum          | 1859356.14      
 i_category         | Books           
 i_class            | arts            
 lochierarchy       | unknown         
 rank_within_parent | 15              
-RECORD 38----------------------------
 total_sum          | 1617536.06      
 i_category         | Books           
 i_class            | entertainments  
 lochierarchy       | unknown         
 rank_within_parent | 16              
-RECORD 39----------------------------
 total_sum          | 67164.86        
 i_category         | Books           
 i_class            | null            
 lochierarchy       | unknown         
 rank_within_parent | 17              
-RECORD 40----------------------------
 total_sum          | 8836884.43      
 i_category         | Children        
 i_class            | school-uniforms 
 lochierarchy       | unknown         
 rank_within_parent | 1               
-RECORD 41----------------------------
 total_sum          | 8760984.73      
 i_category         | Children        
 i_class            | infants         
 lochierarchy       | unknown         
 rank_within_parent | 2               
-RECORD 42----------------------------
 total_sum          | 8142524.86      
 i_category         | Children        
 i_class            | newborn         
 lochierarchy       | unknown         
 rank_within_parent | 3               
-RECORD 43----------------------------
 total_sum          | 7925776.25      
 i_category         | Children        
 i_class            | toddlers        
 lochierarchy       | unknown         
 rank_within_parent | 4               
-RECORD 44----------------------------
 total_sum          | 94208.14        
 i_category         | Children        
 i_class            | null            
 lochierarchy       | unknown         
 rank_within_parent | 5               
-RECORD 45----------------------------
 total_sum          | 2489469.99      
 i_category         | Electronics     
 i_class            | disk drives     
 lochierarchy       | unknown         
 rank_within_parent | 1               
-RECORD 46----------------------------
 total_sum          | 2323648.66      
 i_category         | Electronics     
 i_class            | personal        
 lochierarchy       | unknown         
 rank_within_parent | 2               
-RECORD 47----------------------------
 total_sum          | 2305415.91      
 i_category         | Electronics     
 i_class            | camcorders      
 lochierarchy       | unknown         
 rank_within_parent | 3               
-RECORD 48----------------------------
 total_sum          | 2240199.44      
 i_category         | Electronics     
 i_class            | karoke          
 lochierarchy       | unknown         
 rank_within_parent | 4               
-RECORD 49----------------------------
 total_sum          | 2235691.33      
 i_category         | Electronics     
 i_class            | stereo          
 lochierarchy       | unknown         
 rank_within_parent | 5               
-RECORD 50----------------------------
 total_sum          | 2233058.51      
 i_category         | Electronics     
 i_class            | televisions     
 lochierarchy       | unknown         
 rank_within_parent | 6               
-RECORD 51----------------------------
 total_sum          | 2113792.92      
 i_category         | Electronics     
 i_class            | portable        
 lochierarchy       | unknown         
 rank_within_parent | 7               
-RECORD 52----------------------------
 total_sum          | 2092500.41      
 i_category         | Electronics     
 i_class            | musical         
 lochierarchy       | unknown         
 rank_within_parent | 8               
-RECORD 53----------------------------
 total_sum          | 2088701.69      
 i_category         | Electronics     
 i_class            | dvd/vcr players 
 lochierarchy       | unknown         
 rank_within_parent | 9               
-RECORD 54----------------------------
 total_sum          | 2081097.01      
 i_category         | Electronics     
 i_class            | cameras         
 lochierarchy       | unknown         
 rank_within_parent | 10              
-RECORD 55----------------------------
 total_sum          | 2055973.50      
 i_category         | Electronics     
 i_class            | automotive      
 lochierarchy       | unknown         
 rank_within_parent | 11              
-RECORD 56----------------------------
 total_sum          | 2021900.56      
 i_category         | Electronics     
 i_class            | audio           
 lochierarchy       | unknown         
 rank_within_parent | 12              
-RECORD 57----------------------------
 total_sum          | 2006817.42      
 i_category         | Electronics     
 i_class            | memory          
 lochierarchy       | unknown         
 rank_within_parent | 13              
-RECORD 58----------------------------
 total_sum          | 1729410.62      
 i_category         | Electronics     
 i_class            | monitors        
 lochierarchy       | unknown         
 rank_within_parent | 14              
-RECORD 59----------------------------
 total_sum          | 1621759.97      
 i_category         | Electronics     
 i_class            | wireless        
 lochierarchy       | unknown         
 rank_within_parent | 15              
-RECORD 60----------------------------
 total_sum          | 1604092.23      
 i_category         | Electronics     
 i_class            | scanners        
 lochierarchy       | unknown         
 rank_within_parent | 16              
-RECORD 61----------------------------
 total_sum          | 2580794.04      
 i_category         | Home            
 i_class            | mattresses      
 lochierarchy       | unknown         
 rank_within_parent | 1               
-RECORD 62----------------------------
 total_sum          | 2552960.47      
 i_category         | Home            
 i_class            | glassware       
 lochierarchy       | unknown         
 rank_within_parent | 2               
-RECORD 63----------------------------
 total_sum          | 2479089.66      
 i_category         | Home            
 i_class            | lighting        
 lochierarchy       | unknown         
 rank_within_parent | 3               
-RECORD 64----------------------------
 total_sum          | 2241963.26      
 i_category         | Home            
 i_class            | bathroom        
 lochierarchy       | unknown         
 rank_within_parent | 4               
-RECORD 65----------------------------
 total_sum          | 2227778.30      
 i_category         | Home            
 i_class            | bedding         
 lochierarchy       | unknown         
 rank_within_parent | 5               
-RECORD 66----------------------------
 total_sum          | 2201961.72      
 i_category         | Home            
 i_class            | wallpaper       
 lochierarchy       | unknown         
 rank_within_parent | 6               
-RECORD 67----------------------------
 total_sum          | 2125093.38      
 i_category         | Home            
 i_class            | rugs            
 lochierarchy       | unknown         
 rank_within_parent | 7               
-RECORD 68----------------------------
 total_sum          | 2029622.97      
 i_category         | Home            
 i_class            | accent          
 lochierarchy       | unknown         
 rank_within_parent | 8               
-RECORD 69----------------------------
 total_sum          | 2005244.71      
 i_category         | Home            
 i_class            | paint           
 lochierarchy       | unknown         
 rank_within_parent | 9               
-RECORD 70----------------------------
 total_sum          | 2004693.90      
 i_category         | Home            
 i_class            | tables          
 lochierarchy       | unknown         
 rank_within_parent | 10              
-RECORD 71----------------------------
 total_sum          | 1882095.92      
 i_category         | Home            
 i_class            | blinds/shades   
 lochierarchy       | unknown         
 rank_within_parent | 11              
-RECORD 72----------------------------
 total_sum          | 1833537.38      
 i_category         | Home            
 i_class            | decor           
 lochierarchy       | unknown         
 rank_within_parent | 12              
-RECORD 73----------------------------
 total_sum          | 1805505.20      
 i_category         | Home            
 i_class            | kids            
 lochierarchy       | unknown         
 rank_within_parent | 13              
-RECORD 74----------------------------
 total_sum          | 1761357.98      
 i_category         | Home            
 i_class            | curtains/drapes 
 lochierarchy       | unknown         
 rank_within_parent | 14              
-RECORD 75----------------------------
 total_sum          | 1684930.79      
 i_category         | Home            
 i_class            | flatware        
 lochierarchy       | unknown         
 rank_within_parent | 15              
-RECORD 76----------------------------
 total_sum          | 1596468.10      
 i_category         | Home            
 i_class            | furniture       
 lochierarchy       | unknown         
 rank_within_parent | 16              
-RECORD 77----------------------------
 total_sum          | 132067.15       
 i_category         | Home            
 i_class            | null            
 lochierarchy       | unknown         
 rank_within_parent | 17              
-RECORD 78----------------------------
 total_sum          | 2311781.76      
 i_category         | Jewelry         
 i_class            | custom          
 lochierarchy       | unknown         
 rank_within_parent | 1               
-RECORD 79----------------------------
 total_sum          | 2143571.63      
 i_category         | Jewelry         
 i_class            | birdal          
 lochierarchy       | unknown         
 rank_within_parent | 2               
-RECORD 80----------------------------
 total_sum          | 2116270.85      
 i_category         | Jewelry         
 i_class            | loose stones    
 lochierarchy       | unknown         
 rank_within_parent | 3               
-RECORD 81----------------------------
 total_sum          | 2091585.73      
 i_category         | Jewelry         
 i_class            | diamonds        
 lochierarchy       | unknown         
 rank_within_parent | 4               
-RECORD 82----------------------------
 total_sum          | 1929363.68      
 i_category         | Jewelry         
 i_class            | bracelets       
 lochierarchy       | unknown         
 rank_within_parent | 5               
-RECORD 83----------------------------
 total_sum          | 1896051.77      
 i_category         | Jewelry         
 i_class            | gold            
 lochierarchy       | unknown         
 rank_within_parent | 6               
-RECORD 84----------------------------
 total_sum          | 1858969.13      
 i_category         | Jewelry         
 i_class            | costume         
 lochierarchy       | unknown         
 rank_within_parent | 7               
-RECORD 85----------------------------
 total_sum          | 1849246.62      
 i_category         | Jewelry         
 i_class            | mens watch      
 lochierarchy       | unknown         
 rank_within_parent | 8               
-RECORD 86----------------------------
 total_sum          | 1845580.36      
 i_category         | Jewelry         
 i_class            | estate          
 lochierarchy       | unknown         
 rank_within_parent | 9               
-RECORD 87----------------------------
 total_sum          | 1834863.97      
 i_category         | Jewelry         
 i_class            | earings         
 lochierarchy       | unknown         
 rank_within_parent | 10              
-RECORD 88----------------------------
 total_sum          | 1809049.82      
 i_category         | Jewelry         
 i_class            | womens watch    
 lochierarchy       | unknown         
 rank_within_parent | 11              
-RECORD 89----------------------------
 total_sum          | 1738077.18      
 i_category         | Jewelry         
 i_class            | semi-precious   
 lochierarchy       | unknown         
 rank_within_parent | 12              
-RECORD 90----------------------------
 total_sum          | 1736010.32      
 i_category         | Jewelry         
 i_class            | rings           
 lochierarchy       | unknown         
 rank_within_parent | 13              
-RECORD 91----------------------------
 total_sum          | 1703934.55      
 i_category         | Jewelry         
 i_class            | consignment     
 lochierarchy       | unknown         
 rank_within_parent | 14              
-RECORD 92----------------------------
 total_sum          | 1608464.69      
 i_category         | Jewelry         
 i_class            | pendants        
 lochierarchy       | unknown         
 rank_within_parent | 15              
-RECORD 93----------------------------
 total_sum          | 1603208.67      
 i_category         | Jewelry         
 i_class            | jewelry boxes   
 lochierarchy       | unknown         
 rank_within_parent | 16              
-RECORD 94----------------------------
 total_sum          | 9509484.62      
 i_category         | Men             
 i_class            | sports-apparel  
 lochierarchy       | unknown         
 rank_within_parent | 1               
-RECORD 95----------------------------
 total_sum          | 8897383.77      
 i_category         | Men             
 i_class            | pants           
 lochierarchy       | unknown         
 rank_within_parent | 2               
-RECORD 96----------------------------
 total_sum          | 8508441.20      
 i_category         | Men             
 i_class            | accessories     
 lochierarchy       | unknown         
 rank_within_parent | 3               
-RECORD 97----------------------------
 total_sum          | 7952307.23      
 i_category         | Men             
 i_class            | shirts          
 lochierarchy       | unknown         
 rank_within_parent | 4               
-RECORD 98----------------------------
 total_sum          | 51160.52        
 i_category         | Men             
 i_class            | null            
 lochierarchy       | unknown         
 rank_within_parent | 5               
-RECORD 99----------------------------
 total_sum          | 8668502.54      
 i_category         | Music           
 i_class            | rock            
 lochierarchy       | unknown         
 rank_within_parent | 1
             