-- Automatically generated by TpcdsQueries
-RECORD 0------------------------------
 i_category        | Men               
 i_class           | shirts            
 i_brand           | importoimporto #1 
 s_store_name      | bar               
 s_company_name    | Unknown           
 d_moy             | 3                 
 sum_sales         | 1815.92           
 avg_monthly_sales | 4915.190000       
-RECORD 1------------------------------
 i_category        | Women             
 i_class           | dresses           
 i_brand           | amalgamalg #1     
 s_store_name      | ation             
 s_company_name    | Unknown           
 d_moy             | 6                 
 sum_sales         | 1508.07           
 avg_monthly_sales | 4586.300000       
-RECORD 2------------------------------
 i_category        | Men               
 i_class           | shirts            
 i_brand           | importoimporto #1 
 s_store_name      | ese               
 s_company_name    | Unknown           
 d_moy             | 6                 
 sum_sales         | 1577.69           
 avg_monthly_sales | 4596.057500       
-RECORD 3------------------------------
 i_category        | Men               
 i_class           | shirts            
 i_brand           | importoimporto #1 
 s_store_name      | ation             
 s_company_name    | Unknown           
 d_moy             | 6                 
 sum_sales         | 2077.36           
 avg_monthly_sales | 4920.419167       
-RECORD 4------------------------------
 i_category        | Men               
 i_class           | shirts            
 i_brand           | importoimporto #1 
 s_store_name      | ese               
 s_company_name    | Unknown           
 d_moy             | 4                 
 sum_sales         | 1762.17           
 avg_monthly_sales | 4596.057500       
-RECORD 5------------------------------
 i_category        | Men               
 i_class           | shirts            
 i_brand           | importoimporto #1 
 s_store_name      | ation             
 s_company_name    | Unknown           
 d_moy             | 3                 
 sum_sales         | 2183.89           
 avg_monthly_sales | 4920.419167       
-RECORD 6------------------------------
 i_category        | Women             
 i_class           | dresses           
 i_brand           | amalgamalg #1     
 s_store_name      | ation             
 s_company_name    | Unknown           
 d_moy             | 3                 
 sum_sales         | 1917.37           
 avg_monthly_sales | 4586.300000       
-RECORD 7------------------------------
 i_category        | Men               
 i_class           | shirts            
 i_brand           | importoimporto #1 
 s_store_name      | ought             
 s_company_name    | Unknown           
 d_moy             | 4                 
 sum_sales         | 2425.64           
 avg_monthly_sales | 5071.261667       
-RECORD 8------------------------------
 i_category        | Men               
 i_class           | shirts            
 i_brand           | importoimporto #1 
 s_store_name      | ought             
 s_company_name    | Unknown           
 d_moy             | 2                 
 sum_sales         | 2438.50           
 avg_monthly_sales | 5071.261667       
-RECORD 9------------------------------
 i_category        | Women             
 i_class           | dresses           
 i_brand           | amalgamalg #1     
 s_store_name      | eing              
 s_company_name    | Unknown           
 d_moy             | 7                 
 sum_sales         | 1904.98           
 avg_monthly_sales | 4494.382500       
-RECORD 10-----------------------------
 i_category        | Women             
 i_class           | dresses           
 i_brand           | amalgamalg #1     
 s_store_name      | able              
 s_company_name    | Unknown           
 d_moy             | 4                 
 sum_sales         | 1994.71           
 avg_monthly_sales | 4582.713333       
-RECORD 11-----------------------------
 i_category        | Men               
 i_class           | shirts            
 i_brand           | importoimporto #1 
 s_store_name      | eing              
 s_company_name    | Unknown           
 d_moy             | 3                 
 sum_sales         | 2458.87           
 avg_monthly_sales | 5035.925833       
-RECORD 12-----------------------------
 i_category        | Women             
 i_class           | dresses           
 i_brand           | amalgamalg #1     
 s_store_name      | ought             
 s_company_name    | Unknown           
 d_moy             | 3                 
 sum_sales         | 2138.31           
 avg_monthly_sales | 4707.378333       
-RECORD 13-----------------------------
 i_category        | Men               
 i_class           | shirts            
 i_brand           | importoimporto #1 
 s_store_name      | ought             
 s_company_name    | Unknown           
 d_moy             | 7                 
 sum_sales         | 2511.79           
 avg_monthly_sales | 5071.261667       
-RECORD 14-----------------------------
 i_category        | Men               
 i_class           | shirts            
 i_brand           | importoimporto #1 
 s_store_name      | eing              
 s_company_name    | Unknown           
 d_moy             | 4                 
 sum_sales         | 2528.19           
 avg_monthly_sales | 5035.925833       
-RECORD 15-----------------------------
 i_category        | Men               
 i_class           | shirts            
 i_brand           | importoimporto #1 
 s_store_name      | ought             
 s_company_name    | Unknown           
 d_moy             | 5                 
 sum_sales         | 2641.17           
 avg_monthly_sales | 5071.261667       
-RECORD 16-----------------------------
 i_category        | Men               
 i_class           | shirts            
 i_brand           | importoimporto #1 
 s_store_name      | able              
 s_company_name    | Unknown           
 d_moy             | 7                 
 sum_sales         | 2360.38           
 avg_monthly_sales | 4779.735000       
-RECORD 17-----------------------------
 i_category        | Men               
 i_class           | shirts            
 i_brand           | importoimporto #1 
 s_store_name      | bar               
 s_company_name    | Unknown           
 d_moy             | 6                 
 sum_sales         | 2521.43           
 avg_monthly_sales | 4915.190000       
-RECORD 18-----------------------------
 i_category        | Men               
 i_class           | shirts            
 i_brand           | importoimporto #1 
 s_store_name      | ought             
 s_company_name    | Unknown           
 d_moy             | 3                 
 sum_sales         | 2696.60           
 avg_monthly_sales | 5071.261667       
-RECORD 19-----------------------------
 i_category        | Men               
 i_class           | shirts            
 i_brand           | importoimporto #1 
 s_store_name      | eing              
 s_company_name    | Unknown           
 d_moy             | 7                 
 sum_sales         | 2689.88           
 avg_monthly_sales | 5035.925833       
-RECORD 20-----------------------------
 i_category        | Women             
 i_class           | dresses           
 i_brand           | amalgamalg #1     
 s_store_name      | ought             
 s_company_name    | Unknown           
 d_moy             | 4                 
 sum_sales         | 2396.08           
 avg_monthly_sales | 4707.378333       
-RECORD 21-----------------------------
 i_category        | Men               
 i_class           | shirts            
 i_brand           | importoimporto #1 
 s_store_name      | eing              
 s_company_name    | Unknown           
 d_moy             | 6                 
 sum_sales         | 2725.29           
 avg_monthly_sales | 5035.925833       
-RECORD 22-----------------------------
 i_category        | Women             
 i_class           | dresses           
 i_brand           | amalgamalg #1     
 s_store_name      | able              
 s_company_name    | Unknown           
 d_moy             | 7                 
 sum_sales         | 2299.82           
 avg_monthly_sales | 4582.713333       
-RECORD 23-----------------------------
 i_category        | Women             
 i_class           | dresses           
 i_brand           | amalgamalg #1     
 s_store_name      | able              
 s_company_name    | Unknown           
 d_moy             | 5                 
 sum_sales         | 2321.48           
 avg_monthly_sales | 4582.713333       
-RECORD 24-----------------------------
 i_category        | Women             
 i_class           | dresses           
 i_brand           | amalgamalg #1     
 s_store_name      | ought             
 s_company_name    | Unknown           
 d_moy             | 7                 
 sum_sales         | 2449.19           
 avg_monthly_sales | 4707.378333       
-RECORD 25-----------------------------
 i_category        | Men               
 i_class           | shirts            
 i_brand           | importoimporto #1 
 s_store_name      | eing              
 s_company_name    | Unknown           
 d_moy             | 2                 
 sum_sales         | 2784.04           
 avg_monthly_sales | 5035.925833       
-RECORD 26-----------------------------
 i_category        | Women             
 i_class           | dresses           
 i_brand           | amalgamalg #1     
 s_store_name      | ese               
 s_company_name    | Unknown           
 d_moy             | 4                 
 sum_sales         | 2254.90           
 avg_monthly_sales | 4490.582500       
-RECORD 27-----------------------------
 i_category        | Women             
 i_class           | dresses           
 i_brand           | amalgamalg #1     
 s_store_name      | ese               
 s_company_name    | Unknown           
 d_moy             | 3                 
 sum_sales         | 2257.13           
 avg_monthly_sales | 4490.582500       
-RECORD 28-----------------------------
 i_category        | Women             
 i_class           | dresses           
 i_brand           | amalgamalg #1     
 s_store_name      | ese               
 s_company_name    | Unknown           
 d_moy             | 6                 
 sum_sales         | 2257.18           
 avg_monthly_sales | 4490.582500       
-RECORD 29-----------------------------
 i_category        | Women             
 i_class           | dresses           
 i_brand           | amalgamalg #1     
 s_store_name      | bar               
 s_company_name    | Unknown           
 d_moy             | 4                 
 sum_sales         | 1998.31           
 avg_monthly_sales | 4205.080833       
-RECORD 30-----------------------------
 i_category        | Men               
 i_class           | shirts            
 i_brand           | importoimporto #1 
 s_store_name      | ese               
 s_company_name    | Unknown           
 d_moy             | 2                 
 sum_sales         | 2393.90           
 avg_monthly_sales | 4596.057500       
-RECORD 31-----------------------------
 i_category        | Women             
 i_class           | dresses           
 i_brand           | amalgamalg #1     
 s_store_name      | eing              
 s_company_name    | Unknown           
 d_moy             | 6                 
 sum_sales         | 2308.58           
 avg_monthly_sales | 4494.382500       
-RECORD 32-----------------------------
 i_category        | Men               
 i_class           | shirts            
 i_brand           | importoimporto #1 
 s_store_name      | eing              
 s_company_name    | Unknown           
 d_moy             | 1                 
 sum_sales         | 2856.92           
 avg_monthly_sales | 5035.925833       
-RECORD 33-----------------------------
 i_category        | Women             
 i_class           | dresses           
 i_brand           | amalgamalg #1     
 s_store_name      | able              
 s_company_name    | Unknown           
 d_moy             | 3                 
 sum_sales         | 2408.40           
 avg_monthly_sales | 4582.713333       
-RECORD 34-----------------------------
 i_category        | Women             
 i_class           | dresses           
 i_brand           | amalgamalg #1     
 s_store_name      | ese               
 s_company_name    | Unknown           
 d_moy             | 5                 
 sum_sales         | 2317.37           
 avg_monthly_sales | 4490.582500       
-RECORD 35-----------------------------
 i_category        | Men               
 i_class           | shirts            
 i_brand           | importoimporto #1 
 s_store_name      | ese               
 s_company_name    | Unknown           
 d_moy             | 7                 
 sum_sales         | 2439.68           
 avg_monthly_sales | 4596.057500       
-RECORD 36-----------------------------
 i_category        | Women             
 i_class           | dresses           
 i_brand           | amalgamalg #1     
 s_store_name      | ese               
 s_company_name    | Unknown           
 d_moy             | 7                 
 sum_sales         | 2341.06           
 avg_monthly_sales | 4490.582500       
-RECORD 37-----------------------------
 i_category        | Men               
 i_class           | shirts            
 i_brand           | importoimporto #1 
 s_store_name      | ese               
 s_company_name    | Unknown           
 d_moy             | 5                 
 sum_sales         | 2457.43           
 avg_monthly_sales | 4596.057500       
-RECORD 38-----------------------------
 i_category        | Women             
 i_class           | dresses           
 i_brand           | amalgamalg #1     
 s_store_name      | ought             
 s_company_name    | Unknown           
 d_moy             | 6                 
 sum_sales         | 2577.66           
 avg_monthly_sales | 4707.378333       
-RECORD 39-----------------------------
 i_category        | Women             
 i_class           | dresses           
 i_brand           | amalgamalg #1     
 s_store_name      | bar               
 s_company_name    | Unknown           
 d_moy             | 3                 
 sum_sales         | 2097.37           
 avg_monthly_sales | 4205.080833       
-RECORD 40-----------------------------
 i_category        | Women             
 i_class           | dresses           
 i_brand           | amalgamalg #1     
 s_store_name      | eing              
 s_company_name    | Unknown           
 d_moy             | 5                 
 sum_sales         | 2398.63           
 avg_monthly_sales | 4494.382500       
-RECORD 41-----------------------------
 i_category        | Men               
 i_class           | shirts            
 i_brand           | importoimporto #1 
 s_store_name      | ation             
 s_company_name    | Unknown           
 d_moy             | 4                 
 sum_sales         | 2841.78           
 avg_monthly_sales | 4920.419167       
-RECORD 42-----------------------------
 i_category        | Men               
 i_class           | shirts            
 i_brand           | importoimporto #1 
 s_store_name      | bar               
 s_company_name    | Unknown           
 d_moy             | 2                 
 sum_sales         | 2884.81           
 avg_monthly_sales | 4915.190000       
-RECORD 43-----------------------------
 i_category        | Women             
 i_class           | dresses           
 i_brand           | amalgamalg #1     
 s_store_name      | ation             
 s_company_name    | Unknown           
 d_moy             | 4                 
 sum_sales         | 2557.46           
 avg_monthly_sales | 4586.300000       
-RECORD 44-----------------------------
 i_category        | Men               
 i_class           | shirts            
 i_brand           | importoimporto #1 
 s_store_name      | bar               
 s_company_name    | Unknown           
 d_moy             | 1                 
 sum_sales         | 2926.69           
 avg_monthly_sales | 4915.190000       
-RECORD 45-----------------------------
 i_category        | Women             
 i_class           | dresses           
 i_brand           | amalgamalg #1     
 s_store_name      | eing              
 s_company_name    | Unknown           
 d_moy             | 3                 
 sum_sales         | 2528.38           
 avg_monthly_sales | 4494.382500       
-RECORD 46-----------------------------
 i_category        | Women             
 i_class           | dresses           
 i_brand           | amalgamalg #1     
 s_store_name      | able              
 s_company_name    | Unknown           
 d_moy             | 2                 
 sum_sales         | 2616.82           
 avg_monthly_sales | 4582.713333       
-RECORD 47-----------------------------
 i_category        | Men               
 i_class           | shirts            
 i_brand           | importoimporto #1 
 s_store_name      | bar               
 s_company_name    | Unknown           
 d_moy             | 4                 
 sum_sales         | 2956.00           
 avg_monthly_sales | 4915.190000       
-RECORD 48-----------------------------
 i_category        | Men               
 i_class           | shirts            
 i_brand           | importoimporto #1 
 s_store_name      | able              
 s_company_name    | Unknown           
 d_moy             | 5                 
 sum_sales         | 2829.72           
 avg_monthly_sales | 4779.735000       
-RECORD 49-----------------------------
 i_category        | Women             
 i_class           | dresses           
 i_brand           | amalgamalg #1     
 s_store_name      | ese               
 s_company_name    | Unknown           
 d_moy             | 2                 
 sum_sales         | 2586.26           
 avg_monthly_sales | 4490.582500       
-RECORD 50-----------------------------
 i_category        | Men               
 i_class           | shirts            
 i_brand           | importoimporto #1 
 s_store_name      | ese               
 s_company_name    | Unknown           
 d_moy             | 3                 
 sum_sales         | 2728.14           
 avg_monthly_sales | 4596.057500       
-RECORD 51-----------------------------
 i_category        | Men               
 i_class           | shirts            
 i_brand           | importoimporto #1 
 s_store_name      | able              
 s_company_name    | Unknown           
 d_moy             | 2                 
 sum_sales         | 2913.44           
 avg_monthly_sales | 4779.735000       
-RECORD 52-----------------------------
 i_category        | Men               
 i_class           | shirts            
 i_brand           | importoimporto #1 
 s_store_name      | ought             
 s_company_name    | Unknown           
 d_moy             | 6                 
 sum_sales         | 3210.96           
 avg_monthly_sales | 5071.261667       
-RECORD 53-----------------------------
 i_category        | Women             
 i_class           | dresses           
 i_brand           | amalgamalg #1     
 s_store_name      | eing              
 s_company_name    | Unknown           
 d_moy             | 4                 
 sum_sales         | 2647.58           
 avg_monthly_sales | 4494.382500       
-RECORD 54-----------------------------
 i_category        | Women             
 i_class           | dresses           
 i_brand           | amalgamalg #1     
 s_store_name      | bar               
 s_company_name    | Unknown           
 d_moy             | 7                 
 sum_sales         | 2407.85           
 avg_monthly_sales | 4205.080833       
-RECORD 55-----------------------------
 i_category        | Women             
 i_class           | dresses           
 i_brand           | amalgamalg #1     
 s_store_name      | bar               
 s_company_name    | Unknown           
 d_moy             | 6                 
 sum_sales         | 2427.96           
 avg_monthly_sales | 4205.080833       
-RECORD 56-----------------------------
 i_category        | Women             
 i_class           | dresses           
 i_brand           | amalgamalg #1     
 s_store_name      | ought             
 s_company_name    | Unknown           
 d_moy             | 2                 
 sum_sales         | 2933.33           
 avg_monthly_sales | 4707.378333       
-RECORD 57-----------------------------
 i_category        | Women             
 i_class           | dresses           
 i_brand           | amalgamalg #1     
 s_store_name      | ought             
 s_company_name    | Unknown           
 d_moy             | 5                 
 sum_sales         | 2946.43           
 avg_monthly_sales | 4707.378333       
-RECORD 58-----------------------------
 i_category        | Women             
 i_class           | dresses           
 i_brand           | amalgamalg #1     
 s_store_name      | bar               
 s_company_name    | Unknown           
 d_moy             | 2                 
 sum_sales         | 2465.92           
 avg_monthly_sales | 4205.080833       
-RECORD 59-----------------------------
 i_category        | Men               
 i_class           | shirts            
 i_brand           | importoimporto #1 
 s_store_name      | able              
 s_company_name    | Unknown           
 d_moy             | 4                 
 sum_sales         | 3120.21           
 avg_monthly_sales | 4779.735000       
-RECORD 60-----------------------------
 i_category        | Men               
 i_class           | shirts            
 i_brand           | importoimporto #2 
 s_store_name      | able              
 s_company_name    | Unknown           
 d_moy             | 7                 
 sum_sales         | 868.21            
 avg_monthly_sales | 2511.135833       
-RECORD 61-----------------------------
 i_category        | Men               
 i_class           | shirts            
 i_brand           | importoimporto #2 
 s_store_name      | ese               
 s_company_name    | Unknown           
 d_moy             | 6                 
 sum_sales         | 985.62            
 avg_monthly_sales | 2603.736667       
-RECORD 62-----------------------------
 i_category        | Women             
 i_class           | dresses           
 i_brand           | amalgamalg #1     
 s_store_name      | bar               
 s_company_name    | Unknown           
 d_moy             | 5                 
 sum_sales         | 2594.86           
 avg_monthly_sales | 4205.080833       
-RECORD 63-----------------------------
 i_category        | Women             
 i_class           | dresses           
 i_brand           | amalgamalg #1     
 s_store_name      | ation             
 s_company_name    | Unknown           
 d_moy             | 5                 
 sum_sales         | 2992.12           
 avg_monthly_sales | 4586.300000       
-RECORD 64-----------------------------
 i_category        | Men               
 i_class           | shirts            
 i_brand           | importoimporto #1 
 s_store_name      | able              
 s_company_name    | Unknown           
 d_moy             | 3                 
 sum_sales         | 3197.55           
 avg_monthly_sales | 4779.735000       
-RECORD 65-----------------------------
 i_category        | Men               
 i_class           | shirts            
 i_brand           | importoimporto #1 
 s_store_name      | ation             
 s_company_name    | Unknown           
 d_moy             | 7                 
 sum_sales         | 3347.44           
 avg_monthly_sales | 4920.419167       
-RECORD 66-----------------------------
 i_category        | Women             
 i_class           | dresses           
 i_brand           | amalgamalg #1     
 s_store_name      | ation             
 s_company_name    | Unknown           
 d_moy             | 7                 
 sum_sales         | 3059.37           
 avg_monthly_sales | 4586.300000       
-RECORD 67-----------------------------
 i_category        | Men               
 i_class           | shirts            
 i_brand           | importoimporto #1 
 s_store_name      | ation             
 s_company_name    | Unknown           
 d_moy             | 5                 
 sum_sales         | 3402.55           
 avg_monthly_sales | 4920.419167       
-RECORD 68-----------------------------
 i_category        | Women             
 i_class           | dresses           
 i_brand           | amalgamalg #1     
 s_store_name      | able              
 s_company_name    | Unknown           
 d_moy             | 6                 
 sum_sales         | 3085.16           
 avg_monthly_sales | 4582.713333       
-RECORD 69-----------------------------
 i_category        | Men               
 i_class           | shirts            
 i_brand           | importoimporto #1 
 s_store_name      | bar               
 s_company_name    | Unknown           
 d_moy             | 7                 
 sum_sales         | 3426.04           
 avg_monthly_sales | 4915.190000       
-RECORD 70-----------------------------
 i_category        | Women             
 i_class           | dresses           
 i_brand           | amalgamalg #1     
 s_store_name      | eing              
 s_company_name    | Unknown           
 d_moy             | 2                 
 sum_sales         | 3013.27           
 avg_monthly_sales | 4494.382500       
-RECORD 71-----------------------------
 i_category        | Women             
 i_class           | dresses           
 i_brand           | amalgamalg #2     
 s_store_name      | bar               
 s_company_name    | Unknown           
 d_moy             | 2                 
 sum_sales         | 512.15            
 avg_monthly_sales | 1992.243333       
-RECORD 72-----------------------------
 i_category        | Men               
 i_class           | shirts            
 i_brand           | importoimporto #2 
 s_store_name      | ese               
 s_company_name    | Unknown           
 d_moy             | 2                 
 sum_sales         | 1143.39           
 avg_monthly_sales | 2603.736667       
-RECORD 73-----------------------------
 i_category        | Women             
 i_class           | dresses           
 i_brand           | amalgamalg #2     
 s_store_name      | able              
 s_company_name    | Unknown           
 d_moy             | 2                 
 sum_sales         | 652.58            
 avg_monthly_sales | 2089.189167       
-RECORD 74-----------------------------
 i_category        | Women             
 i_class           | dresses           
 i_brand           | amalgamalg #2     
 s_store_name      | able              
 s_company_name    | Unknown           
 d_moy             | 3                 
 sum_sales         | 656.84            
 avg_monthly_sales | 2089.189167       
-RECORD 75-----------------------------
 i_category        | Women             
 i_class           | dresses           
 i_brand           | amalgamalg #2     
 s_store_name      | bar               
 s_company_name    | Unknown           
 d_moy             | 3                 
 sum_sales         | 564.90            
 avg_monthly_sales | 1992.243333       
-RECORD 76-----------------------------
 i_category        | Men               
 i_class           | shirts            
 i_brand           | importoimporto #1 
 s_store_name      | bar               
 s_company_name    | Unknown           
 d_moy             | 5                 
 sum_sales         | 3491.77           
 avg_monthly_sales | 4915.190000       
-RECORD 77-----------------------------
 i_category        | Men               
 i_class           | shirts            
 i_brand           | importoimporto #2 
 s_store_name      | ation             
 s_company_name    | Unknown           
 d_moy             | 3                 
 sum_sales         | 1075.39           
 avg_monthly_sales | 2478.654167       
-RECORD 78-----------------------------
 i_category        | Women             
 i_class           | dresses           
 i_brand           | amalgamalg #1     
 s_store_name      | ese               
 s_company_name    | Unknown           
 d_moy             | 1                 
 sum_sales         | 3107.05           
 avg_monthly_sales | 4490.582500       
-RECORD 79-----------------------------
 i_category        | Men               
 i_class           | shirts            
 i_brand           | importoimporto #2 
 s_store_name      | ought             
 s_company_name    | Unknown           
 d_moy             | 2                 
 sum_sales         | 1061.74           
 avg_monthly_sales | 2425.509167       
-RECORD 80-----------------------------
 i_category        | Men               
 i_class           | shirts            
 i_brand           | importoimporto #2 
 s_store_name      | eing              
 s_company_name    | Unknown           
 d_moy             | 7                 
 sum_sales         | 1040.11           
 avg_monthly_sales | 2396.908333       
-RECORD 81-----------------------------
 i_category        | Men               
 i_class           | shirts            
 i_brand           | importoimporto #1 
 s_store_name      | ese               
 s_company_name    | Unknown           
 d_moy             | 1                 
 sum_sales         | 3253.77           
 avg_monthly_sales | 4596.057500       
-RECORD 82-----------------------------
 i_category        | Men               
 i_class           | shirts            
 i_brand           | importoimporto #2 
 s_store_name      | able              
 s_company_name    | Unknown           
 d_moy             | 2                 
 sum_sales         | 1181.12           
 avg_monthly_sales | 2511.135833       
-RECORD 83-----------------------------
 i_category        | Men               
 i_class           | shirts            
 i_brand           | importoimporto #1 
 s_store_name      | ation             
 s_company_name    | Unknown           
 d_moy             | 2                 
 sum_sales         | 3598.63           
 avg_monthly_sales | 4920.419167       
-RECORD 84-----------------------------
 i_category        | Women             
 i_class           | dresses           
 i_brand           | amalgamalg #2     
 s_store_name      | eing              
 s_company_name    | Unknown           
 d_moy             | 3                 
 sum_sales         | 758.25            
 avg_monthly_sales | 2074.660833       
-RECORD 85-----------------------------
 i_category        | Women             
 i_class           | dresses           
 i_brand           | amalgamalg #2     
 s_store_name      | ese               
 s_company_name    | Unknown           
 d_moy             | 5                 
 sum_sales         | 782.25            
 avg_monthly_sales | 2094.761667       
-RECORD 86-----------------------------
 i_category        | Men               
 i_class           | shirts            
 i_brand           | importoimporto #2 
 s_store_name      | ese               
 s_company_name    | Unknown           
 d_moy             | 4                 
 sum_sales         | 1293.95           
 avg_monthly_sales | 2603.736667       
-RECORD 87-----------------------------
 i_category        | Women             
 i_class           | dresses           
 i_brand           | amalgamalg #1     
 s_store_name      | ation             
 s_company_name    | Unknown           
 d_moy             | 2                 
 sum_sales         | 3282.12           
 avg_monthly_sales | 4586.300000       
-RECORD 88-----------------------------
 i_category        | Men               
 i_class           | shirts            
 i_brand           | importoimporto #2 
 s_store_name      | able              
 s_company_name    | Unknown           
 d_moy             | 3                 
 sum_sales         | 1216.42           
 avg_monthly_sales | 2511.135833       
-RECORD 89-----------------------------
 i_category        | Men               
 i_class           | shirts            
 i_brand           | importoimporto #1 
 s_store_name      | able              
 s_company_name    | Unknown           
 d_moy             | 6                 
 sum_sales         | 3503.61           
 avg_monthly_sales | 4779.735000       
-RECORD 90-----------------------------
 i_category        | Men               
 i_class           | shirts            
 i_brand           | importoimporto #2 
 s_store_name      | ese               
 s_company_name    | Unknown           
 d_moy             | 1                 
 sum_sales         | 1333.77           
 avg_monthly_sales | 2603.736667       
-RECORD 91-----------------------------
 i_category        | Men               
 i_class           | shirts            
 i_brand           | importoimporto #2 
 s_store_name      | able              
 s_company_name    | Unknown           
 d_moy             | 6                 
 sum_sales         | 1243.07           
 avg_monthly_sales | 2511.135833       
-RECORD 92-----------------------------
 i_category        | Women             
 i_class           | dresses           
 i_brand           | amalgamalg #2     
 s_store_name      | ought             
 s_company_name    | Unknown           
 d_moy             | 2                 
 sum_sales         | 760.60            
 avg_monthly_sales | 2026.577500       
-RECORD 93-----------------------------
 i_category        | Men               
 i_class           | shirts            
 i_brand           | importoimporto #2 
 s_store_name      | bar               
 s_company_name    | Unknown           
 d_moy             | 4                 
 sum_sales         | 970.79            
 avg_monthly_sales | 2234.079167       
-RECORD 94-----------------------------
 i_category        | Women             
 i_class           | dresses           
 i_brand           | amalgamalg #2     
 s_store_name      | ese               
 s_company_name    | Unknown           
 d_moy             | 4                 
 sum_sales         | 832.51            
 avg_monthly_sales | 2094.761667       
-RECORD 95-----------------------------
 i_category        | Men               
 i_class           | shirts            
 i_brand           | importoimporto #2 
 s_store_name      | ation             
 s_company_name    | Unknown           
 d_moy             | 6                 
 sum_sales         | 1226.01           
 avg_monthly_sales | 2478.654167       
-RECORD 96-----------------------------
 i_category        | Men               
 i_class           | shirts            
 i_brand           | importoimporto #2 
 s_store_name      | ought             
 s_company_name    | Unknown           
 d_moy             | 6                 
 sum_sales         | 1205.46           
 avg_monthly_sales | 2425.509167       
-RECORD 97-----------------------------
 i_category        | Women             
 i_class           | dresses           
 i_brand           | amalgamalg #2     
 s_store_name      | ation             
 s_company_name    | Unknown           
 d_moy             | 4                 
 sum_sales         | 595.85            
 avg_monthly_sales | 1797.562500       
-RECORD 98-----------------------------
 i_category        | Men               
 i_class           | shirts            
 i_brand           | importoimporto #2 
 s_store_name      | bar               
 s_company_name    | Unknown           
 d_moy             | 2                 
 sum_sales         | 1036.00           
 avg_monthly_sales | 2234.079167       
-RECORD 99-----------------------------
 i_category        | Women             
 i_class           | dresses           
 i_brand           | amalgamalg #2     
 s_store_name      | eing              
 s_company_name    | Unknown           
 d_moy             | 4                 
 sum_sales         | 878.88            
 avg_monthly_sales | 2074.660833
             