-- Automatically generated by TpcdsQueries
-RECORD 0---------------
 ss_customer_sk | 108   
 sumsales       | null  
-RECORD 1---------------
 ss_customer_sk | 331   
 sumsales       | null  
-RECORD 2---------------
 ss_customer_sk | 533   
 sumsales       | null  
-RECORD 3---------------
 ss_customer_sk | 564   
 sumsales       | null  
-RECORD 4---------------
 ss_customer_sk | 1391  
 sumsales       | null  
-RECORD 5---------------
 ss_customer_sk | 1680  
 sumsales       | null  
-RECORD 6---------------
 ss_customer_sk | 2096  
 sumsales       | null  
-RECORD 7---------------
 ss_customer_sk | 2534  
 sumsales       | null  
-RECORD 8---------------
 ss_customer_sk | 2766  
 sumsales       | null  
-RECORD 9---------------
 ss_customer_sk | 2857  
 sumsales       | null  
-RECORD 10--------------
 ss_customer_sk | 3400  
 sumsales       | null  
-RECORD 11--------------
 ss_customer_sk | 3565  
 sumsales       | null  
-RECORD 12--------------
 ss_customer_sk | 4075  
 sumsales       | null  
-RECORD 13--------------
 ss_customer_sk | 4516  
 sumsales       | null  
-RECORD 14--------------
 ss_customer_sk | 4888  
 sumsales       | null  
-RECORD 15--------------
 ss_customer_sk | 4980  
 sumsales       | null  
-RECORD 16--------------
 ss_customer_sk | 5111  
 sumsales       | null  
-RECORD 17--------------
 ss_customer_sk | 5626  
 sumsales       | null  
-RECORD 18--------------
 ss_customer_sk | 5743  
 sumsales       | null  
-RECORD 19--------------
 ss_customer_sk | 6078  
 sumsales       | null  
-RECORD 20--------------
 ss_customer_sk | 6760  
 sumsales       | null  
-RECORD 21--------------
 ss_customer_sk | 6910  
 sumsales       | null  
-RECORD 22--------------
 ss_customer_sk | 7034  
 sumsales       | null  
-RECORD 23--------------
 ss_customer_sk | 7770  
 sumsales       | null  
-RECORD 24--------------
 ss_customer_sk | 7791  
 sumsales       | null  
-RECORD 25--------------
 ss_customer_sk | 8140  
 sumsales       | null  
-RECORD 26--------------
 ss_customer_sk | 8364  
 sumsales       | null  
-RECORD 27--------------
 ss_customer_sk | 8725  
 sumsales       | null  
-RECORD 28--------------
 ss_customer_sk | 8913  
 sumsales       | null  
-RECORD 29--------------
 ss_customer_sk | 8938  
 sumsales       | null  
-RECORD 30--------------
 ss_customer_sk | 9203  
 sumsales       | null  
-RECORD 31--------------
 ss_customer_sk | 9220  
 sumsales       | null  
-RECORD 32--------------
 ss_customer_sk | 9860  
 sumsales       | null  
-RECORD 33--------------
 ss_customer_sk | 10269 
 sumsales       | null  
-RECORD 34--------------
 ss_customer_sk | 11218 
 sumsales       | null  
-RECORD 35--------------
 ss_customer_sk | 11625 
 sumsales       | null  
-RECORD 36--------------
 ss_customer_sk | 12405 
 sumsales       | null  
-RECORD 37--------------
 ss_customer_sk | 12935 
 sumsales       | null  
-RECORD 38--------------
 ss_customer_sk | 12954 
 sumsales       | null  
-RECORD 39--------------
 ss_customer_sk | 13050 
 sumsales       | null  
-RECORD 40--------------
 ss_customer_sk | 13298 
 sumsales       | null  
-RECORD 41--------------
 ss_customer_sk | 13626 
 sumsales       | null  
-RECORD 42--------------
 ss_customer_sk | 13730 
 sumsales       | null  
-RECORD 43--------------
 ss_customer_sk | 14105 
 sumsales       | null  
-RECORD 44--------------
 ss_customer_sk | 14422 
 sumsales       | null  
-RECORD 45--------------
 ss_customer_sk | 14587 
 sumsales       | null  
-RECORD 46--------------
 ss_customer_sk | 14627 
 sumsales       | null  
-RECORD 47--------------
 ss_customer_sk | 14734 
 sumsales       | null  
-RECORD 48--------------
 ss_customer_sk | 14958 
 sumsales       | null  
-RECORD 49--------------
 ss_customer_sk | 15599 
 sumsales       | null  
-RECORD 50--------------
 ss_customer_sk | 16142 
 sumsales       | null  
-RECORD 51--------------
 ss_customer_sk | 16759 
 sumsales       | null  
-RECORD 52--------------
 ss_customer_sk | 16918 
 sumsales       | null  
-RECORD 53--------------
 ss_customer_sk | 17479 
 sumsales       | null  
-RECORD 54--------------
 ss_customer_sk | 18540 
 sumsales       | null  
-RECORD 55--------------
 ss_customer_sk | 18710 
 sumsales       | null  
-RECORD 56--------------
 ss_customer_sk | 19327 
 sumsales       | null  
-RECORD 57--------------
 ss_customer_sk | 19514 
 sumsales       | null  
-RECORD 58--------------
 ss_customer_sk | 19917 
 sumsales       | null  
-RECORD 59--------------
 ss_customer_sk | 20571 
 sumsales       | null  
-RECORD 60--------------
 ss_customer_sk | 21532 
 sumsales       | null  
-RECORD 61--------------
 ss_customer_sk | 22571 
 sumsales       | null  
-RECORD 62--------------
 ss_customer_sk | 23925 
 sumsales       | null  
-RECORD 63--------------
 ss_customer_sk | 25168 
 sumsales       | null  
-RECORD 64--------------
 ss_customer_sk | 25250 
 sumsales       | null  
-RECORD 65--------------
 ss_customer_sk | 25414 
 sumsales       | null  
-RECORD 66--------------
 ss_customer_sk | 26175 
 sumsales       | null  
-RECORD 67--------------
 ss_customer_sk | 26407 
 sumsales       | null  
-RECORD 68--------------
 ss_customer_sk | 27166 
 sumsales       | null  
-RECORD 69--------------
 ss_customer_sk | 27240 
 sumsales       | null  
-RECORD 70--------------
 ss_customer_sk | 28852 
 sumsales       | null  
-RECORD 71--------------
 ss_customer_sk | 29635 
 sumsales       | null  
-RECORD 72--------------
 ss_customer_sk | 30207 
 sumsales       | null  
-RECORD 73--------------
 ss_customer_sk | 30278 
 sumsales       | null  
-RECORD 74--------------
 ss_customer_sk | 30438 
 sumsales       | null  
-RECORD 75--------------
 ss_customer_sk | 30445 
 sumsales       | null  
-RECORD 76--------------
 ss_customer_sk | 31204 
 sumsales       | null  
-RECORD 77--------------
 ss_customer_sk | 31911 
 sumsales       | null  
-RECORD 78--------------
 ss_customer_sk | 31987 
 sumsales       | null  
-RECORD 79--------------
 ss_customer_sk | 32147 
 sumsales       | null  
-RECORD 80--------------
 ss_customer_sk | 32154 
 sumsales       | null  
-RECORD 81--------------
 ss_customer_sk | 32169 
 sumsales       | null  
-RECORD 82--------------
 ss_customer_sk | 32291 
 sumsales       | null  
-RECORD 83--------------
 ss_customer_sk | 32639 
 sumsales       | null  
-RECORD 84--------------
 ss_customer_sk | 32646 
 sumsales       | null  
-RECORD 85--------------
 ss_customer_sk | 33232 
 sumsales       | null  
-RECORD 86--------------
 ss_customer_sk | 33313 
 sumsales       | null  
-RECORD 87--------------
 ss_customer_sk | 33872 
 sumsales       | null  
-RECORD 88--------------
 ss_customer_sk | 33951 
 sumsales       | null  
-RECORD 89--------------
 ss_customer_sk | 34860 
 sumsales       | null  
-RECORD 90--------------
 ss_customer_sk | 35502 
 sumsales       | null  
-RECORD 91--------------
 ss_customer_sk | 35684 
 sumsales       | null  
-RECORD 92--------------
 ss_customer_sk | 35774 
 sumsales       | null  
-RECORD 93--------------
 ss_customer_sk | 35779 
 sumsales       | null  
-RECORD 94--------------
 ss_customer_sk | 35957 
 sumsales       | null  
-RECORD 95--------------
 ss_customer_sk | 36221 
 sumsales       | null  
-RECORD 96--------------
 ss_customer_sk | 36333 
 sumsales       | null  
-RECORD 97--------------
 ss_customer_sk | 36556 
 sumsales       | null  
-RECORD 98--------------
 ss_customer_sk | 37254 
 sumsales       | null  
-RECORD 99--------------
 ss_customer_sk | 37411 
 sumsales       | null
             