-- Automatically generated by TpcdsQueries
-RECORD 0---------------------------------------------
 substring(w_warehouse_name, 1, 20) | Just good amou  
 sm_type                            | EXPRESS         
 cc_name                            | Mid Atlantic    
 30 days                            | 1260            
 31 - 60 days                       | 1337            
 61 - 90 days                       | 1352            
 91 - 120 days                      | 0               
 >120 days                          | 0               
-RECORD 1---------------------------------------------
 substring(w_warehouse_name, 1, 20) | Just good amou  
 sm_type                            | EXPRESS         
 cc_name                            | NY Metro        
 30 days                            | 1297            
 31 - 60 days                       | 1268            
 61 - 90 days                       | 1203            
 91 - 120 days                      | 0               
 >120 days                          | 0               
-RECORD 2---------------------------------------------
 substring(w_warehouse_name, 1, 20) | Just good amou  
 sm_type                            | EXPRESS         
 cc_name                            | North Midwest   
 30 days                            | 1291            
 31 - 60 days                       | 1266            
 61 - 90 days                       | 1327            
 91 - 120 days                      | 0               
 >120 days                          | 0               
-RECORD 3---------------------------------------------
 substring(w_warehouse_name, 1, 20) | Just good amou  
 sm_type                            | LIBRARY         
 cc_name                            | Mid Atlantic    
 30 days                            | 932             
 31 - 60 days                       | 1025            
 61 - 90 days                       | 970             
 91 - 120 days                      | 0               
 >120 days                          | 0               
-RECORD 4---------------------------------------------
 substring(w_warehouse_name, 1, 20) | Just good amou  
 sm_type                            | LIBRARY         
 cc_name                            | NY Metro        
 30 days                            | 918             
 31 - 60 days                       | 973             
 61 - 90 days                       | 922             
 91 - 120 days                      | 0               
 >120 days                          | 0               
-RECORD 5---------------------------------------------
 substring(w_warehouse_name, 1, 20) | Just good amou  
 sm_type                            | LIBRARY         
 cc_name                            | North Midwest   
 30 days                            | 899             
 31 - 60 days                       | 945             
 61 - 90 days                       | 970             
 91 - 120 days                      | 0               
 >120 days                          | 0               
-RECORD 6---------------------------------------------
 substring(w_warehouse_name, 1, 20) | Just good amou  
 sm_type                            | NEXT DAY        
 cc_name                            | Mid Atlantic    
 30 days                            | 1273            
 31 - 60 days                       | 1356            
 61 - 90 days                       | 1306            
 91 - 120 days                      | 0               
 >120 days                          | 0               
-RECORD 7---------------------------------------------
 substring(w_warehouse_name, 1, 20) | Just good amou  
 sm_type                            | NEXT DAY        
 cc_name                            | NY Metro        
 30 days                            | 1301            
 31 - 60 days                       | 1304            
 61 - 90 days                       | 1226            
 91 - 120 days                      | 0               
 >120 days                          | 0               
-RECORD 8---------------------------------------------
 substring(w_warehouse_name, 1, 20) | Just good amou  
 sm_type                            | NEXT DAY        
 cc_name                            | North Midwest   
 30 days                            | 1158            
 31 - 60 days                       | 1250            
 61 - 90 days                       | 1247            
 91 - 120 days                      | 0               
 >120 days                          | 0               
-RECORD 9---------------------------------------------
 substring(w_warehouse_name, 1, 20) | Just good amou  
 sm_type                            | OVERNIGHT       
 cc_name                            | Mid Atlantic    
 30 days                            | 1021            
 31 - 60 days                       | 961             
 61 - 90 days                       | 1055            
 91 - 120 days                      | 0               
 >120 days                          | 0               
-RECORD 10--------------------------------------------
 substring(w_warehouse_name, 1, 20) | Just good amou  
 sm_type                            | OVERNIGHT       
 cc_name                            | NY Metro        
 30 days                            | 852             
 31 - 60 days                       | 992             
 61 - 90 days                       | 977             
 91 - 120 days                      | 0               
 >120 days                          | 0               
-RECORD 11--------------------------------------------
 substring(w_warehouse_name, 1, 20) | Just good amou  
 sm_type                            | OVERNIGHT       
 cc_name                            | North Midwest   
 30 days                            | 858             
 31 - 60 days                       | 993             
 61 - 90 days                       | 982             
 91 - 120 days                      | 0               
 >120 days                          | 0               
-RECORD 12--------------------------------------------
 substring(w_warehouse_name, 1, 20) | Just good amou  
 sm_type                            | REGULAR         
 cc_name                            | Mid Atlantic    
 30 days                            | 948             
 31 - 60 days                       | 982             
 61 - 90 days                       | 993             
 91 - 120 days                      | 0               
 >120 days                          | 0               
-RECORD 13--------------------------------------------
 substring(w_warehouse_name, 1, 20) | Just good amou  
 sm_type                            | REGULAR         
 cc_name                            | NY Metro        
 30 days                            | 910             
 31 - 60 days                       | 941             
 61 - 90 days                       | 951             
 91 - 120 days                      | 0               
 >120 days                          | 0               
-RECORD 14--------------------------------------------
 substring(w_warehouse_name, 1, 20) | Just good amou  
 sm_type                            | REGULAR         
 cc_name                            | North Midwest   
 30 days                            | 880             
 31 - 60 days                       | 948             
 61 - 90 days                       | 993             
 91 - 120 days                      | 0               
 >120 days                          | 0               
-RECORD 15--------------------------------------------
 substring(w_warehouse_name, 1, 20) | Just good amou  
 sm_type                            | TWO DAY         
 cc_name                            | Mid Atlantic    
 30 days                            | 958             
 31 - 60 days                       | 1030            
 61 - 90 days                       | 981             
 91 - 120 days                      | 0               
 >120 days                          | 0               
-RECORD 16--------------------------------------------
 substring(w_warehouse_name, 1, 20) | Just good amou  
 sm_type                            | TWO DAY         
 cc_name                            | NY Metro        
 30 days                            | 891             
 31 - 60 days                       | 907             
 61 - 90 days                       | 907             
 91 - 120 days                      | 0               
 >120 days                          | 0               
-RECORD 17--------------------------------------------
 substring(w_warehouse_name, 1, 20) | Just good amou  
 sm_type                            | TWO DAY         
 cc_name                            | North Midwest   
 30 days                            | 924             
 31 - 60 days                       | 886             
 61 - 90 days                       | 955             
 91 - 120 days                      | 0               
 >120 days                          | 0               
-RECORD 18--------------------------------------------
 substring(w_warehouse_name, 1, 20) | Matches produce 
 sm_type                            | EXPRESS         
 cc_name                            | Mid Atlantic    
 30 days                            | 1216            
 31 - 60 days                       | 1329            
 61 - 90 days                       | 1314            
 91 - 120 days                      | 0               
 >120 days                          | 0               
-RECORD 19--------------------------------------------
 substring(w_warehouse_name, 1, 20) | Matches produce 
 sm_type                            | EXPRESS         
 cc_name                            | NY Metro        
 30 days                            | 1164            
 31 - 60 days                       | 1301            
 61 - 90 days                       | 1225            
 91 - 120 days                      | 0               
 >120 days                          | 0               
-RECORD 20--------------------------------------------
 substring(w_warehouse_name, 1, 20) | Matches produce 
 sm_type                            | EXPRESS         
 cc_name                            | North Midwest   
 30 days                            | 1246            
 31 - 60 days                       | 1265            
 61 - 90 days                       | 1264            
 91 - 120 days                      | 0               
 >120 days                          | 0               
-RECORD 21--------------------------------------------
 substring(w_warehouse_name, 1, 20) | Matches produce 
 sm_type                            | LIBRARY         
 cc_name                            | Mid Atlantic    
 30 days                            | 890             
 31 - 60 days                       | 962             
 61 - 90 days                       | 963             
 91 - 120 days                      | 0               
 >120 days                          | 0               
-RECORD 22--------------------------------------------
 substring(w_warehouse_name, 1, 20) | Matches produce 
 sm_type                            | LIBRARY         
 cc_name                            | NY Metro        
 30 days                            | 891             
 31 - 60 days                       | 970             
 61 - 90 days                       | 963             
 91 - 120 days                      | 0               
 >120 days                          | 0               
-RECORD 23--------------------------------------------
 substring(w_warehouse_name, 1, 20) | Matches produce 
 sm_type                            | LIBRARY         
 cc_name                            | North Midwest   
 30 days                            | 956             
 31 - 60 days                       | 902             
 61 - 90 days                       | 964             
 91 - 120 days                      | 0               
 >120 days                          | 0               
-RECORD 24--------------------------------------------
 substring(w_warehouse_name, 1, 20) | Matches produce 
 sm_type                            | NEXT DAY        
 cc_name                            | Mid Atlantic    
 30 days                            | 1339            
 31 - 60 days                       | 1308            
 61 - 90 days                       | 1245            
 91 - 120 days                      | 0               
 >120 days                          | 0               
-RECORD 25--------------------------------------------
 substring(w_warehouse_name, 1, 20) | Matches produce 
 sm_type                            | NEXT DAY        
 cc_name                            | NY Metro        
 30 days                            | 1218            
 31 - 60 days                       | 1280            
 61 - 90 days                       | 1177            
 91 - 120 days                      | 0               
 >120 days                          | 0               
-RECORD 26--------------------------------------------
 substring(w_warehouse_name, 1, 20) | Matches produce 
 sm_type                            | NEXT DAY        
 cc_name                            | North Midwest   
 30 days                            | 1265            
 31 - 60 days                       | 1249            
 61 - 90 days                       | 1309            
 91 - 120 days                      | 0               
 >120 days                          | 0               
-RECORD 27--------------------------------------------
 substring(w_warehouse_name, 1, 20) | Matches produce 
 sm_type                            | OVERNIGHT       
 cc_name                            | Mid Atlantic    
 30 days                            | 928             
 31 - 60 days                       | 916             
 61 - 90 days                       | 959             
 91 - 120 days                      | 0               
 >120 days                          | 0               
-RECORD 28--------------------------------------------
 substring(w_warehouse_name, 1, 20) | Matches produce 
 sm_type                            | OVERNIGHT       
 cc_name                            | NY Metro        
 30 days                            | 928             
 31 - 60 days                       | 937             
 61 - 90 days                       | 959             
 91 - 120 days                      | 0               
 >120 days                          | 0               
-RECORD 29--------------------------------------------
 substring(w_warehouse_name, 1, 20) | Matches produce 
 sm_type                            | OVERNIGHT       
 cc_name                            | North Midwest   
 30 days                            | 924             
 31 - 60 days                       | 985             
 61 - 90 days                       | 923             
 91 - 120 days                      | 0               
 >120 days                          | 0               
-RECORD 30--------------------------------------------
 substring(w_warehouse_name, 1, 20) | Matches produce 
 sm_type                            | REGULAR         
 cc_name                            | Mid Atlantic    
 30 days                            | 937             
 31 - 60 days                       | 919             
 61 - 90 days                       | 956             
 91 - 120 days                      | 0               
 >120 days                          | 0               
-RECORD 31--------------------------------------------
 substring(w_warehouse_name, 1, 20) | Matches produce 
 sm_type                            | REGULAR         
 cc_name                            | NY Metro        
 30 days                            | 920             
 31 - 60 days                       | 970             
 61 - 90 days                       | 942             
 91 - 120 days                      | 0               
 >120 days                          | 0               
-RECORD 32--------------------------------------------
 substring(w_warehouse_name, 1, 20) | Matches produce 
 sm_type                            | REGULAR         
 cc_name                            | North Midwest   
 30 days                            | 920             
 31 - 60 days                       | 978             
 61 - 90 days                       | 1033            
 91 - 120 days                      | 0               
 >120 days                          | 0               
-RECORD 33--------------------------------------------
 substring(w_warehouse_name, 1, 20) | Matches produce 
 sm_type                            | TWO DAY         
 cc_name                            | Mid Atlantic    
 30 days                            | 947             
 31 - 60 days                       | 961             
 61 - 90 days                       | 1010            
 91 - 120 days                      | 0               
 >120 days                          | 0               
-RECORD 34--------------------------------------------
 substring(w_warehouse_name, 1, 20) | Matches produce 
 sm_type                            | TWO DAY         
 cc_name                            | NY Metro        
 30 days                            | 870             
 31 - 60 days                       | 950             
 61 - 90 days                       | 1004            
 91 - 120 days                      | 0               
 >120 days                          | 0               
-RECORD 35--------------------------------------------
 substring(w_warehouse_name, 1, 20) | Matches produce 
 sm_type                            | TWO DAY         
 cc_name                            | North Midwest   
 30 days                            | 896             
 31 - 60 days                       | 989             
 61 - 90 days                       | 883             
 91 - 120 days                      | 0               
 >120 days                          | 0               
-RECORD 36--------------------------------------------
 substring(w_warehouse_name, 1, 20) | Operations      
 sm_type                            | EXPRESS         
 cc_name                            | Mid Atlantic    
 30 days                            | 1282            
 31 - 60 days                       | 1274            
 61 - 90 days                       | 1361            
 91 - 120 days                      | 0               
 >120 days                          | 0               
-RECORD 37--------------------------------------------
 substring(w_warehouse_name, 1, 20) | Operations      
 sm_type                            | EXPRESS         
 cc_name                            | NY Metro        
 30 days                            | 1183            
 31 - 60 days                       | 1267            
 61 - 90 days                       | 1206            
 91 - 120 days                      | 0               
 >120 days                          | 0               
-RECORD 38--------------------------------------------
 substring(w_warehouse_name, 1, 20) | Operations      
 sm_type                            | EXPRESS         
 cc_name                            | North Midwest   
 30 days                            | 1182            
 31 - 60 days                       | 1297            
 61 - 90 days                       | 1234            
 91 - 120 days                      | 0               
 >120 days                          | 0               
-RECORD 39--------------------------------------------
 substring(w_warehouse_name, 1, 20) | Operations      
 sm_type                            | LIBRARY         
 cc_name                            | Mid Atlantic    
 30 days                            | 955             
 31 - 60 days                       | 1001            
 61 - 90 days                       | 1015            
 91 - 120 days                      | 0               
 >120 days                          | 0               
-RECORD 40--------------------------------------------
 substring(w_warehouse_name, 1, 20) | Operations      
 sm_type                            | LIBRARY         
 cc_name                            | NY Metro        
 30 days                            | 917             
 31 - 60 days                       | 948             
 61 - 90 days                       | 930             
 91 - 120 days                      | 0               
 >120 days                          | 0               
-RECORD 41--------------------------------------------
 substring(w_warehouse_name, 1, 20) | Operations      
 sm_type                            | LIBRARY         
 cc_name                            | North Midwest   
 30 days                            | 890             
 31 - 60 days                       | 926             
 61 - 90 days                       | 977             
 91 - 120 days                      | 0               
 >120 days                          | 0               
-RECORD 42--------------------------------------------
 substring(w_warehouse_name, 1, 20) | Operations      
 sm_type                            | NEXT DAY        
 cc_name                            | Mid Atlantic    
 30 days                            | 1197            
 31 - 60 days                       | 1322            
 61 - 90 days                       | 1291            
 91 - 120 days                      | 0               
 >120 days                          | 0               
-RECORD 43--------------------------------------------
 substring(w_warehouse_name, 1, 20) | Operations      
 sm_type                            | NEXT DAY        
 cc_name                            | NY Metro        
 30 days                            | 1221            
 31 - 60 days                       | 1238            
 61 - 90 days                       | 1294            
 91 - 120 days                      | 0               
 >120 days                          | 0               
-RECORD 44--------------------------------------------
 substring(w_warehouse_name, 1, 20) | Operations      
 sm_type                            | NEXT DAY        
 cc_name                            | North Midwest   
 30 days                            | 1277            
 31 - 60 days                       | 1295            
 61 - 90 days                       | 1273            
 91 - 120 days                      | 0               
 >120 days                          | 0               
-RECORD 45--------------------------------------------
 substring(w_warehouse_name, 1, 20) | Operations      
 sm_type                            | OVERNIGHT       
 cc_name                            | Mid Atlantic    
 30 days                            | 904             
 31 - 60 days                       | 1021            
 61 - 90 days                       | 953             
 91 - 120 days                      | 0               
 >120 days                          | 0               
-RECORD 46--------------------------------------------
 substring(w_warehouse_name, 1, 20) | Operations      
 sm_type                            | OVERNIGHT       
 cc_name                            | NY Metro        
 30 days                            | 923             
 31 - 60 days                       | 915             
 61 - 90 days                       | 975             
 91 - 120 days                      | 0               
 >120 days                          | 0               
-RECORD 47--------------------------------------------
 substring(w_warehouse_name, 1, 20) | Operations      
 sm_type                            | OVERNIGHT       
 cc_name                            | North Midwest   
 30 days                            | 932             
 31 - 60 days                       | 1010            
 61 - 90 days                       | 987             
 91 - 120 days                      | 0               
 >120 days                          | 0               
-RECORD 48--------------------------------------------
 substring(w_warehouse_name, 1, 20) | Operations      
 sm_type                            | REGULAR         
 cc_name                            | Mid Atlantic    
 30 days                            | 953             
 31 - 60 days                       | 1024            
 61 - 90 days                       | 974             
 91 - 120 days                      | 0               
 >120 days                          | 0               
-RECORD 49--------------------------------------------
 substring(w_warehouse_name, 1, 20) | Operations      
 sm_type                            | REGULAR         
 cc_name                            | NY Metro        
 30 days                            | 902             
 31 - 60 days                       | 892             
 61 - 90 days                       | 901             
 91 - 120 days                      | 0               
 >120 days                          | 0               
-RECORD 50--------------------------------------------
 substring(w_warehouse_name, 1, 20) | Operations      
 sm_type                            | REGULAR         
 cc_name                            | North Midwest   
 30 days                            | 938             
 31 - 60 days                       | 942             
 61 - 90 days                       | 990             
 91 - 120 days                      | 0               
 >120 days                          | 0               
-RECORD 51--------------------------------------------
 substring(w_warehouse_name, 1, 20) | Operations      
 sm_type                            | TWO DAY         
 cc_name                            | Mid Atlantic    
 30 days                            | 964             
 31 - 60 days                       | 990             
 61 - 90 days                       | 1011            
 91 - 120 days                      | 0               
 >120 days                          | 0               
-RECORD 52--------------------------------------------
 substring(w_warehouse_name, 1, 20) | Operations      
 sm_type                            | TWO DAY         
 cc_name                            | NY Metro        
 30 days                            | 917             
 31 - 60 days                       | 946             
 61 - 90 days                       | 886             
 91 - 120 days                      | 0               
 >120 days                          | 0               
-RECORD 53--------------------------------------------
 substring(w_warehouse_name, 1, 20) | Operations      
 sm_type                            | TWO DAY         
 cc_name                            | North Midwest   
 30 days                            | 926             
 31 - 60 days                       | 973             
 61 - 90 days                       | 980             
 91 - 120 days                      | 0               
 >120 days                          | 0               
-RECORD 54--------------------------------------------
 substring(w_warehouse_name, 1, 20) | Selective,      
 sm_type                            | EXPRESS         
 cc_name                            | Mid Atlantic    
 30 days                            | 1307            
 31 - 60 days                       | 1294            
 61 - 90 days                       | 1263            
 91 - 120 days                      | 0               
 >120 days                          | 0               
-RECORD 55--------------------------------------------
 substring(w_warehouse_name, 1, 20) | Selective,      
 sm_type                            | EXPRESS         
 cc_name                            | NY Metro        
 30 days                            | 1186            
 31 - 60 days                       | 1296            
 61 - 90 days                       | 1230            
 91 - 120 days                      | 0               
 >120 days                          | 0               
-RECORD 56--------------------------------------------
 substring(w_warehouse_name, 1, 20) | Selective,      
 sm_type                            | EXPRESS         
 cc_name                            | North Midwest   
 30 days                            | 1203            
 31 - 60 days                       | 1289            
 61 - 90 days                       | 1271            
 91 - 120 days                      | 0               
 >120 days                          | 0               
-RECORD 57--------------------------------------------
 substring(w_warehouse_name, 1, 20) | Selective,      
 sm_type                            | LIBRARY         
 cc_name                            | Mid Atlantic    
 30 days                            | 1004            
 31 - 60 days                       | 959             
 61 - 90 days                       | 972             
 91 - 120 days                      | 0               
 >120 days                          | 0               
-RECORD 58--------------------------------------------
 substring(w_warehouse_name, 1, 20) | Selective,      
 sm_type                            | LIBRARY         
 cc_name                            | NY Metro        
 30 days                            | 932             
 31 - 60 days                       | 940             
 61 - 90 days                       | 931             
 91 - 120 days                      | 0               
 >120 days                          | 0               
-RECORD 59--------------------------------------------
 substring(w_warehouse_name, 1, 20) | Selective,      
 sm_type                            | LIBRARY         
 cc_name                            | North Midwest   
 30 days                            | 925             
 31 - 60 days                       | 912             
 61 - 90 days                       | 940             
 91 - 120 days                      | 0               
 >120 days                          | 0               
-RECORD 60--------------------------------------------
 substring(w_warehouse_name, 1, 20) | Selective,      
 sm_type                            | NEXT DAY        
 cc_name                            | Mid Atlantic    
 30 days                            | 1267            
 31 - 60 days                       | 1309            
 61 - 90 days                       | 1327            
 91 - 120 days                      | 0               
 >120 days                          | 0               
-RECORD 61--------------------------------------------
 substring(w_warehouse_name, 1, 20) | Selective,      
 sm_type                            | NEXT DAY        
 cc_name                            | NY Metro        
 30 days                            | 1244            
 31 - 60 days                       | 1244            
 61 - 90 days                       | 1261            
 91 - 120 days                      | 0               
 >120 days                          | 0               
-RECORD 62--------------------------------------------
 substring(w_warehouse_name, 1, 20) | Selective,      
 sm_type                            | NEXT DAY        
 cc_name                            | North Midwest   
 30 days                            | 1234            
 31 - 60 days                       | 1268            
 61 - 90 days                       | 1270            
 91 - 120 days                      | 0               
 >120 days                          | 0               
-RECORD 63--------------------------------------------
 substring(w_warehouse_name, 1, 20) | Selective,      
 sm_type                            | OVERNIGHT       
 cc_name                            | Mid Atlantic    
 30 days                            | 978             
 31 - 60 days                       | 945             
 61 - 90 days                       | 1068            
 91 - 120 days                      | 0               
 >120 days                          | 0               
-RECORD 64--------------------------------------------
 substring(w_warehouse_name, 1, 20) | Selective,      
 sm_type                            | OVERNIGHT       
 cc_name                            | NY Metro        
 30 days                            | 938             
 31 - 60 days                       | 963             
 61 - 90 days                       | 947             
 91 - 120 days                      | 0               
 >120 days                          | 0               
-RECORD 65--------------------------------------------
 substring(w_warehouse_name, 1, 20) | Selective,      
 sm_type                            | OVERNIGHT       
 cc_name                            | North Midwest   
 30 days                            | 882             
 31 - 60 days                       | 936             
 61 - 90 days                       | 932             
 91 - 120 days                      | 0               
 >120 days                          | 0               
-RECORD 66--------------------------------------------
 substring(w_warehouse_name, 1, 20) | Selective,      
 sm_type                            | REGULAR         
 cc_name                            | Mid Atlantic    
 30 days                            | 989             
 31 - 60 days                       | 948             
 61 - 90 days                       | 970             
 91 - 120 days                      | 0               
 >120 days                          | 0               
-RECORD 67--------------------------------------------
 substring(w_warehouse_name, 1, 20) | Selective,      
 sm_type                            | REGULAR         
 cc_name                            | NY Metro        
 30 days                            | 917             
 31 - 60 days                       | 972             
 61 - 90 days                       | 980             
 91 - 120 days                      | 0               
 >120 days                          | 0               
-RECORD 68--------------------------------------------
 substring(w_warehouse_name, 1, 20) | Selective,      
 sm_type                            | REGULAR         
 cc_name                            | North Midwest   
 30 days                            | 876             
 31 - 60 days                       | 937             
 61 - 90 days                       | 1001            
 91 - 120 days                      | 0               
 >120 days                          | 0               
-RECORD 69--------------------------------------------
 substring(w_warehouse_name, 1, 20) | Selective,      
 sm_type                            | TWO DAY         
 cc_name                            | Mid Atlantic    
 30 days                            | 951             
 31 - 60 days                       | 974             
 61 - 90 days                       | 972             
 91 - 120 days                      | 0               
 >120 days                          | 0               
-RECORD 70--------------------------------------------
 substring(w_warehouse_name, 1, 20) | Selective,      
 sm_type                            | TWO DAY         
 cc_name                            | NY Metro        
 30 days                            | 928             
 31 - 60 days                       | 1007            
 61 - 90 days                       | 934             
 91 - 120 days                      | 0               
 >120 days                          | 0               
-RECORD 71--------------------------------------------
 substring(w_warehouse_name, 1, 20) | Selective,      
 sm_type                            | TWO DAY         
 cc_name                            | North Midwest   
 30 days                            | 968             
 31 - 60 days                       | 942             
 61 - 90 days                       | 996             
 91 - 120 days                      | 0               
 >120 days                          | 0               
-RECORD 72--------------------------------------------
 substring(w_warehouse_name, 1, 20) | Significantly   
 sm_type                            | EXPRESS         
 cc_name                            | Mid Atlantic    
 30 days                            | 1260            
 31 - 60 days                       | 1340            
 61 - 90 days                       | 1298            
 91 - 120 days                      | 0               
 >120 days                          | 0               
-RECORD 73--------------------------------------------
 substring(w_warehouse_name, 1, 20) | Significantly   
 sm_type                            | EXPRESS         
 cc_name                            | NY Metro        
 30 days                            | 1231            
 31 - 60 days                       | 1326            
 61 - 90 days                       | 1236            
 91 - 120 days                      | 0               
 >120 days                          | 0               
-RECORD 74--------------------------------------------
 substring(w_warehouse_name, 1, 20) | Significantly   
 sm_type                            | EXPRESS         
 cc_name                            | North Midwest   
 30 days                            | 1200            
 31 - 60 days                       | 1222            
 61 - 90 days                       | 1233            
 91 - 120 days                      | 0               
 >120 days                          | 0               
-RECORD 75--------------------------------------------
 substring(w_warehouse_name, 1, 20) | Significantly   
 sm_type                            | LIBRARY         
 cc_name                            | Mid Atlantic    
 30 days                            | 949             
 31 - 60 days                       | 1048            
 61 - 90 days                       | 965             
 91 - 120 days                      | 0               
 >120 days                          | 0               
-RECORD 76--------------------------------------------
 substring(w_warehouse_name, 1, 20) | Significantly   
 sm_type                            | LIBRARY         
 cc_name                            | NY Metro        
 30 days                            | 908             
 31 - 60 days                       | 963             
 61 - 90 days                       | 915             
 91 - 120 days                      | 0               
 >120 days                          | 0               
-RECORD 77--------------------------------------------
 substring(w_warehouse_name, 1, 20) | Significantly   
 sm_type                            | LIBRARY         
 cc_name                            | North Midwest   
 30 days                            | 970             
 31 - 60 days                       | 984             
 61 - 90 days                       | 920             
 91 - 120 days                      | 0               
 >120 days                          | 0               
-RECORD 78--------------------------------------------
 substring(w_warehouse_name, 1, 20) | Significantly   
 sm_type                            | NEXT DAY        
 cc_name                            | Mid Atlantic    
 30 days                            | 1312            
 31 - 60 days                       | 1347            
 61 - 90 days                       | 1268            
 91 - 120 days                      | 0               
 >120 days                          | 0               
-RECORD 79--------------------------------------------
 substring(w_warehouse_name, 1, 20) | Significantly   
 sm_type                            | NEXT DAY        
 cc_name                            | NY Metro        
 30 days                            | 1198            
 31 - 60 days                       | 1251            
 61 - 90 days                       | 1190            
 91 - 120 days                      | 0               
 >120 days                          | 0               
-RECORD 80--------------------------------------------
 substring(w_warehouse_name, 1, 20) | Significantly   
 sm_type                            | NEXT DAY        
 cc_name                            | North Midwest   
 30 days                            | 1231            
 31 - 60 days                       | 1232            
 61 - 90 days                       | 1307            
 91 - 120 days                      | 0               
 >120 days                          | 0               
-RECORD 81--------------------------------------------
 substring(w_warehouse_name, 1, 20) | Significantly   
 sm_type                            | OVERNIGHT       
 cc_name                            | Mid Atlantic    
 30 days                            | 990             
 31 - 60 days                       | 973             
 61 - 90 days                       | 990             
 91 - 120 days                      | 0               
 >120 days                          | 0               
-RECORD 82--------------------------------------------
 substring(w_warehouse_name, 1, 20) | Significantly   
 sm_type                            | OVERNIGHT       
 cc_name                            | NY Metro        
 30 days                            | 891             
 31 - 60 days                       | 925             
 61 - 90 days                       | 954             
 91 - 120 days                      | 0               
 >120 days                          | 0               
-RECORD 83--------------------------------------------
 substring(w_warehouse_name, 1, 20) | Significantly   
 sm_type                            | OVERNIGHT       
 cc_name                            | North Midwest   
 30 days                            | 876             
 31 - 60 days                       | 971             
 61 - 90 days                       | 958             
 91 - 120 days                      | 0               
 >120 days                          | 0               
-RECORD 84--------------------------------------------
 substring(w_warehouse_name, 1, 20) | Significantly   
 sm_type                            | REGULAR         
 cc_name                            | Mid Atlantic    
 30 days                            | 942             
 31 - 60 days                       | 1006            
 61 - 90 days                       | 913             
 91 - 120 days                      | 0               
 >120 days                          | 0               
-RECORD 85--------------------------------------------
 substring(w_warehouse_name, 1, 20) | Significantly   
 sm_type                            | REGULAR         
 cc_name                            | NY Metro        
 30 days                            | 955             
 31 - 60 days                       | 956             
 61 - 90 days                       | 957             
 91 - 120 days                      | 0               
 >120 days                          | 0               
-RECORD 86--------------------------------------------
 substring(w_warehouse_name, 1, 20) | Significantly   
 sm_type                            | REGULAR         
 cc_name                            | North Midwest   
 30 days                            | 910             
 31 - 60 days                       | 937             
 61 - 90 days                       | 1001            
 91 - 120 days                      | 0               
 >120 days                          | 0               
-RECORD 87--------------------------------------------
 substring(w_warehouse_name, 1, 20) | Significantly   
 sm_type                            | TWO DAY         
 cc_name                            | Mid Atlantic    
 30 days                            | 957             
 31 - 60 days                       | 1027            
 61 - 90 days                       | 1018            
 91 - 120 days                      | 0               
 >120 days                          | 0               
-RECORD 88--------------------------------------------
 substring(w_warehouse_name, 1, 20) | Significantly   
 sm_type                            | TWO DAY         
 cc_name                            | NY Metro        
 30 days                            | 971             
 31 - 60 days                       | 972             
 61 - 90 days                       | 958             
 91 - 120 days                      | 0               
 >120 days                          | 0               
-RECORD 89--------------------------------------------
 substring(w_warehouse_name, 1, 20) | Significantly   
 sm_type                            | TWO DAY         
 cc_name                            | North Midwest   
 30 days                            | 885             
 31 - 60 days                       | 977             
 61 - 90 days                       | 919             
 91 - 120 days                      | 0               
 >120 days                          | 0
             